[2026-06-05T22:22:23.657880+00:00] 9 jobs (3 arms x 3 seeds) x 15.0 min = 135 projected GPU-min (ceiling 315).
[2026-06-05T22:22:23.658926+00:00] LAUNCH fla-gdn seed 0 on GPU 0 (pid 3536496).
[2026-06-05T22:22:23.660119+00:00] LAUNCH fla-gdn seed 1 on GPU 1 (pid 3536498).
[2026-06-05T22:22:23.660873+00:00] LAUNCH fla-gdn seed 2 on GPU 2 (pid 3536499).
[2026-06-05T22:22:23.661644+00:00] LAUNCH e98-cma-lm seed 0 on GPU 3 (pid 3536500).
[2026-06-05T22:22:23.662529+00:00] LAUNCH e98-cma-lm seed 1 on GPU 4 (pid 3536501).
[2026-06-05T22:22:23.663459+00:00] LAUNCH e98-cma-lm seed 2 on GPU 5 (pid 3536502).
[2026-06-05T22:22:23.664231+00:00] LAUNCH typed-gdn2-lm seed 0 on GPU 6 (pid 3536503).
[2026-06-05T22:32:03.679798+00:00] DONE e98-cma-lm seed 0 GPU 3 rc=0 (9.7 min). spent~10 GPU-min.
[2026-06-05T22:32:03.681026+00:00] LAUNCH typed-gdn2-lm seed 1 on GPU 3 (pid 3654261).
[2026-06-05T22:32:43.682020+00:00] DONE e98-cma-lm seed 1 GPU 4 rc=0 (10.3 min). spent~20 GPU-min.
[2026-06-05T22:32:43.683130+00:00] LAUNCH typed-gdn2-lm seed 2 on GPU 4 (pid 3662898).
[2026-06-05T22:36:43.687582+00:00] DONE e98-cma-lm seed 2 GPU 5 rc=0 (14.3 min). spent~34 GPU-min.
[2026-06-05T22:38:33.689576+00:00] DONE fla-gdn seed 0 GPU 0 rc=0 (16.2 min). spent~51 GPU-min.
[2026-06-05T22:38:33.689862+00:00] DONE fla-gdn seed 1 GPU 1 rc=0 (16.2 min). spent~67 GPU-min.
[2026-06-05T22:38:53.690422+00:00] DONE fla-gdn seed 2 GPU 2 rc=0 (16.5 min). spent~83 GPU-min.
[2026-06-05T22:38:53.690646+00:00] DONE typed-gdn2-lm seed 0 GPU 6 rc=0 (16.5 min). spent~100 GPU-min.
[2026-06-05T22:48:53.704667+00:00] DONE typed-gdn2-lm seed 1 GPU 3 rc=0 (16.8 min). spent~117 GPU-min.
[2026-06-05T22:49:43.706485+00:00] DONE typed-gdn2-lm seed 2 GPU 4 rc=0 (17.0 min). spent~134 GPU-min.
[2026-06-05T22:49:43.706601+00:00] ALL DONE. 9 jobs. ~134 GPU-min (~2.23 GPU-h) of 5.25 GPU-h ceiling.
