[2026-06-08T10:26:22.448874+00:00] e97delta_mix from CMA winner cma_g2_e1 counts={'gdn2_recall': 21, 'e97_delta': 43}
[2026-06-08T10:26:29.417343+00:00] small dims (≈4M param matched): {'gdn2_mlp': 96, 'e97delta_mix': 72}
[2026-06-08T10:26:29.417445+00:00] 12 capability jobs (2 arms x 3 probes x 2 seeds)
[2026-06-08T10:26:30.458506+00:00] LAUNCH cap_gdn2_mlp__mqar_recall__seed0 on GPU 4
[2026-06-08T10:26:30.459194+00:00] LAUNCH cap_gdn2_mlp__mqar_recall__seed1 on GPU 5
[2026-06-08T10:26:30.459806+00:00] LAUNCH cap_gdn2_mlp__s5_permutation__seed0 on GPU 6
[2026-06-08T10:26:30.460436+00:00] LAUNCH cap_gdn2_mlp__s5_permutation__seed1 on GPU 7
[2026-06-08T10:28:17.703921+00:00] DONE cap_gdn2_mlp__mqar_recall__seed0 mean_acc=0.09796142578125
[2026-06-08T10:28:17.704416+00:00] DONE cap_gdn2_mlp__mqar_recall__seed1 mean_acc=0.100830078125
[2026-06-08T10:28:17.704852+00:00] DONE cap_gdn2_mlp__s5_permutation__seed0 mean_acc=0.07513236999511719
[2026-06-08T10:28:17.705253+00:00] DONE cap_gdn2_mlp__s5_permutation__seed1 mean_acc=0.09288787841796875
[2026-06-08T10:28:18.080744+00:00] LAUNCH cap_gdn2_mlp__anbncn_viability__seed0 on GPU 4
[2026-06-08T10:28:18.081457+00:00] LAUNCH cap_gdn2_mlp__anbncn_viability__seed1 on GPU 5
[2026-06-08T10:28:18.082080+00:00] LAUNCH cap_e97delta_mix__mqar_recall__seed0 on GPU 6
[2026-06-08T10:28:18.082993+00:00] LAUNCH cap_e97delta_mix__mqar_recall__seed1 on GPU 7
[2026-06-08T10:29:27.430232+00:00] DONE cap_gdn2_mlp__anbncn_viability__seed0 mean_acc=0.8417472839355469
[2026-06-08T10:29:28.286261+00:00] LAUNCH cap_e97delta_mix__s5_permutation__seed0 on GPU 4
[2026-06-08T10:29:36.287022+00:00] DONE cap_gdn2_mlp__anbncn_viability__seed1 mean_acc=0.8946170806884766
[2026-06-08T10:29:36.960695+00:00] LAUNCH cap_e97delta_mix__s5_permutation__seed1 on GPU 5
[2026-06-08T10:30:36.937667+00:00] DONE cap_e97delta_mix__mqar_recall__seed0 mean_acc=0.083648681640625
[2026-06-08T10:30:36.938022+00:00] DONE cap_e97delta_mix__mqar_recall__seed1 mean_acc=0.08453369140625
[2026-06-08T10:30:37.533111+00:00] LAUNCH cap_e97delta_mix__anbncn_viability__seed0 on GPU 6
[2026-06-08T10:30:37.534148+00:00] LAUNCH cap_e97delta_mix__anbncn_viability__seed1 on GPU 7
[2026-06-08T10:31:45.439469+00:00] DONE cap_e97delta_mix__s5_permutation__seed0 mean_acc=0.06731224060058594
[2026-06-08T10:31:54.013712+00:00] DONE cap_e97delta_mix__s5_permutation__seed1 mean_acc=0.07007408142089844
[2026-06-08T10:32:52.888511+00:00] DONE cap_e97delta_mix__anbncn_viability__seed1 mean_acc=0.9171161651611328
[2026-06-08T10:33:01.247372+00:00] DONE cap_e97delta_mix__anbncn_viability__seed0 mean_acc=0.8956432342529297
[2026-06-08T10:33:01.248629+00:00] === CAPABILITY SUMMARY (mean length-extrap acc) ===
[2026-06-08T10:33:01.248688+00:00]   gdn2_mlp: recall=0.0994 track=0.084 count=0.8682
[2026-06-08T10:33:01.248747+00:00]   e97delta_mix: recall=0.0841 track=0.0687 count=0.9064
[2026-06-08T10:33:01.248773+00:00] WROTE experiments/e97_delta_1p3b_cma/results/capability_results.json
