=== FUSED RE-RUN v2 seed-2 2026-06-17T17:43:49Z ===
gpu_lease: granted GPUs: 2 (pid 3401802)
[s2] leased CUDA_VISIBLE_DEVICES=2
[capability_track] panel knowledge: 300 items
[capability_track] panel reasoning: 2048 items
[capability_track] loaded emender step=21500 tokens=176,128,000 level=E97 use_triton=1 sf_y_swap=True params=1,286,589,072
[capability_track]   [fused-guard] emender step=21500: fused-guard PASS: 11 mixers, fused_seq=11 fused_chunked=0 eager_act=0
[capability_track]   emender/knowledge step=21500: acc=94/300 (0.3133) mode=full-sequence
[capability_track]   emender/reasoning step=21500: acc=626/2048 (0.3057) mode=full-sequence
[capability_track] loaded emender step=43000 tokens=352,256,000 level=E97 use_triton=1 sf_y_swap=True params=1,286,589,072
[capability_track]   [fused-guard] emender step=43000: fused-guard PASS: 11 mixers, fused_seq=11 fused_chunked=0 eager_act=0
[capability_track]   emender/knowledge step=43000: acc=81/300 (0.2700) mode=full-sequence
[capability_track]   emender/reasoning step=43000: acc=656/2048 (0.3203) mode=full-sequence
[capability_track] loaded emender step=64500 tokens=528,384,000 level=E97 use_triton=1 sf_y_swap=True params=1,286,589,072
[capability_track]   [fused-guard] emender step=64500: fused-guard PASS: 11 mixers, fused_seq=11 fused_chunked=0 eager_act=0
[capability_track]   emender/knowledge step=64500: acc=92/300 (0.3067) mode=full-sequence
[capability_track]   emender/reasoning step=64500: acc=614/2048 (0.2998) mode=full-sequence
[capability_track] loaded emender step=86000 tokens=704,512,000 level=E97 use_triton=1 sf_y_swap=True params=1,286,589,072
[capability_track]   [fused-guard] emender step=86000: fused-guard PASS: 11 mixers, fused_seq=11 fused_chunked=0 eager_act=0
[capability_track]   emender/knowledge step=86000: acc=96/300 (0.3200) mode=full-sequence
[capability_track]   emender/reasoning step=86000: acc=637/2048 (0.3110) mode=full-sequence
[capability_track] loaded emender step=107500 tokens=880,640,000 level=E97 use_triton=1 sf_y_swap=True params=1,286,589,072
[capability_track]   [fused-guard] emender step=107500: fused-guard PASS: 11 mixers, fused_seq=11 fused_chunked=0 eager_act=0
[capability_track]   emender/knowledge step=107500: acc=86/300 (0.2867) mode=full-sequence
[capability_track]   emender/reasoning step=107500: acc=643/2048 (0.3140) mode=full-sequence
[capability_track] loaded emender step=129000 tokens=1,056,768,000 level=E97 use_triton=1 sf_y_swap=True params=1,286,589,072
[capability_track]   [fused-guard] emender step=129000: fused-guard PASS: 11 mixers, fused_seq=11 fused_chunked=0 eager_act=0
[capability_track]   emender/knowledge step=129000: acc=92/300 (0.3067) mode=full-sequence
[capability_track]   emender/reasoning step=129000: acc=650/2048 (0.3174) mode=full-sequence
[capability_track] loaded emender step=150500 tokens=1,232,896,000 level=E97 use_triton=1 sf_y_swap=True params=1,286,589,072
[capability_track]   [fused-guard] emender step=150500: fused-guard PASS: 11 mixers, fused_seq=11 fused_chunked=0 eager_act=0
[capability_track]   emender/knowledge step=150500: acc=87/300 (0.2900) mode=full-sequence
[capability_track]   emender/reasoning step=150500: acc=656/2048 (0.3203) mode=full-sequence
[capability_track] loaded gdn2 step=25000 tokens=204,800,000 level=gdn2-mlp use_triton=0 sf_y_swap=True params=1,286,713,448
[capability_track]   [fused-guard] gdn2 step=25000: no-e88-mixer (fused arch is FLA-chunk, training-independent)
[capability_track]   gdn2/knowledge step=25000: acc=87/300 (0.2900) mode=full-sequence
[capability_track]   gdn2/reasoning step=25000: acc=644/2048 (0.3145) mode=full-sequence
[capability_track] loaded gdn2 step=50000 tokens=409,600,000 level=gdn2-mlp use_triton=0 sf_y_swap=True params=1,286,713,448
[capability_track]   [fused-guard] gdn2 step=50000: no-e88-mixer (fused arch is FLA-chunk, training-independent)
[capability_track]   gdn2/knowledge step=50000: acc=89/300 (0.2967) mode=full-sequence
[capability_track]   gdn2/reasoning step=50000: acc=651/2048 (0.3179) mode=full-sequence
[capability_track] loaded gdn2 step=75000 tokens=614,400,000 level=gdn2-mlp use_triton=0 sf_y_swap=True params=1,286,713,448
[capability_track]   [fused-guard] gdn2 step=75000: no-e88-mixer (fused arch is FLA-chunk, training-independent)
[capability_track]   gdn2/knowledge step=75000: acc=85/300 (0.2833) mode=full-sequence
[capability_track]   gdn2/reasoning step=75000: acc=645/2048 (0.3149) mode=full-sequence
[capability_track] loaded gdn2 step=100000 tokens=819,200,000 level=gdn2-mlp use_triton=0 sf_y_swap=True params=1,286,713,448
[capability_track]   [fused-guard] gdn2 step=100000: no-e88-mixer (fused arch is FLA-chunk, training-independent)
[capability_track]   gdn2/knowledge step=100000: acc=86/300 (0.2867) mode=full-sequence
[capability_track]   gdn2/reasoning step=100000: acc=618/2048 (0.3018) mode=full-sequence
[capability_track] loaded gdn2 step=125000 tokens=1,024,000,000 level=gdn2-mlp use_triton=0 sf_y_swap=True params=1,286,713,448
[capability_track]   [fused-guard] gdn2 step=125000: no-e88-mixer (fused arch is FLA-chunk, training-independent)
[capability_track]   gdn2/knowledge step=125000: acc=86/300 (0.2867) mode=full-sequence
[capability_track]   gdn2/reasoning step=125000: acc=652/2048 (0.3184) mode=full-sequence
[capability_track] loaded gdn2 step=150000 tokens=1,228,800,000 level=gdn2-mlp use_triton=0 sf_y_swap=True params=1,286,713,448
[capability_track]   [fused-guard] gdn2 step=150000: no-e88-mixer (fused arch is FLA-chunk, training-independent)
[capability_track]   gdn2/knowledge step=150000: acc=90/300 (0.3000) mode=full-sequence
[capability_track]   gdn2/reasoning step=150000: acc=640/2048 (0.3125) mode=full-sequence
[capability_track] DONE
[s2] DONE
