=== emender BPB FUSED re-run 2026-06-17T18:00:09Z (build_model auto-enables fused_inference; T=2048 aligned) ===
gpu_lease: granted GPUs: 2 (pid 3519762)
[bpb-fused] leased CUDA_VISIBLE_DEVICES=2
[eval_checkpoint] loading checkpoint: /mnt/nvme1n1/erikg/ref_emender_mlp/runs/levelE97_100m_20260615_211750/checkpoint_step_021500_loss_3.7778.pt
[eval_checkpoint] strict load OK step=21500; schedulefree_y_swap=True; level=E97 params=1,286,589,072
[eval_checkpoint] scored split=primary step=21500 ce=3.838835 bpb=1.403823 -> results/capability-track-references/emender_heldout_bpb_fused.csv
[eval_checkpoint] loading checkpoint: /mnt/nvme1n1/erikg/ref_emender_mlp/runs/levelE97_100m_20260615_211750/checkpoint_step_043000_loss_3.6134.pt
[eval_checkpoint] strict load OK step=43000; schedulefree_y_swap=True; level=E97 params=1,286,589,072
[eval_checkpoint] scored split=primary step=43000 ce=3.511236 bpb=1.284024 -> results/capability-track-references/emender_heldout_bpb_fused.csv
[eval_checkpoint] loading checkpoint: /mnt/nvme1n1/erikg/ref_emender_mlp/runs/levelE97_100m_20260615_211750/checkpoint_step_064500_loss_3.1246.pt
[eval_checkpoint] strict load OK step=64500; schedulefree_y_swap=True; level=E97 params=1,286,589,072
[eval_checkpoint] scored split=primary step=64500 ce=3.747176 bpb=1.370304 -> results/capability-track-references/emender_heldout_bpb_fused.csv
[eval_checkpoint] loading checkpoint: /mnt/nvme1n1/erikg/ref_emender_mlp/runs/levelE97_100m_20260615_211750/checkpoint_step_086000_loss_3.2462.pt
[eval_checkpoint] strict load OK step=86000; schedulefree_y_swap=True; level=E97 params=1,286,589,072
[eval_checkpoint] scored split=primary step=86000 ce=3.407438 bpb=1.246066 -> results/capability-track-references/emender_heldout_bpb_fused.csv
[eval_checkpoint] loading checkpoint: /mnt/nvme1n1/erikg/ref_emender_mlp/runs/levelE97_100m_20260615_211750/checkpoint_step_107500_loss_2.9974.pt
[eval_checkpoint] strict load OK step=107500; schedulefree_y_swap=True; level=E97 params=1,286,589,072
[eval_checkpoint] scored split=primary step=107500 ce=3.516086 bpb=1.285797 -> results/capability-track-references/emender_heldout_bpb_fused.csv
[eval_checkpoint] loading checkpoint: /mnt/nvme1n1/erikg/ref_emender_mlp/runs/levelE97_100m_20260615_211750/checkpoint_step_129000_loss_3.1436.pt
[eval_checkpoint] strict load OK step=129000; schedulefree_y_swap=True; level=E97 params=1,286,589,072
[eval_checkpoint] scored split=primary step=129000 ce=3.341591 bpb=1.221986 -> results/capability-track-references/emender_heldout_bpb_fused.csv
[eval_checkpoint] loading checkpoint: /mnt/nvme1n1/erikg/ref_emender_mlp/runs/levelE97_100m_20260615_211750/checkpoint_step_150500_loss_3.0442.pt
[eval_checkpoint] strict load OK step=150500; schedulefree_y_swap=True; level=E97 params=1,286,589,072
[eval_checkpoint] scored split=primary step=150500 ce=3.358169 bpb=1.228048 -> results/capability-track-references/emender_heldout_bpb_fused.csv
[bpb-fused] DONE
