
Lmod is automatically replacing "cce/18.0.1" with "gcc-native/13.2".


Lmod is automatically replacing "PrgEnv-cray/8.6.0" with "PrgEnv-gnu/8.7.0".


Due to MODULEPATH changes, the following have been reloaded:
  1) cray-libsci/24.11.0     2) cray-mpich/8.1.31     3) darshan-runtime/3.4.6-mpi


The following have been reloaded with a version change:
  1) cray-libsci/24.11.0 => cray-libsci/26.03.0
  2) cray-mpich/8.1.31 => cray-mpich/9.1.0
  3) cray-pmi/6.1.15 => cray-pmi/6.1.17
  4) craype/2.7.33 => craype/2.7.36
  5) darshan-runtime/3.4.6-mpi => darshan-runtime/3.4.7-mpi
  6) gcc-native/13.2 => gcc-native/14.2
  7) perftools-base/24.11.0 => perftools-base/26.03.0

WARNING: AMD GPU device(s) is/are in a low-power state. Check power control/runtime_status

/var/spool/slurmd/job4891784/slurm_script: line 310: rerun-2-node-e97: command not found
/var/spool/slurmd/job4891784/slurm_script: line 310: e97-MLP: command not found
/var/spool/slurmd/job4891784/slurm_script: line 310: 4891784: command not found
/var/spool/slurmd/job4891784/slurm_script: line 310: 2: command not found
/var/spool/slurmd/job4891784/slurm_script: line 310: 0.666667: command not found
/var/spool/slurmd/job4891784/slurm_script: line 310: WG: command not found
/var/spool/slurmd/job4891784/slurm_script: line 310: 137: command not found
/var/spool/slurmd/job4891784/slurm_script: line 310: {ln}: command not found
/var/spool/slurmd/job4891784/slurm_script: line 310: {ln}: command not found
/var/spool/slurmd/job4891784/slurm_script: line 310: {ln}: command not found
