Using device: cuda
Output directory: paper/review/wl_lm/delta_gdnneg/leveltyped-gdn2-lm_100m_20260607_154548
Auto r_h_mode: none (level 0 has bounded/no W_h)
Tokenizer: p50k_base, vocab_size=50281
Model: Level typed-gdn2-lm, 145,579,008 parameters
Using schedule-free AdamW (lr=0.0003)

Starting training from step 0...
Batch size: 16, Chunk size: 512
Gradient accumulation: 1, Effective batch: 16

Time-based training: 17.5 min budget (from process start). Init took 8.3s, 1041.7s remaining for training.
step     10 | loss 10.9115 | lr 3.00e-04 | grad 13.56 | tok/s 6469 | elapsed_h 0.006 | time 2026-06-07T15:46:03+00:00
step     20 | loss 10.5873 | lr 3.00e-04 | grad 13.19 | tok/s 45806 | elapsed_h 0.006 | time 2026-06-07T15:46:05+00:00
step     30 | loss 9.0585 | lr 3.00e-04 | grad 1.48 | tok/s 45797 | elapsed_h 0.007 | time 2026-06-07T15:46:07+00:00
step     40 | loss 8.4343 | lr 3.00e-04 | grad 0.94 | tok/s 45914 | elapsed_h 0.007 | time 2026-06-07T15:46:08+00:00
step     50 | loss 8.1492 | lr 3.00e-04 | grad 1.05 | tok/s 45687 | elapsed_h 0.008 | time 2026-06-07T15:46:10+00:00
step     60 | loss 7.9497 | lr 3.00e-04 | grad 1.52 | tok/s 45813 | elapsed_h 0.008 | time 2026-06-07T15:46:12+00:00
step     70 | loss 7.8438 | lr 3.00e-04 | grad 1.44 | tok/s 45780 | elapsed_h 0.009 | time 2026-06-07T15:46:14+00:00
step     80 | loss 7.8183 | lr 3.00e-04 | grad 1.76 | tok/s 45726 | elapsed_h 0.009 | time 2026-06-07T15:46:16+00:00
step     90 | loss 7.7364 | lr 3.00e-04 | grad 1.85 | tok/s 45824 | elapsed_h 0.010 | time 2026-06-07T15:46:17+00:00
step    100 | loss 7.7128 | lr 3.00e-04 | grad 1.90 | tok/s 45757 | elapsed_h 0.010 | time 2026-06-07T15:46:19+00:00
step    110 | loss 7.7157 | lr 3.00e-04 | grad 1.97 | tok/s 45785 | elapsed_h 0.011 | time 2026-06-07T15:46:21+00:00
step    120 | loss 7.6468 | lr 3.00e-04 | grad 1.91 | tok/s 45811 | elapsed_h 0.011 | time 2026-06-07T15:46:23+00:00
step    130 | loss 7.6157 | lr 3.00e-04 | grad 2.27 | tok/s 45838 | elapsed_h 0.012 | time 2026-06-07T15:46:25+00:00
step    140 | loss 7.6673 | lr 3.00e-04 | grad 2.31 | tok/s 45725 | elapsed_h 0.012 | time 2026-06-07T15:46:26+00:00
step    150 | loss 7.5876 | lr 3.00e-04 | grad 2.27 | tok/s 45823 | elapsed_h 0.013 | time 2026-06-07T15:46:28+00:00
step    160 | loss 7.5692 | lr 3.00e-04 | grad 2.95 | tok/s 45736 | elapsed_h 0.013 | time 2026-06-07T15:46:30+00:00
step    170 | loss 7.5578 | lr 3.00e-04 | grad 2.30 | tok/s 45318 | elapsed_h 0.014 | time 2026-06-07T15:46:32+00:00
step    180 | loss 7.4842 | lr 3.00e-04 | grad 2.28 | tok/s 45338 | elapsed_h 0.014 | time 2026-06-07T15:46:34+00:00
step    190 | loss 7.4886 | lr 3.00e-04 | grad 2.56 | tok/s 45662 | elapsed_h 0.015 | time 2026-06-07T15:46:35+00:00
step    200 | loss 7.4661 | lr 3.00e-04 | grad 2.81 | tok/s 45271 | elapsed_h 0.015 | time 2026-06-07T15:46:37+00:00
step    210 | loss 7.4486 | lr 3.00e-04 | grad 2.27 | tok/s 45151 | elapsed_h 0.016 | time 2026-06-07T15:46:39+00:00
step    220 | loss 7.4502 | lr 3.00e-04 | grad 2.30 | tok/s 45452 | elapsed_h 0.016 | time 2026-06-07T15:46:41+00:00
step    230 | loss 7.4680 | lr 3.00e-04 | grad 2.27 | tok/s 45262 | elapsed_h 0.017 | time 2026-06-07T15:46:43+00:00
step    240 | loss 7.3576 | lr 3.00e-04 | grad 2.23 | tok/s 45273 | elapsed_h 0.017 | time 2026-06-07T15:46:44+00:00
step    250 | loss 7.4133 | lr 3.00e-04 | grad 2.11 | tok/s 45223 | elapsed_h 0.018 | time 2026-06-07T15:46:46+00:00
step    260 | loss 7.4372 | lr 3.00e-04 | grad 2.16 | tok/s 45277 | elapsed_h 0.018 | time 2026-06-07T15:46:48+00:00
step    270 | loss 7.3751 | lr 3.00e-04 | grad 2.12 | tok/s 45325 | elapsed_h 0.019 | time 2026-06-07T15:46:50+00:00
step    280 | loss 7.3865 | lr 3.00e-04 | grad 2.19 | tok/s 45272 | elapsed_h 0.019 | time 2026-06-07T15:46:52+00:00
step    290 | loss 7.2881 | lr 3.00e-04 | grad 2.30 | tok/s 45295 | elapsed_h 0.020 | time 2026-06-07T15:46:54+00:00
step    300 | loss 7.3054 | lr 3.00e-04 | grad 2.25 | tok/s 45335 | elapsed_h 0.020 | time 2026-06-07T15:46:55+00:00
step    310 | loss 7.2841 | lr 3.00e-04 | grad 2.31 | tok/s 44842 | elapsed_h 0.021 | time 2026-06-07T15:46:57+00:00
step    320 | loss 7.2149 | lr 3.00e-04 | grad 2.14 | tok/s 44875 | elapsed_h 0.021 | time 2026-06-07T15:46:59+00:00
step    330 | loss 7.3714 | lr 3.00e-04 | grad 2.17 | tok/s 44846 | elapsed_h 0.022 | time 2026-06-07T15:47:01+00:00
step    340 | loss 7.2059 | lr 3.00e-04 | grad 2.12 | tok/s 44870 | elapsed_h 0.022 | time 2026-06-07T15:47:03+00:00
step    350 | loss 7.2344 | lr 3.00e-04 | grad 1.99 | tok/s 44937 | elapsed_h 0.023 | time 2026-06-07T15:47:05+00:00
step    360 | loss 7.2339 | lr 3.00e-04 | grad 2.30 | tok/s 44781 | elapsed_h 0.023 | time 2026-06-07T15:47:06+00:00
step    370 | loss 7.2902 | lr 3.00e-04 | grad 2.14 | tok/s 44649 | elapsed_h 0.024 | time 2026-06-07T15:47:08+00:00
step    380 | loss 7.2447 | lr 3.00e-04 | grad 2.39 | tok/s 44671 | elapsed_h 0.024 | time 2026-06-07T15:47:10+00:00
step    390 | loss 7.1235 | lr 3.00e-04 | grad 2.03 | tok/s 44567 | elapsed_h 0.025 | time 2026-06-07T15:47:12+00:00
step    400 | loss 7.1558 | lr 3.00e-04 | grad 2.17 | tok/s 44593 | elapsed_h 0.026 | time 2026-06-07T15:47:14+00:00
step    410 | loss 7.1733 | lr 3.00e-04 | grad 2.31 | tok/s 44421 | elapsed_h 0.026 | time 2026-06-07T15:47:16+00:00
step    420 | loss 7.1844 | lr 3.00e-04 | grad 2.06 | tok/s 44535 | elapsed_h 0.027 | time 2026-06-07T15:47:18+00:00
step    430 | loss 7.2289 | lr 3.00e-04 | grad 2.17 | tok/s 44440 | elapsed_h 0.027 | time 2026-06-07T15:47:19+00:00
step    440 | loss 7.1428 | lr 3.00e-04 | grad 2.06 | tok/s 44414 | elapsed_h 0.028 | time 2026-06-07T15:47:21+00:00
step    450 | loss 7.1601 | lr 3.00e-04 | grad 2.06 | tok/s 44602 | elapsed_h 0.028 | time 2026-06-07T15:47:23+00:00
step    460 | loss 7.1615 | lr 3.00e-04 | grad 2.02 | tok/s 44383 | elapsed_h 0.029 | time 2026-06-07T15:47:25+00:00
step    470 | loss 7.1211 | lr 3.00e-04 | grad 2.08 | tok/s 44538 | elapsed_h 0.029 | time 2026-06-07T15:47:27+00:00
step    480 | loss 7.0722 | lr 3.00e-04 | grad 2.27 | tok/s 44568 | elapsed_h 0.030 | time 2026-06-07T15:47:29+00:00
step    490 | loss 7.1628 | lr 3.00e-04 | grad 2.11 | tok/s 44798 | elapsed_h 0.030 | time 2026-06-07T15:47:30+00:00
step    500 | loss 7.1112 | lr 3.00e-04 | grad 1.91 | tok/s 45704 | elapsed_h 0.031 | time 2026-06-07T15:47:32+00:00
  >>> validation loss: 9.5250
step    510 | loss 7.0819 | lr 3.00e-04 | grad 2.08 | tok/s 417 | elapsed_h 0.085 | time 2026-06-07T15:50:49+00:00
step    520 | loss 7.1055 | lr 3.00e-04 | grad 2.56 | tok/s 46222 | elapsed_h 0.086 | time 2026-06-07T15:50:51+00:00
step    530 | loss 6.9936 | lr 3.00e-04 | grad 2.09 | tok/s 45974 | elapsed_h 0.086 | time 2026-06-07T15:50:53+00:00
step    540 | loss 7.1084 | lr 3.00e-04 | grad 2.00 | tok/s 45668 | elapsed_h 0.087 | time 2026-06-07T15:50:55+00:00
step    550 | loss 6.9916 | lr 3.00e-04 | grad 2.03 | tok/s 46132 | elapsed_h 0.087 | time 2026-06-07T15:50:56+00:00
step    560 | loss 7.0376 | lr 3.00e-04 | grad 2.42 | tok/s 45923 | elapsed_h 0.088 | time 2026-06-07T15:50:58+00:00
step    570 | loss 6.9541 | lr 3.00e-04 | grad 1.96 | tok/s 45802 | elapsed_h 0.088 | time 2026-06-07T15:51:00+00:00
step    580 | loss 7.0767 | lr 3.00e-04 | grad 2.06 | tok/s 45790 | elapsed_h 0.089 | time 2026-06-07T15:51:02+00:00
step    590 | loss 7.0345 | lr 3.00e-04 | grad 2.05 | tok/s 45791 | elapsed_h 0.089 | time 2026-06-07T15:51:04+00:00
step    600 | loss 6.9519 | lr 3.00e-04 | grad 1.93 | tok/s 45711 | elapsed_h 0.090 | time 2026-06-07T15:51:05+00:00
step    610 | loss 7.0141 | lr 3.00e-04 | grad 1.92 | tok/s 45344 | elapsed_h 0.090 | time 2026-06-07T15:51:07+00:00
step    620 | loss 6.9616 | lr 3.00e-04 | grad 2.02 | tok/s 45777 | elapsed_h 0.091 | time 2026-06-07T15:51:09+00:00
step    630 | loss 6.9957 | lr 3.00e-04 | grad 2.03 | tok/s 45779 | elapsed_h 0.091 | time 2026-06-07T15:51:11+00:00
step    640 | loss 6.8772 | lr 3.00e-04 | grad 2.00 | tok/s 45578 | elapsed_h 0.092 | time 2026-06-07T15:51:13+00:00
step    650 | loss 7.0186 | lr 3.00e-04 | grad 1.96 | tok/s 45325 | elapsed_h 0.092 | time 2026-06-07T15:51:14+00:00
step    660 | loss 6.9003 | lr 3.00e-04 | grad 2.17 | tok/s 45293 | elapsed_h 0.093 | time 2026-06-07T15:51:16+00:00
step    670 | loss 6.9932 | lr 3.00e-04 | grad 2.06 | tok/s 45463 | elapsed_h 0.093 | time 2026-06-07T15:51:18+00:00
step    680 | loss 6.9704 | lr 3.00e-04 | grad 1.99 | tok/s 45600 | elapsed_h 0.094 | time 2026-06-07T15:51:20+00:00
step    690 | loss 6.9566 | lr 3.00e-04 | grad 1.87 | tok/s 45259 | elapsed_h 0.094 | time 2026-06-07T15:51:22+00:00
step    700 | loss 6.8376 | lr 3.00e-04 | grad 2.14 | tok/s 44895 | elapsed_h 0.095 | time 2026-06-07T15:51:24+00:00
step    710 | loss 6.9281 | lr 3.00e-04 | grad 2.06 | tok/s 44912 | elapsed_h 0.095 | time 2026-06-07T15:51:25+00:00
step    720 | loss 6.8427 | lr 3.00e-04 | grad 2.00 | tok/s 44786 | elapsed_h 0.096 | time 2026-06-07T15:51:27+00:00
step    730 | loss 6.8763 | lr 3.00e-04 | grad 1.82 | tok/s 45853 | elapsed_h 0.096 | time 2026-06-07T15:51:29+00:00
step    740 | loss 6.8996 | lr 3.00e-04 | grad 1.95 | tok/s 45804 | elapsed_h 0.097 | time 2026-06-07T15:51:31+00:00
step    750 | loss 6.8824 | lr 3.00e-04 | grad 2.06 | tok/s 45801 | elapsed_h 0.097 | time 2026-06-07T15:51:33+00:00
step    760 | loss 6.9239 | lr 3.00e-04 | grad 2.52 | tok/s 45796 | elapsed_h 0.098 | time 2026-06-07T15:51:34+00:00
step    770 | loss 6.8100 | lr 3.00e-04 | grad 1.95 | tok/s 45812 | elapsed_h 0.098 | time 2026-06-07T15:51:36+00:00
step    780 | loss 6.8917 | lr 3.00e-04 | grad 1.91 | tok/s 45792 | elapsed_h 0.099 | time 2026-06-07T15:51:38+00:00
step    790 | loss 6.8305 | lr 3.00e-04 | grad 1.99 | tok/s 45811 | elapsed_h 0.099 | time 2026-06-07T15:51:40+00:00
step    800 | loss 6.8702 | lr 3.00e-04 | grad 1.85 | tok/s 45795 | elapsed_h 0.100 | time 2026-06-07T15:51:42+00:00
step    810 | loss 6.8859 | lr 3.00e-04 | grad 2.03 | tok/s 45802 | elapsed_h 0.100 | time 2026-06-07T15:51:43+00:00
step    820 | loss 6.8256 | lr 3.00e-04 | grad 2.62 | tok/s 45805 | elapsed_h 0.101 | time 2026-06-07T15:51:45+00:00
step    830 | loss 6.8128 | lr 3.00e-04 | grad 1.82 | tok/s 45882 | elapsed_h 0.101 | time 2026-06-07T15:51:47+00:00
step    840 | loss 6.8210 | lr 3.00e-04 | grad 2.25 | tok/s 45721 | elapsed_h 0.102 | time 2026-06-07T15:51:49+00:00
step    850 | loss 6.8241 | lr 3.00e-04 | grad 1.90 | tok/s 45787 | elapsed_h 0.102 | time 2026-06-07T15:51:51+00:00
step    860 | loss 6.8109 | lr 3.00e-04 | grad 1.77 | tok/s 45813 | elapsed_h 0.103 | time 2026-06-07T15:51:52+00:00
step    870 | loss 6.7787 | lr 3.00e-04 | grad 1.69 | tok/s 45800 | elapsed_h 0.103 | time 2026-06-07T15:51:54+00:00
step    880 | loss 6.8247 | lr 3.00e-04 | grad 1.80 | tok/s 45772 | elapsed_h 0.104 | time 2026-06-07T15:51:56+00:00
step    890 | loss 6.7839 | lr 3.00e-04 | grad 1.78 | tok/s 45825 | elapsed_h 0.104 | time 2026-06-07T15:51:58+00:00
step    900 | loss 6.8468 | lr 3.00e-04 | grad 1.83 | tok/s 45792 | elapsed_h 0.105 | time 2026-06-07T15:52:00+00:00
step    910 | loss 6.7427 | lr 3.00e-04 | grad 1.78 | tok/s 45819 | elapsed_h 0.105 | time 2026-06-07T15:52:01+00:00
step    920 | loss 6.7091 | lr 3.00e-04 | grad 1.71 | tok/s 45759 | elapsed_h 0.106 | time 2026-06-07T15:52:03+00:00
step    930 | loss 6.7283 | lr 3.00e-04 | grad 1.79 | tok/s 45795 | elapsed_h 0.106 | time 2026-06-07T15:52:05+00:00
step    940 | loss 6.7504 | lr 3.00e-04 | grad 1.91 | tok/s 45778 | elapsed_h 0.107 | time 2026-06-07T15:52:07+00:00
step    950 | loss 6.7611 | lr 3.00e-04 | grad 1.89 | tok/s 45788 | elapsed_h 0.107 | time 2026-06-07T15:52:09+00:00
step    960 | loss 6.8163 | lr 3.00e-04 | grad 1.70 | tok/s 45811 | elapsed_h 0.108 | time 2026-06-07T15:52:10+00:00
step    970 | loss 6.7208 | lr 3.00e-04 | grad 1.77 | tok/s 45792 | elapsed_h 0.108 | time 2026-06-07T15:52:12+00:00
step    980 | loss 6.7075 | lr 3.00e-04 | grad 1.73 | tok/s 45779 | elapsed_h 0.109 | time 2026-06-07T15:52:14+00:00
step    990 | loss 6.7474 | lr 3.00e-04 | grad 1.66 | tok/s 45348 | elapsed_h 0.109 | time 2026-06-07T15:52:16+00:00
step   1000 | loss 6.6936 | lr 3.00e-04 | grad 1.74 | tok/s 45764 | elapsed_h 0.110 | time 2026-06-07T15:52:18+00:00
  >>> validation loss: 9.3456
step   1010 | loss 6.7123 | lr 3.00e-04 | grad 1.66 | tok/s 413 | elapsed_h 0.165 | time 2026-06-07T15:55:36+00:00
step   1020 | loss 6.7268 | lr 3.00e-04 | grad 1.60 | tok/s 46498 | elapsed_h 0.166 | time 2026-06-07T15:55:38+00:00
step   1030 | loss 6.6650 | lr 3.00e-04 | grad 1.91 | tok/s 46124 | elapsed_h 0.166 | time 2026-06-07T15:55:40+00:00
step   1040 | loss 6.5950 | lr 3.00e-04 | grad 1.83 | tok/s 46345 | elapsed_h 0.167 | time 2026-06-07T15:55:42+00:00
step   1050 | loss 6.6477 | lr 3.00e-04 | grad 1.65 | tok/s 45785 | elapsed_h 0.167 | time 2026-06-07T15:55:43+00:00
step   1060 | loss 6.6492 | lr 3.00e-04 | grad 1.79 | tok/s 45787 | elapsed_h 0.168 | time 2026-06-07T15:55:45+00:00
step   1070 | loss 6.7546 | lr 3.00e-04 | grad 1.86 | tok/s 46317 | elapsed_h 0.168 | time 2026-06-07T15:55:47+00:00
step   1080 | loss 6.6480 | lr 3.00e-04 | grad 1.75 | tok/s 46309 | elapsed_h 0.169 | time 2026-06-07T15:55:49+00:00
step   1090 | loss 6.6513 | lr 3.00e-04 | grad 1.79 | tok/s 45804 | elapsed_h 0.169 | time 2026-06-07T15:55:51+00:00
step   1100 | loss 6.6669 | lr 3.00e-04 | grad 1.74 | tok/s 45791 | elapsed_h 0.170 | time 2026-06-07T15:55:52+00:00
step   1110 | loss 6.6379 | lr 3.00e-04 | grad 1.71 | tok/s 45811 | elapsed_h 0.170 | time 2026-06-07T15:55:54+00:00
step   1120 | loss 6.6395 | lr 3.00e-04 | grad 1.60 | tok/s 40388 | elapsed_h 0.171 | time 2026-06-07T15:55:56+00:00
step   1130 | loss 6.6591 | lr 3.00e-04 | grad 1.69 | tok/s 45792 | elapsed_h 0.171 | time 2026-06-07T15:55:58+00:00
step   1140 | loss 6.6638 | lr 3.00e-04 | grad 1.77 | tok/s 45793 | elapsed_h 0.172 | time 2026-06-07T15:56:00+00:00
step   1150 | loss 6.6191 | lr 3.00e-04 | grad 1.59 | tok/s 45814 | elapsed_h 0.172 | time 2026-06-07T15:56:02+00:00
step   1160 | loss 6.6262 | lr 3.00e-04 | grad 1.66 | tok/s 45790 | elapsed_h 0.173 | time 2026-06-07T15:56:03+00:00
step   1170 | loss 6.5827 | lr 3.00e-04 | grad 1.80 | tok/s 45796 | elapsed_h 0.173 | time 2026-06-07T15:56:05+00:00
step   1180 | loss 6.7063 | lr 3.00e-04 | grad 1.57 | tok/s 45805 | elapsed_h 0.174 | time 2026-06-07T15:56:07+00:00
step   1190 | loss 6.6783 | lr 3.00e-04 | grad 1.65 | tok/s 45787 | elapsed_h 0.174 | time 2026-06-07T15:56:09+00:00
step   1200 | loss 6.7190 | lr 3.00e-04 | grad 2.02 | tok/s 45800 | elapsed_h 0.175 | time 2026-06-07T15:56:11+00:00
step   1210 | loss 6.6178 | lr 3.00e-04 | grad 1.60 | tok/s 45812 | elapsed_h 0.175 | time 2026-06-07T15:56:12+00:00
step   1220 | loss 6.6312 | lr 3.00e-04 | grad 1.67 | tok/s 45787 | elapsed_h 0.176 | time 2026-06-07T15:56:14+00:00
step   1230 | loss 6.5376 | lr 3.00e-04 | grad 1.60 | tok/s 45810 | elapsed_h 0.176 | time 2026-06-07T15:56:16+00:00
step   1240 | loss 6.5820 | lr 3.00e-04 | grad 1.57 | tok/s 45805 | elapsed_h 0.177 | time 2026-06-07T15:56:18+00:00
step   1250 | loss 6.5352 | lr 3.00e-04 | grad 1.57 | tok/s 45796 | elapsed_h 0.177 | time 2026-06-07T15:56:20+00:00
step   1260 | loss 6.5861 | lr 3.00e-04 | grad 1.52 | tok/s 45808 | elapsed_h 0.178 | time 2026-06-07T15:56:21+00:00
step   1270 | loss 6.6017 | lr 3.00e-04 | grad 1.59 | tok/s 45261 | elapsed_h 0.178 | time 2026-06-07T15:56:23+00:00
step   1280 | loss 6.5531 | lr 3.00e-04 | grad 1.73 | tok/s 44367 | elapsed_h 0.179 | time 2026-06-07T15:56:25+00:00
step   1290 | loss 6.4886 | lr 3.00e-04 | grad 1.62 | tok/s 44536 | elapsed_h 0.179 | time 2026-06-07T15:56:27+00:00
step   1300 | loss 6.6068 | lr 3.00e-04 | grad 1.52 | tok/s 44636 | elapsed_h 0.180 | time 2026-06-07T15:56:29+00:00
step   1310 | loss 6.5992 | lr 3.00e-04 | grad 1.54 | tok/s 44578 | elapsed_h 0.180 | time 2026-06-07T15:56:31+00:00
step   1320 | loss 6.6113 | lr 3.00e-04 | grad 1.60 | tok/s 44426 | elapsed_h 0.181 | time 2026-06-07T15:56:32+00:00
step   1330 | loss 6.4971 | lr 3.00e-04 | grad 1.56 | tok/s 44192 | elapsed_h 0.181 | time 2026-06-07T15:56:34+00:00
step   1340 | loss 6.5353 | lr 3.00e-04 | grad 1.56 | tok/s 44303 | elapsed_h 0.182 | time 2026-06-07T15:56:36+00:00
step   1350 | loss 6.5361 | lr 3.00e-04 | grad 1.55 | tok/s 44408 | elapsed_h 0.182 | time 2026-06-07T15:56:38+00:00
step   1360 | loss 6.5970 | lr 3.00e-04 | grad 1.86 | tok/s 44296 | elapsed_h 0.183 | time 2026-06-07T15:56:40+00:00
step   1370 | loss 6.5594 | lr 3.00e-04 | grad 1.55 | tok/s 44551 | elapsed_h 0.183 | time 2026-06-07T15:56:42+00:00
step   1380 | loss 6.6553 | lr 3.00e-04 | grad 1.77 | tok/s 44480 | elapsed_h 0.184 | time 2026-06-07T15:56:44+00:00
step   1390 | loss 6.4991 | lr 3.00e-04 | grad 1.48 | tok/s 44631 | elapsed_h 0.184 | time 2026-06-07T15:56:45+00:00
step   1400 | loss 6.5415 | lr 3.00e-04 | grad 1.75 | tok/s 44754 | elapsed_h 0.185 | time 2026-06-07T15:56:47+00:00
step   1410 | loss 6.5300 | lr 3.00e-04 | grad 1.54 | tok/s 44786 | elapsed_h 0.185 | time 2026-06-07T15:56:49+00:00
step   1420 | loss 6.5683 | lr 3.00e-04 | grad 1.50 | tok/s 44572 | elapsed_h 0.186 | time 2026-06-07T15:56:51+00:00
step   1430 | loss 6.4799 | lr 3.00e-04 | grad 1.59 | tok/s 44570 | elapsed_h 0.186 | time 2026-06-07T15:56:53+00:00
step   1440 | loss 6.4128 | lr 3.00e-04 | grad 1.48 | tok/s 44930 | elapsed_h 0.187 | time 2026-06-07T15:56:55+00:00
step   1450 | loss 6.4374 | lr 3.00e-04 | grad 1.46 | tok/s 44900 | elapsed_h 0.187 | time 2026-06-07T15:56:57+00:00
step   1460 | loss 6.5624 | lr 3.00e-04 | grad 1.54 | tok/s 45078 | elapsed_h 0.188 | time 2026-06-07T15:56:58+00:00
step   1470 | loss 6.4908 | lr 3.00e-04 | grad 1.52 | tok/s 44973 | elapsed_h 0.188 | time 2026-06-07T15:57:00+00:00
step   1480 | loss 6.3643 | lr 3.00e-04 | grad 1.44 | tok/s 45001 | elapsed_h 0.189 | time 2026-06-07T15:57:02+00:00
step   1490 | loss 6.3984 | lr 3.00e-04 | grad 1.58 | tok/s 45136 | elapsed_h 0.189 | time 2026-06-07T15:57:04+00:00
step   1500 | loss 6.5460 | lr 3.00e-04 | grad 1.46 | tok/s 44904 | elapsed_h 0.190 | time 2026-06-07T15:57:06+00:00
  >>> validation loss: 8.9966
step   1510 | loss 6.4226 | lr 3.00e-04 | grad 1.58 | tok/s 414 | elapsed_h 0.245 | time 2026-06-07T16:00:24+00:00
step   1520 | loss 6.4890 | lr 3.00e-04 | grad 1.48 | tok/s 45774 | elapsed_h 0.245 | time 2026-06-07T16:00:26+00:00
step   1530 | loss 6.4802 | lr 3.00e-04 | grad 1.46 | tok/s 45800 | elapsed_h 0.246 | time 2026-06-07T16:00:27+00:00
step   1540 | loss 6.5078 | lr 3.00e-04 | grad 1.45 | tok/s 45783 | elapsed_h 0.246 | time 2026-06-07T16:00:29+00:00
step   1550 | loss 6.5119 | lr 3.00e-04 | grad 1.48 | tok/s 45684 | elapsed_h 0.247 | time 2026-06-07T16:00:31+00:00
step   1560 | loss 6.4404 | lr 3.00e-04 | grad 1.62 | tok/s 45127 | elapsed_h 0.247 | time 2026-06-07T16:00:33+00:00
step   1570 | loss 6.4018 | lr 3.00e-04 | grad 1.55 | tok/s 45088 | elapsed_h 0.248 | time 2026-06-07T16:00:35+00:00
step   1580 | loss 6.4750 | lr 3.00e-04 | grad 1.62 | tok/s 44997 | elapsed_h 0.248 | time 2026-06-07T16:00:37+00:00
step   1590 | loss 6.4526 | lr 3.00e-04 | grad 1.60 | tok/s 44981 | elapsed_h 0.249 | time 2026-06-07T16:00:38+00:00
step   1600 | loss 6.4290 | lr 3.00e-04 | grad 1.50 | tok/s 45045 | elapsed_h 0.250 | time 2026-06-07T16:00:40+00:00
step   1610 | loss 6.4884 | lr 3.00e-04 | grad 1.57 | tok/s 44935 | elapsed_h 0.250 | time 2026-06-07T16:00:42+00:00
step   1620 | loss 6.4303 | lr 3.00e-04 | grad 1.47 | tok/s 44797 | elapsed_h 0.251 | time 2026-06-07T16:00:44+00:00
step   1630 | loss 6.4253 | lr 3.00e-04 | grad 1.53 | tok/s 44816 | elapsed_h 0.251 | time 2026-06-07T16:00:46+00:00
step   1640 | loss 6.3455 | lr 3.00e-04 | grad 1.37 | tok/s 44750 | elapsed_h 0.252 | time 2026-06-07T16:00:48+00:00
step   1650 | loss 6.4049 | lr 3.00e-04 | grad 1.42 | tok/s 44747 | elapsed_h 0.252 | time 2026-06-07T16:00:49+00:00
step   1660 | loss 6.4508 | lr 3.00e-04 | grad 1.44 | tok/s 44855 | elapsed_h 0.253 | time 2026-06-07T16:00:51+00:00
step   1670 | loss 6.4300 | lr 3.00e-04 | grad 1.42 | tok/s 44751 | elapsed_h 0.253 | time 2026-06-07T16:00:53+00:00
step   1680 | loss 6.4463 | lr 3.00e-04 | grad 1.38 | tok/s 44763 | elapsed_h 0.254 | time 2026-06-07T16:00:55+00:00
step   1690 | loss 6.4706 | lr 3.00e-04 | grad 2.34 | tok/s 44649 | elapsed_h 0.254 | time 2026-06-07T16:00:57+00:00
step   1700 | loss 6.4183 | lr 3.00e-04 | grad 1.44 | tok/s 44615 | elapsed_h 0.255 | time 2026-06-07T16:00:59+00:00
step   1710 | loss 6.3629 | lr 3.00e-04 | grad 1.65 | tok/s 44674 | elapsed_h 0.255 | time 2026-06-07T16:01:00+00:00
step   1720 | loss 6.3178 | lr 3.00e-04 | grad 1.36 | tok/s 44603 | elapsed_h 0.256 | time 2026-06-07T16:01:02+00:00
step   1730 | loss 6.3944 | lr 3.00e-04 | grad 1.80 | tok/s 45136 | elapsed_h 0.256 | time 2026-06-07T16:01:04+00:00
step   1740 | loss 6.3535 | lr 3.00e-04 | grad 1.34 | tok/s 45534 | elapsed_h 0.257 | time 2026-06-07T16:01:06+00:00
step   1750 | loss 6.3121 | lr 3.00e-04 | grad 1.45 | tok/s 45482 | elapsed_h 0.257 | time 2026-06-07T16:01:08+00:00
step   1760 | loss 6.4208 | lr 3.00e-04 | grad 1.43 | tok/s 45321 | elapsed_h 0.258 | time 2026-06-07T16:01:10+00:00
step   1770 | loss 6.3944 | lr 3.00e-04 | grad 1.29 | tok/s 45317 | elapsed_h 0.258 | time 2026-06-07T16:01:11+00:00
step   1780 | loss 6.3114 | lr 3.00e-04 | grad 1.45 | tok/s 45231 | elapsed_h 0.259 | time 2026-06-07T16:01:13+00:00
step   1790 | loss 6.4121 | lr 3.00e-04 | grad 1.41 | tok/s 45306 | elapsed_h 0.259 | time 2026-06-07T16:01:15+00:00
step   1800 | loss 6.4035 | lr 3.00e-04 | grad 1.52 | tok/s 45275 | elapsed_h 0.260 | time 2026-06-07T16:01:17+00:00
step   1810 | loss 6.3292 | lr 3.00e-04 | grad 1.45 | tok/s 45273 | elapsed_h 0.260 | time 2026-06-07T16:01:19+00:00
step   1820 | loss 6.3271 | lr 3.00e-04 | grad 1.43 | tok/s 45281 | elapsed_h 0.261 | time 2026-06-07T16:01:21+00:00
step   1830 | loss 6.3265 | lr 3.00e-04 | grad 1.42 | tok/s 45277 | elapsed_h 0.261 | time 2026-06-07T16:01:22+00:00
step   1840 | loss 6.4276 | lr 3.00e-04 | grad 1.60 | tok/s 45314 | elapsed_h 0.262 | time 2026-06-07T16:01:24+00:00
step   1850 | loss 6.2878 | lr 3.00e-04 | grad 1.43 | tok/s 45276 | elapsed_h 0.262 | time 2026-06-07T16:01:26+00:00
step   1860 | loss 6.3967 | lr 3.00e-04 | grad 1.35 | tok/s 45171 | elapsed_h 0.263 | time 2026-06-07T16:01:28+00:00
step   1870 | loss 6.3831 | lr 3.00e-04 | grad 1.45 | tok/s 45345 | elapsed_h 0.263 | time 2026-06-07T16:01:30+00:00
step   1880 | loss 6.3945 | lr 3.00e-04 | grad 1.40 | tok/s 45335 | elapsed_h 0.264 | time 2026-06-07T16:01:31+00:00
step   1890 | loss 6.3192 | lr 3.00e-04 | grad 1.66 | tok/s 45080 | elapsed_h 0.264 | time 2026-06-07T16:01:33+00:00
step   1900 | loss 6.3363 | lr 3.00e-04 | grad 1.37 | tok/s 45322 | elapsed_h 0.265 | time 2026-06-07T16:01:35+00:00
step   1910 | loss 6.3828 | lr 3.00e-04 | grad 1.49 | tok/s 45118 | elapsed_h 0.265 | time 2026-06-07T16:01:37+00:00
step   1920 | loss 6.2610 | lr 3.00e-04 | grad 1.33 | tok/s 45128 | elapsed_h 0.266 | time 2026-06-07T16:01:39+00:00
step   1930 | loss 6.3016 | lr 3.00e-04 | grad 1.56 | tok/s 45067 | elapsed_h 0.266 | time 2026-06-07T16:01:41+00:00
step   1940 | loss 6.3296 | lr 3.00e-04 | grad 1.37 | tok/s 45155 | elapsed_h 0.267 | time 2026-06-07T16:01:42+00:00
step   1950 | loss 6.3365 | lr 3.00e-04 | grad 1.45 | tok/s 45127 | elapsed_h 0.267 | time 2026-06-07T16:01:44+00:00
step   1960 | loss 6.3174 | lr 3.00e-04 | grad 1.50 | tok/s 44847 | elapsed_h 0.268 | time 2026-06-07T16:01:46+00:00
step   1970 | loss 6.3498 | lr 3.00e-04 | grad 1.38 | tok/s 44963 | elapsed_h 0.268 | time 2026-06-07T16:01:48+00:00
step   1980 | loss 6.3006 | lr 3.00e-04 | grad 1.64 | tok/s 44965 | elapsed_h 0.269 | time 2026-06-07T16:01:50+00:00
step   1990 | loss 6.3230 | lr 3.00e-04 | grad 1.38 | tok/s 44955 | elapsed_h 0.269 | time 2026-06-07T16:01:52+00:00
step   2000 | loss 6.3058 | lr 3.00e-04 | grad 1.40 | tok/s 44915 | elapsed_h 0.270 | time 2026-06-07T16:01:53+00:00
  >>> validation loss: 8.8887
FINAL_HELDOUT_CE: 8.9281
FINAL_HELDOUT_BPB: 3.4049

Training complete! Final step: 2000
FINAL_LOSS_LAST100: 6.4875
PEAK_MEMORY_MB: 9120
RESERVED_MEMORY_MB: 11032
