Using device: cuda
Output directory: paper/review/wl_lm/delta_none/leveltyped-gdn2-lm_100m_20260607_154539
Auto r_h_mode: none (level 0 has bounded/no W_h)
Tokenizer: p50k_base, vocab_size=50281
Model: Level typed-gdn2-lm, 159,402,624 parameters
Using schedule-free AdamW (lr=0.0003)

Starting training from step 0...
Batch size: 16, Chunk size: 512
Gradient accumulation: 1, Effective batch: 16

Time-based training: 17.5 min budget (from process start). Init took 9.4s, 1040.6s remaining for training.
step     10 | loss 10.4664 | lr 3.00e-04 | grad 2.64 | tok/s 4830 | elapsed_h 0.007 | time 2026-06-07T15:45:58+00:00
step     20 | loss 9.0806 | lr 3.00e-04 | grad 1.47 | tok/s 41854 | elapsed_h 0.008 | time 2026-06-07T15:46:00+00:00
step     30 | loss 8.0677 | lr 3.00e-04 | grad 1.02 | tok/s 41874 | elapsed_h 0.008 | time 2026-06-07T15:46:02+00:00
step     40 | loss 7.6238 | lr 3.00e-04 | grad 1.39 | tok/s 41535 | elapsed_h 0.009 | time 2026-06-07T15:46:04+00:00
step     50 | loss 7.4824 | lr 3.00e-04 | grad 1.26 | tok/s 41679 | elapsed_h 0.010 | time 2026-06-07T15:46:06+00:00
step     60 | loss 7.3288 | lr 3.00e-04 | grad 1.22 | tok/s 41389 | elapsed_h 0.010 | time 2026-06-07T15:46:08+00:00
step     70 | loss 7.2041 | lr 3.00e-04 | grad 1.52 | tok/s 41248 | elapsed_h 0.011 | time 2026-06-07T15:46:10+00:00
step     80 | loss 7.1396 | lr 3.00e-04 | grad 1.43 | tok/s 41176 | elapsed_h 0.011 | time 2026-06-07T15:46:12+00:00
step     90 | loss 7.0520 | lr 3.00e-04 | grad 1.44 | tok/s 41203 | elapsed_h 0.012 | time 2026-06-07T15:46:14+00:00
step    100 | loss 7.0579 | lr 3.00e-04 | grad 1.48 | tok/s 41206 | elapsed_h 0.012 | time 2026-06-07T15:46:16+00:00
step    110 | loss 6.9866 | lr 3.00e-04 | grad 1.38 | tok/s 41239 | elapsed_h 0.013 | time 2026-06-07T15:46:18+00:00
step    120 | loss 6.9469 | lr 3.00e-04 | grad 1.68 | tok/s 41224 | elapsed_h 0.013 | time 2026-06-07T15:46:20+00:00
step    130 | loss 6.9666 | lr 3.00e-04 | grad 1.52 | tok/s 41187 | elapsed_h 0.014 | time 2026-06-07T15:46:22+00:00
step    140 | loss 6.8468 | lr 3.00e-04 | grad 1.49 | tok/s 41232 | elapsed_h 0.015 | time 2026-06-07T15:46:24+00:00
step    150 | loss 6.8408 | lr 3.00e-04 | grad 1.66 | tok/s 41190 | elapsed_h 0.015 | time 2026-06-07T15:46:26+00:00
step    160 | loss 6.8313 | lr 3.00e-04 | grad 1.55 | tok/s 41196 | elapsed_h 0.016 | time 2026-06-07T15:46:28+00:00
step    170 | loss 6.7713 | lr 3.00e-04 | grad 1.58 | tok/s 40861 | elapsed_h 0.016 | time 2026-06-07T15:46:30+00:00
step    180 | loss 6.7755 | lr 3.00e-04 | grad 1.91 | tok/s 41023 | elapsed_h 0.017 | time 2026-06-07T15:46:32+00:00
step    190 | loss 6.6936 | lr 3.00e-04 | grad 1.48 | tok/s 40951 | elapsed_h 0.017 | time 2026-06-07T15:46:34+00:00
step    200 | loss 6.7202 | lr 3.00e-04 | grad 1.62 | tok/s 41021 | elapsed_h 0.018 | time 2026-06-07T15:46:36+00:00
step    210 | loss 6.6654 | lr 3.00e-04 | grad 1.77 | tok/s 40787 | elapsed_h 0.018 | time 2026-06-07T15:46:38+00:00
step    220 | loss 6.7136 | lr 3.00e-04 | grad 1.72 | tok/s 40770 | elapsed_h 0.019 | time 2026-06-07T15:46:40+00:00
step    230 | loss 6.6317 | lr 3.00e-04 | grad 1.68 | tok/s 40806 | elapsed_h 0.020 | time 2026-06-07T15:46:42+00:00
step    240 | loss 6.6607 | lr 3.00e-04 | grad 1.75 | tok/s 40627 | elapsed_h 0.020 | time 2026-06-07T15:46:44+00:00
step    250 | loss 6.7076 | lr 3.00e-04 | grad 1.50 | tok/s 40565 | elapsed_h 0.021 | time 2026-06-07T15:46:46+00:00
step    260 | loss 6.6085 | lr 3.00e-04 | grad 1.70 | tok/s 40711 | elapsed_h 0.021 | time 2026-06-07T15:46:48+00:00
step    270 | loss 6.5684 | lr 3.00e-04 | grad 1.45 | tok/s 40573 | elapsed_h 0.022 | time 2026-06-07T15:46:50+00:00
step    280 | loss 6.5873 | lr 3.00e-04 | grad 1.77 | tok/s 40412 | elapsed_h 0.022 | time 2026-06-07T15:46:53+00:00
step    290 | loss 6.4976 | lr 3.00e-04 | grad 1.45 | tok/s 40369 | elapsed_h 0.023 | time 2026-06-07T15:46:55+00:00
step    300 | loss 6.5613 | lr 3.00e-04 | grad 1.51 | tok/s 40275 | elapsed_h 0.024 | time 2026-06-07T15:46:57+00:00
step    310 | loss 6.5099 | lr 3.00e-04 | grad 1.62 | tok/s 40310 | elapsed_h 0.024 | time 2026-06-07T15:46:59+00:00
step    320 | loss 6.4632 | lr 3.00e-04 | grad 1.70 | tok/s 40226 | elapsed_h 0.025 | time 2026-06-07T15:47:01+00:00
step    330 | loss 6.5721 | lr 3.00e-04 | grad 1.70 | tok/s 40177 | elapsed_h 0.025 | time 2026-06-07T15:47:03+00:00
step    340 | loss 6.4525 | lr 3.00e-04 | grad 1.77 | tok/s 40191 | elapsed_h 0.026 | time 2026-06-07T15:47:05+00:00
step    350 | loss 6.4009 | lr 3.00e-04 | grad 1.49 | tok/s 40319 | elapsed_h 0.026 | time 2026-06-07T15:47:07+00:00
step    360 | loss 6.4422 | lr 3.00e-04 | grad 1.61 | tok/s 40073 | elapsed_h 0.027 | time 2026-06-07T15:47:09+00:00
step    370 | loss 6.5348 | lr 3.00e-04 | grad 1.76 | tok/s 40106 | elapsed_h 0.027 | time 2026-06-07T15:47:11+00:00
step    380 | loss 6.4209 | lr 3.00e-04 | grad 1.64 | tok/s 40043 | elapsed_h 0.028 | time 2026-06-07T15:47:13+00:00
step    390 | loss 6.2917 | lr 3.00e-04 | grad 1.56 | tok/s 40023 | elapsed_h 0.029 | time 2026-06-07T15:47:15+00:00
step    400 | loss 6.3615 | lr 3.00e-04 | grad 1.56 | tok/s 39937 | elapsed_h 0.029 | time 2026-06-07T15:47:17+00:00
step    410 | loss 6.3825 | lr 3.00e-04 | grad 1.70 | tok/s 39966 | elapsed_h 0.030 | time 2026-06-07T15:47:19+00:00
step    420 | loss 6.4786 | lr 3.00e-04 | grad 1.49 | tok/s 39955 | elapsed_h 0.030 | time 2026-06-07T15:47:21+00:00
step    430 | loss 6.4228 | lr 3.00e-04 | grad 1.65 | tok/s 39926 | elapsed_h 0.031 | time 2026-06-07T15:47:23+00:00
step    440 | loss 6.3686 | lr 3.00e-04 | grad 1.68 | tok/s 39879 | elapsed_h 0.032 | time 2026-06-07T15:47:25+00:00
step    450 | loss 6.3964 | lr 3.00e-04 | grad 1.78 | tok/s 39910 | elapsed_h 0.032 | time 2026-06-07T15:47:27+00:00
step    460 | loss 6.3255 | lr 3.00e-04 | grad 1.66 | tok/s 39868 | elapsed_h 0.033 | time 2026-06-07T15:47:30+00:00
step    470 | loss 6.3413 | lr 3.00e-04 | grad 1.72 | tok/s 39869 | elapsed_h 0.033 | time 2026-06-07T15:47:32+00:00
step    480 | loss 6.3159 | lr 3.00e-04 | grad 1.94 | tok/s 39905 | elapsed_h 0.034 | time 2026-06-07T15:47:34+00:00
step    490 | loss 6.3804 | lr 3.00e-04 | grad 1.85 | tok/s 39756 | elapsed_h 0.034 | time 2026-06-07T15:47:36+00:00
step    500 | loss 6.3720 | lr 3.00e-04 | grad 1.65 | tok/s 39765 | elapsed_h 0.035 | time 2026-06-07T15:47:38+00:00
  >>> validation loss: 8.8613
step    510 | loss 6.2659 | lr 3.00e-04 | grad 1.59 | tok/s 417 | elapsed_h 0.090 | time 2026-06-07T15:50:55+00:00
step    520 | loss 6.3182 | lr 3.00e-04 | grad 1.75 | tok/s 41703 | elapsed_h 0.090 | time 2026-06-07T15:50:57+00:00
step    530 | loss 6.2434 | lr 3.00e-04 | grad 1.91 | tok/s 41393 | elapsed_h 0.091 | time 2026-06-07T15:50:59+00:00
step    540 | loss 6.3148 | lr 3.00e-04 | grad 1.66 | tok/s 41228 | elapsed_h 0.091 | time 2026-06-07T15:51:01+00:00
step    550 | loss 6.2464 | lr 3.00e-04 | grad 2.08 | tok/s 41558 | elapsed_h 0.092 | time 2026-06-07T15:51:03+00:00
step    560 | loss 6.2765 | lr 3.00e-04 | grad 1.78 | tok/s 41287 | elapsed_h 0.092 | time 2026-06-07T15:51:05+00:00
step    570 | loss 6.2131 | lr 3.00e-04 | grad 2.05 | tok/s 41227 | elapsed_h 0.093 | time 2026-06-07T15:51:07+00:00
step    580 | loss 6.3303 | lr 3.00e-04 | grad 1.73 | tok/s 41224 | elapsed_h 0.094 | time 2026-06-07T15:51:09+00:00
step    590 | loss 6.2389 | lr 3.00e-04 | grad 1.89 | tok/s 41162 | elapsed_h 0.094 | time 2026-06-07T15:51:11+00:00
step    600 | loss 6.2465 | lr 3.00e-04 | grad 1.89 | tok/s 41265 | elapsed_h 0.095 | time 2026-06-07T15:51:13+00:00
step    610 | loss 6.2143 | lr 3.00e-04 | grad 1.62 | tok/s 41206 | elapsed_h 0.095 | time 2026-06-07T15:51:15+00:00
step    620 | loss 6.2612 | lr 3.00e-04 | grad 2.03 | tok/s 41218 | elapsed_h 0.096 | time 2026-06-07T15:51:17+00:00
step    630 | loss 6.1659 | lr 3.00e-04 | grad 1.66 | tok/s 41200 | elapsed_h 0.096 | time 2026-06-07T15:51:19+00:00
step    640 | loss 6.1413 | lr 3.00e-04 | grad 1.86 | tok/s 41228 | elapsed_h 0.097 | time 2026-06-07T15:51:21+00:00
step    650 | loss 6.2281 | lr 3.00e-04 | grad 1.64 | tok/s 41228 | elapsed_h 0.097 | time 2026-06-07T15:51:23+00:00
step    660 | loss 6.1954 | lr 3.00e-04 | grad 1.59 | tok/s 41218 | elapsed_h 0.098 | time 2026-06-07T15:51:25+00:00
step    670 | loss 6.2415 | lr 3.00e-04 | grad 1.86 | tok/s 41248 | elapsed_h 0.099 | time 2026-06-07T15:51:27+00:00
step    680 | loss 6.2247 | lr 3.00e-04 | grad 1.66 | tok/s 41137 | elapsed_h 0.099 | time 2026-06-07T15:51:29+00:00
step    690 | loss 6.1623 | lr 3.00e-04 | grad 1.71 | tok/s 40883 | elapsed_h 0.100 | time 2026-06-07T15:51:31+00:00
step    700 | loss 6.1126 | lr 3.00e-04 | grad 1.73 | tok/s 40932 | elapsed_h 0.100 | time 2026-06-07T15:51:33+00:00
step    710 | loss 6.1708 | lr 3.00e-04 | grad 1.96 | tok/s 40979 | elapsed_h 0.101 | time 2026-06-07T15:51:35+00:00
step    720 | loss 6.0656 | lr 3.00e-04 | grad 1.77 | tok/s 40941 | elapsed_h 0.101 | time 2026-06-07T15:51:37+00:00
step    730 | loss 6.1843 | lr 3.00e-04 | grad 1.63 | tok/s 40814 | elapsed_h 0.102 | time 2026-06-07T15:51:39+00:00
step    740 | loss 6.1662 | lr 3.00e-04 | grad 1.86 | tok/s 40770 | elapsed_h 0.102 | time 2026-06-07T15:51:41+00:00
step    750 | loss 6.1001 | lr 3.00e-04 | grad 1.76 | tok/s 40581 | elapsed_h 0.103 | time 2026-06-07T15:51:43+00:00
step    760 | loss 6.1609 | lr 3.00e-04 | grad 1.80 | tok/s 40679 | elapsed_h 0.104 | time 2026-06-07T15:51:45+00:00
step    770 | loss 6.0935 | lr 3.00e-04 | grad 1.90 | tok/s 40619 | elapsed_h 0.104 | time 2026-06-07T15:51:47+00:00
step    780 | loss 6.2090 | lr 3.00e-04 | grad 1.84 | tok/s 40676 | elapsed_h 0.105 | time 2026-06-07T15:51:49+00:00
step    790 | loss 6.0492 | lr 3.00e-04 | grad 2.11 | tok/s 40472 | elapsed_h 0.105 | time 2026-06-07T15:51:51+00:00
step    800 | loss 6.1870 | lr 3.00e-04 | grad 2.17 | tok/s 40540 | elapsed_h 0.106 | time 2026-06-07T15:51:53+00:00
step    810 | loss 6.1076 | lr 3.00e-04 | grad 1.77 | tok/s 40464 | elapsed_h 0.106 | time 2026-06-07T15:51:55+00:00
step    820 | loss 6.0981 | lr 3.00e-04 | grad 2.17 | tok/s 40456 | elapsed_h 0.107 | time 2026-06-07T15:51:57+00:00
step    830 | loss 6.0813 | lr 3.00e-04 | grad 2.05 | tok/s 40471 | elapsed_h 0.108 | time 2026-06-07T15:51:59+00:00
step    840 | loss 6.1270 | lr 3.00e-04 | grad 2.03 | tok/s 40330 | elapsed_h 0.108 | time 2026-06-07T15:52:01+00:00
step    850 | loss 6.1113 | lr 3.00e-04 | grad 1.77 | tok/s 40352 | elapsed_h 0.109 | time 2026-06-07T15:52:03+00:00
step    860 | loss 6.0800 | lr 3.00e-04 | grad 1.70 | tok/s 40317 | elapsed_h 0.109 | time 2026-06-07T15:52:05+00:00
step    870 | loss 6.0686 | lr 3.00e-04 | grad 1.66 | tok/s 40275 | elapsed_h 0.110 | time 2026-06-07T15:52:07+00:00
step    880 | loss 6.0976 | lr 3.00e-04 | grad 1.96 | tok/s 40172 | elapsed_h 0.110 | time 2026-06-07T15:52:09+00:00
step    890 | loss 6.1109 | lr 3.00e-04 | grad 1.94 | tok/s 40235 | elapsed_h 0.111 | time 2026-06-07T15:52:11+00:00
step    900 | loss 6.0724 | lr 3.00e-04 | grad 1.75 | tok/s 40240 | elapsed_h 0.112 | time 2026-06-07T15:52:13+00:00
step    910 | loss 6.0908 | lr 3.00e-04 | grad 2.44 | tok/s 40188 | elapsed_h 0.112 | time 2026-06-07T15:52:16+00:00
step    920 | loss 6.0009 | lr 3.00e-04 | grad 1.95 | tok/s 40108 | elapsed_h 0.113 | time 2026-06-07T15:52:18+00:00
step    930 | loss 6.0705 | lr 3.00e-04 | grad 1.82 | tok/s 40040 | elapsed_h 0.113 | time 2026-06-07T15:52:20+00:00
step    940 | loss 6.0045 | lr 3.00e-04 | grad 1.74 | tok/s 40019 | elapsed_h 0.114 | time 2026-06-07T15:52:22+00:00
step    950 | loss 6.1124 | lr 3.00e-04 | grad 1.67 | tok/s 40246 | elapsed_h 0.114 | time 2026-06-07T15:52:24+00:00
step    960 | loss 6.0925 | lr 3.00e-04 | grad 1.73 | tok/s 39970 | elapsed_h 0.115 | time 2026-06-07T15:52:26+00:00
step    970 | loss 6.0766 | lr 3.00e-04 | grad 1.91 | tok/s 39974 | elapsed_h 0.116 | time 2026-06-07T15:52:28+00:00
step    980 | loss 6.0120 | lr 3.00e-04 | grad 1.89 | tok/s 39948 | elapsed_h 0.116 | time 2026-06-07T15:52:30+00:00
step    990 | loss 6.0132 | lr 3.00e-04 | grad 1.77 | tok/s 39843 | elapsed_h 0.117 | time 2026-06-07T15:52:32+00:00
step   1000 | loss 5.9414 | lr 3.00e-04 | grad 2.02 | tok/s 39913 | elapsed_h 0.117 | time 2026-06-07T15:52:34+00:00
  >>> validation loss: 8.7756
step   1010 | loss 6.0404 | lr 3.00e-04 | grad 1.70 | tok/s 418 | elapsed_h 0.172 | time 2026-06-07T15:55:51+00:00
step   1020 | loss 6.0743 | lr 3.00e-04 | grad 1.72 | tok/s 41717 | elapsed_h 0.172 | time 2026-06-07T15:55:53+00:00
step   1030 | loss 5.9986 | lr 3.00e-04 | grad 2.11 | tok/s 41640 | elapsed_h 0.173 | time 2026-06-07T15:55:55+00:00
step   1040 | loss 5.9179 | lr 3.00e-04 | grad 2.06 | tok/s 41255 | elapsed_h 0.173 | time 2026-06-07T15:55:57+00:00
step   1050 | loss 5.9744 | lr 3.00e-04 | grad 1.80 | tok/s 41214 | elapsed_h 0.174 | time 2026-06-07T15:55:59+00:00
step   1060 | loss 5.9561 | lr 3.00e-04 | grad 1.80 | tok/s 41228 | elapsed_h 0.175 | time 2026-06-07T15:56:01+00:00
step   1070 | loss 6.0491 | lr 3.00e-04 | grad 2.06 | tok/s 41222 | elapsed_h 0.175 | time 2026-06-07T15:56:03+00:00
step   1080 | loss 5.9434 | lr 3.00e-04 | grad 1.93 | tok/s 41232 | elapsed_h 0.176 | time 2026-06-07T15:56:05+00:00
step   1090 | loss 5.9644 | lr 3.00e-04 | grad 2.39 | tok/s 41163 | elapsed_h 0.176 | time 2026-06-07T15:56:07+00:00
step   1100 | loss 5.9655 | lr 3.00e-04 | grad 2.22 | tok/s 41227 | elapsed_h 0.177 | time 2026-06-07T15:56:09+00:00
step   1110 | loss 5.9770 | lr 3.00e-04 | grad 1.88 | tok/s 41213 | elapsed_h 0.177 | time 2026-06-07T15:56:11+00:00
step   1120 | loss 5.9646 | lr 3.00e-04 | grad 1.74 | tok/s 41222 | elapsed_h 0.178 | time 2026-06-07T15:56:13+00:00
step   1130 | loss 5.9823 | lr 3.00e-04 | grad 1.95 | tok/s 41235 | elapsed_h 0.178 | time 2026-06-07T15:56:15+00:00
step   1140 | loss 6.0003 | lr 3.00e-04 | grad 2.53 | tok/s 41202 | elapsed_h 0.179 | time 2026-06-07T15:56:17+00:00
step   1150 | loss 5.9352 | lr 3.00e-04 | grad 1.91 | tok/s 41218 | elapsed_h 0.180 | time 2026-06-07T15:56:19+00:00
step   1160 | loss 5.9642 | lr 3.00e-04 | grad 2.16 | tok/s 41202 | elapsed_h 0.180 | time 2026-06-07T15:56:21+00:00
step   1170 | loss 5.9115 | lr 3.00e-04 | grad 2.27 | tok/s 40911 | elapsed_h 0.181 | time 2026-06-07T15:56:23+00:00
step   1180 | loss 6.0684 | lr 3.00e-04 | grad 1.90 | tok/s 41066 | elapsed_h 0.181 | time 2026-06-07T15:56:25+00:00
step   1190 | loss 6.0500 | lr 3.00e-04 | grad 2.08 | tok/s 40836 | elapsed_h 0.182 | time 2026-06-07T15:56:27+00:00
step   1200 | loss 6.0639 | lr 3.00e-04 | grad 2.33 | tok/s 40927 | elapsed_h 0.182 | time 2026-06-07T15:56:29+00:00
step   1210 | loss 5.9791 | lr 3.00e-04 | grad 1.82 | tok/s 40822 | elapsed_h 0.183 | time 2026-06-07T15:56:31+00:00
step   1220 | loss 5.9923 | lr 3.00e-04 | grad 1.99 | tok/s 40829 | elapsed_h 0.184 | time 2026-06-07T15:56:33+00:00
step   1230 | loss 5.8984 | lr 3.00e-04 | grad 2.03 | tok/s 40762 | elapsed_h 0.184 | time 2026-06-07T15:56:35+00:00
step   1240 | loss 5.9087 | lr 3.00e-04 | grad 1.83 | tok/s 40773 | elapsed_h 0.185 | time 2026-06-07T15:56:37+00:00
step   1250 | loss 5.8781 | lr 3.00e-04 | grad 1.85 | tok/s 40653 | elapsed_h 0.185 | time 2026-06-07T15:56:39+00:00
step   1260 | loss 5.9829 | lr 3.00e-04 | grad 1.76 | tok/s 40816 | elapsed_h 0.186 | time 2026-06-07T15:56:41+00:00
step   1270 | loss 5.9735 | lr 3.00e-04 | grad 2.06 | tok/s 40729 | elapsed_h 0.186 | time 2026-06-07T15:56:43+00:00
step   1280 | loss 5.9153 | lr 3.00e-04 | grad 1.95 | tok/s 40575 | elapsed_h 0.187 | time 2026-06-07T15:56:45+00:00
step   1290 | loss 5.8375 | lr 3.00e-04 | grad 1.97 | tok/s 40485 | elapsed_h 0.187 | time 2026-06-07T15:56:47+00:00
step   1300 | loss 5.9692 | lr 3.00e-04 | grad 1.80 | tok/s 40425 | elapsed_h 0.188 | time 2026-06-07T15:56:49+00:00
step   1310 | loss 5.9771 | lr 3.00e-04 | grad 1.73 | tok/s 40400 | elapsed_h 0.189 | time 2026-06-07T15:56:51+00:00
step   1320 | loss 5.9764 | lr 3.00e-04 | grad 1.95 | tok/s 40402 | elapsed_h 0.189 | time 2026-06-07T15:56:53+00:00
step   1330 | loss 5.8557 | lr 3.00e-04 | grad 2.00 | tok/s 40344 | elapsed_h 0.190 | time 2026-06-07T15:56:55+00:00
step   1340 | loss 5.9150 | lr 3.00e-04 | grad 2.12 | tok/s 40367 | elapsed_h 0.190 | time 2026-06-07T15:56:57+00:00
step   1350 | loss 5.9068 | lr 3.00e-04 | grad 1.78 | tok/s 40303 | elapsed_h 0.191 | time 2026-06-07T15:56:59+00:00
step   1360 | loss 5.9754 | lr 3.00e-04 | grad 2.41 | tok/s 40232 | elapsed_h 0.191 | time 2026-06-07T15:57:01+00:00
step   1370 | loss 5.9143 | lr 3.00e-04 | grad 2.03 | tok/s 40300 | elapsed_h 0.192 | time 2026-06-07T15:57:03+00:00
step   1380 | loss 6.0244 | lr 3.00e-04 | grad 1.92 | tok/s 40206 | elapsed_h 0.193 | time 2026-06-07T15:57:05+00:00
step   1390 | loss 5.8636 | lr 3.00e-04 | grad 1.82 | tok/s 40342 | elapsed_h 0.193 | time 2026-06-07T15:57:07+00:00
step   1400 | loss 5.9152 | lr 3.00e-04 | grad 2.22 | tok/s 40237 | elapsed_h 0.194 | time 2026-06-07T15:57:09+00:00
step   1410 | loss 5.8837 | lr 3.00e-04 | grad 1.83 | tok/s 40096 | elapsed_h 0.194 | time 2026-06-07T15:57:11+00:00
step   1420 | loss 5.9410 | lr 3.00e-04 | grad 1.77 | tok/s 40140 | elapsed_h 0.195 | time 2026-06-07T15:57:13+00:00
step   1430 | loss 5.8807 | lr 3.00e-04 | grad 1.96 | tok/s 40060 | elapsed_h 0.195 | time 2026-06-07T15:57:15+00:00
step   1440 | loss 5.8062 | lr 3.00e-04 | grad 2.12 | tok/s 40086 | elapsed_h 0.196 | time 2026-06-07T15:57:18+00:00
step   1450 | loss 5.8308 | lr 3.00e-04 | grad 1.92 | tok/s 40034 | elapsed_h 0.197 | time 2026-06-07T15:57:20+00:00
step   1460 | loss 5.9509 | lr 3.00e-04 | grad 1.88 | tok/s 40014 | elapsed_h 0.197 | time 2026-06-07T15:57:22+00:00
step   1470 | loss 5.8793 | lr 3.00e-04 | grad 2.06 | tok/s 39965 | elapsed_h 0.198 | time 2026-06-07T15:57:24+00:00
step   1480 | loss 5.7501 | lr 3.00e-04 | grad 1.95 | tok/s 39962 | elapsed_h 0.198 | time 2026-06-07T15:57:26+00:00
step   1490 | loss 5.7857 | lr 3.00e-04 | grad 2.11 | tok/s 39996 | elapsed_h 0.199 | time 2026-06-07T15:57:28+00:00
step   1500 | loss 5.9616 | lr 3.00e-04 | grad 2.31 | tok/s 39961 | elapsed_h 0.199 | time 2026-06-07T15:57:30+00:00
  >>> validation loss: 8.6716
step   1510 | loss 5.8187 | lr 3.00e-04 | grad 2.11 | tok/s 414 | elapsed_h 0.255 | time 2026-06-07T16:00:48+00:00
step   1520 | loss 5.9010 | lr 3.00e-04 | grad 2.02 | tok/s 41911 | elapsed_h 0.255 | time 2026-06-07T16:00:50+00:00
step   1530 | loss 5.8598 | lr 3.00e-04 | grad 1.81 | tok/s 41708 | elapsed_h 0.256 | time 2026-06-07T16:00:52+00:00
step   1540 | loss 5.8920 | lr 3.00e-04 | grad 1.91 | tok/s 41600 | elapsed_h 0.256 | time 2026-06-07T16:00:54+00:00
step   1550 | loss 5.8780 | lr 3.00e-04 | grad 2.08 | tok/s 41293 | elapsed_h 0.257 | time 2026-06-07T16:00:56+00:00
step   1560 | loss 5.8329 | lr 3.00e-04 | grad 2.33 | tok/s 41176 | elapsed_h 0.257 | time 2026-06-07T16:00:58+00:00
step   1570 | loss 5.7800 | lr 3.00e-04 | grad 2.14 | tok/s 41229 | elapsed_h 0.258 | time 2026-06-07T16:01:00+00:00
step   1580 | loss 5.9148 | lr 3.00e-04 | grad 1.98 | tok/s 41230 | elapsed_h 0.258 | time 2026-06-07T16:01:02+00:00
step   1590 | loss 5.8397 | lr 3.00e-04 | grad 2.34 | tok/s 41220 | elapsed_h 0.259 | time 2026-06-07T16:01:04+00:00
step   1600 | loss 5.8005 | lr 3.00e-04 | grad 2.16 | tok/s 41241 | elapsed_h 0.260 | time 2026-06-07T16:01:06+00:00
step   1610 | loss 5.9175 | lr 3.00e-04 | grad 2.31 | tok/s 41222 | elapsed_h 0.260 | time 2026-06-07T16:01:08+00:00
step   1620 | loss 5.8515 | lr 3.00e-04 | grad 2.02 | tok/s 41212 | elapsed_h 0.261 | time 2026-06-07T16:01:10+00:00
step   1630 | loss 5.8251 | lr 3.00e-04 | grad 2.20 | tok/s 41249 | elapsed_h 0.261 | time 2026-06-07T16:01:12+00:00
step   1640 | loss 5.7652 | lr 3.00e-04 | grad 1.95 | tok/s 41183 | elapsed_h 0.262 | time 2026-06-07T16:01:14+00:00
step   1650 | loss 5.8273 | lr 3.00e-04 | grad 2.08 | tok/s 41183 | elapsed_h 0.262 | time 2026-06-07T16:01:16+00:00
step   1660 | loss 5.8655 | lr 3.00e-04 | grad 2.03 | tok/s 41253 | elapsed_h 0.263 | time 2026-06-07T16:01:18+00:00
step   1670 | loss 5.8640 | lr 3.00e-04 | grad 2.11 | tok/s 41149 | elapsed_h 0.263 | time 2026-06-07T16:01:20+00:00
step   1680 | loss 5.8788 | lr 3.00e-04 | grad 2.02 | tok/s 40880 | elapsed_h 0.264 | time 2026-06-07T16:01:22+00:00
step   1690 | loss 5.9080 | lr 3.00e-04 | grad 2.97 | tok/s 40891 | elapsed_h 0.265 | time 2026-06-07T16:01:24+00:00
step   1700 | loss 5.8143 | lr 3.00e-04 | grad 2.05 | tok/s 40960 | elapsed_h 0.265 | time 2026-06-07T16:01:26+00:00
step   1710 | loss 5.7759 | lr 3.00e-04 | grad 2.19 | tok/s 40957 | elapsed_h 0.266 | time 2026-06-07T16:01:28+00:00
step   1720 | loss 5.7522 | lr 3.00e-04 | grad 1.83 | tok/s 40871 | elapsed_h 0.266 | time 2026-06-07T16:01:30+00:00
step   1730 | loss 5.8591 | lr 3.00e-04 | grad 2.56 | tok/s 40661 | elapsed_h 0.267 | time 2026-06-07T16:01:32+00:00
step   1740 | loss 5.7796 | lr 3.00e-04 | grad 1.92 | tok/s 40656 | elapsed_h 0.267 | time 2026-06-07T16:01:34+00:00
step   1750 | loss 5.7419 | lr 3.00e-04 | grad 2.02 | tok/s 40685 | elapsed_h 0.268 | time 2026-06-07T16:01:36+00:00
step   1760 | loss 5.8469 | lr 3.00e-04 | grad 2.16 | tok/s 40546 | elapsed_h 0.268 | time 2026-06-07T16:01:38+00:00
step   1770 | loss 5.8336 | lr 3.00e-04 | grad 1.79 | tok/s 40496 | elapsed_h 0.269 | time 2026-06-07T16:01:40+00:00
step   1780 | loss 5.7744 | lr 3.00e-04 | grad 2.08 | tok/s 40599 | elapsed_h 0.270 | time 2026-06-07T16:01:42+00:00
step   1790 | loss 5.8783 | lr 3.00e-04 | grad 1.96 | tok/s 40453 | elapsed_h 0.270 | time 2026-06-07T16:01:45+00:00
step   1800 | loss 5.8624 | lr 3.00e-04 | grad 2.14 | tok/s 40340 | elapsed_h 0.271 | time 2026-06-07T16:01:47+00:00
step   1810 | loss 5.7651 | lr 3.00e-04 | grad 2.05 | tok/s 40466 | elapsed_h 0.271 | time 2026-06-07T16:01:49+00:00
step   1820 | loss 5.7500 | lr 3.00e-04 | grad 2.17 | tok/s 40263 | elapsed_h 0.272 | time 2026-06-07T16:01:51+00:00
step   1830 | loss 5.7968 | lr 3.00e-04 | grad 2.02 | tok/s 40365 | elapsed_h 0.272 | time 2026-06-07T16:01:53+00:00
step   1840 | loss 5.9023 | lr 3.00e-04 | grad 2.52 | tok/s 40303 | elapsed_h 0.273 | time 2026-06-07T16:01:55+00:00
step   1850 | loss 5.7376 | lr 3.00e-04 | grad 2.12 | tok/s 40219 | elapsed_h 0.274 | time 2026-06-07T16:01:57+00:00
step   1860 | loss 5.8487 | lr 3.00e-04 | grad 1.94 | tok/s 40269 | elapsed_h 0.274 | time 2026-06-07T16:01:59+00:00
step   1870 | loss 5.8483 | lr 3.00e-04 | grad 2.39 | tok/s 40169 | elapsed_h 0.275 | time 2026-06-07T16:02:01+00:00
step   1880 | loss 5.8380 | lr 3.00e-04 | grad 1.97 | tok/s 40280 | elapsed_h 0.275 | time 2026-06-07T16:02:03+00:00
step   1890 | loss 5.7827 | lr 3.00e-04 | grad 2.53 | tok/s 40149 | elapsed_h 0.276 | time 2026-06-07T16:02:05+00:00
step   1900 | loss 5.8119 | lr 3.00e-04 | grad 2.11 | tok/s 40131 | elapsed_h 0.276 | time 2026-06-07T16:02:07+00:00
step   1910 | loss 5.8688 | lr 3.00e-04 | grad 2.16 | tok/s 40204 | elapsed_h 0.277 | time 2026-06-07T16:02:09+00:00
step   1920 | loss 5.7137 | lr 3.00e-04 | grad 1.84 | tok/s 40057 | elapsed_h 0.278 | time 2026-06-07T16:02:11+00:00
step   1930 | loss 5.7529 | lr 3.00e-04 | grad 2.27 | tok/s 40032 | elapsed_h 0.278 | time 2026-06-07T16:02:13+00:00
step   1940 | loss 5.7772 | lr 3.00e-04 | grad 2.02 | tok/s 40089 | elapsed_h 0.279 | time 2026-06-07T16:02:15+00:00
step   1950 | loss 5.8067 | lr 3.00e-04 | grad 2.02 | tok/s 40105 | elapsed_h 0.279 | time 2026-06-07T16:02:17+00:00
step   1960 | loss 5.7975 | lr 3.00e-04 | grad 2.19 | tok/s 39983 | elapsed_h 0.280 | time 2026-06-07T16:02:19+00:00
step   1970 | loss 5.8196 | lr 3.00e-04 | grad 2.12 | tok/s 39936 | elapsed_h 0.280 | time 2026-06-07T16:02:21+00:00
step   1980 | loss 5.7622 | lr 3.00e-04 | grad 2.31 | tok/s 39893 | elapsed_h 0.281 | time 2026-06-07T16:02:23+00:00
step   1990 | loss 5.8060 | lr 3.00e-04 | grad 2.11 | tok/s 39914 | elapsed_h 0.282 | time 2026-06-07T16:02:26+00:00
step   2000 | loss 5.7843 | lr 3.00e-04 | grad 2.25 | tok/s 39929 | elapsed_h 0.282 | time 2026-06-07T16:02:28+00:00
  >>> validation loss: 8.8012
FINAL_HELDOUT_CE: 8.8517
FINAL_HELDOUT_BPB: 3.3757

Training complete! Final step: 2000
FINAL_LOSS_LAST100: 5.8824
PEAK_MEMORY_MB: 8870
RESERVED_MEMORY_MB: 10698
