Using device: cuda
Output directory: paper/review/wl_lm/delta_gdn/leveltyped-gdn2-lm_100m_20260607_154543
Auto r_h_mode: none (level 0 has bounded/no W_h)
Tokenizer: p50k_base, vocab_size=50281
Model: Level typed-gdn2-lm, 145,579,008 parameters
Using schedule-free AdamW (lr=0.0003)

Starting training from step 0...
Batch size: 16, Chunk size: 512
Gradient accumulation: 1, Effective batch: 16

Time-based training: 17.5 min budget (from process start). Init took 8.9s, 1041.1s remaining for training.
step     10 | loss 10.8885 | lr 3.00e-04 | grad 9.12 | tok/s 4813 | elapsed_h 0.007 | time 2026-06-07T15:46:03+00:00
step     20 | loss 10.3064 | lr 3.00e-04 | grad 6.09 | tok/s 45804 | elapsed_h 0.008 | time 2026-06-07T15:46:05+00:00
step     30 | loss 8.7189 | lr 3.00e-04 | grad 1.23 | tok/s 45796 | elapsed_h 0.008 | time 2026-06-07T15:46:07+00:00
step     40 | loss 8.2421 | lr 3.00e-04 | grad 0.84 | tok/s 45766 | elapsed_h 0.009 | time 2026-06-07T15:46:08+00:00
step     50 | loss 8.0019 | lr 3.00e-04 | grad 0.94 | tok/s 45798 | elapsed_h 0.009 | time 2026-06-07T15:46:10+00:00
step     60 | loss 7.8471 | lr 3.00e-04 | grad 1.04 | tok/s 46401 | elapsed_h 0.010 | time 2026-06-07T15:46:12+00:00
step     70 | loss 7.7734 | lr 3.00e-04 | grad 1.40 | tok/s 46117 | elapsed_h 0.010 | time 2026-06-07T15:46:14+00:00
step     80 | loss 7.7272 | lr 3.00e-04 | grad 1.33 | tok/s 45824 | elapsed_h 0.011 | time 2026-06-07T15:46:15+00:00
step     90 | loss 7.6290 | lr 3.00e-04 | grad 1.53 | tok/s 45865 | elapsed_h 0.011 | time 2026-06-07T15:46:17+00:00
step    100 | loss 7.6291 | lr 3.00e-04 | grad 1.55 | tok/s 45836 | elapsed_h 0.012 | time 2026-06-07T15:46:19+00:00
step    110 | loss 7.5685 | lr 3.00e-04 | grad 1.49 | tok/s 45762 | elapsed_h 0.012 | time 2026-06-07T15:46:21+00:00
step    120 | loss 7.5408 | lr 3.00e-04 | grad 1.71 | tok/s 45798 | elapsed_h 0.013 | time 2026-06-07T15:46:23+00:00
step    130 | loss 7.5622 | lr 3.00e-04 | grad 1.59 | tok/s 45802 | elapsed_h 0.013 | time 2026-06-07T15:46:24+00:00
step    140 | loss 7.4779 | lr 3.00e-04 | grad 1.67 | tok/s 45791 | elapsed_h 0.014 | time 2026-06-07T15:46:26+00:00
step    150 | loss 7.4663 | lr 3.00e-04 | grad 1.66 | tok/s 45795 | elapsed_h 0.014 | time 2026-06-07T15:46:28+00:00
step    160 | loss 7.4454 | lr 3.00e-04 | grad 1.57 | tok/s 45811 | elapsed_h 0.015 | time 2026-06-07T15:46:30+00:00
step    170 | loss 7.4064 | lr 3.00e-04 | grad 1.81 | tok/s 45903 | elapsed_h 0.015 | time 2026-06-07T15:46:32+00:00
step    180 | loss 7.3902 | lr 3.00e-04 | grad 1.71 | tok/s 45689 | elapsed_h 0.016 | time 2026-06-07T15:46:33+00:00
step    190 | loss 7.3173 | lr 3.00e-04 | grad 1.88 | tok/s 45807 | elapsed_h 0.016 | time 2026-06-07T15:46:35+00:00
step    200 | loss 7.3475 | lr 3.00e-04 | grad 1.71 | tok/s 45798 | elapsed_h 0.017 | time 2026-06-07T15:46:37+00:00
step    210 | loss 7.3043 | lr 3.00e-04 | grad 1.79 | tok/s 45790 | elapsed_h 0.017 | time 2026-06-07T15:46:39+00:00
step    220 | loss 7.3476 | lr 3.00e-04 | grad 1.70 | tok/s 45803 | elapsed_h 0.018 | time 2026-06-07T15:46:41+00:00
step    230 | loss 7.2625 | lr 3.00e-04 | grad 1.62 | tok/s 45889 | elapsed_h 0.018 | time 2026-06-07T15:46:42+00:00
step    240 | loss 7.2484 | lr 3.00e-04 | grad 2.05 | tok/s 45705 | elapsed_h 0.019 | time 2026-06-07T15:46:44+00:00
step    250 | loss 7.2918 | lr 3.00e-04 | grad 1.59 | tok/s 45763 | elapsed_h 0.019 | time 2026-06-07T15:46:46+00:00
step    260 | loss 7.2452 | lr 3.00e-04 | grad 1.82 | tok/s 45786 | elapsed_h 0.020 | time 2026-06-07T15:46:48+00:00
step    270 | loss 7.2111 | lr 3.00e-04 | grad 1.63 | tok/s 45773 | elapsed_h 0.020 | time 2026-06-07T15:46:50+00:00
step    280 | loss 7.1886 | lr 3.00e-04 | grad 1.60 | tok/s 45773 | elapsed_h 0.021 | time 2026-06-07T15:46:51+00:00
step    290 | loss 7.1541 | lr 3.00e-04 | grad 1.53 | tok/s 45411 | elapsed_h 0.021 | time 2026-06-07T15:46:53+00:00
step    300 | loss 7.1707 | lr 3.00e-04 | grad 1.58 | tok/s 45679 | elapsed_h 0.022 | time 2026-06-07T15:46:55+00:00
step    310 | loss 7.1066 | lr 3.00e-04 | grad 1.59 | tok/s 45347 | elapsed_h 0.022 | time 2026-06-07T15:46:57+00:00
step    320 | loss 7.0957 | lr 3.00e-04 | grad 1.95 | tok/s 45750 | elapsed_h 0.023 | time 2026-06-07T15:46:59+00:00
step    330 | loss 7.1580 | lr 3.00e-04 | grad 1.63 | tok/s 45312 | elapsed_h 0.023 | time 2026-06-07T15:47:01+00:00
step    340 | loss 7.0672 | lr 3.00e-04 | grad 2.25 | tok/s 45280 | elapsed_h 0.024 | time 2026-06-07T15:47:02+00:00
step    350 | loss 7.0381 | lr 3.00e-04 | grad 1.57 | tok/s 45306 | elapsed_h 0.024 | time 2026-06-07T15:47:04+00:00
step    360 | loss 7.0466 | lr 3.00e-04 | grad 1.64 | tok/s 45285 | elapsed_h 0.025 | time 2026-06-07T15:47:06+00:00
step    370 | loss 7.1455 | lr 3.00e-04 | grad 1.70 | tok/s 45325 | elapsed_h 0.025 | time 2026-06-07T15:47:08+00:00
step    380 | loss 7.0207 | lr 3.00e-04 | grad 1.58 | tok/s 45269 | elapsed_h 0.026 | time 2026-06-07T15:47:10+00:00
step    390 | loss 6.9354 | lr 3.00e-04 | grad 1.59 | tok/s 45285 | elapsed_h 0.026 | time 2026-06-07T15:47:11+00:00
step    400 | loss 6.9697 | lr 3.00e-04 | grad 1.52 | tok/s 45312 | elapsed_h 0.027 | time 2026-06-07T15:47:13+00:00
step    410 | loss 6.9910 | lr 3.00e-04 | grad 1.78 | tok/s 45260 | elapsed_h 0.027 | time 2026-06-07T15:47:15+00:00
step    420 | loss 7.0852 | lr 3.00e-04 | grad 1.55 | tok/s 45320 | elapsed_h 0.028 | time 2026-06-07T15:47:17+00:00
step    430 | loss 7.0029 | lr 3.00e-04 | grad 1.62 | tok/s 45292 | elapsed_h 0.028 | time 2026-06-07T15:47:19+00:00
step    440 | loss 6.9646 | lr 3.00e-04 | grad 1.65 | tok/s 45291 | elapsed_h 0.029 | time 2026-06-07T15:47:21+00:00
step    450 | loss 6.9938 | lr 3.00e-04 | grad 1.55 | tok/s 45308 | elapsed_h 0.029 | time 2026-06-07T15:47:22+00:00
step    460 | loss 6.9326 | lr 3.00e-04 | grad 1.59 | tok/s 45277 | elapsed_h 0.030 | time 2026-06-07T15:47:24+00:00
step    470 | loss 6.9234 | lr 3.00e-04 | grad 1.73 | tok/s 45299 | elapsed_h 0.030 | time 2026-06-07T15:47:26+00:00
step    480 | loss 6.8965 | lr 3.00e-04 | grad 1.73 | tok/s 45301 | elapsed_h 0.031 | time 2026-06-07T15:47:28+00:00
step    490 | loss 6.9588 | lr 3.00e-04 | grad 2.06 | tok/s 45284 | elapsed_h 0.031 | time 2026-06-07T15:47:30+00:00
step    500 | loss 6.9423 | lr 3.00e-04 | grad 1.70 | tok/s 45303 | elapsed_h 0.032 | time 2026-06-07T15:47:31+00:00
  >>> validation loss: 9.1044
step    510 | loss 6.8866 | lr 3.00e-04 | grad 1.72 | tok/s 405 | elapsed_h 0.088 | time 2026-06-07T15:50:54+00:00
step    520 | loss 6.8030 | lr 3.00e-04 | grad 1.53 | tok/s 46306 | elapsed_h 0.089 | time 2026-06-07T15:50:56+00:00
step    530 | loss 6.9207 | lr 3.00e-04 | grad 1.53 | tok/s 46005 | elapsed_h 0.089 | time 2026-06-07T15:50:58+00:00
step    540 | loss 6.7993 | lr 3.00e-04 | grad 1.54 | tok/s 45578 | elapsed_h 0.090 | time 2026-06-07T15:51:00+00:00
step    550 | loss 6.8387 | lr 3.00e-04 | grad 1.86 | tok/s 45799 | elapsed_h 0.090 | time 2026-06-07T15:51:01+00:00
step    560 | loss 6.7574 | lr 3.00e-04 | grad 1.53 | tok/s 45809 | elapsed_h 0.091 | time 2026-06-07T15:51:03+00:00
step    570 | loss 6.8934 | lr 3.00e-04 | grad 1.48 | tok/s 45807 | elapsed_h 0.091 | time 2026-06-07T15:51:05+00:00
step    580 | loss 6.8433 | lr 3.00e-04 | grad 1.54 | tok/s 45847 | elapsed_h 0.092 | time 2026-06-07T15:51:07+00:00
step    590 | loss 6.7507 | lr 3.00e-04 | grad 1.42 | tok/s 45752 | elapsed_h 0.092 | time 2026-06-07T15:51:09+00:00
step    600 | loss 6.8134 | lr 3.00e-04 | grad 1.41 | tok/s 45793 | elapsed_h 0.093 | time 2026-06-07T15:51:10+00:00
step    610 | loss 6.7626 | lr 3.00e-04 | grad 1.51 | tok/s 45795 | elapsed_h 0.093 | time 2026-06-07T15:51:12+00:00
step    620 | loss 6.7867 | lr 3.00e-04 | grad 1.42 | tok/s 45804 | elapsed_h 0.094 | time 2026-06-07T15:51:14+00:00
step    630 | loss 6.6673 | lr 3.00e-04 | grad 1.51 | tok/s 45799 | elapsed_h 0.094 | time 2026-06-07T15:51:16+00:00
step    640 | loss 6.8126 | lr 3.00e-04 | grad 1.52 | tok/s 45802 | elapsed_h 0.095 | time 2026-06-07T15:51:18+00:00
step    650 | loss 6.6809 | lr 3.00e-04 | grad 1.54 | tok/s 45799 | elapsed_h 0.095 | time 2026-06-07T15:51:19+00:00
step    660 | loss 6.7856 | lr 3.00e-04 | grad 1.48 | tok/s 45798 | elapsed_h 0.096 | time 2026-06-07T15:51:21+00:00
step    670 | loss 6.7626 | lr 3.00e-04 | grad 1.39 | tok/s 45807 | elapsed_h 0.096 | time 2026-06-07T15:51:23+00:00
step    680 | loss 6.7529 | lr 3.00e-04 | grad 1.39 | tok/s 45792 | elapsed_h 0.097 | time 2026-06-07T15:51:25+00:00
step    690 | loss 6.6180 | lr 3.00e-04 | grad 1.55 | tok/s 45910 | elapsed_h 0.097 | time 2026-06-07T15:51:27+00:00
step    700 | loss 6.7136 | lr 3.00e-04 | grad 1.64 | tok/s 45696 | elapsed_h 0.098 | time 2026-06-07T15:51:28+00:00
step    710 | loss 6.6315 | lr 3.00e-04 | grad 1.43 | tok/s 45799 | elapsed_h 0.098 | time 2026-06-07T15:51:30+00:00
step    720 | loss 6.6560 | lr 3.00e-04 | grad 1.33 | tok/s 45805 | elapsed_h 0.099 | time 2026-06-07T15:51:32+00:00
step    730 | loss 6.6892 | lr 3.00e-04 | grad 1.42 | tok/s 45772 | elapsed_h 0.099 | time 2026-06-07T15:51:34+00:00
step    740 | loss 6.6648 | lr 3.00e-04 | grad 1.48 | tok/s 45809 | elapsed_h 0.100 | time 2026-06-07T15:51:36+00:00
step    750 | loss 6.7021 | lr 3.00e-04 | grad 2.17 | tok/s 45816 | elapsed_h 0.100 | time 2026-06-07T15:51:37+00:00
step    760 | loss 6.5912 | lr 3.00e-04 | grad 1.45 | tok/s 45791 | elapsed_h 0.101 | time 2026-06-07T15:51:39+00:00
step    770 | loss 6.6734 | lr 3.00e-04 | grad 1.59 | tok/s 45801 | elapsed_h 0.101 | time 2026-06-07T15:51:41+00:00
step    780 | loss 6.6111 | lr 3.00e-04 | grad 1.42 | tok/s 45784 | elapsed_h 0.102 | time 2026-06-07T15:51:43+00:00
step    790 | loss 6.6480 | lr 3.00e-04 | grad 1.33 | tok/s 45788 | elapsed_h 0.102 | time 2026-06-07T15:51:45+00:00
step    800 | loss 6.6658 | lr 3.00e-04 | grad 1.50 | tok/s 45801 | elapsed_h 0.103 | time 2026-06-07T15:51:46+00:00
step    810 | loss 6.6015 | lr 3.00e-04 | grad 2.27 | tok/s 45788 | elapsed_h 0.103 | time 2026-06-07T15:51:48+00:00
step    820 | loss 6.5904 | lr 3.00e-04 | grad 1.41 | tok/s 45731 | elapsed_h 0.104 | time 2026-06-07T15:51:50+00:00
step    830 | loss 6.5937 | lr 3.00e-04 | grad 1.51 | tok/s 45380 | elapsed_h 0.104 | time 2026-06-07T15:51:52+00:00
step    840 | loss 6.6034 | lr 3.00e-04 | grad 1.52 | tok/s 39197 | elapsed_h 0.105 | time 2026-06-07T15:51:54+00:00
step    850 | loss 6.5898 | lr 3.00e-04 | grad 1.23 | tok/s 45760 | elapsed_h 0.105 | time 2026-06-07T15:51:56+00:00
step    860 | loss 6.5525 | lr 3.00e-04 | grad 1.19 | tok/s 45322 | elapsed_h 0.106 | time 2026-06-07T15:51:58+00:00
step    870 | loss 6.5927 | lr 3.00e-04 | grad 1.30 | tok/s 45750 | elapsed_h 0.106 | time 2026-06-07T15:51:59+00:00
step    880 | loss 6.5628 | lr 3.00e-04 | grad 1.34 | tok/s 45303 | elapsed_h 0.107 | time 2026-06-07T15:52:01+00:00
step    890 | loss 6.6260 | lr 3.00e-04 | grad 1.40 | tok/s 45286 | elapsed_h 0.107 | time 2026-06-07T15:52:03+00:00
step    900 | loss 6.5144 | lr 3.00e-04 | grad 1.34 | tok/s 45305 | elapsed_h 0.108 | time 2026-06-07T15:52:05+00:00
step    910 | loss 6.4864 | lr 3.00e-04 | grad 1.39 | tok/s 45300 | elapsed_h 0.108 | time 2026-06-07T15:52:07+00:00
step    920 | loss 6.5020 | lr 3.00e-04 | grad 1.41 | tok/s 45280 | elapsed_h 0.109 | time 2026-06-07T15:52:08+00:00
step    930 | loss 6.5230 | lr 3.00e-04 | grad 1.42 | tok/s 45299 | elapsed_h 0.109 | time 2026-06-07T15:52:10+00:00
step    940 | loss 6.5337 | lr 3.00e-04 | grad 1.46 | tok/s 45292 | elapsed_h 0.110 | time 2026-06-07T15:52:12+00:00
step    950 | loss 6.5937 | lr 3.00e-04 | grad 1.26 | tok/s 45291 | elapsed_h 0.110 | time 2026-06-07T15:52:14+00:00
step    960 | loss 6.4939 | lr 3.00e-04 | grad 1.32 | tok/s 45314 | elapsed_h 0.111 | time 2026-06-07T15:52:16+00:00
step    970 | loss 6.4803 | lr 3.00e-04 | grad 1.23 | tok/s 45280 | elapsed_h 0.111 | time 2026-06-07T15:52:18+00:00
step    980 | loss 6.5097 | lr 3.00e-04 | grad 1.21 | tok/s 45279 | elapsed_h 0.112 | time 2026-06-07T15:52:19+00:00
step    990 | loss 6.4633 | lr 3.00e-04 | grad 1.30 | tok/s 45289 | elapsed_h 0.112 | time 2026-06-07T15:52:21+00:00
step   1000 | loss 6.4043 | lr 3.00e-04 | grad 1.37 | tok/s 45317 | elapsed_h 0.113 | time 2026-06-07T15:52:23+00:00
  >>> validation loss: 8.9581
step   1010 | loss 6.5070 | lr 3.00e-04 | grad 1.17 | tok/s 403 | elapsed_h 0.169 | time 2026-06-07T15:55:47+00:00
step   1020 | loss 6.3741 | lr 3.00e-04 | grad 1.41 | tok/s 45752 | elapsed_h 0.170 | time 2026-06-07T15:55:48+00:00
step   1030 | loss 6.4023 | lr 3.00e-04 | grad 1.36 | tok/s 45788 | elapsed_h 0.170 | time 2026-06-07T15:55:50+00:00
step   1040 | loss 6.3887 | lr 3.00e-04 | grad 1.37 | tok/s 45793 | elapsed_h 0.171 | time 2026-06-07T15:55:52+00:00
step   1050 | loss 6.4835 | lr 3.00e-04 | grad 1.34 | tok/s 45742 | elapsed_h 0.171 | time 2026-06-07T15:55:54+00:00
step   1060 | loss 6.4718 | lr 3.00e-04 | grad 1.48 | tok/s 45765 | elapsed_h 0.172 | time 2026-06-07T15:55:56+00:00
step   1070 | loss 6.3787 | lr 3.00e-04 | grad 1.23 | tok/s 45776 | elapsed_h 0.172 | time 2026-06-07T15:55:57+00:00
step   1080 | loss 6.4251 | lr 3.00e-04 | grad 1.30 | tok/s 45281 | elapsed_h 0.173 | time 2026-06-07T15:55:59+00:00
step   1090 | loss 6.4213 | lr 3.00e-04 | grad 1.34 | tok/s 45601 | elapsed_h 0.173 | time 2026-06-07T15:56:01+00:00
step   1100 | loss 6.4479 | lr 3.00e-04 | grad 1.20 | tok/s 45542 | elapsed_h 0.174 | time 2026-06-07T15:56:03+00:00
step   1110 | loss 6.3894 | lr 3.00e-04 | grad 1.19 | tok/s 45255 | elapsed_h 0.174 | time 2026-06-07T15:56:05+00:00
step   1120 | loss 6.4854 | lr 3.00e-04 | grad 1.55 | tok/s 45288 | elapsed_h 0.175 | time 2026-06-07T15:56:07+00:00
step   1130 | loss 6.3626 | lr 3.00e-04 | grad 1.27 | tok/s 45515 | elapsed_h 0.175 | time 2026-06-07T15:56:08+00:00
step   1140 | loss 6.3990 | lr 3.00e-04 | grad 1.34 | tok/s 45562 | elapsed_h 0.176 | time 2026-06-07T15:56:10+00:00
step   1150 | loss 6.3539 | lr 3.00e-04 | grad 1.29 | tok/s 45879 | elapsed_h 0.176 | time 2026-06-07T15:56:12+00:00
step   1160 | loss 6.3821 | lr 3.00e-04 | grad 1.20 | tok/s 45799 | elapsed_h 0.177 | time 2026-06-07T15:56:14+00:00
step   1170 | loss 6.5073 | lr 3.00e-04 | grad 1.48 | tok/s 45781 | elapsed_h 0.177 | time 2026-06-07T15:56:16+00:00
step   1180 | loss 6.4899 | lr 3.00e-04 | grad 1.63 | tok/s 45822 | elapsed_h 0.178 | time 2026-06-07T15:56:17+00:00
step   1190 | loss 6.3999 | lr 3.00e-04 | grad 1.23 | tok/s 45798 | elapsed_h 0.178 | time 2026-06-07T15:56:19+00:00
step   1200 | loss 6.4583 | lr 3.00e-04 | grad 1.31 | tok/s 45800 | elapsed_h 0.179 | time 2026-06-07T15:56:21+00:00
step   1210 | loss 6.3079 | lr 3.00e-04 | grad 1.27 | tok/s 45798 | elapsed_h 0.179 | time 2026-06-07T15:56:23+00:00
step   1220 | loss 6.3539 | lr 3.00e-04 | grad 1.23 | tok/s 45802 | elapsed_h 0.180 | time 2026-06-07T15:56:25+00:00
step   1230 | loss 6.3101 | lr 3.00e-04 | grad 1.37 | tok/s 45781 | elapsed_h 0.180 | time 2026-06-07T15:56:26+00:00
step   1240 | loss 6.3106 | lr 3.00e-04 | grad 1.21 | tok/s 45805 | elapsed_h 0.181 | time 2026-06-07T15:56:28+00:00
step   1250 | loss 6.4268 | lr 3.00e-04 | grad 1.56 | tok/s 45747 | elapsed_h 0.181 | time 2026-06-07T15:56:30+00:00
step   1260 | loss 6.3264 | lr 3.00e-04 | grad 1.13 | tok/s 45806 | elapsed_h 0.182 | time 2026-06-07T15:56:32+00:00
step   1270 | loss 6.2542 | lr 3.00e-04 | grad 1.65 | tok/s 45769 | elapsed_h 0.182 | time 2026-06-07T15:56:34+00:00
step   1280 | loss 6.3103 | lr 3.00e-04 | grad 1.51 | tok/s 45777 | elapsed_h 0.183 | time 2026-06-07T15:56:35+00:00
step   1290 | loss 6.3761 | lr 3.00e-04 | grad 1.37 | tok/s 45800 | elapsed_h 0.183 | time 2026-06-07T15:56:37+00:00
step   1300 | loss 6.3899 | lr 3.00e-04 | grad 1.30 | tok/s 45772 | elapsed_h 0.184 | time 2026-06-07T15:56:39+00:00
step   1310 | loss 6.2753 | lr 3.00e-04 | grad 1.15 | tok/s 45336 | elapsed_h 0.184 | time 2026-06-07T15:56:41+00:00
step   1320 | loss 6.3327 | lr 3.00e-04 | grad 1.34 | tok/s 45304 | elapsed_h 0.185 | time 2026-06-07T15:56:43+00:00
step   1330 | loss 6.2989 | lr 3.00e-04 | grad 1.46 | tok/s 45743 | elapsed_h 0.185 | time 2026-06-07T15:56:44+00:00
step   1340 | loss 6.3357 | lr 3.00e-04 | grad 1.23 | tok/s 45303 | elapsed_h 0.186 | time 2026-06-07T15:56:46+00:00
step   1350 | loss 6.3650 | lr 3.00e-04 | grad 1.38 | tok/s 45300 | elapsed_h 0.186 | time 2026-06-07T15:56:48+00:00
step   1360 | loss 6.3855 | lr 3.00e-04 | grad 1.59 | tok/s 45292 | elapsed_h 0.187 | time 2026-06-07T15:56:50+00:00
step   1370 | loss 6.3313 | lr 3.00e-04 | grad 1.31 | tok/s 45296 | elapsed_h 0.187 | time 2026-06-07T15:56:52+00:00
step   1380 | loss 6.2647 | lr 3.00e-04 | grad 1.34 | tok/s 45277 | elapsed_h 0.188 | time 2026-06-07T15:56:53+00:00
step   1390 | loss 6.2873 | lr 3.00e-04 | grad 1.43 | tok/s 45297 | elapsed_h 0.188 | time 2026-06-07T15:56:55+00:00
step   1400 | loss 6.3478 | lr 3.00e-04 | grad 1.09 | tok/s 45294 | elapsed_h 0.189 | time 2026-06-07T15:56:57+00:00
step   1410 | loss 6.2811 | lr 3.00e-04 | grad 1.19 | tok/s 45303 | elapsed_h 0.189 | time 2026-06-07T15:56:59+00:00
step   1420 | loss 6.2365 | lr 3.00e-04 | grad 1.38 | tok/s 45298 | elapsed_h 0.190 | time 2026-06-07T15:57:01+00:00
step   1430 | loss 6.1801 | lr 3.00e-04 | grad 1.27 | tok/s 45265 | elapsed_h 0.190 | time 2026-06-07T15:57:03+00:00
step   1440 | loss 6.2569 | lr 3.00e-04 | grad 1.38 | tok/s 45312 | elapsed_h 0.191 | time 2026-06-07T15:57:04+00:00
step   1450 | loss 6.3316 | lr 3.00e-04 | grad 1.30 | tok/s 45266 | elapsed_h 0.191 | time 2026-06-07T15:57:06+00:00
step   1460 | loss 6.1707 | lr 3.00e-04 | grad 1.23 | tok/s 45296 | elapsed_h 0.192 | time 2026-06-07T15:57:08+00:00
step   1470 | loss 6.1381 | lr 3.00e-04 | grad 1.27 | tok/s 45279 | elapsed_h 0.192 | time 2026-06-07T15:57:10+00:00
step   1480 | loss 6.2125 | lr 3.00e-04 | grad 1.30 | tok/s 45352 | elapsed_h 0.193 | time 2026-06-07T15:57:12+00:00
step   1490 | loss 6.2910 | lr 3.00e-04 | grad 1.48 | tok/s 45301 | elapsed_h 0.193 | time 2026-06-07T15:57:13+00:00
step   1500 | loss 6.1728 | lr 3.00e-04 | grad 1.19 | tok/s 45293 | elapsed_h 0.194 | time 2026-06-07T15:57:15+00:00
  >>> validation loss: 8.7616
step   1510 | loss 6.2695 | lr 3.00e-04 | grad 1.37 | tok/s 403 | elapsed_h 0.251 | time 2026-06-07T16:00:39+00:00
step   1520 | loss 6.2632 | lr 3.00e-04 | grad 1.28 | tok/s 45856 | elapsed_h 0.251 | time 2026-06-07T16:00:41+00:00
step   1530 | loss 6.2857 | lr 3.00e-04 | grad 1.22 | tok/s 45792 | elapsed_h 0.252 | time 2026-06-07T16:00:43+00:00
step   1540 | loss 6.1808 | lr 3.00e-04 | grad 1.29 | tok/s 45791 | elapsed_h 0.252 | time 2026-06-07T16:00:45+00:00
step   1550 | loss 6.1807 | lr 3.00e-04 | grad 1.40 | tok/s 45794 | elapsed_h 0.253 | time 2026-06-07T16:00:46+00:00
step   1560 | loss 6.2441 | lr 3.00e-04 | grad 1.26 | tok/s 45787 | elapsed_h 0.253 | time 2026-06-07T16:00:48+00:00
step   1570 | loss 6.2281 | lr 3.00e-04 | grad 1.80 | tok/s 45792 | elapsed_h 0.254 | time 2026-06-07T16:00:50+00:00
step   1580 | loss 6.1832 | lr 3.00e-04 | grad 1.32 | tok/s 45997 | elapsed_h 0.254 | time 2026-06-07T16:00:52+00:00
step   1590 | loss 6.2218 | lr 3.00e-04 | grad 1.47 | tok/s 45608 | elapsed_h 0.255 | time 2026-06-07T16:00:54+00:00
step   1600 | loss 6.2376 | lr 3.00e-04 | grad 1.17 | tok/s 45792 | elapsed_h 0.255 | time 2026-06-07T16:00:55+00:00
step   1610 | loss 6.2048 | lr 3.00e-04 | grad 1.31 | tok/s 45797 | elapsed_h 0.256 | time 2026-06-07T16:00:57+00:00
step   1620 | loss 6.1060 | lr 3.00e-04 | grad 1.40 | tok/s 45203 | elapsed_h 0.256 | time 2026-06-07T16:00:59+00:00
step   1630 | loss 6.1764 | lr 3.00e-04 | grad 1.16 | tok/s 45339 | elapsed_h 0.257 | time 2026-06-07T16:01:01+00:00
step   1640 | loss 6.2289 | lr 3.00e-04 | grad 1.21 | tok/s 45828 | elapsed_h 0.257 | time 2026-06-07T16:01:03+00:00
step   1650 | loss 6.2068 | lr 3.00e-04 | grad 1.34 | tok/s 45602 | elapsed_h 0.258 | time 2026-06-07T16:01:04+00:00
step   1660 | loss 6.2249 | lr 3.00e-04 | grad 1.17 | tok/s 45361 | elapsed_h 0.258 | time 2026-06-07T16:01:06+00:00
step   1670 | loss 6.2464 | lr 3.00e-04 | grad 1.60 | tok/s 45410 | elapsed_h 0.259 | time 2026-06-07T16:01:08+00:00
step   1680 | loss 6.1879 | lr 3.00e-04 | grad 1.37 | tok/s 45745 | elapsed_h 0.259 | time 2026-06-07T16:01:10+00:00
step   1690 | loss 6.1047 | lr 3.00e-04 | grad 1.38 | tok/s 45270 | elapsed_h 0.260 | time 2026-06-07T16:01:12+00:00
step   1700 | loss 6.1100 | lr 3.00e-04 | grad 1.32 | tok/s 45327 | elapsed_h 0.260 | time 2026-06-07T16:01:13+00:00
step   1710 | loss 6.1870 | lr 3.00e-04 | grad 1.53 | tok/s 45794 | elapsed_h 0.261 | time 2026-06-07T16:01:15+00:00
step   1720 | loss 6.0970 | lr 3.00e-04 | grad 1.22 | tok/s 45776 | elapsed_h 0.261 | time 2026-06-07T16:01:17+00:00
step   1730 | loss 6.1261 | lr 3.00e-04 | grad 1.27 | tok/s 45653 | elapsed_h 0.262 | time 2026-06-07T16:01:19+00:00
step   1740 | loss 6.1845 | lr 3.00e-04 | grad 1.19 | tok/s 45323 | elapsed_h 0.262 | time 2026-06-07T16:01:21+00:00
step   1750 | loss 6.1281 | lr 3.00e-04 | grad 1.31 | tok/s 45429 | elapsed_h 0.263 | time 2026-06-07T16:01:23+00:00
step   1760 | loss 6.1299 | lr 3.00e-04 | grad 1.30 | tok/s 45559 | elapsed_h 0.263 | time 2026-06-07T16:01:24+00:00
step   1770 | loss 6.1762 | lr 3.00e-04 | grad 1.26 | tok/s 45514 | elapsed_h 0.264 | time 2026-06-07T16:01:26+00:00
step   1780 | loss 6.1809 | lr 3.00e-04 | grad 1.24 | tok/s 45822 | elapsed_h 0.264 | time 2026-06-07T16:01:28+00:00
step   1790 | loss 6.1317 | lr 3.00e-04 | grad 1.49 | tok/s 45746 | elapsed_h 0.265 | time 2026-06-07T16:01:30+00:00
step   1800 | loss 6.0697 | lr 3.00e-04 | grad 1.21 | tok/s 45322 | elapsed_h 0.265 | time 2026-06-07T16:01:32+00:00
step   1810 | loss 6.1453 | lr 3.00e-04 | grad 1.36 | tok/s 45743 | elapsed_h 0.266 | time 2026-06-07T16:01:33+00:00
step   1820 | loss 6.1998 | lr 3.00e-04 | grad 1.09 | tok/s 45315 | elapsed_h 0.266 | time 2026-06-07T16:01:35+00:00
step   1830 | loss 6.0664 | lr 3.00e-04 | grad 1.35 | tok/s 45295 | elapsed_h 0.267 | time 2026-06-07T16:01:37+00:00
step   1840 | loss 6.1652 | lr 3.00e-04 | grad 1.20 | tok/s 45280 | elapsed_h 0.267 | time 2026-06-07T16:01:39+00:00
step   1850 | loss 6.1977 | lr 3.00e-04 | grad 1.28 | tok/s 45305 | elapsed_h 0.268 | time 2026-06-07T16:01:41+00:00
step   1860 | loss 6.1369 | lr 3.00e-04 | grad 1.78 | tok/s 45298 | elapsed_h 0.268 | time 2026-06-07T16:01:42+00:00
step   1870 | loss 6.1234 | lr 3.00e-04 | grad 1.50 | tok/s 45277 | elapsed_h 0.269 | time 2026-06-07T16:01:44+00:00
step   1880 | loss 6.1408 | lr 3.00e-04 | grad 1.31 | tok/s 45308 | elapsed_h 0.269 | time 2026-06-07T16:01:46+00:00
step   1890 | loss 6.1335 | lr 3.00e-04 | grad 1.23 | tok/s 45284 | elapsed_h 0.270 | time 2026-06-07T16:01:48+00:00
step   1900 | loss 6.0469 | lr 3.00e-04 | grad 1.30 | tok/s 44837 | elapsed_h 0.270 | time 2026-06-07T16:01:50+00:00
step   1910 | loss 6.1013 | lr 3.00e-04 | grad 1.38 | tok/s 45248 | elapsed_h 0.271 | time 2026-06-07T16:01:52+00:00
step   1920 | loss 6.0826 | lr 3.00e-04 | grad 1.46 | tok/s 45293 | elapsed_h 0.271 | time 2026-06-07T16:01:53+00:00
step   1930 | loss 6.1425 | lr 3.00e-04 | grad 1.28 | tok/s 45306 | elapsed_h 0.272 | time 2026-06-07T16:01:55+00:00
step   1940 | loss 6.0704 | lr 3.00e-04 | grad 1.39 | tok/s 45301 | elapsed_h 0.272 | time 2026-06-07T16:01:57+00:00
step   1950 | loss 6.1007 | lr 3.00e-04 | grad 1.28 | tok/s 45177 | elapsed_h 0.273 | time 2026-06-07T16:01:59+00:00
step   1960 | loss 6.0987 | lr 3.00e-04 | grad 1.27 | tok/s 45355 | elapsed_h 0.273 | time 2026-06-07T16:02:01+00:00
step   1970 | loss 6.1407 | lr 3.00e-04 | grad 1.41 | tok/s 45289 | elapsed_h 0.274 | time 2026-06-07T16:02:02+00:00
step   1980 | loss 6.0674 | lr 3.00e-04 | grad 1.59 | tok/s 45215 | elapsed_h 0.274 | time 2026-06-07T16:02:04+00:00
step   1990 | loss 6.0486 | lr 3.00e-04 | grad 1.21 | tok/s 45398 | elapsed_h 0.275 | time 2026-06-07T16:02:06+00:00
step   2000 | loss 6.0415 | lr 3.00e-04 | grad 1.23 | tok/s 45271 | elapsed_h 0.275 | time 2026-06-07T16:02:08+00:00
  >>> validation loss: 8.6941
FINAL_HELDOUT_CE: 8.7250
FINAL_HELDOUT_BPB: 3.3274

Training complete! Final step: 2000
FINAL_LOSS_LAST100: 6.2514
PEAK_MEMORY_MB: 9116
RESERVED_MEMORY_MB: 11016
