Using device: cuda
Output directory: paper/review/wl_lm/gdn2_mlp_ref/leveltyped-gdn2-lm_100m_20260607_154554
Auto r_h_mode: none (level 0 has bounded/no W_h)
Tokenizer: p50k_base, vocab_size=50281
Model: Level typed-gdn2-lm, 131,755,008 parameters
Using schedule-free AdamW (lr=0.0003)

Starting training from step 0...
Batch size: 16, Chunk size: 512
Gradient accumulation: 1, Effective batch: 16

Time-based training: 17.5 min budget (from process start). Init took 10.0s, 1040.0s remaining for training.
step     10 | loss 10.9361 | lr 3.00e-04 | grad 15.31 | tok/s 2081 | elapsed_h 0.014 | time 2026-06-07T15:46:36+00:00
step     20 | loss 10.7821 | lr 3.00e-04 | grad 15.06 | tok/s 66413 | elapsed_h 0.014 | time 2026-06-07T15:46:38+00:00
step     30 | loss 10.1185 | lr 3.00e-04 | grad 11.38 | tok/s 66173 | elapsed_h 0.014 | time 2026-06-07T15:46:39+00:00
step     40 | loss 8.8332 | lr 3.00e-04 | grad 1.54 | tok/s 66005 | elapsed_h 0.015 | time 2026-06-07T15:46:40+00:00
step     50 | loss 8.4573 | lr 3.00e-04 | grad 1.10 | tok/s 65814 | elapsed_h 0.015 | time 2026-06-07T15:46:41+00:00
step     60 | loss 8.1543 | lr 3.00e-04 | grad 1.08 | tok/s 65468 | elapsed_h 0.015 | time 2026-06-07T15:46:43+00:00
step     70 | loss 7.9461 | lr 3.00e-04 | grad 1.44 | tok/s 65535 | elapsed_h 0.016 | time 2026-06-07T15:46:44+00:00
step     80 | loss 7.8890 | lr 3.00e-04 | grad 1.64 | tok/s 66240 | elapsed_h 0.016 | time 2026-06-07T15:46:45+00:00
step     90 | loss 7.8626 | lr 3.00e-04 | grad 1.84 | tok/s 66027 | elapsed_h 0.017 | time 2026-06-07T15:46:46+00:00
step    100 | loss 7.7476 | lr 3.00e-04 | grad 1.55 | tok/s 65986 | elapsed_h 0.017 | time 2026-06-07T15:46:48+00:00
step    110 | loss 7.7839 | lr 3.00e-04 | grad 1.82 | tok/s 65672 | elapsed_h 0.017 | time 2026-06-07T15:46:49+00:00
step    120 | loss 7.7478 | lr 3.00e-04 | grad 1.81 | tok/s 65590 | elapsed_h 0.018 | time 2026-06-07T15:46:50+00:00
step    130 | loss 7.7088 | lr 3.00e-04 | grad 2.16 | tok/s 65415 | elapsed_h 0.018 | time 2026-06-07T15:46:51+00:00
step    140 | loss 7.6657 | lr 3.00e-04 | grad 2.14 | tok/s 65477 | elapsed_h 0.018 | time 2026-06-07T15:46:53+00:00
step    150 | loss 7.6443 | lr 3.00e-04 | grad 2.42 | tok/s 65379 | elapsed_h 0.019 | time 2026-06-07T15:46:54+00:00
step    160 | loss 7.5820 | lr 3.00e-04 | grad 2.45 | tok/s 65264 | elapsed_h 0.019 | time 2026-06-07T15:46:55+00:00
step    170 | loss 7.5556 | lr 3.00e-04 | grad 2.25 | tok/s 65100 | elapsed_h 0.019 | time 2026-06-07T15:46:56+00:00
step    180 | loss 7.6079 | lr 3.00e-04 | grad 3.31 | tok/s 64661 | elapsed_h 0.020 | time 2026-06-07T15:46:58+00:00
step    190 | loss 7.5275 | lr 3.00e-04 | grad 2.45 | tok/s 64505 | elapsed_h 0.020 | time 2026-06-07T15:46:59+00:00
step    200 | loss 7.5805 | lr 3.00e-04 | grad 3.09 | tok/s 64569 | elapsed_h 0.020 | time 2026-06-07T15:47:00+00:00
step    210 | loss 7.5003 | lr 3.00e-04 | grad 2.33 | tok/s 64634 | elapsed_h 0.021 | time 2026-06-07T15:47:02+00:00
step    220 | loss 7.4515 | lr 3.00e-04 | grad 2.52 | tok/s 64333 | elapsed_h 0.021 | time 2026-06-07T15:47:03+00:00
step    230 | loss 7.5271 | lr 3.00e-04 | grad 2.38 | tok/s 64385 | elapsed_h 0.021 | time 2026-06-07T15:47:04+00:00
step    240 | loss 7.4814 | lr 3.00e-04 | grad 2.28 | tok/s 64305 | elapsed_h 0.022 | time 2026-06-07T15:47:05+00:00
step    250 | loss 7.4752 | lr 3.00e-04 | grad 2.62 | tok/s 64063 | elapsed_h 0.022 | time 2026-06-07T15:47:07+00:00
step    260 | loss 7.4096 | lr 3.00e-04 | grad 2.64 | tok/s 64144 | elapsed_h 0.023 | time 2026-06-07T15:47:08+00:00
step    270 | loss 7.3915 | lr 3.00e-04 | grad 2.44 | tok/s 63902 | elapsed_h 0.023 | time 2026-06-07T15:47:09+00:00
step    280 | loss 7.3847 | lr 3.00e-04 | grad 2.48 | tok/s 63971 | elapsed_h 0.023 | time 2026-06-07T15:47:11+00:00
step    290 | loss 7.3667 | lr 3.00e-04 | grad 2.56 | tok/s 63872 | elapsed_h 0.024 | time 2026-06-07T15:47:12+00:00
step    300 | loss 7.3728 | lr 3.00e-04 | grad 2.52 | tok/s 63816 | elapsed_h 0.024 | time 2026-06-07T15:47:13+00:00
step    310 | loss 7.3547 | lr 3.00e-04 | grad 2.44 | tok/s 63465 | elapsed_h 0.024 | time 2026-06-07T15:47:14+00:00
step    320 | loss 7.3159 | lr 3.00e-04 | grad 3.12 | tok/s 63635 | elapsed_h 0.025 | time 2026-06-07T15:47:16+00:00
step    330 | loss 7.3073 | lr 3.00e-04 | grad 2.56 | tok/s 63404 | elapsed_h 0.025 | time 2026-06-07T15:47:17+00:00
step    340 | loss 7.3492 | lr 3.00e-04 | grad 2.73 | tok/s 63389 | elapsed_h 0.025 | time 2026-06-07T15:47:18+00:00
step    350 | loss 7.3878 | lr 3.00e-04 | grad 2.75 | tok/s 63367 | elapsed_h 0.026 | time 2026-06-07T15:47:20+00:00
step    360 | loss 7.2118 | lr 3.00e-04 | grad 2.44 | tok/s 63362 | elapsed_h 0.026 | time 2026-06-07T15:47:21+00:00
step    370 | loss 7.2173 | lr 3.00e-04 | grad 2.41 | tok/s 63249 | elapsed_h 0.026 | time 2026-06-07T15:47:22+00:00
step    380 | loss 7.2320 | lr 3.00e-04 | grad 2.44 | tok/s 63157 | elapsed_h 0.027 | time 2026-06-07T15:47:24+00:00
step    390 | loss 7.3003 | lr 3.00e-04 | grad 2.36 | tok/s 63215 | elapsed_h 0.027 | time 2026-06-07T15:47:25+00:00
step    400 | loss 7.3160 | lr 3.00e-04 | grad 2.25 | tok/s 63146 | elapsed_h 0.028 | time 2026-06-07T15:47:26+00:00
step    410 | loss 7.2354 | lr 3.00e-04 | grad 2.36 | tok/s 63068 | elapsed_h 0.028 | time 2026-06-07T15:47:28+00:00
step    420 | loss 7.2096 | lr 3.00e-04 | grad 2.33 | tok/s 62872 | elapsed_h 0.028 | time 2026-06-07T15:47:29+00:00
step    430 | loss 7.2559 | lr 3.00e-04 | grad 2.33 | tok/s 62930 | elapsed_h 0.029 | time 2026-06-07T15:47:30+00:00
step    440 | loss 7.2213 | lr 3.00e-04 | grad 2.52 | tok/s 62816 | elapsed_h 0.029 | time 2026-06-07T15:47:31+00:00
step    450 | loss 7.1675 | lr 3.00e-04 | grad 2.33 | tok/s 62654 | elapsed_h 0.029 | time 2026-06-07T15:47:33+00:00
step    460 | loss 7.1786 | lr 3.00e-04 | grad 2.98 | tok/s 62664 | elapsed_h 0.030 | time 2026-06-07T15:47:34+00:00
step    470 | loss 7.2105 | lr 3.00e-04 | grad 2.16 | tok/s 62984 | elapsed_h 0.030 | time 2026-06-07T15:47:35+00:00
step    480 | loss 7.1525 | lr 3.00e-04 | grad 2.59 | tok/s 62676 | elapsed_h 0.030 | time 2026-06-07T15:47:37+00:00
step    490 | loss 7.1737 | lr 3.00e-04 | grad 2.72 | tok/s 62549 | elapsed_h 0.031 | time 2026-06-07T15:47:38+00:00
step    500 | loss 7.1540 | lr 3.00e-04 | grad 4.44 | tok/s 62345 | elapsed_h 0.031 | time 2026-06-07T15:47:39+00:00
  >>> validation loss: 9.2494
step    510 | loss 7.1445 | lr 3.00e-04 | grad 2.50 | tok/s 15528 | elapsed_h 0.033 | time 2026-06-07T15:47:45+00:00
step    520 | loss 7.1418 | lr 3.00e-04 | grad 2.39 | tok/s 62016 | elapsed_h 0.033 | time 2026-06-07T15:47:46+00:00
step    530 | loss 7.1001 | lr 3.00e-04 | grad 2.50 | tok/s 62165 | elapsed_h 0.033 | time 2026-06-07T15:47:47+00:00
step    540 | loss 7.0964 | lr 3.00e-04 | grad 2.27 | tok/s 61947 | elapsed_h 0.034 | time 2026-06-07T15:47:49+00:00
step    550 | loss 7.1319 | lr 3.00e-04 | grad 7.72 | tok/s 62210 | elapsed_h 0.034 | time 2026-06-07T15:47:50+00:00
step    560 | loss 7.0591 | lr 3.00e-04 | grad 2.34 | tok/s 61873 | elapsed_h 0.035 | time 2026-06-07T15:47:51+00:00
step    570 | loss 7.1322 | lr 3.00e-04 | grad 2.22 | tok/s 62189 | elapsed_h 0.035 | time 2026-06-07T15:47:53+00:00
step    580 | loss 7.1245 | lr 3.00e-04 | grad 2.44 | tok/s 61853 | elapsed_h 0.035 | time 2026-06-07T15:47:54+00:00
step    590 | loss 7.0550 | lr 3.00e-04 | grad 2.67 | tok/s 62145 | elapsed_h 0.036 | time 2026-06-07T15:47:55+00:00
step    600 | loss 7.0259 | lr 3.00e-04 | grad 2.39 | tok/s 61640 | elapsed_h 0.036 | time 2026-06-07T15:47:57+00:00
step    610 | loss 7.0310 | lr 3.00e-04 | grad 2.45 | tok/s 61688 | elapsed_h 0.036 | time 2026-06-07T15:47:58+00:00
step    620 | loss 7.0663 | lr 3.00e-04 | grad 2.34 | tok/s 61748 | elapsed_h 0.037 | time 2026-06-07T15:47:59+00:00
step    630 | loss 7.0152 | lr 3.00e-04 | grad 2.52 | tok/s 61899 | elapsed_h 0.037 | time 2026-06-07T15:48:01+00:00
step    640 | loss 7.0471 | lr 3.00e-04 | grad 2.53 | tok/s 61613 | elapsed_h 0.038 | time 2026-06-07T15:48:02+00:00
step    650 | loss 7.0412 | lr 3.00e-04 | grad 3.03 | tok/s 61503 | elapsed_h 0.038 | time 2026-06-07T15:48:03+00:00
step    660 | loss 7.0688 | lr 3.00e-04 | grad 2.20 | tok/s 61610 | elapsed_h 0.038 | time 2026-06-07T15:48:05+00:00
step    670 | loss 6.9437 | lr 3.00e-04 | grad 2.31 | tok/s 61519 | elapsed_h 0.039 | time 2026-06-07T15:48:06+00:00
step    680 | loss 7.0318 | lr 3.00e-04 | grad 2.64 | tok/s 61433 | elapsed_h 0.039 | time 2026-06-07T15:48:07+00:00
step    690 | loss 6.9376 | lr 3.00e-04 | grad 2.42 | tok/s 61616 | elapsed_h 0.039 | time 2026-06-07T15:48:09+00:00
step    700 | loss 7.0351 | lr 3.00e-04 | grad 2.55 | tok/s 61406 | elapsed_h 0.040 | time 2026-06-07T15:48:10+00:00
step    710 | loss 6.9556 | lr 3.00e-04 | grad 2.19 | tok/s 61257 | elapsed_h 0.040 | time 2026-06-07T15:48:11+00:00
step    720 | loss 6.9394 | lr 3.00e-04 | grad 2.31 | tok/s 61236 | elapsed_h 0.040 | time 2026-06-07T15:48:13+00:00
step    730 | loss 6.8976 | lr 3.00e-04 | grad 2.25 | tok/s 61384 | elapsed_h 0.041 | time 2026-06-07T15:48:14+00:00
step    740 | loss 6.9673 | lr 3.00e-04 | grad 2.28 | tok/s 61180 | elapsed_h 0.041 | time 2026-06-07T15:48:15+00:00
step    750 | loss 6.9898 | lr 3.00e-04 | grad 2.11 | tok/s 61014 | elapsed_h 0.042 | time 2026-06-07T15:48:17+00:00
step    760 | loss 6.8864 | lr 3.00e-04 | grad 2.09 | tok/s 61182 | elapsed_h 0.042 | time 2026-06-07T15:48:18+00:00
step    770 | loss 6.9971 | lr 3.00e-04 | grad 2.28 | tok/s 61157 | elapsed_h 0.042 | time 2026-06-07T15:48:19+00:00
step    780 | loss 6.8812 | lr 3.00e-04 | grad 2.45 | tok/s 61122 | elapsed_h 0.043 | time 2026-06-07T15:48:21+00:00
step    790 | loss 6.9295 | lr 3.00e-04 | grad 2.33 | tok/s 61073 | elapsed_h 0.043 | time 2026-06-07T15:48:22+00:00
step    800 | loss 6.8253 | lr 3.00e-04 | grad 2.33 | tok/s 61037 | elapsed_h 0.043 | time 2026-06-07T15:48:24+00:00
step    810 | loss 6.9206 | lr 3.00e-04 | grad 2.28 | tok/s 61098 | elapsed_h 0.044 | time 2026-06-07T15:48:25+00:00
step    820 | loss 6.8352 | lr 3.00e-04 | grad 2.17 | tok/s 61076 | elapsed_h 0.044 | time 2026-06-07T15:48:26+00:00
step    830 | loss 6.9589 | lr 3.00e-04 | grad 2.41 | tok/s 61068 | elapsed_h 0.045 | time 2026-06-07T15:48:28+00:00
step    840 | loss 6.8941 | lr 3.00e-04 | grad 2.50 | tok/s 60955 | elapsed_h 0.045 | time 2026-06-07T15:48:29+00:00
step    850 | loss 6.9239 | lr 3.00e-04 | grad 2.20 | tok/s 60985 | elapsed_h 0.045 | time 2026-06-07T15:48:30+00:00
step    860 | loss 6.8308 | lr 3.00e-04 | grad 2.20 | tok/s 60906 | elapsed_h 0.046 | time 2026-06-07T15:48:32+00:00
step    870 | loss 6.8565 | lr 3.00e-04 | grad 2.17 | tok/s 61011 | elapsed_h 0.046 | time 2026-06-07T15:48:33+00:00
step    880 | loss 6.8134 | lr 3.00e-04 | grad 2.11 | tok/s 61183 | elapsed_h 0.046 | time 2026-06-07T15:48:34+00:00
step    890 | loss 6.8311 | lr 3.00e-04 | grad 2.25 | tok/s 61023 | elapsed_h 0.047 | time 2026-06-07T15:48:36+00:00
step    900 | loss 6.8454 | lr 3.00e-04 | grad 2.28 | tok/s 61046 | elapsed_h 0.047 | time 2026-06-07T15:48:37+00:00
step    910 | loss 6.8486 | lr 3.00e-04 | grad 2.44 | tok/s 61260 | elapsed_h 0.048 | time 2026-06-07T15:48:38+00:00
step    920 | loss 6.8691 | lr 3.00e-04 | grad 2.05 | tok/s 61062 | elapsed_h 0.048 | time 2026-06-07T15:48:40+00:00
step    930 | loss 6.7858 | lr 3.00e-04 | grad 2.31 | tok/s 61259 | elapsed_h 0.048 | time 2026-06-07T15:48:41+00:00
step    940 | loss 6.8422 | lr 3.00e-04 | grad 2.17 | tok/s 61180 | elapsed_h 0.049 | time 2026-06-07T15:48:42+00:00
step    950 | loss 6.8108 | lr 3.00e-04 | grad 2.06 | tok/s 60913 | elapsed_h 0.049 | time 2026-06-07T15:48:44+00:00
step    960 | loss 6.8555 | lr 3.00e-04 | grad 2.25 | tok/s 60956 | elapsed_h 0.049 | time 2026-06-07T15:48:45+00:00
step    970 | loss 6.7927 | lr 3.00e-04 | grad 2.27 | tok/s 51000 | elapsed_h 0.050 | time 2026-06-07T15:48:47+00:00
step    980 | loss 6.8043 | lr 3.00e-04 | grad 2.08 | tok/s 61324 | elapsed_h 0.050 | time 2026-06-07T15:48:48+00:00
step    990 | loss 6.8041 | lr 3.00e-04 | grad 2.03 | tok/s 61094 | elapsed_h 0.051 | time 2026-06-07T15:48:49+00:00
step   1000 | loss 6.7624 | lr 3.00e-04 | grad 2.11 | tok/s 61038 | elapsed_h 0.051 | time 2026-06-07T15:48:51+00:00
  >>> validation loss: 9.0787
step   1010 | loss 6.8028 | lr 3.00e-04 | grad 2.05 | tok/s 15272 | elapsed_h 0.053 | time 2026-06-07T15:48:56+00:00
step   1020 | loss 6.7643 | lr 3.00e-04 | grad 2.20 | tok/s 60968 | elapsed_h 0.053 | time 2026-06-07T15:48:58+00:00
step   1030 | loss 6.7621 | lr 3.00e-04 | grad 2.62 | tok/s 60942 | elapsed_h 0.053 | time 2026-06-07T15:48:59+00:00
step   1040 | loss 6.7940 | lr 3.00e-04 | grad 2.36 | tok/s 61068 | elapsed_h 0.054 | time 2026-06-07T15:49:00+00:00
step   1050 | loss 6.7809 | lr 3.00e-04 | grad 2.33 | tok/s 60834 | elapsed_h 0.054 | time 2026-06-07T15:49:02+00:00
step   1060 | loss 6.7939 | lr 3.00e-04 | grad 2.11 | tok/s 60764 | elapsed_h 0.054 | time 2026-06-07T15:49:03+00:00
step   1070 | loss 6.7296 | lr 3.00e-04 | grad 2.08 | tok/s 61013 | elapsed_h 0.055 | time 2026-06-07T15:49:04+00:00
step   1080 | loss 6.6959 | lr 3.00e-04 | grad 2.16 | tok/s 60971 | elapsed_h 0.055 | time 2026-06-07T15:49:06+00:00
step   1090 | loss 6.7263 | lr 3.00e-04 | grad 2.03 | tok/s 60810 | elapsed_h 0.056 | time 2026-06-07T15:49:07+00:00
step   1100 | loss 6.7006 | lr 3.00e-04 | grad 2.16 | tok/s 60818 | elapsed_h 0.056 | time 2026-06-07T15:49:08+00:00
step   1110 | loss 6.7609 | lr 3.00e-04 | grad 2.14 | tok/s 60925 | elapsed_h 0.056 | time 2026-06-07T15:49:10+00:00
step   1120 | loss 6.8003 | lr 3.00e-04 | grad 2.23 | tok/s 61022 | elapsed_h 0.057 | time 2026-06-07T15:49:11+00:00
step   1130 | loss 6.7049 | lr 3.00e-04 | grad 2.08 | tok/s 60754 | elapsed_h 0.057 | time 2026-06-07T15:49:12+00:00
step   1140 | loss 6.6866 | lr 3.00e-04 | grad 2.12 | tok/s 60722 | elapsed_h 0.057 | time 2026-06-07T15:49:14+00:00
step   1150 | loss 6.7102 | lr 3.00e-04 | grad 1.99 | tok/s 60582 | elapsed_h 0.058 | time 2026-06-07T15:49:15+00:00
step   1160 | loss 6.6535 | lr 3.00e-04 | grad 2.08 | tok/s 60860 | elapsed_h 0.058 | time 2026-06-07T15:49:17+00:00
step   1170 | loss 6.6633 | lr 3.00e-04 | grad 2.16 | tok/s 60867 | elapsed_h 0.059 | time 2026-06-07T15:49:18+00:00
step   1180 | loss 6.6168 | lr 3.00e-04 | grad 1.88 | tok/s 60742 | elapsed_h 0.059 | time 2026-06-07T15:49:19+00:00
step   1190 | loss 6.6551 | lr 3.00e-04 | grad 2.02 | tok/s 60764 | elapsed_h 0.059 | time 2026-06-07T15:49:21+00:00
step   1200 | loss 6.6357 | lr 3.00e-04 | grad 2.06 | tok/s 60906 | elapsed_h 0.060 | time 2026-06-07T15:49:22+00:00
step   1210 | loss 6.5971 | lr 3.00e-04 | grad 2.02 | tok/s 60949 | elapsed_h 0.060 | time 2026-06-07T15:49:23+00:00
step   1220 | loss 6.6139 | lr 3.00e-04 | grad 2.25 | tok/s 60781 | elapsed_h 0.060 | time 2026-06-07T15:49:25+00:00
step   1230 | loss 6.6598 | lr 3.00e-04 | grad 1.91 | tok/s 60584 | elapsed_h 0.061 | time 2026-06-07T15:49:26+00:00
step   1240 | loss 6.6821 | lr 3.00e-04 | grad 2.00 | tok/s 60783 | elapsed_h 0.061 | time 2026-06-07T15:49:27+00:00
step   1250 | loss 6.6370 | lr 3.00e-04 | grad 1.89 | tok/s 60798 | elapsed_h 0.062 | time 2026-06-07T15:49:29+00:00
step   1260 | loss 6.6876 | lr 3.00e-04 | grad 2.05 | tok/s 60625 | elapsed_h 0.062 | time 2026-06-07T15:49:30+00:00
step   1270 | loss 6.6649 | lr 3.00e-04 | grad 2.08 | tok/s 60803 | elapsed_h 0.062 | time 2026-06-07T15:49:31+00:00
step   1280 | loss 6.5856 | lr 3.00e-04 | grad 1.90 | tok/s 60668 | elapsed_h 0.063 | time 2026-06-07T15:49:33+00:00
step   1290 | loss 6.5954 | lr 3.00e-04 | grad 2.06 | tok/s 60900 | elapsed_h 0.063 | time 2026-06-07T15:49:34+00:00
step   1300 | loss 6.6160 | lr 3.00e-04 | grad 2.23 | tok/s 60901 | elapsed_h 0.063 | time 2026-06-07T15:49:36+00:00
step   1310 | loss 6.6564 | lr 3.00e-04 | grad 2.02 | tok/s 60799 | elapsed_h 0.064 | time 2026-06-07T15:49:37+00:00
step   1320 | loss 6.7026 | lr 3.00e-04 | grad 2.00 | tok/s 60782 | elapsed_h 0.064 | time 2026-06-07T15:49:38+00:00
step   1330 | loss 6.6357 | lr 3.00e-04 | grad 1.95 | tok/s 61249 | elapsed_h 0.065 | time 2026-06-07T15:49:40+00:00
step   1340 | loss 6.5308 | lr 3.00e-04 | grad 1.89 | tok/s 60890 | elapsed_h 0.065 | time 2026-06-07T15:49:41+00:00
step   1350 | loss 6.6190 | lr 3.00e-04 | grad 2.12 | tok/s 60746 | elapsed_h 0.065 | time 2026-06-07T15:49:42+00:00
step   1360 | loss 6.5820 | lr 3.00e-04 | grad 2.17 | tok/s 60764 | elapsed_h 0.066 | time 2026-06-07T15:49:44+00:00
step   1370 | loss 6.6552 | lr 3.00e-04 | grad 1.91 | tok/s 60608 | elapsed_h 0.066 | time 2026-06-07T15:49:45+00:00
step   1380 | loss 6.6135 | lr 3.00e-04 | grad 1.77 | tok/s 60649 | elapsed_h 0.067 | time 2026-06-07T15:49:46+00:00
step   1390 | loss 6.4781 | lr 3.00e-04 | grad 1.88 | tok/s 60743 | elapsed_h 0.067 | time 2026-06-07T15:49:48+00:00
step   1400 | loss 6.5293 | lr 3.00e-04 | grad 1.80 | tok/s 60662 | elapsed_h 0.067 | time 2026-06-07T15:49:49+00:00
step   1410 | loss 6.4825 | lr 3.00e-04 | grad 2.00 | tok/s 60544 | elapsed_h 0.068 | time 2026-06-07T15:49:50+00:00
step   1420 | loss 6.6908 | lr 3.00e-04 | grad 1.91 | tok/s 60511 | elapsed_h 0.068 | time 2026-06-07T15:49:52+00:00
step   1430 | loss 6.5853 | lr 3.00e-04 | grad 1.77 | tok/s 60534 | elapsed_h 0.068 | time 2026-06-07T15:49:53+00:00
step   1440 | loss 6.5453 | lr 3.00e-04 | grad 1.94 | tok/s 60491 | elapsed_h 0.069 | time 2026-06-07T15:49:55+00:00
step   1450 | loss 6.5773 | lr 3.00e-04 | grad 1.77 | tok/s 60447 | elapsed_h 0.069 | time 2026-06-07T15:49:56+00:00
step   1460 | loss 6.5490 | lr 3.00e-04 | grad 2.09 | tok/s 60669 | elapsed_h 0.070 | time 2026-06-07T15:49:57+00:00
step   1470 | loss 6.5426 | lr 3.00e-04 | grad 1.73 | tok/s 60690 | elapsed_h 0.070 | time 2026-06-07T15:49:59+00:00
step   1480 | loss 6.5749 | lr 3.00e-04 | grad 1.86 | tok/s 60738 | elapsed_h 0.070 | time 2026-06-07T15:50:00+00:00
step   1490 | loss 6.5925 | lr 3.00e-04 | grad 1.83 | tok/s 60730 | elapsed_h 0.071 | time 2026-06-07T15:50:01+00:00
step   1500 | loss 6.5589 | lr 3.00e-04 | grad 3.30 | tok/s 60626 | elapsed_h 0.071 | time 2026-06-07T15:50:03+00:00
  >>> validation loss: 8.9525
step   1510 | loss 6.5185 | lr 3.00e-04 | grad 2.11 | tok/s 15166 | elapsed_h 0.073 | time 2026-06-07T15:50:08+00:00
step   1520 | loss 6.5288 | lr 3.00e-04 | grad 1.87 | tok/s 60700 | elapsed_h 0.073 | time 2026-06-07T15:50:09+00:00
step   1530 | loss 6.6258 | lr 3.00e-04 | grad 1.89 | tok/s 60715 | elapsed_h 0.073 | time 2026-06-07T15:50:11+00:00
step   1540 | loss 6.5908 | lr 3.00e-04 | grad 1.76 | tok/s 60637 | elapsed_h 0.074 | time 2026-06-07T15:50:12+00:00
step   1550 | loss 6.6508 | lr 3.00e-04 | grad 1.95 | tok/s 60587 | elapsed_h 0.074 | time 2026-06-07T15:50:14+00:00
step   1560 | loss 6.5520 | lr 3.00e-04 | grad 1.95 | tok/s 60602 | elapsed_h 0.074 | time 2026-06-07T15:50:15+00:00
step   1570 | loss 6.5322 | lr 3.00e-04 | grad 1.78 | tok/s 60635 | elapsed_h 0.075 | time 2026-06-07T15:50:16+00:00
step   1580 | loss 6.4520 | lr 3.00e-04 | grad 1.66 | tok/s 60638 | elapsed_h 0.075 | time 2026-06-07T15:50:18+00:00
step   1590 | loss 6.5227 | lr 3.00e-04 | grad 1.92 | tok/s 60655 | elapsed_h 0.076 | time 2026-06-07T15:50:19+00:00
step   1600 | loss 6.4350 | lr 3.00e-04 | grad 1.92 | tok/s 60605 | elapsed_h 0.076 | time 2026-06-07T15:50:20+00:00
step   1610 | loss 6.5445 | lr 3.00e-04 | grad 1.78 | tok/s 60587 | elapsed_h 0.076 | time 2026-06-07T15:50:22+00:00
step   1620 | loss 6.5163 | lr 3.00e-04 | grad 1.75 | tok/s 60718 | elapsed_h 0.077 | time 2026-06-07T15:50:23+00:00
step   1630 | loss 6.4708 | lr 3.00e-04 | grad 1.81 | tok/s 60533 | elapsed_h 0.077 | time 2026-06-07T15:50:24+00:00
step   1640 | loss 6.4123 | lr 3.00e-04 | grad 1.62 | tok/s 60484 | elapsed_h 0.077 | time 2026-06-07T15:50:26+00:00
step   1650 | loss 6.5118 | lr 3.00e-04 | grad 1.68 | tok/s 60498 | elapsed_h 0.078 | time 2026-06-07T15:50:27+00:00
step   1660 | loss 6.5296 | lr 3.00e-04 | grad 1.65 | tok/s 60466 | elapsed_h 0.078 | time 2026-06-07T15:50:29+00:00
step   1670 | loss 6.5430 | lr 3.00e-04 | grad 1.71 | tok/s 60750 | elapsed_h 0.079 | time 2026-06-07T15:50:30+00:00
step   1680 | loss 6.4518 | lr 3.00e-04 | grad 1.67 | tok/s 60743 | elapsed_h 0.079 | time 2026-06-07T15:50:31+00:00
step   1690 | loss 6.4373 | lr 3.00e-04 | grad 1.63 | tok/s 61038 | elapsed_h 0.079 | time 2026-06-07T15:50:33+00:00
step   1700 | loss 6.4792 | lr 3.00e-04 | grad 1.64 | tok/s 60936 | elapsed_h 0.080 | time 2026-06-07T15:50:34+00:00
step   1710 | loss 6.5221 | lr 3.00e-04 | grad 1.76 | tok/s 61102 | elapsed_h 0.080 | time 2026-06-07T15:50:35+00:00
step   1720 | loss 6.5080 | lr 3.00e-04 | grad 1.70 | tok/s 60940 | elapsed_h 0.080 | time 2026-06-07T15:50:37+00:00
step   1730 | loss 6.5928 | lr 3.00e-04 | grad 1.69 | tok/s 60947 | elapsed_h 0.081 | time 2026-06-07T15:50:38+00:00
step   1740 | loss 6.4207 | lr 3.00e-04 | grad 1.62 | tok/s 61119 | elapsed_h 0.081 | time 2026-06-07T15:50:39+00:00
step   1750 | loss 6.4661 | lr 3.00e-04 | grad 1.57 | tok/s 60945 | elapsed_h 0.082 | time 2026-06-07T15:50:41+00:00
step   1760 | loss 6.4857 | lr 3.00e-04 | grad 1.64 | tok/s 60948 | elapsed_h 0.082 | time 2026-06-07T15:50:42+00:00
step   1770 | loss 6.4872 | lr 3.00e-04 | grad 1.70 | tok/s 61107 | elapsed_h 0.082 | time 2026-06-07T15:50:43+00:00
step   1780 | loss 6.4066 | lr 3.00e-04 | grad 1.62 | tok/s 60821 | elapsed_h 0.083 | time 2026-06-07T15:50:45+00:00
step   1790 | loss 6.3679 | lr 3.00e-04 | grad 1.58 | tok/s 61104 | elapsed_h 0.083 | time 2026-06-07T15:50:46+00:00
step   1800 | loss 6.3934 | lr 3.00e-04 | grad 1.89 | tok/s 61070 | elapsed_h 0.083 | time 2026-06-07T15:50:47+00:00
step   1810 | loss 6.4942 | lr 3.00e-04 | grad 1.70 | tok/s 61104 | elapsed_h 0.084 | time 2026-06-07T15:50:49+00:00
step   1820 | loss 6.4060 | lr 3.00e-04 | grad 1.61 | tok/s 61069 | elapsed_h 0.084 | time 2026-06-07T15:50:50+00:00
step   1830 | loss 6.3252 | lr 3.00e-04 | grad 1.76 | tok/s 61198 | elapsed_h 0.085 | time 2026-06-07T15:50:52+00:00
step   1840 | loss 6.3189 | lr 3.00e-04 | grad 1.61 | tok/s 61210 | elapsed_h 0.085 | time 2026-06-07T15:50:53+00:00
step   1850 | loss 6.4855 | lr 3.00e-04 | grad 1.66 | tok/s 61248 | elapsed_h 0.085 | time 2026-06-07T15:50:54+00:00
step   1860 | loss 6.3488 | lr 3.00e-04 | grad 1.72 | tok/s 61008 | elapsed_h 0.086 | time 2026-06-07T15:50:56+00:00
step   1870 | loss 6.4372 | lr 3.00e-04 | grad 1.66 | tok/s 61275 | elapsed_h 0.086 | time 2026-06-07T15:50:57+00:00
step   1880 | loss 6.4321 | lr 3.00e-04 | grad 1.70 | tok/s 60906 | elapsed_h 0.086 | time 2026-06-07T15:50:58+00:00
step   1890 | loss 6.3831 | lr 3.00e-04 | grad 1.61 | tok/s 61072 | elapsed_h 0.087 | time 2026-06-07T15:51:00+00:00
step   1900 | loss 6.4208 | lr 3.00e-04 | grad 1.58 | tok/s 61252 | elapsed_h 0.087 | time 2026-06-07T15:51:01+00:00
step   1910 | loss 6.3858 | lr 3.00e-04 | grad 1.57 | tok/s 61160 | elapsed_h 0.088 | time 2026-06-07T15:51:02+00:00
step   1920 | loss 6.3567 | lr 3.00e-04 | grad 1.41 | tok/s 61039 | elapsed_h 0.088 | time 2026-06-07T15:51:04+00:00
step   1930 | loss 6.4402 | lr 3.00e-04 | grad 1.56 | tok/s 61181 | elapsed_h 0.088 | time 2026-06-07T15:51:05+00:00
step   1940 | loss 6.4304 | lr 3.00e-04 | grad 1.58 | tok/s 61056 | elapsed_h 0.089 | time 2026-06-07T15:51:06+00:00
step   1950 | loss 6.4403 | lr 3.00e-04 | grad 1.55 | tok/s 61117 | elapsed_h 0.089 | time 2026-06-07T15:51:08+00:00
step   1960 | loss 6.3547 | lr 3.00e-04 | grad 1.91 | tok/s 61360 | elapsed_h 0.089 | time 2026-06-07T15:51:09+00:00
step   1970 | loss 6.3677 | lr 3.00e-04 | grad 1.98 | tok/s 61166 | elapsed_h 0.090 | time 2026-06-07T15:51:10+00:00
step   1980 | loss 6.4210 | lr 3.00e-04 | grad 1.69 | tok/s 61185 | elapsed_h 0.090 | time 2026-06-07T15:51:12+00:00
step   1990 | loss 6.3420 | lr 3.00e-04 | grad 1.70 | tok/s 61461 | elapsed_h 0.091 | time 2026-06-07T15:51:13+00:00
step   2000 | loss 6.3839 | lr 3.00e-04 | grad 1.63 | tok/s 61265 | elapsed_h 0.091 | time 2026-06-07T15:51:14+00:00
  >>> validation loss: 8.9306
step   2010 | loss 6.4529 | lr 3.00e-04 | grad 1.53 | tok/s 15305 | elapsed_h 0.092 | time 2026-06-07T15:51:20+00:00
step   2020 | loss 6.4311 | lr 3.00e-04 | grad 1.56 | tok/s 61179 | elapsed_h 0.093 | time 2026-06-07T15:51:21+00:00
step   2030 | loss 6.4473 | lr 3.00e-04 | grad 1.74 | tok/s 61120 | elapsed_h 0.093 | time 2026-06-07T15:51:23+00:00
step   2040 | loss 6.4213 | lr 3.00e-04 | grad 1.53 | tok/s 61207 | elapsed_h 0.094 | time 2026-06-07T15:51:24+00:00
step   2050 | loss 6.3134 | lr 3.00e-04 | grad 1.53 | tok/s 61309 | elapsed_h 0.094 | time 2026-06-07T15:51:25+00:00
step   2060 | loss 6.3528 | lr 3.00e-04 | grad 1.44 | tok/s 61474 | elapsed_h 0.094 | time 2026-06-07T15:51:27+00:00
step   2070 | loss 6.3801 | lr 3.00e-04 | grad 1.64 | tok/s 61424 | elapsed_h 0.095 | time 2026-06-07T15:51:28+00:00
step   2080 | loss 6.3724 | lr 3.00e-04 | grad 1.58 | tok/s 61516 | elapsed_h 0.095 | time 2026-06-07T15:51:29+00:00
step   2090 | loss 6.3947 | lr 3.00e-04 | grad 1.52 | tok/s 61600 | elapsed_h 0.095 | time 2026-06-07T15:51:31+00:00
step   2100 | loss 6.2835 | lr 3.00e-04 | grad 1.51 | tok/s 61550 | elapsed_h 0.096 | time 2026-06-07T15:51:32+00:00
step   2110 | loss 6.2872 | lr 3.00e-04 | grad 1.63 | tok/s 61412 | elapsed_h 0.096 | time 2026-06-07T15:51:33+00:00
step   2120 | loss 6.3496 | lr 3.00e-04 | grad 1.45 | tok/s 61404 | elapsed_h 0.097 | time 2026-06-07T15:51:35+00:00
step   2130 | loss 6.3315 | lr 3.00e-04 | grad 1.98 | tok/s 61514 | elapsed_h 0.097 | time 2026-06-07T15:51:36+00:00
step   2140 | loss 6.2945 | lr 3.00e-04 | grad 1.52 | tok/s 61420 | elapsed_h 0.097 | time 2026-06-07T15:51:37+00:00
step   2150 | loss 6.3279 | lr 3.00e-04 | grad 1.70 | tok/s 61500 | elapsed_h 0.098 | time 2026-06-07T15:51:39+00:00
step   2160 | loss 6.3525 | lr 3.00e-04 | grad 1.47 | tok/s 61565 | elapsed_h 0.098 | time 2026-06-07T15:51:40+00:00
step   2170 | loss 6.3113 | lr 3.00e-04 | grad 1.48 | tok/s 61591 | elapsed_h 0.098 | time 2026-06-07T15:51:41+00:00
step   2180 | loss 6.2254 | lr 3.00e-04 | grad 1.69 | tok/s 61423 | elapsed_h 0.099 | time 2026-06-07T15:51:43+00:00
step   2190 | loss 6.2921 | lr 3.00e-04 | grad 1.40 | tok/s 61354 | elapsed_h 0.099 | time 2026-06-07T15:51:44+00:00
step   2200 | loss 6.3440 | lr 3.00e-04 | grad 1.55 | tok/s 61519 | elapsed_h 0.100 | time 2026-06-07T15:51:45+00:00
step   2210 | loss 6.3211 | lr 3.00e-04 | grad 1.55 | tok/s 61389 | elapsed_h 0.100 | time 2026-06-07T15:51:47+00:00
step   2220 | loss 6.3332 | lr 3.00e-04 | grad 1.38 | tok/s 61430 | elapsed_h 0.100 | time 2026-06-07T15:51:48+00:00
step   2230 | loss 6.3546 | lr 3.00e-04 | grad 1.78 | tok/s 61572 | elapsed_h 0.101 | time 2026-06-07T15:51:49+00:00
step   2240 | loss 6.3000 | lr 3.00e-04 | grad 1.49 | tok/s 61544 | elapsed_h 0.101 | time 2026-06-07T15:51:51+00:00
step   2250 | loss 6.2216 | lr 3.00e-04 | grad 1.68 | tok/s 61454 | elapsed_h 0.101 | time 2026-06-07T15:51:52+00:00
step   2260 | loss 6.2188 | lr 3.00e-04 | grad 1.46 | tok/s 61428 | elapsed_h 0.102 | time 2026-06-07T15:51:53+00:00
step   2270 | loss 6.2979 | lr 3.00e-04 | grad 1.60 | tok/s 61395 | elapsed_h 0.102 | time 2026-06-07T15:51:55+00:00
step   2280 | loss 6.2158 | lr 3.00e-04 | grad 1.39 | tok/s 61324 | elapsed_h 0.103 | time 2026-06-07T15:51:56+00:00
step   2290 | loss 6.2444 | lr 3.00e-04 | grad 1.54 | tok/s 61314 | elapsed_h 0.103 | time 2026-06-07T15:51:57+00:00
step   2300 | loss 6.3001 | lr 3.00e-04 | grad 1.47 | tok/s 61325 | elapsed_h 0.103 | time 2026-06-07T15:51:59+00:00
step   2310 | loss 6.2506 | lr 3.00e-04 | grad 1.46 | tok/s 61098 | elapsed_h 0.104 | time 2026-06-07T15:52:00+00:00
step   2320 | loss 6.2363 | lr 3.00e-04 | grad 1.45 | tok/s 61414 | elapsed_h 0.104 | time 2026-06-07T15:52:01+00:00
step   2330 | loss 6.2875 | lr 3.00e-04 | grad 1.47 | tok/s 61176 | elapsed_h 0.104 | time 2026-06-07T15:52:03+00:00
step   2340 | loss 6.2975 | lr 3.00e-04 | grad 1.48 | tok/s 61141 | elapsed_h 0.105 | time 2026-06-07T15:52:04+00:00
step   2350 | loss 6.2453 | lr 3.00e-04 | grad 1.63 | tok/s 61152 | elapsed_h 0.105 | time 2026-06-07T15:52:06+00:00
step   2360 | loss 6.1895 | lr 3.00e-04 | grad 1.46 | tok/s 61186 | elapsed_h 0.106 | time 2026-06-07T15:52:07+00:00
step   2370 | loss 6.2540 | lr 3.00e-04 | grad 1.55 | tok/s 61152 | elapsed_h 0.106 | time 2026-06-07T15:52:08+00:00
step   2380 | loss 6.3189 | lr 3.00e-04 | grad 1.30 | tok/s 61034 | elapsed_h 0.106 | time 2026-06-07T15:52:10+00:00
step   2390 | loss 6.1836 | lr 3.00e-04 | grad 1.49 | tok/s 61162 | elapsed_h 0.107 | time 2026-06-07T15:52:11+00:00
step   2400 | loss 6.2806 | lr 3.00e-04 | grad 1.39 | tok/s 61137 | elapsed_h 0.107 | time 2026-06-07T15:52:12+00:00
step   2410 | loss 6.3125 | lr 3.00e-04 | grad 1.41 | tok/s 61022 | elapsed_h 0.107 | time 2026-06-07T15:52:14+00:00
step   2420 | loss 6.2513 | lr 3.00e-04 | grad 1.91 | tok/s 61015 | elapsed_h 0.108 | time 2026-06-07T15:52:15+00:00
step   2430 | loss 6.2381 | lr 3.00e-04 | grad 1.44 | tok/s 61145 | elapsed_h 0.108 | time 2026-06-07T15:52:16+00:00
step   2440 | loss 6.2548 | lr 3.00e-04 | grad 1.46 | tok/s 61103 | elapsed_h 0.109 | time 2026-06-07T15:52:18+00:00
step   2450 | loss 6.2490 | lr 3.00e-04 | grad 1.43 | tok/s 60916 | elapsed_h 0.109 | time 2026-06-07T15:52:19+00:00
step   2460 | loss 6.1749 | lr 3.00e-04 | grad 1.53 | tok/s 61090 | elapsed_h 0.109 | time 2026-06-07T15:52:20+00:00
step   2470 | loss 6.2188 | lr 3.00e-04 | grad 1.41 | tok/s 60879 | elapsed_h 0.110 | time 2026-06-07T15:52:22+00:00
step   2480 | loss 6.2036 | lr 3.00e-04 | grad 1.61 | tok/s 60751 | elapsed_h 0.110 | time 2026-06-07T15:52:23+00:00
step   2490 | loss 6.2685 | lr 3.00e-04 | grad 1.48 | tok/s 60878 | elapsed_h 0.110 | time 2026-06-07T15:52:24+00:00
step   2500 | loss 6.1883 | lr 3.00e-04 | grad 1.52 | tok/s 60994 | elapsed_h 0.111 | time 2026-06-07T15:52:26+00:00
  >>> validation loss: 8.8788
step   2510 | loss 6.2106 | lr 3.00e-04 | grad 1.59 | tok/s 15190 | elapsed_h 0.112 | time 2026-06-07T15:52:31+00:00
step   2520 | loss 6.2196 | lr 3.00e-04 | grad 1.45 | tok/s 60908 | elapsed_h 0.113 | time 2026-06-07T15:52:33+00:00
step   2530 | loss 6.2745 | lr 3.00e-04 | grad 1.47 | tok/s 60905 | elapsed_h 0.113 | time 2026-06-07T15:52:34+00:00
step   2540 | loss 6.1689 | lr 3.00e-04 | grad 1.55 | tok/s 60886 | elapsed_h 0.113 | time 2026-06-07T15:52:35+00:00
step   2550 | loss 6.1459 | lr 3.00e-04 | grad 1.52 | tok/s 60811 | elapsed_h 0.114 | time 2026-06-07T15:52:37+00:00
step   2560 | loss 6.1617 | lr 3.00e-04 | grad 1.68 | tok/s 60616 | elapsed_h 0.114 | time 2026-06-07T15:52:38+00:00
step   2570 | loss 6.2890 | lr 3.00e-04 | grad 1.28 | tok/s 60636 | elapsed_h 0.115 | time 2026-06-07T15:52:39+00:00
step   2580 | loss 6.1482 | lr 3.00e-04 | grad 1.36 | tok/s 60762 | elapsed_h 0.115 | time 2026-06-07T15:52:41+00:00
step   2590 | loss 6.2383 | lr 3.00e-04 | grad 1.49 | tok/s 60755 | elapsed_h 0.115 | time 2026-06-07T15:52:42+00:00
step   2600 | loss 6.2145 | lr 3.00e-04 | grad 1.35 | tok/s 60726 | elapsed_h 0.116 | time 2026-06-07T15:52:43+00:00
step   2610 | loss 6.1206 | lr 3.00e-04 | grad 1.43 | tok/s 60767 | elapsed_h 0.116 | time 2026-06-07T15:52:45+00:00
step   2620 | loss 6.1687 | lr 3.00e-04 | grad 1.47 | tok/s 60729 | elapsed_h 0.116 | time 2026-06-07T15:52:46+00:00
step   2630 | loss 6.1374 | lr 3.00e-04 | grad 1.39 | tok/s 60814 | elapsed_h 0.117 | time 2026-06-07T15:52:48+00:00
step   2640 | loss 6.2057 | lr 3.00e-04 | grad 1.47 | tok/s 60712 | elapsed_h 0.117 | time 2026-06-07T15:52:49+00:00
step   2650 | loss 6.1770 | lr 3.00e-04 | grad 1.58 | tok/s 60684 | elapsed_h 0.118 | time 2026-06-07T15:52:50+00:00
step   2660 | loss 6.1810 | lr 3.00e-04 | grad 1.49 | tok/s 60985 | elapsed_h 0.118 | time 2026-06-07T15:52:52+00:00
step   2670 | loss 6.1172 | lr 3.00e-04 | grad 1.49 | tok/s 60775 | elapsed_h 0.118 | time 2026-06-07T15:52:53+00:00
step   2680 | loss 6.1845 | lr 3.00e-04 | grad 1.36 | tok/s 60744 | elapsed_h 0.119 | time 2026-06-07T15:52:54+00:00
step   2690 | loss 6.1951 | lr 3.00e-04 | grad 1.47 | tok/s 60673 | elapsed_h 0.119 | time 2026-06-07T15:52:56+00:00
step   2700 | loss 6.1126 | lr 3.00e-04 | grad 1.78 | tok/s 60532 | elapsed_h 0.119 | time 2026-06-07T15:52:57+00:00
step   2710 | loss 6.0868 | lr 3.00e-04 | grad 1.34 | tok/s 60764 | elapsed_h 0.120 | time 2026-06-07T15:52:58+00:00
step   2720 | loss 6.1518 | lr 3.00e-04 | grad 1.45 | tok/s 60601 | elapsed_h 0.120 | time 2026-06-07T15:53:00+00:00
step   2730 | loss 6.0624 | lr 3.00e-04 | grad 1.69 | tok/s 60813 | elapsed_h 0.121 | time 2026-06-07T15:53:01+00:00
step   2740 | loss 6.1341 | lr 3.00e-04 | grad 1.46 | tok/s 60692 | elapsed_h 0.121 | time 2026-06-07T15:53:02+00:00
step   2750 | loss 6.1044 | lr 3.00e-04 | grad 1.72 | tok/s 60701 | elapsed_h 0.121 | time 2026-06-07T15:53:04+00:00
step   2760 | loss 6.1255 | lr 3.00e-04 | grad 1.57 | tok/s 60631 | elapsed_h 0.122 | time 2026-06-07T15:53:05+00:00
step   2770 | loss 6.1246 | lr 3.00e-04 | grad 1.38 | tok/s 60710 | elapsed_h 0.122 | time 2026-06-07T15:53:07+00:00
step   2780 | loss 6.1213 | lr 3.00e-04 | grad 1.40 | tok/s 60720 | elapsed_h 0.122 | time 2026-06-07T15:53:08+00:00
step   2790 | loss 6.1430 | lr 3.00e-04 | grad 1.46 | tok/s 60735 | elapsed_h 0.123 | time 2026-06-07T15:53:09+00:00
step   2800 | loss 6.1862 | lr 3.00e-04 | grad 1.23 | tok/s 60652 | elapsed_h 0.123 | time 2026-06-07T15:53:11+00:00
step   2810 | loss 6.0563 | lr 3.00e-04 | grad 1.33 | tok/s 60555 | elapsed_h 0.124 | time 2026-06-07T15:53:12+00:00
step   2820 | loss 6.1129 | lr 3.00e-04 | grad 1.48 | tok/s 60818 | elapsed_h 0.124 | time 2026-06-07T15:53:13+00:00
step   2830 | loss 6.0483 | lr 3.00e-04 | grad 1.59 | tok/s 60676 | elapsed_h 0.124 | time 2026-06-07T15:53:15+00:00
step   2840 | loss 6.1185 | lr 3.00e-04 | grad 1.34 | tok/s 60691 | elapsed_h 0.125 | time 2026-06-07T15:53:16+00:00
step   2850 | loss 6.0962 | lr 3.00e-04 | grad 1.80 | tok/s 60500 | elapsed_h 0.125 | time 2026-06-07T15:53:17+00:00
step   2860 | loss 6.2054 | lr 3.00e-04 | grad 1.41 | tok/s 60764 | elapsed_h 0.126 | time 2026-06-07T15:53:19+00:00
step   2870 | loss 6.1179 | lr 3.00e-04 | grad 1.53 | tok/s 60757 | elapsed_h 0.126 | time 2026-06-07T15:53:20+00:00
step   2880 | loss 6.2092 | lr 3.00e-04 | grad 1.66 | tok/s 60632 | elapsed_h 0.126 | time 2026-06-07T15:53:21+00:00
step   2890 | loss 6.1334 | lr 3.00e-04 | grad 1.46 | tok/s 60660 | elapsed_h 0.127 | time 2026-06-07T15:53:23+00:00
step   2900 | loss 6.0111 | lr 3.00e-04 | grad 1.49 | tok/s 60742 | elapsed_h 0.127 | time 2026-06-07T15:53:24+00:00
step   2910 | loss 6.1365 | lr 3.00e-04 | grad 1.40 | tok/s 60733 | elapsed_h 0.127 | time 2026-06-07T15:53:26+00:00
step   2920 | loss 6.0663 | lr 3.00e-04 | grad 1.31 | tok/s 60642 | elapsed_h 0.128 | time 2026-06-07T15:53:27+00:00
step   2930 | loss 6.0555 | lr 3.00e-04 | grad 1.71 | tok/s 60617 | elapsed_h 0.128 | time 2026-06-07T15:53:28+00:00
step   2940 | loss 6.0996 | lr 3.00e-04 | grad 1.71 | tok/s 60602 | elapsed_h 0.129 | time 2026-06-07T15:53:30+00:00
step   2950 | loss 6.0627 | lr 3.00e-04 | grad 1.40 | tok/s 60773 | elapsed_h 0.129 | time 2026-06-07T15:53:31+00:00
step   2960 | loss 6.0983 | lr 3.00e-04 | grad 1.37 | tok/s 60575 | elapsed_h 0.129 | time 2026-06-07T15:53:32+00:00
step   2970 | loss 6.1189 | lr 3.00e-04 | grad 1.37 | tok/s 60740 | elapsed_h 0.130 | time 2026-06-07T15:53:34+00:00
step   2980 | loss 6.0564 | lr 3.00e-04 | grad 1.45 | tok/s 60733 | elapsed_h 0.130 | time 2026-06-07T15:53:35+00:00
step   2990 | loss 6.1345 | lr 3.00e-04 | grad 1.39 | tok/s 60773 | elapsed_h 0.130 | time 2026-06-07T15:53:36+00:00
step   3000 | loss 6.0796 | lr 3.00e-04 | grad 1.36 | tok/s 60682 | elapsed_h 0.131 | time 2026-06-07T15:53:38+00:00
  >>> validation loss: 8.8800
step   3010 | loss 6.0748 | lr 3.00e-04 | grad 1.34 | tok/s 15180 | elapsed_h 0.132 | time 2026-06-07T15:53:43+00:00
step   3020 | loss 6.0796 | lr 3.00e-04 | grad 1.49 | tok/s 60620 | elapsed_h 0.133 | time 2026-06-07T15:53:45+00:00
step   3030 | loss 6.0686 | lr 3.00e-04 | grad 1.67 | tok/s 60758 | elapsed_h 0.133 | time 2026-06-07T15:53:46+00:00
step   3040 | loss 6.0851 | lr 3.00e-04 | grad 1.59 | tok/s 60621 | elapsed_h 0.133 | time 2026-06-07T15:53:47+00:00
step   3050 | loss 6.0319 | lr 3.00e-04 | grad 1.40 | tok/s 60609 | elapsed_h 0.134 | time 2026-06-07T15:53:49+00:00
step   3060 | loss 6.0729 | lr 3.00e-04 | grad 1.40 | tok/s 60693 | elapsed_h 0.134 | time 2026-06-07T15:53:50+00:00
step   3070 | loss 6.0399 | lr 3.00e-04 | grad 1.74 | tok/s 60725 | elapsed_h 0.135 | time 2026-06-07T15:53:51+00:00
step   3080 | loss 6.0099 | lr 3.00e-04 | grad 1.44 | tok/s 52812 | elapsed_h 0.135 | time 2026-06-07T15:53:53+00:00
step   3090 | loss 6.0327 | lr 3.00e-04 | grad 1.84 | tok/s 60588 | elapsed_h 0.135 | time 2026-06-07T15:53:54+00:00
step   3100 | loss 6.1231 | lr 3.00e-04 | grad 1.39 | tok/s 60769 | elapsed_h 0.136 | time 2026-06-07T15:53:56+00:00
step   3110 | loss 5.9480 | lr 3.00e-04 | grad 1.66 | tok/s 60639 | elapsed_h 0.136 | time 2026-06-07T15:53:57+00:00
step   3120 | loss 5.9596 | lr 3.00e-04 | grad 1.64 | tok/s 60705 | elapsed_h 0.137 | time 2026-06-07T15:53:58+00:00
step   3130 | loss 6.0196 | lr 3.00e-04 | grad 1.38 | tok/s 60609 | elapsed_h 0.137 | time 2026-06-07T15:54:00+00:00
step   3140 | loss 6.0510 | lr 3.00e-04 | grad 1.28 | tok/s 60752 | elapsed_h 0.137 | time 2026-06-07T15:54:01+00:00
step   3150 | loss 6.0528 | lr 3.00e-04 | grad 1.63 | tok/s 60772 | elapsed_h 0.138 | time 2026-06-07T15:54:02+00:00
step   3160 | loss 5.9616 | lr 3.00e-04 | grad 1.49 | tok/s 60642 | elapsed_h 0.138 | time 2026-06-07T15:54:04+00:00
step   3170 | loss 5.9978 | lr 3.00e-04 | grad 1.38 | tok/s 60703 | elapsed_h 0.138 | time 2026-06-07T15:54:05+00:00
step   3180 | loss 6.0515 | lr 3.00e-04 | grad 1.41 | tok/s 60569 | elapsed_h 0.139 | time 2026-06-07T15:54:07+00:00
step   3190 | loss 6.0336 | lr 3.00e-04 | grad 1.54 | tok/s 60712 | elapsed_h 0.139 | time 2026-06-07T15:54:08+00:00
step   3200 | loss 5.9703 | lr 3.00e-04 | grad 1.44 | tok/s 60838 | elapsed_h 0.140 | time 2026-06-07T15:54:09+00:00
step   3210 | loss 6.0400 | lr 3.00e-04 | grad 1.41 | tok/s 60637 | elapsed_h 0.140 | time 2026-06-07T15:54:11+00:00
step   3220 | loss 6.1323 | lr 3.00e-04 | grad 1.35 | tok/s 60698 | elapsed_h 0.140 | time 2026-06-07T15:54:12+00:00
step   3230 | loss 6.0046 | lr 3.00e-04 | grad 1.58 | tok/s 60726 | elapsed_h 0.141 | time 2026-06-07T15:54:13+00:00
step   3240 | loss 6.0362 | lr 3.00e-04 | grad 1.30 | tok/s 60690 | elapsed_h 0.141 | time 2026-06-07T15:54:15+00:00
step   3250 | loss 5.9412 | lr 3.00e-04 | grad 1.44 | tok/s 60721 | elapsed_h 0.141 | time 2026-06-07T15:54:16+00:00
step   3260 | loss 5.9472 | lr 3.00e-04 | grad 1.39 | tok/s 60699 | elapsed_h 0.142 | time 2026-06-07T15:54:17+00:00
step   3270 | loss 5.9892 | lr 3.00e-04 | grad 1.38 | tok/s 60838 | elapsed_h 0.142 | time 2026-06-07T15:54:19+00:00
step   3280 | loss 6.0044 | lr 3.00e-04 | grad 1.69 | tok/s 60771 | elapsed_h 0.143 | time 2026-06-07T15:54:20+00:00
step   3290 | loss 5.9773 | lr 3.00e-04 | grad 1.73 | tok/s 60848 | elapsed_h 0.143 | time 2026-06-07T15:54:21+00:00
step   3300 | loss 6.0107 | lr 3.00e-04 | grad 1.63 | tok/s 60903 | elapsed_h 0.143 | time 2026-06-07T15:54:23+00:00
step   3310 | loss 5.9304 | lr 3.00e-04 | grad 1.44 | tok/s 60747 | elapsed_h 0.144 | time 2026-06-07T15:54:24+00:00
step   3320 | loss 6.0308 | lr 3.00e-04 | grad 1.59 | tok/s 60844 | elapsed_h 0.144 | time 2026-06-07T15:54:26+00:00
step   3330 | loss 5.9985 | lr 3.00e-04 | grad 1.64 | tok/s 60619 | elapsed_h 0.144 | time 2026-06-07T15:54:27+00:00
step   3340 | loss 5.9626 | lr 3.00e-04 | grad 1.44 | tok/s 60740 | elapsed_h 0.145 | time 2026-06-07T15:54:28+00:00
step   3350 | loss 6.0337 | lr 3.00e-04 | grad 1.41 | tok/s 60809 | elapsed_h 0.145 | time 2026-06-07T15:54:30+00:00
step   3360 | loss 5.9962 | lr 3.00e-04 | grad 1.44 | tok/s 60703 | elapsed_h 0.146 | time 2026-06-07T15:54:31+00:00
step   3370 | loss 5.9873 | lr 3.00e-04 | grad 1.39 | tok/s 60705 | elapsed_h 0.146 | time 2026-06-07T15:54:32+00:00
step   3380 | loss 5.9076 | lr 3.00e-04 | grad 1.48 | tok/s 60889 | elapsed_h 0.146 | time 2026-06-07T15:54:34+00:00
step   3390 | loss 5.9308 | lr 3.00e-04 | grad 1.50 | tok/s 60893 | elapsed_h 0.147 | time 2026-06-07T15:54:35+00:00
step   3400 | loss 6.0326 | lr 3.00e-04 | grad 1.38 | tok/s 60985 | elapsed_h 0.147 | time 2026-06-07T15:54:36+00:00
step   3410 | loss 5.9001 | lr 3.00e-04 | grad 1.63 | tok/s 60824 | elapsed_h 0.147 | time 2026-06-07T15:54:38+00:00
step   3420 | loss 6.0165 | lr 3.00e-04 | grad 1.34 | tok/s 60636 | elapsed_h 0.148 | time 2026-06-07T15:54:39+00:00
step   3430 | loss 5.9929 | lr 3.00e-04 | grad 2.03 | tok/s 60789 | elapsed_h 0.148 | time 2026-06-07T15:54:40+00:00
step   3440 | loss 6.0216 | lr 3.00e-04 | grad 1.62 | tok/s 60886 | elapsed_h 0.149 | time 2026-06-07T15:54:42+00:00
step   3450 | loss 6.0156 | lr 3.00e-04 | grad 1.42 | tok/s 61047 | elapsed_h 0.149 | time 2026-06-07T15:54:43+00:00
step   3460 | loss 5.9715 | lr 3.00e-04 | grad 1.62 | tok/s 60978 | elapsed_h 0.149 | time 2026-06-07T15:54:45+00:00
step   3470 | loss 5.9407 | lr 3.00e-04 | grad 1.48 | tok/s 61013 | elapsed_h 0.150 | time 2026-06-07T15:54:46+00:00
step   3480 | loss 5.8737 | lr 3.00e-04 | grad 1.62 | tok/s 61092 | elapsed_h 0.150 | time 2026-06-07T15:54:47+00:00
step   3490 | loss 5.9732 | lr 3.00e-04 | grad 1.40 | tok/s 60937 | elapsed_h 0.150 | time 2026-06-07T15:54:49+00:00
step   3500 | loss 5.9429 | lr 3.00e-04 | grad 1.28 | tok/s 61184 | elapsed_h 0.151 | time 2026-06-07T15:54:50+00:00
  >>> validation loss: 8.7012
step   3510 | loss 5.9831 | lr 3.00e-04 | grad 1.32 | tok/s 15218 | elapsed_h 0.152 | time 2026-06-07T15:54:55+00:00
step   3520 | loss 5.8877 | lr 3.00e-04 | grad 1.55 | tok/s 60931 | elapsed_h 0.153 | time 2026-06-07T15:54:57+00:00
step   3530 | loss 5.8879 | lr 3.00e-04 | grad 1.29 | tok/s 60987 | elapsed_h 0.153 | time 2026-06-07T15:54:58+00:00
step   3540 | loss 5.9867 | lr 3.00e-04 | grad 1.70 | tok/s 61112 | elapsed_h 0.153 | time 2026-06-07T15:54:59+00:00
step   3550 | loss 5.9153 | lr 3.00e-04 | grad 1.54 | tok/s 61150 | elapsed_h 0.154 | time 2026-06-07T15:55:01+00:00
step   3560 | loss 5.8551 | lr 3.00e-04 | grad 1.66 | tok/s 61165 | elapsed_h 0.154 | time 2026-06-07T15:55:02+00:00
step   3570 | loss 5.8343 | lr 3.00e-04 | grad 1.40 | tok/s 61238 | elapsed_h 0.155 | time 2026-06-07T15:55:03+00:00
step   3580 | loss 5.8958 | lr 3.00e-04 | grad 1.59 | tok/s 61041 | elapsed_h 0.155 | time 2026-06-07T15:55:05+00:00
step   3590 | loss 5.9184 | lr 3.00e-04 | grad 1.30 | tok/s 61277 | elapsed_h 0.155 | time 2026-06-07T15:55:06+00:00
step   3600 | loss 5.9189 | lr 3.00e-04 | grad 1.56 | tok/s 61365 | elapsed_h 0.156 | time 2026-06-07T15:55:07+00:00
step   3610 | loss 5.8615 | lr 3.00e-04 | grad 1.73 | tok/s 61143 | elapsed_h 0.156 | time 2026-06-07T15:55:09+00:00
step   3620 | loss 5.8858 | lr 3.00e-04 | grad 1.34 | tok/s 61214 | elapsed_h 0.156 | time 2026-06-07T15:55:10+00:00
step   3630 | loss 5.8208 | lr 3.00e-04 | grad 1.36 | tok/s 61206 | elapsed_h 0.157 | time 2026-06-07T15:55:12+00:00
step   3640 | loss 5.8809 | lr 3.00e-04 | grad 1.27 | tok/s 61218 | elapsed_h 0.157 | time 2026-06-07T15:55:13+00:00
step   3650 | loss 5.9166 | lr 3.00e-04 | grad 1.30 | tok/s 61179 | elapsed_h 0.158 | time 2026-06-07T15:55:14+00:00
step   3660 | loss 5.9152 | lr 3.00e-04 | grad 1.48 | tok/s 61200 | elapsed_h 0.158 | time 2026-06-07T15:55:16+00:00
step   3670 | loss 5.8063 | lr 3.00e-04 | grad 1.62 | tok/s 61425 | elapsed_h 0.158 | time 2026-06-07T15:55:17+00:00
step   3680 | loss 5.8388 | lr 3.00e-04 | grad 1.23 | tok/s 61264 | elapsed_h 0.159 | time 2026-06-07T15:55:18+00:00
step   3690 | loss 5.9447 | lr 3.00e-04 | grad 1.42 | tok/s 61348 | elapsed_h 0.159 | time 2026-06-07T15:55:20+00:00
step   3700 | loss 5.9453 | lr 3.00e-04 | grad 1.54 | tok/s 61550 | elapsed_h 0.159 | time 2026-06-07T15:55:21+00:00
step   3710 | loss 5.9131 | lr 3.00e-04 | grad 1.81 | tok/s 61334 | elapsed_h 0.160 | time 2026-06-07T15:55:22+00:00
step   3720 | loss 5.8417 | lr 3.00e-04 | grad 1.33 | tok/s 61451 | elapsed_h 0.160 | time 2026-06-07T15:55:24+00:00
step   3730 | loss 5.8368 | lr 3.00e-04 | grad 1.61 | tok/s 61388 | elapsed_h 0.161 | time 2026-06-07T15:55:25+00:00
step   3740 | loss 5.8648 | lr 3.00e-04 | grad 1.49 | tok/s 61343 | elapsed_h 0.161 | time 2026-06-07T15:55:26+00:00
step   3750 | loss 5.9193 | lr 3.00e-04 | grad 1.45 | tok/s 61414 | elapsed_h 0.161 | time 2026-06-07T15:55:28+00:00
step   3760 | loss 5.9724 | lr 3.00e-04 | grad 1.45 | tok/s 61407 | elapsed_h 0.162 | time 2026-06-07T15:55:29+00:00
step   3770 | loss 5.8818 | lr 3.00e-04 | grad 1.39 | tok/s 61369 | elapsed_h 0.162 | time 2026-06-07T15:55:30+00:00
step   3780 | loss 5.8296 | lr 3.00e-04 | grad 1.41 | tok/s 61513 | elapsed_h 0.162 | time 2026-06-07T15:55:32+00:00
step   3790 | loss 5.8246 | lr 3.00e-04 | grad 1.54 | tok/s 61527 | elapsed_h 0.163 | time 2026-06-07T15:55:33+00:00
step   3800 | loss 5.9934 | lr 3.00e-04 | grad 1.38 | tok/s 61592 | elapsed_h 0.163 | time 2026-06-07T15:55:34+00:00
step   3810 | loss 5.9374 | lr 3.00e-04 | grad 1.45 | tok/s 61587 | elapsed_h 0.164 | time 2026-06-07T15:55:36+00:00
step   3820 | loss 5.8373 | lr 3.00e-04 | grad 1.30 | tok/s 61525 | elapsed_h 0.164 | time 2026-06-07T15:55:37+00:00
step   3830 | loss 5.8487 | lr 3.00e-04 | grad 1.55 | tok/s 61624 | elapsed_h 0.164 | time 2026-06-07T15:55:38+00:00
step   3840 | loss 5.8976 | lr 3.00e-04 | grad 1.33 | tok/s 61599 | elapsed_h 0.165 | time 2026-06-07T15:55:40+00:00
step   3850 | loss 5.8488 | lr 3.00e-04 | grad 1.66 | tok/s 61604 | elapsed_h 0.165 | time 2026-06-07T15:55:41+00:00
step   3860 | loss 5.8102 | lr 3.00e-04 | grad 1.30 | tok/s 61594 | elapsed_h 0.165 | time 2026-06-07T15:55:42+00:00
step   3870 | loss 5.7829 | lr 3.00e-04 | grad 1.59 | tok/s 61478 | elapsed_h 0.166 | time 2026-06-07T15:55:44+00:00
step   3880 | loss 5.8406 | lr 3.00e-04 | grad 1.52 | tok/s 61536 | elapsed_h 0.166 | time 2026-06-07T15:55:45+00:00
step   3890 | loss 5.8652 | lr 3.00e-04 | grad 1.53 | tok/s 61690 | elapsed_h 0.167 | time 2026-06-07T15:55:46+00:00
step   3900 | loss 5.8129 | lr 3.00e-04 | grad 1.25 | tok/s 61602 | elapsed_h 0.167 | time 2026-06-07T15:55:48+00:00
step   3910 | loss 5.9219 | lr 3.00e-04 | grad 1.29 | tok/s 61559 | elapsed_h 0.167 | time 2026-06-07T15:55:49+00:00
step   3920 | loss 5.7672 | lr 3.00e-04 | grad 1.28 | tok/s 61584 | elapsed_h 0.168 | time 2026-06-07T15:55:50+00:00
step   3930 | loss 5.8624 | lr 3.00e-04 | grad 1.35 | tok/s 61579 | elapsed_h 0.168 | time 2026-06-07T15:55:52+00:00
step   3940 | loss 5.9194 | lr 3.00e-04 | grad 1.55 | tok/s 61586 | elapsed_h 0.168 | time 2026-06-07T15:55:53+00:00
step   3950 | loss 5.9025 | lr 3.00e-04 | grad 1.77 | tok/s 61591 | elapsed_h 0.169 | time 2026-06-07T15:55:54+00:00
step   3960 | loss 5.8814 | lr 3.00e-04 | grad 1.59 | tok/s 61435 | elapsed_h 0.169 | time 2026-06-07T15:55:56+00:00
step   3970 | loss 5.9276 | lr 3.00e-04 | grad 1.57 | tok/s 61604 | elapsed_h 0.169 | time 2026-06-07T15:55:57+00:00
step   3980 | loss 5.8814 | lr 3.00e-04 | grad 1.55 | tok/s 61590 | elapsed_h 0.170 | time 2026-06-07T15:55:59+00:00
step   3990 | loss 5.9487 | lr 3.00e-04 | grad 1.28 | tok/s 61539 | elapsed_h 0.170 | time 2026-06-07T15:56:00+00:00
step   4000 | loss 5.7960 | lr 3.00e-04 | grad 1.41 | tok/s 61391 | elapsed_h 0.171 | time 2026-06-07T15:56:01+00:00
  >>> validation loss: 8.7459
step   4010 | loss 5.7245 | lr 3.00e-04 | grad 1.31 | tok/s 15315 | elapsed_h 0.172 | time 2026-06-07T15:56:07+00:00
step   4020 | loss 5.9169 | lr 3.00e-04 | grad 1.30 | tok/s 61332 | elapsed_h 0.172 | time 2026-06-07T15:56:08+00:00
step   4030 | loss 5.8899 | lr 3.00e-04 | grad 1.23 | tok/s 61453 | elapsed_h 0.173 | time 2026-06-07T15:56:09+00:00
step   4040 | loss 5.8805 | lr 3.00e-04 | grad 1.53 | tok/s 61319 | elapsed_h 0.173 | time 2026-06-07T15:56:11+00:00
step   4050 | loss 5.8253 | lr 3.00e-04 | grad 1.39 | tok/s 61315 | elapsed_h 0.174 | time 2026-06-07T15:56:12+00:00
step   4060 | loss 5.8455 | lr 3.00e-04 | grad 1.38 | tok/s 61281 | elapsed_h 0.174 | time 2026-06-07T15:56:13+00:00
step   4070 | loss 5.8314 | lr 3.00e-04 | grad 1.70 | tok/s 61492 | elapsed_h 0.174 | time 2026-06-07T15:56:15+00:00
step   4080 | loss 5.8930 | lr 3.00e-04 | grad 1.75 | tok/s 61309 | elapsed_h 0.175 | time 2026-06-07T15:56:16+00:00
step   4090 | loss 5.7994 | lr 3.00e-04 | grad 1.46 | tok/s 61191 | elapsed_h 0.175 | time 2026-06-07T15:56:17+00:00
step   4100 | loss 5.7781 | lr 3.00e-04 | grad 1.51 | tok/s 61370 | elapsed_h 0.175 | time 2026-06-07T15:56:19+00:00
step   4110 | loss 5.8278 | lr 3.00e-04 | grad 1.55 | tok/s 61285 | elapsed_h 0.176 | time 2026-06-07T15:56:20+00:00
step   4120 | loss 5.7666 | lr 3.00e-04 | grad 1.34 | tok/s 61133 | elapsed_h 0.176 | time 2026-06-07T15:56:21+00:00
step   4130 | loss 5.9700 | lr 3.00e-04 | grad 1.28 | tok/s 61285 | elapsed_h 0.177 | time 2026-06-07T15:56:23+00:00
step   4140 | loss 5.7991 | lr 3.00e-04 | grad 1.38 | tok/s 61205 | elapsed_h 0.177 | time 2026-06-07T15:56:24+00:00
step   4150 | loss 5.9010 | lr 3.00e-04 | grad 1.44 | tok/s 61112 | elapsed_h 0.177 | time 2026-06-07T15:56:25+00:00
step   4160 | loss 5.7764 | lr 3.00e-04 | grad 1.42 | tok/s 61236 | elapsed_h 0.178 | time 2026-06-07T15:56:27+00:00
step   4170 | loss 5.8462 | lr 3.00e-04 | grad 1.45 | tok/s 61242 | elapsed_h 0.178 | time 2026-06-07T15:56:28+00:00
step   4180 | loss 5.8337 | lr 3.00e-04 | grad 1.43 | tok/s 61186 | elapsed_h 0.178 | time 2026-06-07T15:56:29+00:00
step   4190 | loss 5.7744 | lr 3.00e-04 | grad 1.37 | tok/s 60768 | elapsed_h 0.179 | time 2026-06-07T15:56:31+00:00
step   4200 | loss 5.8556 | lr 3.00e-04 | grad 1.41 | tok/s 60798 | elapsed_h 0.179 | time 2026-06-07T15:56:32+00:00
step   4210 | loss 5.8191 | lr 3.00e-04 | grad 1.47 | tok/s 60852 | elapsed_h 0.180 | time 2026-06-07T15:56:34+00:00
step   4220 | loss 5.7869 | lr 3.00e-04 | grad 1.33 | tok/s 60886 | elapsed_h 0.180 | time 2026-06-07T15:56:35+00:00
step   4230 | loss 5.8447 | lr 3.00e-04 | grad 1.41 | tok/s 60988 | elapsed_h 0.180 | time 2026-06-07T15:56:36+00:00
step   4240 | loss 5.8032 | lr 3.00e-04 | grad 1.30 | tok/s 60788 | elapsed_h 0.181 | time 2026-06-07T15:56:38+00:00
step   4250 | loss 5.8175 | lr 3.00e-04 | grad 1.54 | tok/s 60920 | elapsed_h 0.181 | time 2026-06-07T15:56:39+00:00
step   4260 | loss 5.8584 | lr 3.00e-04 | grad 1.42 | tok/s 60969 | elapsed_h 0.181 | time 2026-06-07T15:56:40+00:00
step   4270 | loss 5.7480 | lr 3.00e-04 | grad 1.84 | tok/s 60897 | elapsed_h 0.182 | time 2026-06-07T15:56:42+00:00
step   4280 | loss 5.8025 | lr 3.00e-04 | grad 1.39 | tok/s 60834 | elapsed_h 0.182 | time 2026-06-07T15:56:43+00:00
step   4290 | loss 5.8359 | lr 3.00e-04 | grad 1.35 | tok/s 60688 | elapsed_h 0.183 | time 2026-06-07T15:56:44+00:00
step   4300 | loss 5.8390 | lr 3.00e-04 | grad 1.42 | tok/s 60901 | elapsed_h 0.183 | time 2026-06-07T15:56:46+00:00
step   4310 | loss 5.8133 | lr 3.00e-04 | grad 1.48 | tok/s 60735 | elapsed_h 0.183 | time 2026-06-07T15:56:47+00:00
step   4320 | loss 5.8230 | lr 3.00e-04 | grad 1.35 | tok/s 60998 | elapsed_h 0.184 | time 2026-06-07T15:56:48+00:00
step   4330 | loss 5.7361 | lr 3.00e-04 | grad 1.55 | tok/s 60817 | elapsed_h 0.184 | time 2026-06-07T15:56:50+00:00
step   4340 | loss 5.7824 | lr 3.00e-04 | grad 1.32 | tok/s 60664 | elapsed_h 0.184 | time 2026-06-07T15:56:51+00:00
step   4350 | loss 5.7943 | lr 3.00e-04 | grad 1.41 | tok/s 60760 | elapsed_h 0.185 | time 2026-06-07T15:56:52+00:00
step   4360 | loss 5.7644 | lr 3.00e-04 | grad 1.24 | tok/s 60760 | elapsed_h 0.185 | time 2026-06-07T15:56:54+00:00
step   4370 | loss 5.7145 | lr 3.00e-04 | grad 1.48 | tok/s 60577 | elapsed_h 0.186 | time 2026-06-07T15:56:55+00:00
step   4380 | loss 5.7484 | lr 3.00e-04 | grad 1.34 | tok/s 60758 | elapsed_h 0.186 | time 2026-06-07T15:56:57+00:00
step   4390 | loss 5.7845 | lr 3.00e-04 | grad 1.70 | tok/s 60624 | elapsed_h 0.186 | time 2026-06-07T15:56:58+00:00
step   4400 | loss 5.7201 | lr 3.00e-04 | grad 1.29 | tok/s 60611 | elapsed_h 0.187 | time 2026-06-07T15:56:59+00:00
step   4410 | loss 5.6568 | lr 3.00e-04 | grad 1.38 | tok/s 60636 | elapsed_h 0.187 | time 2026-06-07T15:57:01+00:00
step   4420 | loss 5.7743 | lr 3.00e-04 | grad 1.33 | tok/s 60690 | elapsed_h 0.188 | time 2026-06-07T15:57:02+00:00
step   4430 | loss 5.8397 | lr 3.00e-04 | grad 1.98 | tok/s 60670 | elapsed_h 0.188 | time 2026-06-07T15:57:03+00:00
step   4440 | loss 5.8011 | lr 3.00e-04 | grad 1.28 | tok/s 60616 | elapsed_h 0.188 | time 2026-06-07T15:57:05+00:00
step   4450 | loss 5.7460 | lr 3.00e-04 | grad 1.52 | tok/s 60682 | elapsed_h 0.189 | time 2026-06-07T15:57:06+00:00
step   4460 | loss 5.8599 | lr 3.00e-04 | grad 1.34 | tok/s 60754 | elapsed_h 0.189 | time 2026-06-07T15:57:07+00:00
step   4470 | loss 5.8159 | lr 3.00e-04 | grad 1.64 | tok/s 60470 | elapsed_h 0.189 | time 2026-06-07T15:57:09+00:00
step   4480 | loss 5.7441 | lr 3.00e-04 | grad 1.55 | tok/s 60921 | elapsed_h 0.190 | time 2026-06-07T15:57:10+00:00
step   4490 | loss 5.7821 | lr 3.00e-04 | grad 1.52 | tok/s 60662 | elapsed_h 0.190 | time 2026-06-07T15:57:12+00:00
step   4500 | loss 5.7424 | lr 3.00e-04 | grad 1.57 | tok/s 60873 | elapsed_h 0.191 | time 2026-06-07T15:57:13+00:00
  >>> validation loss: 8.7700
step   4510 | loss 5.8140 | lr 3.00e-04 | grad 1.30 | tok/s 15215 | elapsed_h 0.192 | time 2026-06-07T15:57:18+00:00
step   4520 | loss 5.7724 | lr 3.00e-04 | grad 1.38 | tok/s 60626 | elapsed_h 0.192 | time 2026-06-07T15:57:20+00:00
step   4530 | loss 5.6859 | lr 3.00e-04 | grad 1.55 | tok/s 60719 | elapsed_h 0.193 | time 2026-06-07T15:57:21+00:00
step   4540 | loss 5.7751 | lr 3.00e-04 | grad 1.29 | tok/s 60779 | elapsed_h 0.193 | time 2026-06-07T15:57:22+00:00
step   4550 | loss 5.6784 | lr 3.00e-04 | grad 2.02 | tok/s 61051 | elapsed_h 0.194 | time 2026-06-07T15:57:24+00:00
step   4560 | loss 5.7961 | lr 3.00e-04 | grad 1.52 | tok/s 60790 | elapsed_h 0.194 | time 2026-06-07T15:57:25+00:00
step   4570 | loss 5.6944 | lr 3.00e-04 | grad 1.43 | tok/s 60856 | elapsed_h 0.194 | time 2026-06-07T15:57:26+00:00
step   4580 | loss 5.7438 | lr 3.00e-04 | grad 1.42 | tok/s 60775 | elapsed_h 0.195 | time 2026-06-07T15:57:28+00:00
step   4590 | loss 5.7627 | lr 3.00e-04 | grad 1.40 | tok/s 60686 | elapsed_h 0.195 | time 2026-06-07T15:57:29+00:00
step   4600 | loss 5.7276 | lr 3.00e-04 | grad 1.48 | tok/s 60771 | elapsed_h 0.195 | time 2026-06-07T15:57:31+00:00
step   4610 | loss 5.8276 | lr 3.00e-04 | grad 1.47 | tok/s 60604 | elapsed_h 0.196 | time 2026-06-07T15:57:32+00:00
step   4620 | loss 5.6953 | lr 3.00e-04 | grad 1.55 | tok/s 60656 | elapsed_h 0.196 | time 2026-06-07T15:57:33+00:00
step   4630 | loss 5.7181 | lr 3.00e-04 | grad 1.41 | tok/s 60682 | elapsed_h 0.197 | time 2026-06-07T15:57:35+00:00
step   4640 | loss 5.7873 | lr 3.00e-04 | grad 1.90 | tok/s 60708 | elapsed_h 0.197 | time 2026-06-07T15:57:36+00:00
step   4650 | loss 5.7862 | lr 3.00e-04 | grad 2.17 | tok/s 60657 | elapsed_h 0.197 | time 2026-06-07T15:57:37+00:00
step   4660 | loss 5.7627 | lr 3.00e-04 | grad 1.42 | tok/s 60587 | elapsed_h 0.198 | time 2026-06-07T15:57:39+00:00
step   4670 | loss 5.7053 | lr 3.00e-04 | grad 1.38 | tok/s 60559 | elapsed_h 0.198 | time 2026-06-07T15:57:40+00:00
step   4680 | loss 5.6643 | lr 3.00e-04 | grad 1.70 | tok/s 60783 | elapsed_h 0.198 | time 2026-06-07T15:57:41+00:00
step   4690 | loss 5.6901 | lr 3.00e-04 | grad 1.55 | tok/s 60777 | elapsed_h 0.199 | time 2026-06-07T15:57:43+00:00
step   4700 | loss 5.7711 | lr 3.00e-04 | grad 1.53 | tok/s 60680 | elapsed_h 0.199 | time 2026-06-07T15:57:44+00:00
step   4710 | loss 5.6910 | lr 3.00e-04 | grad 1.40 | tok/s 60536 | elapsed_h 0.200 | time 2026-06-07T15:57:45+00:00
step   4720 | loss 5.6995 | lr 3.00e-04 | grad 1.62 | tok/s 60793 | elapsed_h 0.200 | time 2026-06-07T15:57:47+00:00
step   4730 | loss 5.7666 | lr 3.00e-04 | grad 1.55 | tok/s 60673 | elapsed_h 0.200 | time 2026-06-07T15:57:48+00:00
step   4740 | loss 5.7373 | lr 3.00e-04 | grad 1.68 | tok/s 60693 | elapsed_h 0.201 | time 2026-06-07T15:57:50+00:00
step   4750 | loss 5.7349 | lr 3.00e-04 | grad 1.27 | tok/s 60735 | elapsed_h 0.201 | time 2026-06-07T15:57:51+00:00
step   4760 | loss 5.6138 | lr 3.00e-04 | grad 1.41 | tok/s 60595 | elapsed_h 0.201 | time 2026-06-07T15:57:52+00:00
step   4770 | loss 5.7477 | lr 3.00e-04 | grad 1.70 | tok/s 60704 | elapsed_h 0.202 | time 2026-06-07T15:57:54+00:00
step   4780 | loss 5.7053 | lr 3.00e-04 | grad 1.42 | tok/s 60656 | elapsed_h 0.202 | time 2026-06-07T15:57:55+00:00
step   4790 | loss 5.7391 | lr 3.00e-04 | grad 1.45 | tok/s 60695 | elapsed_h 0.203 | time 2026-06-07T15:57:56+00:00
step   4800 | loss 5.6780 | lr 3.00e-04 | grad 1.65 | tok/s 60742 | elapsed_h 0.203 | time 2026-06-07T15:57:58+00:00
step   4810 | loss 5.6870 | lr 3.00e-04 | grad 1.85 | tok/s 60626 | elapsed_h 0.203 | time 2026-06-07T15:57:59+00:00
step   4820 | loss 5.7077 | lr 3.00e-04 | grad 1.40 | tok/s 60793 | elapsed_h 0.204 | time 2026-06-07T15:58:00+00:00
step   4830 | loss 5.7224 | lr 3.00e-04 | grad 1.35 | tok/s 60578 | elapsed_h 0.204 | time 2026-06-07T15:58:02+00:00
step   4840 | loss 5.7567 | lr 3.00e-04 | grad 1.35 | tok/s 60682 | elapsed_h 0.204 | time 2026-06-07T15:58:03+00:00
step   4850 | loss 5.6906 | lr 3.00e-04 | grad 1.77 | tok/s 60712 | elapsed_h 0.205 | time 2026-06-07T15:58:05+00:00
step   4860 | loss 5.7181 | lr 3.00e-04 | grad 1.50 | tok/s 60607 | elapsed_h 0.205 | time 2026-06-07T15:58:06+00:00
step   4870 | loss 5.7878 | lr 3.00e-04 | grad 1.88 | tok/s 60722 | elapsed_h 0.206 | time 2026-06-07T15:58:07+00:00
step   4880 | loss 5.6721 | lr 3.00e-04 | grad 1.50 | tok/s 60766 | elapsed_h 0.206 | time 2026-06-07T15:58:09+00:00
step   4890 | loss 5.7408 | lr 3.00e-04 | grad 1.70 | tok/s 60658 | elapsed_h 0.206 | time 2026-06-07T15:58:10+00:00
step   4900 | loss 5.7079 | lr 3.00e-04 | grad 1.53 | tok/s 60733 | elapsed_h 0.207 | time 2026-06-07T15:58:11+00:00
step   4910 | loss 5.6926 | lr 3.00e-04 | grad 1.41 | tok/s 60682 | elapsed_h 0.207 | time 2026-06-07T15:58:13+00:00
step   4920 | loss 5.6817 | lr 3.00e-04 | grad 1.46 | tok/s 60580 | elapsed_h 0.208 | time 2026-06-07T15:58:14+00:00
step   4930 | loss 5.7305 | lr 3.00e-04 | grad 1.53 | tok/s 60613 | elapsed_h 0.208 | time 2026-06-07T15:58:15+00:00
step   4940 | loss 5.7347 | lr 3.00e-04 | grad 1.48 | tok/s 60785 | elapsed_h 0.208 | time 2026-06-07T15:58:17+00:00
step   4950 | loss 5.6815 | lr 3.00e-04 | grad 1.82 | tok/s 60724 | elapsed_h 0.209 | time 2026-06-07T15:58:18+00:00
step   4960 | loss 5.6899 | lr 3.00e-04 | grad 1.33 | tok/s 60622 | elapsed_h 0.209 | time 2026-06-07T15:58:19+00:00
step   4970 | loss 5.6575 | lr 3.00e-04 | grad 1.41 | tok/s 60695 | elapsed_h 0.209 | time 2026-06-07T15:58:21+00:00
step   4980 | loss 5.6372 | lr 3.00e-04 | grad 1.70 | tok/s 60744 | elapsed_h 0.210 | time 2026-06-07T15:58:22+00:00
step   4990 | loss 5.7181 | lr 3.00e-04 | grad 1.55 | tok/s 60780 | elapsed_h 0.210 | time 2026-06-07T15:58:24+00:00
step   5000 | loss 5.6150 | lr 3.00e-04 | grad 1.49 | tok/s 60686 | elapsed_h 0.211 | time 2026-06-07T15:58:25+00:00
  >>> validation loss: 8.8084
step   5010 | loss 5.6338 | lr 3.00e-04 | grad 1.85 | tok/s 15112 | elapsed_h 0.212 | time 2026-06-07T15:58:30+00:00
step   5020 | loss 5.7113 | lr 3.00e-04 | grad 1.55 | tok/s 60616 | elapsed_h 0.212 | time 2026-06-07T15:58:32+00:00
step   5030 | loss 5.6672 | lr 3.00e-04 | grad 1.43 | tok/s 60541 | elapsed_h 0.213 | time 2026-06-07T15:58:33+00:00
step   5040 | loss 5.6273 | lr 3.00e-04 | grad 1.30 | tok/s 60664 | elapsed_h 0.213 | time 2026-06-07T15:58:34+00:00
step   5050 | loss 5.5796 | lr 3.00e-04 | grad 1.39 | tok/s 60745 | elapsed_h 0.214 | time 2026-06-07T15:58:36+00:00
step   5060 | loss 5.6171 | lr 3.00e-04 | grad 1.38 | tok/s 60683 | elapsed_h 0.214 | time 2026-06-07T15:58:37+00:00
step   5070 | loss 5.6667 | lr 3.00e-04 | grad 1.45 | tok/s 60769 | elapsed_h 0.214 | time 2026-06-07T15:58:38+00:00
step   5080 | loss 5.7012 | lr 3.00e-04 | grad 1.58 | tok/s 60706 | elapsed_h 0.215 | time 2026-06-07T15:58:40+00:00
step   5090 | loss 5.6170 | lr 3.00e-04 | grad 1.41 | tok/s 60490 | elapsed_h 0.215 | time 2026-06-07T15:58:41+00:00
step   5100 | loss 5.6265 | lr 3.00e-04 | grad 1.54 | tok/s 60706 | elapsed_h 0.215 | time 2026-06-07T15:58:43+00:00
step   5110 | loss 5.7227 | lr 3.00e-04 | grad 1.66 | tok/s 60830 | elapsed_h 0.216 | time 2026-06-07T15:58:44+00:00
step   5120 | loss 5.6105 | lr 3.00e-04 | grad 1.59 | tok/s 60800 | elapsed_h 0.216 | time 2026-06-07T15:58:45+00:00
step   5130 | loss 5.6956 | lr 3.00e-04 | grad 1.73 | tok/s 60618 | elapsed_h 0.217 | time 2026-06-07T15:58:47+00:00
step   5140 | loss 5.6274 | lr 3.00e-04 | grad 1.54 | tok/s 60703 | elapsed_h 0.217 | time 2026-06-07T15:58:48+00:00
step   5150 | loss 5.6798 | lr 3.00e-04 | grad 1.38 | tok/s 60734 | elapsed_h 0.217 | time 2026-06-07T15:58:49+00:00
step   5160 | loss 5.6222 | lr 3.00e-04 | grad 1.63 | tok/s 60676 | elapsed_h 0.218 | time 2026-06-07T15:58:51+00:00
step   5170 | loss 5.5795 | lr 3.00e-04 | grad 2.17 | tok/s 60776 | elapsed_h 0.218 | time 2026-06-07T15:58:52+00:00
step   5180 | loss 5.5839 | lr 3.00e-04 | grad 1.46 | tok/s 52477 | elapsed_h 0.219 | time 2026-06-07T15:58:54+00:00
step   5190 | loss 5.7505 | lr 3.00e-04 | grad 1.32 | tok/s 60851 | elapsed_h 0.219 | time 2026-06-07T15:58:55+00:00
step   5200 | loss 5.5777 | lr 3.00e-04 | grad 1.38 | tok/s 60949 | elapsed_h 0.219 | time 2026-06-07T15:58:56+00:00
step   5210 | loss 5.6404 | lr 3.00e-04 | grad 1.38 | tok/s 60917 | elapsed_h 0.220 | time 2026-06-07T15:58:58+00:00
step   5220 | loss 5.6776 | lr 3.00e-04 | grad 1.25 | tok/s 60877 | elapsed_h 0.220 | time 2026-06-07T15:58:59+00:00
step   5230 | loss 5.6223 | lr 3.00e-04 | grad 1.36 | tok/s 60984 | elapsed_h 0.220 | time 2026-06-07T15:59:00+00:00
step   5240 | loss 5.6093 | lr 3.00e-04 | grad 1.35 | tok/s 60962 | elapsed_h 0.221 | time 2026-06-07T15:59:02+00:00
step   5250 | loss 5.6669 | lr 3.00e-04 | grad 1.45 | tok/s 60835 | elapsed_h 0.221 | time 2026-06-07T15:59:03+00:00
step   5260 | loss 5.6000 | lr 3.00e-04 | grad 1.52 | tok/s 60921 | elapsed_h 0.222 | time 2026-06-07T15:59:04+00:00
step   5270 | loss 5.6501 | lr 3.00e-04 | grad 1.49 | tok/s 61133 | elapsed_h 0.222 | time 2026-06-07T15:59:06+00:00
step   5280 | loss 5.5899 | lr 3.00e-04 | grad 1.63 | tok/s 61134 | elapsed_h 0.222 | time 2026-06-07T15:59:07+00:00
step   5290 | loss 5.6162 | lr 3.00e-04 | grad 1.42 | tok/s 61159 | elapsed_h 0.223 | time 2026-06-07T15:59:09+00:00
step   5300 | loss 5.6850 | lr 3.00e-04 | grad 1.65 | tok/s 61017 | elapsed_h 0.223 | time 2026-06-07T15:59:10+00:00
step   5310 | loss 5.6765 | lr 3.00e-04 | grad 1.55 | tok/s 61117 | elapsed_h 0.223 | time 2026-06-07T15:59:11+00:00
step   5320 | loss 5.6563 | lr 3.00e-04 | grad 1.43 | tok/s 61102 | elapsed_h 0.224 | time 2026-06-07T15:59:13+00:00
step   5330 | loss 5.6580 | lr 3.00e-04 | grad 2.44 | tok/s 61170 | elapsed_h 0.224 | time 2026-06-07T15:59:14+00:00
step   5340 | loss 5.6424 | lr 3.00e-04 | grad 1.38 | tok/s 61161 | elapsed_h 0.225 | time 2026-06-07T15:59:15+00:00
step   5350 | loss 5.5816 | lr 3.00e-04 | grad 1.50 | tok/s 61225 | elapsed_h 0.225 | time 2026-06-07T15:59:17+00:00
step   5360 | loss 5.6555 | lr 3.00e-04 | grad 1.38 | tok/s 61263 | elapsed_h 0.225 | time 2026-06-07T15:59:18+00:00
step   5370 | loss 5.5776 | lr 3.00e-04 | grad 1.50 | tok/s 61260 | elapsed_h 0.226 | time 2026-06-07T15:59:19+00:00
step   5380 | loss 5.6143 | lr 3.00e-04 | grad 1.45 | tok/s 61260 | elapsed_h 0.226 | time 2026-06-07T15:59:21+00:00
step   5390 | loss 5.5362 | lr 3.00e-04 | grad 1.36 | tok/s 61291 | elapsed_h 0.226 | time 2026-06-07T15:59:22+00:00
step   5400 | loss 5.7689 | lr 3.00e-04 | grad 1.56 | tok/s 61124 | elapsed_h 0.227 | time 2026-06-07T15:59:23+00:00
step   5410 | loss 5.5732 | lr 3.00e-04 | grad 1.33 | tok/s 61144 | elapsed_h 0.227 | time 2026-06-07T15:59:25+00:00
step   5420 | loss 5.5606 | lr 3.00e-04 | grad 1.40 | tok/s 61375 | elapsed_h 0.228 | time 2026-06-07T15:59:26+00:00
step   5430 | loss 5.5456 | lr 3.00e-04 | grad 1.48 | tok/s 61348 | elapsed_h 0.228 | time 2026-06-07T15:59:27+00:00
step   5440 | loss 5.5304 | lr 3.00e-04 | grad 1.44 | tok/s 61259 | elapsed_h 0.228 | time 2026-06-07T15:59:29+00:00
step   5450 | loss 5.5358 | lr 3.00e-04 | grad 1.55 | tok/s 61370 | elapsed_h 0.229 | time 2026-06-07T15:59:30+00:00
step   5460 | loss 5.6413 | lr 3.00e-04 | grad 1.91 | tok/s 61366 | elapsed_h 0.229 | time 2026-06-07T15:59:31+00:00
step   5470 | loss 5.6379 | lr 3.00e-04 | grad 1.43 | tok/s 61340 | elapsed_h 0.229 | time 2026-06-07T15:59:33+00:00
step   5480 | loss 5.6498 | lr 3.00e-04 | grad 1.48 | tok/s 61334 | elapsed_h 0.230 | time 2026-06-07T15:59:34+00:00
step   5490 | loss 5.5977 | lr 3.00e-04 | grad 1.56 | tok/s 61465 | elapsed_h 0.230 | time 2026-06-07T15:59:35+00:00
step   5500 | loss 5.4862 | lr 3.00e-04 | grad 1.56 | tok/s 61414 | elapsed_h 0.231 | time 2026-06-07T15:59:37+00:00
  >>> validation loss: 8.7662
step   5510 | loss 5.6005 | lr 3.00e-04 | grad 1.52 | tok/s 15350 | elapsed_h 0.232 | time 2026-06-07T15:59:42+00:00
step   5520 | loss 5.5344 | lr 3.00e-04 | grad 1.48 | tok/s 61273 | elapsed_h 0.232 | time 2026-06-07T15:59:44+00:00
step   5530 | loss 5.5153 | lr 3.00e-04 | grad 1.48 | tok/s 61439 | elapsed_h 0.233 | time 2026-06-07T15:59:45+00:00
step   5540 | loss 5.5720 | lr 3.00e-04 | grad 1.52 | tok/s 61512 | elapsed_h 0.233 | time 2026-06-07T15:59:46+00:00
step   5550 | loss 5.5959 | lr 3.00e-04 | grad 1.49 | tok/s 61352 | elapsed_h 0.233 | time 2026-06-07T15:59:48+00:00
step   5560 | loss 5.7132 | lr 3.00e-04 | grad 2.67 | tok/s 61558 | elapsed_h 0.234 | time 2026-06-07T15:59:49+00:00
step   5570 | loss 5.6318 | lr 3.00e-04 | grad 1.64 | tok/s 61637 | elapsed_h 0.234 | time 2026-06-07T15:59:50+00:00
step   5580 | loss 5.5850 | lr 3.00e-04 | grad 1.31 | tok/s 61666 | elapsed_h 0.235 | time 2026-06-07T15:59:52+00:00
step   5590 | loss 5.6299 | lr 3.00e-04 | grad 1.63 | tok/s 61768 | elapsed_h 0.235 | time 2026-06-07T15:59:53+00:00
step   5600 | loss 5.5321 | lr 3.00e-04 | grad 1.55 | tok/s 61512 | elapsed_h 0.235 | time 2026-06-07T15:59:54+00:00
step   5610 | loss 5.5452 | lr 3.00e-04 | grad 1.45 | tok/s 61787 | elapsed_h 0.236 | time 2026-06-07T15:59:56+00:00
step   5620 | loss 5.5618 | lr 3.00e-04 | grad 1.62 | tok/s 61522 | elapsed_h 0.236 | time 2026-06-07T15:59:57+00:00
step   5630 | loss 5.6383 | lr 3.00e-04 | grad 1.57 | tok/s 61656 | elapsed_h 0.236 | time 2026-06-07T15:59:58+00:00
step   5640 | loss 5.6761 | lr 3.00e-04 | grad 1.26 | tok/s 61547 | elapsed_h 0.237 | time 2026-06-07T16:00:00+00:00
step   5650 | loss 5.5927 | lr 3.00e-04 | grad 1.39 | tok/s 61501 | elapsed_h 0.237 | time 2026-06-07T16:00:01+00:00
step   5660 | loss 5.6208 | lr 3.00e-04 | grad 1.58 | tok/s 61711 | elapsed_h 0.238 | time 2026-06-07T16:00:02+00:00
step   5670 | loss 5.5799 | lr 3.00e-04 | grad 1.61 | tok/s 61554 | elapsed_h 0.238 | time 2026-06-07T16:00:04+00:00
step   5680 | loss 5.6511 | lr 3.00e-04 | grad 1.38 | tok/s 61607 | elapsed_h 0.238 | time 2026-06-07T16:00:05+00:00
step   5690 | loss 5.5379 | lr 3.00e-04 | grad 1.47 | tok/s 61572 | elapsed_h 0.239 | time 2026-06-07T16:00:06+00:00
step   5700 | loss 5.6445 | lr 3.00e-04 | grad 1.34 | tok/s 61409 | elapsed_h 0.239 | time 2026-06-07T16:00:08+00:00
step   5710 | loss 5.5467 | lr 3.00e-04 | grad 1.52 | tok/s 61525 | elapsed_h 0.239 | time 2026-06-07T16:00:09+00:00
step   5720 | loss 5.4808 | lr 3.00e-04 | grad 1.33 | tok/s 61574 | elapsed_h 0.240 | time 2026-06-07T16:00:10+00:00
step   5730 | loss 5.4471 | lr 3.00e-04 | grad 1.45 | tok/s 61639 | elapsed_h 0.240 | time 2026-06-07T16:00:12+00:00
step   5740 | loss 5.5241 | lr 3.00e-04 | grad 1.63 | tok/s 61629 | elapsed_h 0.241 | time 2026-06-07T16:00:13+00:00
step   5750 | loss 5.5567 | lr 3.00e-04 | grad 1.98 | tok/s 61528 | elapsed_h 0.241 | time 2026-06-07T16:00:14+00:00
step   5760 | loss 5.5191 | lr 3.00e-04 | grad 1.74 | tok/s 61568 | elapsed_h 0.241 | time 2026-06-07T16:00:16+00:00
step   5770 | loss 5.5602 | lr 3.00e-04 | grad 1.53 | tok/s 61561 | elapsed_h 0.242 | time 2026-06-07T16:00:17+00:00
step   5780 | loss 5.5618 | lr 3.00e-04 | grad 1.38 | tok/s 61431 | elapsed_h 0.242 | time 2026-06-07T16:00:18+00:00
step   5790 | loss 5.5577 | lr 3.00e-04 | grad 1.54 | tok/s 61519 | elapsed_h 0.242 | time 2026-06-07T16:00:20+00:00
step   5800 | loss 5.6566 | lr 3.00e-04 | grad 1.41 | tok/s 61374 | elapsed_h 0.243 | time 2026-06-07T16:00:21+00:00
step   5810 | loss 5.4886 | lr 3.00e-04 | grad 1.48 | tok/s 61372 | elapsed_h 0.243 | time 2026-06-07T16:00:22+00:00
step   5820 | loss 5.6370 | lr 3.00e-04 | grad 1.41 | tok/s 61275 | elapsed_h 0.244 | time 2026-06-07T16:00:24+00:00
step   5830 | loss 5.5981 | lr 3.00e-04 | grad 1.56 | tok/s 61268 | elapsed_h 0.244 | time 2026-06-07T16:00:25+00:00
step   5840 | loss 5.5568 | lr 3.00e-04 | grad 1.59 | tok/s 61426 | elapsed_h 0.244 | time 2026-06-07T16:00:26+00:00
step   5850 | loss 5.4968 | lr 3.00e-04 | grad 1.95 | tok/s 61413 | elapsed_h 0.245 | time 2026-06-07T16:00:28+00:00
step   5860 | loss 5.5206 | lr 3.00e-04 | grad 1.41 | tok/s 61478 | elapsed_h 0.245 | time 2026-06-07T16:00:29+00:00
step   5870 | loss 5.4891 | lr 3.00e-04 | grad 1.43 | tok/s 61166 | elapsed_h 0.245 | time 2026-06-07T16:00:30+00:00
step   5880 | loss 5.5400 | lr 3.00e-04 | grad 1.41 | tok/s 61059 | elapsed_h 0.246 | time 2026-06-07T16:00:32+00:00
step   5890 | loss 5.5614 | lr 3.00e-04 | grad 1.93 | tok/s 61187 | elapsed_h 0.246 | time 2026-06-07T16:00:33+00:00
step   5900 | loss 5.5334 | lr 3.00e-04 | grad 1.59 | tok/s 61276 | elapsed_h 0.247 | time 2026-06-07T16:00:35+00:00
step   5910 | loss 5.5118 | lr 3.00e-04 | grad 1.39 | tok/s 61136 | elapsed_h 0.247 | time 2026-06-07T16:00:36+00:00
step   5920 | loss 5.4792 | lr 3.00e-04 | grad 1.52 | tok/s 60984 | elapsed_h 0.247 | time 2026-06-07T16:00:37+00:00
step   5930 | loss 5.5290 | lr 3.00e-04 | grad 1.56 | tok/s 61204 | elapsed_h 0.248 | time 2026-06-07T16:00:39+00:00
step   5940 | loss 5.6139 | lr 3.00e-04 | grad 1.39 | tok/s 61068 | elapsed_h 0.248 | time 2026-06-07T16:00:40+00:00
step   5950 | loss 5.5367 | lr 3.00e-04 | grad 1.28 | tok/s 60933 | elapsed_h 0.248 | time 2026-06-07T16:00:41+00:00
step   5960 | loss 5.5834 | lr 3.00e-04 | grad 1.55 | tok/s 61030 | elapsed_h 0.249 | time 2026-06-07T16:00:43+00:00
step   5970 | loss 5.5112 | lr 3.00e-04 | grad 1.73 | tok/s 60949 | elapsed_h 0.249 | time 2026-06-07T16:00:44+00:00
step   5980 | loss 5.5165 | lr 3.00e-04 | grad 1.34 | tok/s 61022 | elapsed_h 0.250 | time 2026-06-07T16:00:45+00:00
step   5990 | loss 5.6167 | lr 3.00e-04 | grad 1.43 | tok/s 60969 | elapsed_h 0.250 | time 2026-06-07T16:00:47+00:00
step   6000 | loss 5.5650 | lr 3.00e-04 | grad 1.45 | tok/s 61002 | elapsed_h 0.250 | time 2026-06-07T16:00:48+00:00
  >>> validation loss: 8.8569
step   6010 | loss 5.5657 | lr 3.00e-04 | grad 1.47 | tok/s 15186 | elapsed_h 0.252 | time 2026-06-07T16:00:53+00:00
step   6020 | loss 5.5468 | lr 3.00e-04 | grad 1.54 | tok/s 60929 | elapsed_h 0.252 | time 2026-06-07T16:00:55+00:00
step   6030 | loss 5.5882 | lr 3.00e-04 | grad 1.70 | tok/s 60962 | elapsed_h 0.253 | time 2026-06-07T16:00:56+00:00
step   6040 | loss 5.5130 | lr 3.00e-04 | grad 1.59 | tok/s 61038 | elapsed_h 0.253 | time 2026-06-07T16:00:58+00:00
step   6050 | loss 5.5469 | lr 3.00e-04 | grad 1.49 | tok/s 60872 | elapsed_h 0.253 | time 2026-06-07T16:00:59+00:00
step   6060 | loss 5.4713 | lr 3.00e-04 | grad 1.91 | tok/s 60888 | elapsed_h 0.254 | time 2026-06-07T16:01:00+00:00
step   6070 | loss 5.5541 | lr 3.00e-04 | grad 2.17 | tok/s 60779 | elapsed_h 0.254 | time 2026-06-07T16:01:02+00:00
step   6080 | loss 5.5880 | lr 3.00e-04 | grad 1.70 | tok/s 61031 | elapsed_h 0.254 | time 2026-06-07T16:01:03+00:00
step   6090 | loss 5.4824 | lr 3.00e-04 | grad 1.64 | tok/s 60750 | elapsed_h 0.255 | time 2026-06-07T16:01:04+00:00
step   6100 | loss 5.4986 | lr 3.00e-04 | grad 1.41 | tok/s 60807 | elapsed_h 0.255 | time 2026-06-07T16:01:06+00:00
step   6110 | loss 5.5685 | lr 3.00e-04 | grad 1.77 | tok/s 61037 | elapsed_h 0.256 | time 2026-06-07T16:01:07+00:00
step   6120 | loss 5.5882 | lr 3.00e-04 | grad 1.82 | tok/s 60953 | elapsed_h 0.256 | time 2026-06-07T16:01:08+00:00
step   6130 | loss 5.4439 | lr 3.00e-04 | grad 1.66 | tok/s 60944 | elapsed_h 0.256 | time 2026-06-07T16:01:10+00:00
step   6140 | loss 5.4644 | lr 3.00e-04 | grad 1.50 | tok/s 60955 | elapsed_h 0.257 | time 2026-06-07T16:01:11+00:00
step   6150 | loss 5.5185 | lr 3.00e-04 | grad 1.96 | tok/s 60928 | elapsed_h 0.257 | time 2026-06-07T16:01:12+00:00
step   6160 | loss 5.5743 | lr 3.00e-04 | grad 1.53 | tok/s 60982 | elapsed_h 0.257 | time 2026-06-07T16:01:14+00:00
step   6170 | loss 5.5787 | lr 3.00e-04 | grad 1.39 | tok/s 60825 | elapsed_h 0.258 | time 2026-06-07T16:01:15+00:00
step   6180 | loss 5.5418 | lr 3.00e-04 | grad 1.39 | tok/s 60915 | elapsed_h 0.258 | time 2026-06-07T16:01:16+00:00
step   6190 | loss 5.5497 | lr 3.00e-04 | grad 1.49 | tok/s 61070 | elapsed_h 0.259 | time 2026-06-07T16:01:18+00:00
step   6200 | loss 5.5287 | lr 3.00e-04 | grad 1.80 | tok/s 60874 | elapsed_h 0.259 | time 2026-06-07T16:01:19+00:00
step   6210 | loss 5.4943 | lr 3.00e-04 | grad 1.64 | tok/s 61093 | elapsed_h 0.259 | time 2026-06-07T16:01:21+00:00
step   6220 | loss 5.5303 | lr 3.00e-04 | grad 1.40 | tok/s 61105 | elapsed_h 0.260 | time 2026-06-07T16:01:22+00:00
step   6230 | loss 5.5050 | lr 3.00e-04 | grad 1.48 | tok/s 60749 | elapsed_h 0.260 | time 2026-06-07T16:01:23+00:00
step   6240 | loss 5.4612 | lr 3.00e-04 | grad 1.52 | tok/s 60624 | elapsed_h 0.260 | time 2026-06-07T16:01:25+00:00
step   6250 | loss 5.5465 | lr 3.00e-04 | grad 1.52 | tok/s 60629 | elapsed_h 0.261 | time 2026-06-07T16:01:26+00:00
step   6260 | loss 5.3969 | lr 3.00e-04 | grad 1.61 | tok/s 60826 | elapsed_h 0.261 | time 2026-06-07T16:01:27+00:00
step   6270 | loss 5.4988 | lr 3.00e-04 | grad 1.60 | tok/s 60825 | elapsed_h 0.262 | time 2026-06-07T16:01:29+00:00
step   6280 | loss 5.4508 | lr 3.00e-04 | grad 1.46 | tok/s 60792 | elapsed_h 0.262 | time 2026-06-07T16:01:30+00:00
step   6290 | loss 5.5833 | lr 3.00e-04 | grad 1.59 | tok/s 60821 | elapsed_h 0.262 | time 2026-06-07T16:01:31+00:00
step   6300 | loss 5.4963 | lr 3.00e-04 | grad 1.65 | tok/s 60690 | elapsed_h 0.263 | time 2026-06-07T16:01:33+00:00
step   6310 | loss 5.5166 | lr 3.00e-04 | grad 1.53 | tok/s 60732 | elapsed_h 0.263 | time 2026-06-07T16:01:34+00:00
step   6320 | loss 5.4949 | lr 3.00e-04 | grad 1.48 | tok/s 60801 | elapsed_h 0.263 | time 2026-06-07T16:01:35+00:00
step   6330 | loss 5.5137 | lr 3.00e-04 | grad 1.62 | tok/s 60635 | elapsed_h 0.264 | time 2026-06-07T16:01:37+00:00
step   6340 | loss 5.4149 | lr 3.00e-04 | grad 1.52 | tok/s 60808 | elapsed_h 0.264 | time 2026-06-07T16:01:38+00:00
step   6350 | loss 5.4907 | lr 3.00e-04 | grad 1.77 | tok/s 60309 | elapsed_h 0.265 | time 2026-06-07T16:01:40+00:00
step   6360 | loss 5.5499 | lr 3.00e-04 | grad 1.45 | tok/s 60827 | elapsed_h 0.265 | time 2026-06-07T16:01:41+00:00
step   6370 | loss 5.4225 | lr 3.00e-04 | grad 1.73 | tok/s 60814 | elapsed_h 0.265 | time 2026-06-07T16:01:42+00:00
step   6380 | loss 5.5299 | lr 3.00e-04 | grad 1.59 | tok/s 60748 | elapsed_h 0.266 | time 2026-06-07T16:01:44+00:00
step   6390 | loss 5.5439 | lr 3.00e-04 | grad 1.48 | tok/s 61082 | elapsed_h 0.266 | time 2026-06-07T16:01:45+00:00
step   6400 | loss 5.4573 | lr 3.00e-04 | grad 1.59 | tok/s 60931 | elapsed_h 0.266 | time 2026-06-07T16:01:46+00:00
step   6410 | loss 5.4678 | lr 3.00e-04 | grad 1.52 | tok/s 61025 | elapsed_h 0.267 | time 2026-06-07T16:01:48+00:00
step   6420 | loss 5.5465 | lr 3.00e-04 | grad 1.44 | tok/s 61026 | elapsed_h 0.267 | time 2026-06-07T16:01:49+00:00
step   6430 | loss 5.5145 | lr 3.00e-04 | grad 1.93 | tok/s 60962 | elapsed_h 0.268 | time 2026-06-07T16:01:50+00:00
step   6440 | loss 5.4595 | lr 3.00e-04 | grad 1.40 | tok/s 60725 | elapsed_h 0.268 | time 2026-06-07T16:01:52+00:00
step   6450 | loss 5.4709 | lr 3.00e-04 | grad 1.52 | tok/s 60867 | elapsed_h 0.268 | time 2026-06-07T16:01:53+00:00
step   6460 | loss 5.3516 | lr 3.00e-04 | grad 1.77 | tok/s 60763 | elapsed_h 0.269 | time 2026-06-07T16:01:54+00:00
step   6470 | loss 5.5625 | lr 3.00e-04 | grad 1.51 | tok/s 60900 | elapsed_h 0.269 | time 2026-06-07T16:01:56+00:00
step   6480 | loss 5.4887 | lr 3.00e-04 | grad 1.54 | tok/s 60897 | elapsed_h 0.269 | time 2026-06-07T16:01:57+00:00
step   6490 | loss 5.4976 | lr 3.00e-04 | grad 1.71 | tok/s 60765 | elapsed_h 0.270 | time 2026-06-07T16:01:59+00:00
step   6500 | loss 5.5062 | lr 3.00e-04 | grad 1.60 | tok/s 60820 | elapsed_h 0.270 | time 2026-06-07T16:02:00+00:00
  >>> validation loss: 8.8325
step   6510 | loss 5.4543 | lr 3.00e-04 | grad 1.45 | tok/s 15174 | elapsed_h 0.272 | time 2026-06-07T16:02:05+00:00
step   6520 | loss 5.4550 | lr 3.00e-04 | grad 1.61 | tok/s 60690 | elapsed_h 0.272 | time 2026-06-07T16:02:07+00:00
step   6530 | loss 5.4314 | lr 3.00e-04 | grad 1.50 | tok/s 60711 | elapsed_h 0.273 | time 2026-06-07T16:02:08+00:00
step   6540 | loss 5.5432 | lr 3.00e-04 | grad 1.65 | tok/s 60826 | elapsed_h 0.273 | time 2026-06-07T16:02:09+00:00
step   6550 | loss 5.6214 | lr 3.00e-04 | grad 1.49 | tok/s 60712 | elapsed_h 0.273 | time 2026-06-07T16:02:11+00:00
step   6560 | loss 5.5458 | lr 3.00e-04 | grad 1.90 | tok/s 60911 | elapsed_h 0.274 | time 2026-06-07T16:02:12+00:00
step   6570 | loss 5.4117 | lr 3.00e-04 | grad 1.68 | tok/s 60885 | elapsed_h 0.274 | time 2026-06-07T16:02:13+00:00
step   6580 | loss 5.4619 | lr 3.00e-04 | grad 1.90 | tok/s 60785 | elapsed_h 0.274 | time 2026-06-07T16:02:15+00:00
step   6590 | loss 5.4441 | lr 3.00e-04 | grad 1.45 | tok/s 60709 | elapsed_h 0.275 | time 2026-06-07T16:02:16+00:00
step   6600 | loss 5.4205 | lr 3.00e-04 | grad 2.22 | tok/s 60721 | elapsed_h 0.275 | time 2026-06-07T16:02:17+00:00
step   6610 | loss 5.4176 | lr 3.00e-04 | grad 1.52 | tok/s 60762 | elapsed_h 0.276 | time 2026-06-07T16:02:19+00:00
step   6620 | loss 5.5722 | lr 3.00e-04 | grad 1.55 | tok/s 60731 | elapsed_h 0.276 | time 2026-06-07T16:02:20+00:00
step   6630 | loss 5.4490 | lr 3.00e-04 | grad 1.51 | tok/s 60568 | elapsed_h 0.276 | time 2026-06-07T16:02:22+00:00
step   6640 | loss 5.4592 | lr 3.00e-04 | grad 1.73 | tok/s 60726 | elapsed_h 0.277 | time 2026-06-07T16:02:23+00:00
step   6650 | loss 5.4306 | lr 3.00e-04 | grad 1.94 | tok/s 60743 | elapsed_h 0.277 | time 2026-06-07T16:02:24+00:00
step   6660 | loss 5.4073 | lr 3.00e-04 | grad 1.52 | tok/s 60799 | elapsed_h 0.277 | time 2026-06-07T16:02:26+00:00
step   6670 | loss 5.4439 | lr 3.00e-04 | grad 1.64 | tok/s 60782 | elapsed_h 0.278 | time 2026-06-07T16:02:27+00:00
step   6680 | loss 5.4805 | lr 3.00e-04 | grad 2.31 | tok/s 60899 | elapsed_h 0.278 | time 2026-06-07T16:02:28+00:00
step   6690 | loss 5.5059 | lr 3.00e-04 | grad 1.66 | tok/s 60943 | elapsed_h 0.279 | time 2026-06-07T16:02:30+00:00
step   6700 | loss 5.4269 | lr 3.00e-04 | grad 1.71 | tok/s 60733 | elapsed_h 0.279 | time 2026-06-07T16:02:31+00:00
step   6710 | loss 5.4748 | lr 3.00e-04 | grad 1.38 | tok/s 60737 | elapsed_h 0.279 | time 2026-06-07T16:02:32+00:00
step   6720 | loss 5.5149 | lr 3.00e-04 | grad 1.58 | tok/s 60760 | elapsed_h 0.280 | time 2026-06-07T16:02:34+00:00
step   6730 | loss 5.4919 | lr 3.00e-04 | grad 1.58 | tok/s 60838 | elapsed_h 0.280 | time 2026-06-07T16:02:35+00:00
step   6740 | loss 5.4334 | lr 3.00e-04 | grad 1.47 | tok/s 60808 | elapsed_h 0.280 | time 2026-06-07T16:02:37+00:00
step   6750 | loss 5.4358 | lr 3.00e-04 | grad 1.59 | tok/s 60838 | elapsed_h 0.281 | time 2026-06-07T16:02:38+00:00
step   6760 | loss 5.4506 | lr 3.00e-04 | grad 2.17 | tok/s 60845 | elapsed_h 0.281 | time 2026-06-07T16:02:39+00:00
step   6770 | loss 5.4969 | lr 3.00e-04 | grad 1.46 | tok/s 60827 | elapsed_h 0.282 | time 2026-06-07T16:02:41+00:00
step   6780 | loss 5.3182 | lr 3.00e-04 | grad 1.73 | tok/s 60737 | elapsed_h 0.282 | time 2026-06-07T16:02:42+00:00
step   6790 | loss 5.4534 | lr 3.00e-04 | grad 1.65 | tok/s 60779 | elapsed_h 0.282 | time 2026-06-07T16:02:43+00:00
step   6800 | loss 5.3863 | lr 3.00e-04 | grad 1.82 | tok/s 60675 | elapsed_h 0.283 | time 2026-06-07T16:02:45+00:00
step   6810 | loss 5.3883 | lr 3.00e-04 | grad 1.39 | tok/s 60777 | elapsed_h 0.283 | time 2026-06-07T16:02:46+00:00
step   6820 | loss 5.4763 | lr 3.00e-04 | grad 1.83 | tok/s 60648 | elapsed_h 0.283 | time 2026-06-07T16:02:47+00:00
step   6830 | loss 5.4051 | lr 3.00e-04 | grad 1.43 | tok/s 60687 | elapsed_h 0.284 | time 2026-06-07T16:02:49+00:00
step   6840 | loss 5.4714 | lr 3.00e-04 | grad 1.59 | tok/s 60975 | elapsed_h 0.284 | time 2026-06-07T16:02:50+00:00
step   6850 | loss 5.4971 | lr 3.00e-04 | grad 1.53 | tok/s 60958 | elapsed_h 0.285 | time 2026-06-07T16:02:51+00:00
step   6860 | loss 5.4457 | lr 3.00e-04 | grad 1.48 | tok/s 60878 | elapsed_h 0.285 | time 2026-06-07T16:02:53+00:00
step   6870 | loss 5.4618 | lr 3.00e-04 | grad 1.49 | tok/s 60890 | elapsed_h 0.285 | time 2026-06-07T16:02:54+00:00
step   6880 | loss 5.4755 | lr 3.00e-04 | grad 1.77 | tok/s 60852 | elapsed_h 0.286 | time 2026-06-07T16:02:55+00:00
step   6890 | loss 5.3326 | lr 3.00e-04 | grad 1.69 | tok/s 60874 | elapsed_h 0.286 | time 2026-06-07T16:02:57+00:00
step   6900 | loss 5.4231 | lr 3.00e-04 | grad 1.65 | tok/s 60914 | elapsed_h 0.286 | time 2026-06-07T16:02:58+00:00
step   6910 | loss 5.4450 | lr 3.00e-04 | grad 1.41 | tok/s 60924 | elapsed_h 0.287 | time 2026-06-07T16:03:00+00:00
step   6920 | loss 5.4763 | lr 3.00e-04 | grad 1.52 | tok/s 60807 | elapsed_h 0.287 | time 2026-06-07T16:03:01+00:00
step   6930 | loss 5.4206 | lr 3.00e-04 | grad 1.76 | tok/s 60888 | elapsed_h 0.288 | time 2026-06-07T16:03:02+00:00
step   6940 | loss 5.3920 | lr 3.00e-04 | grad 1.68 | tok/s 60875 | elapsed_h 0.288 | time 2026-06-07T16:03:04+00:00
step   6950 | loss 5.4422 | lr 3.00e-04 | grad 1.55 | tok/s 60934 | elapsed_h 0.288 | time 2026-06-07T16:03:05+00:00
step   6960 | loss 5.3932 | lr 3.00e-04 | grad 1.49 | tok/s 60691 | elapsed_h 0.289 | time 2026-06-07T16:03:06+00:00
step   6970 | loss 5.3717 | lr 3.00e-04 | grad 1.63 | tok/s 60578 | elapsed_h 0.289 | time 2026-06-07T16:03:08+00:00
step   6980 | loss 5.5063 | lr 3.00e-04 | grad 1.67 | tok/s 60664 | elapsed_h 0.289 | time 2026-06-07T16:03:09+00:00
step   6990 | loss 5.3868 | lr 3.00e-04 | grad 1.40 | tok/s 60677 | elapsed_h 0.290 | time 2026-06-07T16:03:10+00:00
step   7000 | loss 5.4064 | lr 3.00e-04 | grad 1.52 | tok/s 60684 | elapsed_h 0.290 | time 2026-06-07T16:03:12+00:00
  >>> validation loss: 8.9175
FINAL_HELDOUT_CE: 8.8981
FINAL_HELDOUT_BPB: 3.3934

Training complete! Final step: 7009
FINAL_LOSS_LAST100: 5.4793
PEAK_MEMORY_MB: 9368
RESERVED_MEMORY_MB: 11248
