Using device: cuda
Output directory: paper/review/wl_lm/raw_none/leveltyped-gdn2-lm_100m_20260607_154523
Auto r_h_mode: none (level 0 has bounded/no W_h)
Tokenizer: p50k_base, vocab_size=50281
Model: Level typed-gdn2-lm, 159,402,624 parameters
Using schedule-free AdamW (lr=0.0003)

Starting training from step 0...
Batch size: 16, Chunk size: 512
Gradient accumulation: 1, Effective batch: 16

Time-based training: 17.5 min budget (from process start). Init took 9.5s, 1040.5s remaining for training.
step     10 | loss 10.4384 | lr 3.00e-04 | grad 2.78 | tok/s 5117 | elapsed_h 0.007 | time 2026-06-07T15:45:42+00:00
step     20 | loss 8.7600 | lr 3.00e-04 | grad 1.27 | tok/s 45710 | elapsed_h 0.008 | time 2026-06-07T15:45:44+00:00
step     30 | loss 7.9806 | lr 3.00e-04 | grad 1.01 | tok/s 45392 | elapsed_h 0.008 | time 2026-06-07T15:45:46+00:00
step     40 | loss 7.5928 | lr 3.00e-04 | grad 1.41 | tok/s 45174 | elapsed_h 0.009 | time 2026-06-07T15:45:48+00:00
step     50 | loss 7.4743 | lr 3.00e-04 | grad 1.20 | tok/s 45134 | elapsed_h 0.009 | time 2026-06-07T15:45:50+00:00
step     60 | loss 7.3316 | lr 3.00e-04 | grad 1.20 | tok/s 45002 | elapsed_h 0.010 | time 2026-06-07T15:45:52+00:00
step     70 | loss 7.2134 | lr 3.00e-04 | grad 1.47 | tok/s 44978 | elapsed_h 0.010 | time 2026-06-07T15:45:53+00:00
step     80 | loss 7.1462 | lr 3.00e-04 | grad 1.38 | tok/s 44554 | elapsed_h 0.011 | time 2026-06-07T15:45:55+00:00
step     90 | loss 7.0620 | lr 3.00e-04 | grad 1.42 | tok/s 44541 | elapsed_h 0.011 | time 2026-06-07T15:45:57+00:00
step    100 | loss 7.0734 | lr 3.00e-04 | grad 1.54 | tok/s 44309 | elapsed_h 0.012 | time 2026-06-07T15:45:59+00:00
step    110 | loss 6.9993 | lr 3.00e-04 | grad 1.35 | tok/s 44230 | elapsed_h 0.012 | time 2026-06-07T15:46:01+00:00
step    120 | loss 6.9586 | lr 3.00e-04 | grad 1.58 | tok/s 44170 | elapsed_h 0.013 | time 2026-06-07T15:46:03+00:00
step    130 | loss 6.9801 | lr 3.00e-04 | grad 1.55 | tok/s 44233 | elapsed_h 0.013 | time 2026-06-07T15:46:05+00:00
step    140 | loss 6.8579 | lr 3.00e-04 | grad 1.44 | tok/s 43908 | elapsed_h 0.014 | time 2026-06-07T15:46:06+00:00
step    150 | loss 6.8579 | lr 3.00e-04 | grad 1.57 | tok/s 44041 | elapsed_h 0.014 | time 2026-06-07T15:46:08+00:00
step    160 | loss 6.8410 | lr 3.00e-04 | grad 1.52 | tok/s 43700 | elapsed_h 0.015 | time 2026-06-07T15:46:10+00:00
step    170 | loss 6.7818 | lr 3.00e-04 | grad 1.57 | tok/s 43578 | elapsed_h 0.015 | time 2026-06-07T15:46:12+00:00
step    180 | loss 6.7889 | lr 3.00e-04 | grad 1.88 | tok/s 43464 | elapsed_h 0.016 | time 2026-06-07T15:46:14+00:00
step    190 | loss 6.7034 | lr 3.00e-04 | grad 1.44 | tok/s 43435 | elapsed_h 0.016 | time 2026-06-07T15:46:16+00:00
step    200 | loss 6.7306 | lr 3.00e-04 | grad 1.69 | tok/s 43273 | elapsed_h 0.017 | time 2026-06-07T15:46:18+00:00
step    210 | loss 6.6827 | lr 3.00e-04 | grad 1.90 | tok/s 43272 | elapsed_h 0.017 | time 2026-06-07T15:46:20+00:00
step    220 | loss 6.7282 | lr 3.00e-04 | grad 1.67 | tok/s 43085 | elapsed_h 0.018 | time 2026-06-07T15:46:22+00:00
step    230 | loss 6.6466 | lr 3.00e-04 | grad 1.60 | tok/s 42983 | elapsed_h 0.018 | time 2026-06-07T15:46:24+00:00
step    240 | loss 6.6736 | lr 3.00e-04 | grad 1.72 | tok/s 43125 | elapsed_h 0.019 | time 2026-06-07T15:46:25+00:00
step    250 | loss 6.7156 | lr 3.00e-04 | grad 1.51 | tok/s 43047 | elapsed_h 0.020 | time 2026-06-07T15:46:27+00:00
step    260 | loss 6.6218 | lr 3.00e-04 | grad 1.66 | tok/s 42928 | elapsed_h 0.020 | time 2026-06-07T15:46:29+00:00
step    270 | loss 6.5854 | lr 3.00e-04 | grad 1.39 | tok/s 42781 | elapsed_h 0.021 | time 2026-06-07T15:46:31+00:00
step    280 | loss 6.5992 | lr 3.00e-04 | grad 1.76 | tok/s 42856 | elapsed_h 0.021 | time 2026-06-07T15:46:33+00:00
step    290 | loss 6.5181 | lr 3.00e-04 | grad 1.45 | tok/s 42776 | elapsed_h 0.022 | time 2026-06-07T15:46:35+00:00
step    300 | loss 6.5725 | lr 3.00e-04 | grad 1.42 | tok/s 42720 | elapsed_h 0.022 | time 2026-06-07T15:46:37+00:00
step    310 | loss 6.5244 | lr 3.00e-04 | grad 1.53 | tok/s 42627 | elapsed_h 0.023 | time 2026-06-07T15:46:39+00:00
step    320 | loss 6.4758 | lr 3.00e-04 | grad 1.66 | tok/s 42638 | elapsed_h 0.023 | time 2026-06-07T15:46:41+00:00
step    330 | loss 6.5873 | lr 3.00e-04 | grad 1.58 | tok/s 42446 | elapsed_h 0.024 | time 2026-06-07T15:46:43+00:00
step    340 | loss 6.4660 | lr 3.00e-04 | grad 1.59 | tok/s 42451 | elapsed_h 0.024 | time 2026-06-07T15:46:45+00:00
step    350 | loss 6.4158 | lr 3.00e-04 | grad 1.42 | tok/s 42388 | elapsed_h 0.025 | time 2026-06-07T15:46:47+00:00
step    360 | loss 6.4545 | lr 3.00e-04 | grad 1.52 | tok/s 42297 | elapsed_h 0.025 | time 2026-06-07T15:46:49+00:00
step    370 | loss 6.5469 | lr 3.00e-04 | grad 1.66 | tok/s 42315 | elapsed_h 0.026 | time 2026-06-07T15:46:51+00:00
step    380 | loss 6.4293 | lr 3.00e-04 | grad 1.62 | tok/s 42196 | elapsed_h 0.027 | time 2026-06-07T15:46:53+00:00
step    390 | loss 6.3055 | lr 3.00e-04 | grad 1.55 | tok/s 42252 | elapsed_h 0.027 | time 2026-06-07T15:46:55+00:00
step    400 | loss 6.3760 | lr 3.00e-04 | grad 1.50 | tok/s 42116 | elapsed_h 0.028 | time 2026-06-07T15:46:56+00:00
step    410 | loss 6.3932 | lr 3.00e-04 | grad 1.61 | tok/s 42149 | elapsed_h 0.028 | time 2026-06-07T15:46:58+00:00
step    420 | loss 6.4908 | lr 3.00e-04 | grad 1.41 | tok/s 42078 | elapsed_h 0.029 | time 2026-06-07T15:47:00+00:00
step    430 | loss 6.4342 | lr 3.00e-04 | grad 1.60 | tok/s 41877 | elapsed_h 0.029 | time 2026-06-07T15:47:02+00:00
step    440 | loss 6.3782 | lr 3.00e-04 | grad 1.62 | tok/s 41985 | elapsed_h 0.030 | time 2026-06-07T15:47:04+00:00
step    450 | loss 6.4084 | lr 3.00e-04 | grad 1.72 | tok/s 41970 | elapsed_h 0.030 | time 2026-06-07T15:47:06+00:00
step    460 | loss 6.3374 | lr 3.00e-04 | grad 1.66 | tok/s 41890 | elapsed_h 0.031 | time 2026-06-07T15:47:08+00:00
step    470 | loss 6.3484 | lr 3.00e-04 | grad 1.66 | tok/s 41926 | elapsed_h 0.031 | time 2026-06-07T15:47:10+00:00
step    480 | loss 6.3277 | lr 3.00e-04 | grad 1.98 | tok/s 41850 | elapsed_h 0.032 | time 2026-06-07T15:47:12+00:00
step    490 | loss 6.3910 | lr 3.00e-04 | grad 1.74 | tok/s 42155 | elapsed_h 0.033 | time 2026-06-07T15:47:14+00:00
step    500 | loss 6.3812 | lr 3.00e-04 | grad 1.62 | tok/s 41843 | elapsed_h 0.033 | time 2026-06-07T15:47:16+00:00
  >>> validation loss: 8.6122
step    510 | loss 6.2392 | lr 3.00e-04 | grad 1.77 | tok/s 543 | elapsed_h 0.075 | time 2026-06-07T15:49:47+00:00
step    520 | loss 6.3597 | lr 3.00e-04 | grad 1.88 | tok/s 45088 | elapsed_h 0.076 | time 2026-06-07T15:49:49+00:00
step    530 | loss 6.3101 | lr 3.00e-04 | grad 1.78 | tok/s 45564 | elapsed_h 0.076 | time 2026-06-07T15:49:51+00:00
step    540 | loss 6.3323 | lr 3.00e-04 | grad 1.54 | tok/s 44922 | elapsed_h 0.077 | time 2026-06-07T15:49:53+00:00
step    550 | loss 6.2119 | lr 3.00e-04 | grad 1.64 | tok/s 44826 | elapsed_h 0.077 | time 2026-06-07T15:49:55+00:00
step    560 | loss 6.2999 | lr 3.00e-04 | grad 1.74 | tok/s 44929 | elapsed_h 0.078 | time 2026-06-07T15:49:56+00:00
step    570 | loss 6.2576 | lr 3.00e-04 | grad 1.77 | tok/s 44585 | elapsed_h 0.078 | time 2026-06-07T15:49:58+00:00
step    580 | loss 6.3137 | lr 3.00e-04 | grad 2.00 | tok/s 44454 | elapsed_h 0.079 | time 2026-06-07T15:50:00+00:00
step    590 | loss 6.2263 | lr 3.00e-04 | grad 1.55 | tok/s 44342 | elapsed_h 0.079 | time 2026-06-07T15:50:02+00:00
step    600 | loss 6.2219 | lr 3.00e-04 | grad 1.57 | tok/s 44193 | elapsed_h 0.080 | time 2026-06-07T15:50:04+00:00
step    610 | loss 6.2009 | lr 3.00e-04 | grad 1.56 | tok/s 44301 | elapsed_h 0.080 | time 2026-06-07T15:50:06+00:00
step    620 | loss 6.2864 | lr 3.00e-04 | grad 1.70 | tok/s 44175 | elapsed_h 0.081 | time 2026-06-07T15:50:08+00:00
step    630 | loss 6.3000 | lr 3.00e-04 | grad 1.57 | tok/s 44236 | elapsed_h 0.081 | time 2026-06-07T15:50:09+00:00
step    640 | loss 6.1352 | lr 3.00e-04 | grad 1.54 | tok/s 43976 | elapsed_h 0.082 | time 2026-06-07T15:50:11+00:00
step    650 | loss 6.2959 | lr 3.00e-04 | grad 1.80 | tok/s 44235 | elapsed_h 0.082 | time 2026-06-07T15:50:13+00:00
step    660 | loss 6.1827 | lr 3.00e-04 | grad 2.36 | tok/s 43800 | elapsed_h 0.083 | time 2026-06-07T15:50:15+00:00
step    670 | loss 6.2126 | lr 3.00e-04 | grad 1.70 | tok/s 43726 | elapsed_h 0.083 | time 2026-06-07T15:50:17+00:00
step    680 | loss 6.0879 | lr 3.00e-04 | grad 1.68 | tok/s 43688 | elapsed_h 0.084 | time 2026-06-07T15:50:19+00:00
step    690 | loss 6.2081 | lr 3.00e-04 | grad 1.61 | tok/s 43515 | elapsed_h 0.084 | time 2026-06-07T15:50:21+00:00
step    700 | loss 6.1217 | lr 3.00e-04 | grad 1.80 | tok/s 43428 | elapsed_h 0.085 | time 2026-06-07T15:50:23+00:00
step    710 | loss 6.2506 | lr 3.00e-04 | grad 1.83 | tok/s 43402 | elapsed_h 0.085 | time 2026-06-07T15:50:24+00:00
step    720 | loss 6.1836 | lr 3.00e-04 | grad 1.91 | tok/s 43420 | elapsed_h 0.086 | time 2026-06-07T15:50:26+00:00
step    730 | loss 6.2127 | lr 3.00e-04 | grad 1.86 | tok/s 43410 | elapsed_h 0.086 | time 2026-06-07T15:50:28+00:00
step    740 | loss 6.1127 | lr 3.00e-04 | grad 1.74 | tok/s 43333 | elapsed_h 0.087 | time 2026-06-07T15:50:30+00:00
step    750 | loss 6.1187 | lr 3.00e-04 | grad 1.63 | tok/s 43224 | elapsed_h 0.088 | time 2026-06-07T15:50:32+00:00
step    760 | loss 6.1169 | lr 3.00e-04 | grad 1.73 | tok/s 43148 | elapsed_h 0.088 | time 2026-06-07T15:50:34+00:00
step    770 | loss 6.0945 | lr 3.00e-04 | grad 2.05 | tok/s 43144 | elapsed_h 0.089 | time 2026-06-07T15:50:36+00:00
step    780 | loss 6.1522 | lr 3.00e-04 | grad 1.75 | tok/s 43061 | elapsed_h 0.089 | time 2026-06-07T15:50:38+00:00
step    790 | loss 6.1367 | lr 3.00e-04 | grad 2.30 | tok/s 43005 | elapsed_h 0.090 | time 2026-06-07T15:50:40+00:00
step    800 | loss 6.1558 | lr 3.00e-04 | grad 1.62 | tok/s 42948 | elapsed_h 0.090 | time 2026-06-07T15:50:42+00:00
step    810 | loss 6.0701 | lr 3.00e-04 | grad 1.97 | tok/s 42958 | elapsed_h 0.091 | time 2026-06-07T15:50:44+00:00
step    820 | loss 6.1439 | lr 3.00e-04 | grad 1.60 | tok/s 42906 | elapsed_h 0.091 | time 2026-06-07T15:50:45+00:00
step    830 | loss 6.0789 | lr 3.00e-04 | grad 1.80 | tok/s 42844 | elapsed_h 0.092 | time 2026-06-07T15:50:47+00:00
step    840 | loss 6.1445 | lr 3.00e-04 | grad 1.88 | tok/s 42844 | elapsed_h 0.092 | time 2026-06-07T15:50:49+00:00
step    850 | loss 6.0955 | lr 3.00e-04 | grad 1.61 | tok/s 42712 | elapsed_h 0.093 | time 2026-06-07T15:50:51+00:00
step    860 | loss 6.0955 | lr 3.00e-04 | grad 1.62 | tok/s 42784 | elapsed_h 0.093 | time 2026-06-07T15:50:53+00:00
step    870 | loss 6.1001 | lr 3.00e-04 | grad 1.72 | tok/s 42739 | elapsed_h 0.094 | time 2026-06-07T15:50:55+00:00
step    880 | loss 6.0526 | lr 3.00e-04 | grad 1.70 | tok/s 42668 | elapsed_h 0.094 | time 2026-06-07T15:50:57+00:00
step    890 | loss 6.1425 | lr 3.00e-04 | grad 2.12 | tok/s 42624 | elapsed_h 0.095 | time 2026-06-07T15:50:59+00:00
step    900 | loss 6.0558 | lr 3.00e-04 | grad 2.00 | tok/s 42631 | elapsed_h 0.096 | time 2026-06-07T15:51:01+00:00
step    910 | loss 6.0427 | lr 3.00e-04 | grad 2.05 | tok/s 42653 | elapsed_h 0.096 | time 2026-06-07T15:51:03+00:00
step    920 | loss 6.1064 | lr 3.00e-04 | grad 1.93 | tok/s 42552 | elapsed_h 0.097 | time 2026-06-07T15:51:05+00:00
step    930 | loss 6.0901 | lr 3.00e-04 | grad 2.11 | tok/s 42613 | elapsed_h 0.097 | time 2026-06-07T15:51:07+00:00
step    940 | loss 6.1097 | lr 3.00e-04 | grad 1.87 | tok/s 42589 | elapsed_h 0.098 | time 2026-06-07T15:51:09+00:00
step    950 | loss 6.0262 | lr 3.00e-04 | grad 1.85 | tok/s 42621 | elapsed_h 0.098 | time 2026-06-07T15:51:11+00:00
step    960 | loss 6.0374 | lr 3.00e-04 | grad 1.95 | tok/s 42538 | elapsed_h 0.099 | time 2026-06-07T15:51:13+00:00
step    970 | loss 6.0194 | lr 3.00e-04 | grad 1.63 | tok/s 42487 | elapsed_h 0.099 | time 2026-06-07T15:51:14+00:00
step    980 | loss 6.0329 | lr 3.00e-04 | grad 1.70 | tok/s 42459 | elapsed_h 0.100 | time 2026-06-07T15:51:16+00:00
step    990 | loss 6.0127 | lr 3.00e-04 | grad 1.93 | tok/s 42479 | elapsed_h 0.100 | time 2026-06-07T15:51:18+00:00
step   1000 | loss 6.1409 | lr 3.00e-04 | grad 1.79 | tok/s 42435 | elapsed_h 0.101 | time 2026-06-07T15:51:20+00:00
  >>> validation loss: 8.4278
step   1010 | loss 5.9943 | lr 3.00e-04 | grad 1.72 | tok/s 535 | elapsed_h 0.144 | time 2026-06-07T15:53:54+00:00
step   1020 | loss 5.9856 | lr 3.00e-04 | grad 1.70 | tok/s 45595 | elapsed_h 0.144 | time 2026-06-07T15:53:56+00:00
step   1030 | loss 6.0519 | lr 3.00e-04 | grad 1.92 | tok/s 45351 | elapsed_h 0.145 | time 2026-06-07T15:53:57+00:00
step   1040 | loss 5.9746 | lr 3.00e-04 | grad 1.87 | tok/s 45086 | elapsed_h 0.145 | time 2026-06-07T15:53:59+00:00
step   1050 | loss 6.0955 | lr 3.00e-04 | grad 2.31 | tok/s 45235 | elapsed_h 0.146 | time 2026-06-07T15:54:01+00:00
step   1060 | loss 6.0386 | lr 3.00e-04 | grad 1.86 | tok/s 45010 | elapsed_h 0.146 | time 2026-06-07T15:54:03+00:00
step   1070 | loss 5.9560 | lr 3.00e-04 | grad 1.83 | tok/s 44839 | elapsed_h 0.147 | time 2026-06-07T15:54:05+00:00
step   1080 | loss 5.9689 | lr 3.00e-04 | grad 1.68 | tok/s 45008 | elapsed_h 0.147 | time 2026-06-07T15:54:07+00:00
step   1090 | loss 5.9357 | lr 3.00e-04 | grad 1.82 | tok/s 44458 | elapsed_h 0.148 | time 2026-06-07T15:54:08+00:00
step   1100 | loss 6.0657 | lr 3.00e-04 | grad 1.91 | tok/s 44427 | elapsed_h 0.148 | time 2026-06-07T15:54:10+00:00
step   1110 | loss 6.0222 | lr 3.00e-04 | grad 1.70 | tok/s 44527 | elapsed_h 0.149 | time 2026-06-07T15:54:12+00:00
step   1120 | loss 5.9125 | lr 3.00e-04 | grad 1.81 | tok/s 44295 | elapsed_h 0.149 | time 2026-06-07T15:54:14+00:00
step   1130 | loss 5.9473 | lr 3.00e-04 | grad 1.96 | tok/s 44168 | elapsed_h 0.150 | time 2026-06-07T15:54:16+00:00
step   1140 | loss 5.9098 | lr 3.00e-04 | grad 1.88 | tok/s 44083 | elapsed_h 0.150 | time 2026-06-07T15:54:18+00:00
step   1150 | loss 5.9857 | lr 3.00e-04 | grad 1.87 | tok/s 43992 | elapsed_h 0.151 | time 2026-06-07T15:54:20+00:00
step   1160 | loss 5.9911 | lr 3.00e-04 | grad 1.61 | tok/s 43909 | elapsed_h 0.151 | time 2026-06-07T15:54:22+00:00
step   1170 | loss 5.8389 | lr 3.00e-04 | grad 1.91 | tok/s 43735 | elapsed_h 0.152 | time 2026-06-07T15:54:23+00:00
step   1180 | loss 5.9707 | lr 3.00e-04 | grad 2.22 | tok/s 43686 | elapsed_h 0.152 | time 2026-06-07T15:54:25+00:00
step   1190 | loss 5.9824 | lr 3.00e-04 | grad 2.14 | tok/s 43731 | elapsed_h 0.153 | time 2026-06-07T15:54:27+00:00
step   1200 | loss 5.9495 | lr 3.00e-04 | grad 1.70 | tok/s 43879 | elapsed_h 0.153 | time 2026-06-07T15:54:29+00:00
step   1210 | loss 5.9456 | lr 3.00e-04 | grad 2.36 | tok/s 43449 | elapsed_h 0.154 | time 2026-06-07T15:54:31+00:00
step   1220 | loss 5.9551 | lr 3.00e-04 | grad 1.84 | tok/s 43419 | elapsed_h 0.154 | time 2026-06-07T15:54:33+00:00
step   1230 | loss 5.9781 | lr 3.00e-04 | grad 1.80 | tok/s 43396 | elapsed_h 0.155 | time 2026-06-07T15:54:35+00:00
step   1240 | loss 5.8964 | lr 3.00e-04 | grad 1.84 | tok/s 43270 | elapsed_h 0.155 | time 2026-06-07T15:54:37+00:00
step   1250 | loss 5.8896 | lr 3.00e-04 | grad 1.88 | tok/s 43220 | elapsed_h 0.156 | time 2026-06-07T15:54:39+00:00
step   1260 | loss 5.9622 | lr 3.00e-04 | grad 1.80 | tok/s 43119 | elapsed_h 0.157 | time 2026-06-07T15:54:41+00:00
step   1270 | loss 6.0159 | lr 3.00e-04 | grad 1.78 | tok/s 43185 | elapsed_h 0.157 | time 2026-06-07T15:54:42+00:00
step   1280 | loss 6.0792 | lr 3.00e-04 | grad 1.91 | tok/s 43055 | elapsed_h 0.158 | time 2026-06-07T15:54:44+00:00
step   1290 | loss 5.9901 | lr 3.00e-04 | grad 1.80 | tok/s 43060 | elapsed_h 0.158 | time 2026-06-07T15:54:46+00:00
step   1300 | loss 6.0244 | lr 3.00e-04 | grad 2.03 | tok/s 43350 | elapsed_h 0.159 | time 2026-06-07T15:54:48+00:00
step   1310 | loss 5.8762 | lr 3.00e-04 | grad 2.27 | tok/s 42942 | elapsed_h 0.159 | time 2026-06-07T15:54:50+00:00
step   1320 | loss 5.9262 | lr 3.00e-04 | grad 2.09 | tok/s 42942 | elapsed_h 0.160 | time 2026-06-07T15:54:52+00:00
step   1330 | loss 5.8670 | lr 3.00e-04 | grad 2.06 | tok/s 42872 | elapsed_h 0.160 | time 2026-06-07T15:54:54+00:00
step   1340 | loss 5.8662 | lr 3.00e-04 | grad 2.03 | tok/s 42917 | elapsed_h 0.161 | time 2026-06-07T15:54:56+00:00
step   1350 | loss 6.0045 | lr 3.00e-04 | grad 1.81 | tok/s 42749 | elapsed_h 0.161 | time 2026-06-07T15:54:58+00:00
step   1360 | loss 5.8869 | lr 3.00e-04 | grad 1.97 | tok/s 42704 | elapsed_h 0.162 | time 2026-06-07T15:55:00+00:00
step   1370 | loss 5.8932 | lr 3.00e-04 | grad 1.84 | tok/s 42786 | elapsed_h 0.162 | time 2026-06-07T15:55:02+00:00
step   1380 | loss 5.8528 | lr 3.00e-04 | grad 2.03 | tok/s 42732 | elapsed_h 0.163 | time 2026-06-07T15:55:04+00:00
step   1390 | loss 5.9483 | lr 3.00e-04 | grad 2.02 | tok/s 42731 | elapsed_h 0.163 | time 2026-06-07T15:55:05+00:00
step   1400 | loss 5.9282 | lr 3.00e-04 | grad 1.80 | tok/s 42704 | elapsed_h 0.164 | time 2026-06-07T15:55:07+00:00
step   1410 | loss 5.8929 | lr 3.00e-04 | grad 2.17 | tok/s 42659 | elapsed_h 0.165 | time 2026-06-07T15:55:09+00:00
step   1420 | loss 5.9154 | lr 3.00e-04 | grad 2.05 | tok/s 42638 | elapsed_h 0.165 | time 2026-06-07T15:55:11+00:00
step   1430 | loss 5.8670 | lr 3.00e-04 | grad 2.47 | tok/s 42570 | elapsed_h 0.166 | time 2026-06-07T15:55:13+00:00
step   1440 | loss 5.9123 | lr 3.00e-04 | grad 2.22 | tok/s 42535 | elapsed_h 0.166 | time 2026-06-07T15:55:15+00:00
step   1450 | loss 5.9462 | lr 3.00e-04 | grad 2.27 | tok/s 42618 | elapsed_h 0.167 | time 2026-06-07T15:55:17+00:00
step   1460 | loss 5.9022 | lr 3.00e-04 | grad 1.97 | tok/s 42565 | elapsed_h 0.167 | time 2026-06-07T15:55:19+00:00
step   1470 | loss 5.9849 | lr 3.00e-04 | grad 2.12 | tok/s 42439 | elapsed_h 0.168 | time 2026-06-07T15:55:21+00:00
step   1480 | loss 5.8634 | lr 3.00e-04 | grad 2.30 | tok/s 42473 | elapsed_h 0.168 | time 2026-06-07T15:55:23+00:00
step   1490 | loss 5.8609 | lr 3.00e-04 | grad 3.25 | tok/s 42419 | elapsed_h 0.169 | time 2026-06-07T15:55:25+00:00
step   1500 | loss 5.9150 | lr 3.00e-04 | grad 1.77 | tok/s 42542 | elapsed_h 0.169 | time 2026-06-07T15:55:27+00:00
  >>> validation loss: 8.3634
step   1510 | loss 5.8542 | lr 3.00e-04 | grad 1.89 | tok/s 537 | elapsed_h 0.212 | time 2026-06-07T15:58:00+00:00
step   1520 | loss 5.9476 | lr 3.00e-04 | grad 1.91 | tok/s 45735 | elapsed_h 0.212 | time 2026-06-07T15:58:02+00:00
step   1530 | loss 5.9100 | lr 3.00e-04 | grad 1.95 | tok/s 45277 | elapsed_h 0.213 | time 2026-06-07T15:58:03+00:00
step   1540 | loss 5.8586 | lr 3.00e-04 | grad 1.95 | tok/s 45167 | elapsed_h 0.213 | time 2026-06-07T15:58:05+00:00
step   1550 | loss 5.8798 | lr 3.00e-04 | grad 2.38 | tok/s 45050 | elapsed_h 0.214 | time 2026-06-07T15:58:07+00:00
step   1560 | loss 5.9158 | lr 3.00e-04 | grad 1.97 | tok/s 44879 | elapsed_h 0.214 | time 2026-06-07T15:58:09+00:00
step   1570 | loss 5.8412 | lr 3.00e-04 | grad 2.03 | tok/s 44981 | elapsed_h 0.215 | time 2026-06-07T15:58:11+00:00
step   1580 | loss 5.8666 | lr 3.00e-04 | grad 2.02 | tok/s 44702 | elapsed_h 0.215 | time 2026-06-07T15:58:13+00:00
step   1590 | loss 5.8588 | lr 3.00e-04 | grad 2.38 | tok/s 44578 | elapsed_h 0.216 | time 2026-06-07T15:58:14+00:00
step   1600 | loss 5.8976 | lr 3.00e-04 | grad 2.14 | tok/s 44498 | elapsed_h 0.216 | time 2026-06-07T15:58:16+00:00
step   1610 | loss 5.9386 | lr 3.00e-04 | grad 2.05 | tok/s 44377 | elapsed_h 0.217 | time 2026-06-07T15:58:18+00:00
step   1620 | loss 5.9640 | lr 3.00e-04 | grad 2.05 | tok/s 44487 | elapsed_h 0.218 | time 2026-06-07T15:58:20+00:00
step   1630 | loss 5.9533 | lr 3.00e-04 | grad 1.88 | tok/s 44237 | elapsed_h 0.218 | time 2026-06-07T15:58:22+00:00
step   1640 | loss 5.8317 | lr 3.00e-04 | grad 2.14 | tok/s 44056 | elapsed_h 0.219 | time 2026-06-07T15:58:24+00:00
step   1650 | loss 5.8095 | lr 3.00e-04 | grad 1.72 | tok/s 43955 | elapsed_h 0.219 | time 2026-06-07T15:58:26+00:00
step   1660 | loss 5.8350 | lr 3.00e-04 | grad 1.84 | tok/s 43913 | elapsed_h 0.220 | time 2026-06-07T15:58:27+00:00
step   1670 | loss 5.8659 | lr 3.00e-04 | grad 1.81 | tok/s 43699 | elapsed_h 0.220 | time 2026-06-07T15:58:29+00:00
step   1680 | loss 5.8779 | lr 3.00e-04 | grad 4.97 | tok/s 43781 | elapsed_h 0.221 | time 2026-06-07T15:58:31+00:00
step   1690 | loss 5.7562 | lr 3.00e-04 | grad 1.86 | tok/s 43596 | elapsed_h 0.221 | time 2026-06-07T15:58:33+00:00
step   1700 | loss 5.7998 | lr 3.00e-04 | grad 2.12 | tok/s 43655 | elapsed_h 0.222 | time 2026-06-07T15:58:35+00:00
step   1710 | loss 5.8629 | lr 3.00e-04 | grad 2.05 | tok/s 43462 | elapsed_h 0.222 | time 2026-06-07T15:58:37+00:00
step   1720 | loss 5.8107 | lr 3.00e-04 | grad 2.38 | tok/s 43394 | elapsed_h 0.223 | time 2026-06-07T15:58:39+00:00
step   1730 | loss 5.8140 | lr 3.00e-04 | grad 2.11 | tok/s 43390 | elapsed_h 0.223 | time 2026-06-07T15:58:41+00:00
step   1740 | loss 5.8557 | lr 3.00e-04 | grad 2.02 | tok/s 43276 | elapsed_h 0.224 | time 2026-06-07T15:58:43+00:00
step   1750 | loss 5.8025 | lr 3.00e-04 | grad 1.87 | tok/s 43229 | elapsed_h 0.224 | time 2026-06-07T15:58:45+00:00
step   1760 | loss 5.8284 | lr 3.00e-04 | grad 2.30 | tok/s 43417 | elapsed_h 0.225 | time 2026-06-07T15:58:46+00:00
step   1770 | loss 5.7096 | lr 3.00e-04 | grad 1.96 | tok/s 43172 | elapsed_h 0.225 | time 2026-06-07T15:58:48+00:00
step   1780 | loss 5.8172 | lr 3.00e-04 | grad 2.28 | tok/s 42973 | elapsed_h 0.226 | time 2026-06-07T15:58:50+00:00
step   1790 | loss 5.8297 | lr 3.00e-04 | grad 2.25 | tok/s 43032 | elapsed_h 0.226 | time 2026-06-07T15:58:52+00:00
step   1800 | loss 5.8618 | lr 3.00e-04 | grad 1.86 | tok/s 42875 | elapsed_h 0.227 | time 2026-06-07T15:58:54+00:00
step   1810 | loss 5.7922 | lr 3.00e-04 | grad 1.84 | tok/s 42873 | elapsed_h 0.228 | time 2026-06-07T15:58:56+00:00
step   1820 | loss 5.9101 | lr 3.00e-04 | grad 2.00 | tok/s 42840 | elapsed_h 0.228 | time 2026-06-07T15:58:58+00:00
step   1830 | loss 5.8096 | lr 3.00e-04 | grad 2.20 | tok/s 42710 | elapsed_h 0.229 | time 2026-06-07T15:59:00+00:00
step   1840 | loss 5.7570 | lr 3.00e-04 | grad 1.83 | tok/s 42764 | elapsed_h 0.229 | time 2026-06-07T15:59:02+00:00
step   1850 | loss 5.6969 | lr 3.00e-04 | grad 1.95 | tok/s 42693 | elapsed_h 0.230 | time 2026-06-07T15:59:04+00:00
step   1860 | loss 5.8090 | lr 3.00e-04 | grad 2.23 | tok/s 42675 | elapsed_h 0.230 | time 2026-06-07T15:59:06+00:00
step   1870 | loss 5.7819 | lr 3.00e-04 | grad 2.36 | tok/s 42630 | elapsed_h 0.231 | time 2026-06-07T15:59:08+00:00
step   1880 | loss 5.7057 | lr 3.00e-04 | grad 1.91 | tok/s 42615 | elapsed_h 0.231 | time 2026-06-07T15:59:10+00:00
step   1890 | loss 5.8662 | lr 3.00e-04 | grad 2.05 | tok/s 42683 | elapsed_h 0.232 | time 2026-06-07T15:59:11+00:00
step   1900 | loss 5.7902 | lr 3.00e-04 | grad 2.02 | tok/s 42689 | elapsed_h 0.232 | time 2026-06-07T15:59:13+00:00
step   1910 | loss 5.7211 | lr 3.00e-04 | grad 2.56 | tok/s 42664 | elapsed_h 0.233 | time 2026-06-07T15:59:15+00:00
step   1920 | loss 5.8298 | lr 3.00e-04 | grad 2.05 | tok/s 42661 | elapsed_h 0.233 | time 2026-06-07T15:59:17+00:00
step   1930 | loss 5.8423 | lr 3.00e-04 | grad 1.95 | tok/s 42584 | elapsed_h 0.234 | time 2026-06-07T15:59:19+00:00
step   1940 | loss 5.7681 | lr 3.00e-04 | grad 2.78 | tok/s 42461 | elapsed_h 0.234 | time 2026-06-07T15:59:21+00:00
step   1950 | loss 5.7091 | lr 3.00e-04 | grad 2.19 | tok/s 42524 | elapsed_h 0.235 | time 2026-06-07T15:59:23+00:00
step   1960 | loss 5.7507 | lr 3.00e-04 | grad 2.19 | tok/s 42385 | elapsed_h 0.236 | time 2026-06-07T15:59:25+00:00
step   1970 | loss 5.9026 | lr 3.00e-04 | grad 2.28 | tok/s 42449 | elapsed_h 0.236 | time 2026-06-07T15:59:27+00:00
step   1980 | loss 5.7534 | lr 3.00e-04 | grad 2.00 | tok/s 42418 | elapsed_h 0.237 | time 2026-06-07T15:59:29+00:00
step   1990 | loss 5.7814 | lr 3.00e-04 | grad 2.62 | tok/s 42327 | elapsed_h 0.237 | time 2026-06-07T15:59:31+00:00
step   2000 | loss 5.8013 | lr 3.00e-04 | grad 2.11 | tok/s 42341 | elapsed_h 0.238 | time 2026-06-07T15:59:33+00:00
  >>> validation loss: 8.4081
step   2010 | loss 5.7821 | lr 3.00e-04 | grad 2.19 | tok/s 538 | elapsed_h 0.280 | time 2026-06-07T16:02:05+00:00
step   2020 | loss 5.8645 | lr 3.00e-04 | grad 1.96 | tok/s 45725 | elapsed_h 0.281 | time 2026-06-07T16:02:07+00:00
step   2030 | loss 5.7704 | lr 3.00e-04 | grad 2.25 | tok/s 45429 | elapsed_h 0.281 | time 2026-06-07T16:02:09+00:00
step   2040 | loss 5.8418 | lr 3.00e-04 | grad 2.30 | tok/s 45309 | elapsed_h 0.282 | time 2026-06-07T16:02:11+00:00
step   2050 | loss 5.7562 | lr 3.00e-04 | grad 2.08 | tok/s 45223 | elapsed_h 0.282 | time 2026-06-07T16:02:13+00:00
step   2060 | loss 5.6974 | lr 3.00e-04 | grad 2.09 | tok/s 45061 | elapsed_h 0.283 | time 2026-06-07T16:02:15+00:00
step   2070 | loss 5.7906 | lr 3.00e-04 | grad 2.02 | tok/s 44811 | elapsed_h 0.283 | time 2026-06-07T16:02:16+00:00
step   2080 | loss 5.7078 | lr 3.00e-04 | grad 2.73 | tok/s 45086 | elapsed_h 0.284 | time 2026-06-07T16:02:18+00:00
step   2090 | loss 5.7638 | lr 3.00e-04 | grad 2.08 | tok/s 44682 | elapsed_h 0.284 | time 2026-06-07T16:02:20+00:00
step   2100 | loss 5.7906 | lr 3.00e-04 | grad 2.34 | tok/s 44617 | elapsed_h 0.285 | time 2026-06-07T16:02:22+00:00
step   2110 | loss 5.7550 | lr 3.00e-04 | grad 1.88 | tok/s 44439 | elapsed_h 0.285 | time 2026-06-07T16:02:24+00:00
step   2120 | loss 5.7014 | lr 3.00e-04 | grad 1.94 | tok/s 44398 | elapsed_h 0.286 | time 2026-06-07T16:02:26+00:00
step   2130 | loss 5.8047 | lr 3.00e-04 | grad 2.03 | tok/s 44285 | elapsed_h 0.286 | time 2026-06-07T16:02:27+00:00
step   2140 | loss 5.7437 | lr 3.00e-04 | grad 2.48 | tok/s 44173 | elapsed_h 0.287 | time 2026-06-07T16:02:29+00:00
step   2150 | loss 5.7035 | lr 3.00e-04 | grad 2.39 | tok/s 44091 | elapsed_h 0.287 | time 2026-06-07T16:02:31+00:00
step   2160 | loss 5.7023 | lr 3.00e-04 | grad 2.56 | tok/s 44034 | elapsed_h 0.288 | time 2026-06-07T16:02:33+00:00
step   2170 | loss 5.6585 | lr 3.00e-04 | grad 2.36 | tok/s 44036 | elapsed_h 0.288 | time 2026-06-07T16:02:35+00:00
step   2180 | loss 5.6329 | lr 3.00e-04 | grad 1.95 | tok/s 43833 | elapsed_h 0.289 | time 2026-06-07T16:02:37+00:00
step   2190 | loss 5.7618 | lr 3.00e-04 | grad 2.03 | tok/s 43660 | elapsed_h 0.289 | time 2026-06-07T16:02:39+00:00
step   2200 | loss 5.6878 | lr 3.00e-04 | grad 2.08 | tok/s 43689 | elapsed_h 0.290 | time 2026-06-07T16:02:41+00:00
step   2210 | loss 5.7003 | lr 3.00e-04 | grad 2.28 | tok/s 43569 | elapsed_h 0.290 | time 2026-06-07T16:02:43+00:00
step   2220 | loss 5.6942 | lr 3.00e-04 | grad 1.92 | tok/s 43547 | elapsed_h 0.291 | time 2026-06-07T16:02:44+00:00
step   2230 | loss 5.7478 | lr 3.00e-04 | grad 2.11 | tok/s 43403 | elapsed_h 0.291 | time 2026-06-07T16:02:46+00:00
FINAL_HELDOUT_CE: 8.4730
FINAL_HELDOUT_BPB: 3.2313

Training complete! Final step: 2234
FINAL_LOSS_LAST100: 5.8346
PEAK_MEMORY_MB: 8870
RESERVED_MEMORY_MB: 10698
