Using device: cuda
Output directory: paper/review/wl_lm/raw_gdn/leveltyped-gdn2-lm_100m_20260607_154529
Auto r_h_mode: none (level 0 has bounded/no W_h)
Tokenizer: p50k_base, vocab_size=50281
Model: Level typed-gdn2-lm, 145,579,008 parameters
Using schedule-free AdamW (lr=0.0003)

Starting training from step 0...
Batch size: 16, Chunk size: 512
Gradient accumulation: 1, Effective batch: 16

Time-based training: 17.5 min budget (from process start). Init took 9.1s, 1040.9s remaining for training.
step     10 | loss 10.8226 | lr 3.00e-04 | grad 8.31 | tok/s 7425 | elapsed_h 0.006 | time 2026-06-07T15:45:42+00:00
step     20 | loss 9.3396 | lr 3.00e-04 | grad 1.45 | tok/s 50291 | elapsed_h 0.006 | time 2026-06-07T15:45:44+00:00
step     30 | loss 8.3655 | lr 3.00e-04 | grad 1.16 | tok/s 50247 | elapsed_h 0.007 | time 2026-06-07T15:45:45+00:00
step     40 | loss 8.0172 | lr 3.00e-04 | grad 0.98 | tok/s 50171 | elapsed_h 0.007 | time 2026-06-07T15:45:47+00:00
step     50 | loss 7.8836 | lr 3.00e-04 | grad 1.28 | tok/s 50451 | elapsed_h 0.007 | time 2026-06-07T15:45:49+00:00
step     60 | loss 7.7578 | lr 3.00e-04 | grad 1.12 | tok/s 50345 | elapsed_h 0.008 | time 2026-06-07T15:45:50+00:00
step     70 | loss 7.6949 | lr 3.00e-04 | grad 1.43 | tok/s 50215 | elapsed_h 0.008 | time 2026-06-07T15:45:52+00:00
step     80 | loss 7.6078 | lr 3.00e-04 | grad 1.15 | tok/s 50249 | elapsed_h 0.009 | time 2026-06-07T15:45:54+00:00
step     90 | loss 7.5597 | lr 3.00e-04 | grad 1.20 | tok/s 50151 | elapsed_h 0.009 | time 2026-06-07T15:45:55+00:00
step    100 | loss 7.4870 | lr 3.00e-04 | grad 1.46 | tok/s 49909 | elapsed_h 0.010 | time 2026-06-07T15:45:57+00:00
step    110 | loss 7.4945 | lr 3.00e-04 | grad 1.32 | tok/s 49556 | elapsed_h 0.010 | time 2026-06-07T15:45:59+00:00
step    120 | loss 7.4532 | lr 3.00e-04 | grad 1.30 | tok/s 49774 | elapsed_h 0.011 | time 2026-06-07T15:46:00+00:00
step    130 | loss 7.3555 | lr 3.00e-04 | grad 1.24 | tok/s 49984 | elapsed_h 0.011 | time 2026-06-07T15:46:02+00:00
step    140 | loss 7.3980 | lr 3.00e-04 | grad 1.43 | tok/s 49759 | elapsed_h 0.012 | time 2026-06-07T15:46:04+00:00
step    150 | loss 7.3650 | lr 3.00e-04 | grad 1.28 | tok/s 49758 | elapsed_h 0.012 | time 2026-06-07T15:46:05+00:00
step    160 | loss 7.3315 | lr 3.00e-04 | grad 1.22 | tok/s 49680 | elapsed_h 0.012 | time 2026-06-07T15:46:07+00:00
step    170 | loss 7.2852 | lr 3.00e-04 | grad 1.23 | tok/s 49765 | elapsed_h 0.013 | time 2026-06-07T15:46:09+00:00
step    180 | loss 7.2657 | lr 3.00e-04 | grad 1.32 | tok/s 49630 | elapsed_h 0.013 | time 2026-06-07T15:46:10+00:00
step    190 | loss 7.2063 | lr 3.00e-04 | grad 1.31 | tok/s 49657 | elapsed_h 0.014 | time 2026-06-07T15:46:12+00:00
step    200 | loss 7.1690 | lr 3.00e-04 | grad 1.23 | tok/s 49814 | elapsed_h 0.014 | time 2026-06-07T15:46:14+00:00
step    210 | loss 7.2010 | lr 3.00e-04 | grad 2.50 | tok/s 49865 | elapsed_h 0.015 | time 2026-06-07T15:46:15+00:00
step    220 | loss 7.1353 | lr 3.00e-04 | grad 1.35 | tok/s 49677 | elapsed_h 0.015 | time 2026-06-07T15:46:17+00:00
step    230 | loss 7.1905 | lr 3.00e-04 | grad 1.55 | tok/s 49759 | elapsed_h 0.016 | time 2026-06-07T15:46:18+00:00
step    240 | loss 7.1174 | lr 3.00e-04 | grad 1.38 | tok/s 49700 | elapsed_h 0.016 | time 2026-06-07T15:46:20+00:00
step    250 | loss 7.0726 | lr 3.00e-04 | grad 1.56 | tok/s 49618 | elapsed_h 0.017 | time 2026-06-07T15:46:22+00:00
step    260 | loss 7.1560 | lr 3.00e-04 | grad 1.52 | tok/s 49236 | elapsed_h 0.017 | time 2026-06-07T15:46:23+00:00
step    270 | loss 7.0762 | lr 3.00e-04 | grad 1.29 | tok/s 49495 | elapsed_h 0.018 | time 2026-06-07T15:46:25+00:00
step    280 | loss 7.0590 | lr 3.00e-04 | grad 1.45 | tok/s 49030 | elapsed_h 0.018 | time 2026-06-07T15:46:27+00:00
step    290 | loss 7.0082 | lr 3.00e-04 | grad 1.42 | tok/s 48948 | elapsed_h 0.018 | time 2026-06-07T15:46:29+00:00
step    300 | loss 6.9698 | lr 3.00e-04 | grad 1.34 | tok/s 49079 | elapsed_h 0.019 | time 2026-06-07T15:46:30+00:00
step    310 | loss 6.9724 | lr 3.00e-04 | grad 1.36 | tok/s 48998 | elapsed_h 0.019 | time 2026-06-07T15:46:32+00:00
step    320 | loss 6.9432 | lr 3.00e-04 | grad 1.37 | tok/s 48908 | elapsed_h 0.020 | time 2026-06-07T15:46:34+00:00
step    330 | loss 6.9506 | lr 3.00e-04 | grad 1.42 | tok/s 48636 | elapsed_h 0.020 | time 2026-06-07T15:46:35+00:00
step    340 | loss 6.9427 | lr 3.00e-04 | grad 1.38 | tok/s 48697 | elapsed_h 0.021 | time 2026-06-07T15:46:37+00:00
step    350 | loss 6.8850 | lr 3.00e-04 | grad 2.12 | tok/s 48890 | elapsed_h 0.021 | time 2026-06-07T15:46:39+00:00
step    360 | loss 6.8786 | lr 3.00e-04 | grad 1.41 | tok/s 48927 | elapsed_h 0.022 | time 2026-06-07T15:46:40+00:00
step    370 | loss 6.9272 | lr 3.00e-04 | grad 1.62 | tok/s 49069 | elapsed_h 0.022 | time 2026-06-07T15:46:42+00:00
step    380 | loss 6.9451 | lr 3.00e-04 | grad 1.51 | tok/s 49095 | elapsed_h 0.023 | time 2026-06-07T15:46:44+00:00
step    390 | loss 6.7605 | lr 3.00e-04 | grad 1.33 | tok/s 49037 | elapsed_h 0.023 | time 2026-06-07T15:46:45+00:00
step    400 | loss 6.7640 | lr 3.00e-04 | grad 1.24 | tok/s 48903 | elapsed_h 0.024 | time 2026-06-07T15:46:47+00:00
step    410 | loss 6.7863 | lr 3.00e-04 | grad 1.31 | tok/s 48960 | elapsed_h 0.024 | time 2026-06-07T15:46:49+00:00
step    420 | loss 6.8448 | lr 3.00e-04 | grad 1.20 | tok/s 49004 | elapsed_h 0.025 | time 2026-06-07T15:46:50+00:00
step    430 | loss 6.8974 | lr 3.00e-04 | grad 1.29 | tok/s 48904 | elapsed_h 0.025 | time 2026-06-07T15:46:52+00:00
step    440 | loss 6.8084 | lr 3.00e-04 | grad 1.43 | tok/s 48882 | elapsed_h 0.026 | time 2026-06-07T15:46:54+00:00
step    450 | loss 6.7638 | lr 3.00e-04 | grad 1.24 | tok/s 48793 | elapsed_h 0.026 | time 2026-06-07T15:46:55+00:00
step    460 | loss 6.7964 | lr 3.00e-04 | grad 1.35 | tok/s 48806 | elapsed_h 0.026 | time 2026-06-07T15:46:57+00:00
step    470 | loss 6.7717 | lr 3.00e-04 | grad 1.35 | tok/s 48925 | elapsed_h 0.027 | time 2026-06-07T15:46:59+00:00
step    480 | loss 6.7121 | lr 3.00e-04 | grad 1.23 | tok/s 49171 | elapsed_h 0.027 | time 2026-06-07T15:47:01+00:00
step    490 | loss 6.7186 | lr 3.00e-04 | grad 1.56 | tok/s 49390 | elapsed_h 0.028 | time 2026-06-07T15:47:02+00:00
step    500 | loss 6.7625 | lr 3.00e-04 | grad 1.20 | tok/s 49452 | elapsed_h 0.028 | time 2026-06-07T15:47:04+00:00
  >>> validation loss: 8.8163
step    510 | loss 6.7002 | lr 3.00e-04 | grad 1.30 | tok/s 519 | elapsed_h 0.072 | time 2026-06-07T15:49:42+00:00
step    520 | loss 6.7240 | lr 3.00e-04 | grad 1.38 | tok/s 49972 | elapsed_h 0.073 | time 2026-06-07T15:49:44+00:00
step    530 | loss 6.6908 | lr 3.00e-04 | grad 1.40 | tok/s 49971 | elapsed_h 0.073 | time 2026-06-07T15:49:45+00:00
step    540 | loss 6.7229 | lr 3.00e-04 | grad 1.16 | tok/s 49917 | elapsed_h 0.074 | time 2026-06-07T15:49:47+00:00
step    550 | loss 6.5955 | lr 3.00e-04 | grad 1.18 | tok/s 49897 | elapsed_h 0.074 | time 2026-06-07T15:49:49+00:00
step    560 | loss 6.6854 | lr 3.00e-04 | grad 1.42 | tok/s 49798 | elapsed_h 0.075 | time 2026-06-07T15:49:50+00:00
step    570 | loss 6.6029 | lr 3.00e-04 | grad 1.30 | tok/s 49751 | elapsed_h 0.075 | time 2026-06-07T15:49:52+00:00
step    580 | loss 6.6851 | lr 3.00e-04 | grad 1.48 | tok/s 49684 | elapsed_h 0.075 | time 2026-06-07T15:49:54+00:00
step    590 | loss 6.6019 | lr 3.00e-04 | grad 1.17 | tok/s 49672 | elapsed_h 0.076 | time 2026-06-07T15:49:55+00:00
step    600 | loss 6.5824 | lr 3.00e-04 | grad 1.12 | tok/s 50142 | elapsed_h 0.076 | time 2026-06-07T15:49:57+00:00
step    610 | loss 6.5445 | lr 3.00e-04 | grad 1.12 | tok/s 49965 | elapsed_h 0.077 | time 2026-06-07T15:49:59+00:00
step    620 | loss 6.6258 | lr 3.00e-04 | grad 1.31 | tok/s 50021 | elapsed_h 0.077 | time 2026-06-07T15:50:00+00:00
step    630 | loss 6.6376 | lr 3.00e-04 | grad 1.10 | tok/s 50023 | elapsed_h 0.078 | time 2026-06-07T15:50:02+00:00
step    640 | loss 6.5114 | lr 3.00e-04 | grad 1.16 | tok/s 50016 | elapsed_h 0.078 | time 2026-06-07T15:50:04+00:00
step    650 | loss 6.6391 | lr 3.00e-04 | grad 1.27 | tok/s 49867 | elapsed_h 0.079 | time 2026-06-07T15:50:05+00:00
step    660 | loss 6.5136 | lr 3.00e-04 | grad 1.43 | tok/s 49984 | elapsed_h 0.079 | time 2026-06-07T15:50:07+00:00
step    670 | loss 6.5610 | lr 3.00e-04 | grad 1.21 | tok/s 49784 | elapsed_h 0.080 | time 2026-06-07T15:50:09+00:00
step    680 | loss 6.4457 | lr 3.00e-04 | grad 1.19 | tok/s 49667 | elapsed_h 0.080 | time 2026-06-07T15:50:10+00:00
step    690 | loss 6.5527 | lr 3.00e-04 | grad 1.27 | tok/s 49646 | elapsed_h 0.081 | time 2026-06-07T15:50:12+00:00
step    700 | loss 6.4547 | lr 3.00e-04 | grad 1.30 | tok/s 49750 | elapsed_h 0.081 | time 2026-06-07T15:50:14+00:00
step    710 | loss 6.5903 | lr 3.00e-04 | grad 1.14 | tok/s 49687 | elapsed_h 0.081 | time 2026-06-07T15:50:15+00:00
step    720 | loss 6.5087 | lr 3.00e-04 | grad 1.35 | tok/s 49745 | elapsed_h 0.082 | time 2026-06-07T15:50:17+00:00
step    730 | loss 6.5438 | lr 3.00e-04 | grad 1.22 | tok/s 49668 | elapsed_h 0.082 | time 2026-06-07T15:50:19+00:00
step    740 | loss 6.4422 | lr 3.00e-04 | grad 1.17 | tok/s 49531 | elapsed_h 0.083 | time 2026-06-07T15:50:20+00:00
step    750 | loss 6.4605 | lr 3.00e-04 | grad 1.10 | tok/s 49546 | elapsed_h 0.083 | time 2026-06-07T15:50:22+00:00
step    760 | loss 6.4260 | lr 3.00e-04 | grad 1.23 | tok/s 49590 | elapsed_h 0.084 | time 2026-06-07T15:50:24+00:00
step    770 | loss 6.4323 | lr 3.00e-04 | grad 1.20 | tok/s 49638 | elapsed_h 0.084 | time 2026-06-07T15:50:25+00:00
step    780 | loss 6.4603 | lr 3.00e-04 | grad 1.13 | tok/s 49565 | elapsed_h 0.085 | time 2026-06-07T15:50:27+00:00
step    790 | loss 6.4588 | lr 3.00e-04 | grad 1.44 | tok/s 49503 | elapsed_h 0.085 | time 2026-06-07T15:50:28+00:00
step    800 | loss 6.4745 | lr 3.00e-04 | grad 1.12 | tok/s 49527 | elapsed_h 0.086 | time 2026-06-07T15:50:30+00:00
step    810 | loss 6.3928 | lr 3.00e-04 | grad 1.46 | tok/s 49638 | elapsed_h 0.086 | time 2026-06-07T15:50:32+00:00
step    820 | loss 6.4487 | lr 3.00e-04 | grad 1.16 | tok/s 49721 | elapsed_h 0.087 | time 2026-06-07T15:50:33+00:00
step    830 | loss 6.4074 | lr 3.00e-04 | grad 1.20 | tok/s 49714 | elapsed_h 0.087 | time 2026-06-07T15:50:35+00:00
step    840 | loss 6.4555 | lr 3.00e-04 | grad 1.38 | tok/s 49702 | elapsed_h 0.087 | time 2026-06-07T15:50:37+00:00
step    850 | loss 6.4001 | lr 3.00e-04 | grad 1.09 | tok/s 49654 | elapsed_h 0.088 | time 2026-06-07T15:50:38+00:00
step    860 | loss 6.4055 | lr 3.00e-04 | grad 1.13 | tok/s 49590 | elapsed_h 0.088 | time 2026-06-07T15:50:40+00:00
step    870 | loss 6.4070 | lr 3.00e-04 | grad 1.12 | tok/s 49684 | elapsed_h 0.089 | time 2026-06-07T15:50:42+00:00
step    880 | loss 6.3620 | lr 3.00e-04 | grad 1.13 | tok/s 50258 | elapsed_h 0.089 | time 2026-06-07T15:50:43+00:00
step    890 | loss 6.4429 | lr 3.00e-04 | grad 1.38 | tok/s 50255 | elapsed_h 0.090 | time 2026-06-07T15:50:45+00:00
step    900 | loss 6.3444 | lr 3.00e-04 | grad 1.30 | tok/s 50212 | elapsed_h 0.090 | time 2026-06-07T15:50:47+00:00
step    910 | loss 6.3428 | lr 3.00e-04 | grad 1.35 | tok/s 50328 | elapsed_h 0.091 | time 2026-06-07T15:50:48+00:00
step    920 | loss 6.3883 | lr 3.00e-04 | grad 1.30 | tok/s 50263 | elapsed_h 0.091 | time 2026-06-07T15:50:50+00:00
step    930 | loss 6.3902 | lr 3.00e-04 | grad 1.34 | tok/s 50318 | elapsed_h 0.092 | time 2026-06-07T15:50:52+00:00
step    940 | loss 6.4085 | lr 3.00e-04 | grad 1.34 | tok/s 50041 | elapsed_h 0.092 | time 2026-06-07T15:50:53+00:00
step    950 | loss 6.3214 | lr 3.00e-04 | grad 1.36 | tok/s 50063 | elapsed_h 0.092 | time 2026-06-07T15:50:55+00:00
step    960 | loss 6.3048 | lr 3.00e-04 | grad 1.28 | tok/s 50174 | elapsed_h 0.093 | time 2026-06-07T15:50:57+00:00
step    970 | loss 6.3073 | lr 3.00e-04 | grad 1.10 | tok/s 50038 | elapsed_h 0.093 | time 2026-06-07T15:50:58+00:00
step    980 | loss 6.3101 | lr 3.00e-04 | grad 1.09 | tok/s 50032 | elapsed_h 0.094 | time 2026-06-07T15:51:00+00:00
step    990 | loss 6.2973 | lr 3.00e-04 | grad 1.19 | tok/s 49185 | elapsed_h 0.094 | time 2026-06-07T15:51:02+00:00
step   1000 | loss 6.4194 | lr 3.00e-04 | grad 1.23 | tok/s 48939 | elapsed_h 0.095 | time 2026-06-07T15:51:03+00:00
  >>> validation loss: 8.7950
step   1010 | loss 6.2520 | lr 3.00e-04 | grad 1.19 | tok/s 518 | elapsed_h 0.139 | time 2026-06-07T15:53:42+00:00
step   1020 | loss 6.2626 | lr 3.00e-04 | grad 1.18 | tok/s 51054 | elapsed_h 0.139 | time 2026-06-07T15:53:43+00:00
step   1030 | loss 6.3044 | lr 3.00e-04 | grad 1.34 | tok/s 50972 | elapsed_h 0.140 | time 2026-06-07T15:53:45+00:00
step   1040 | loss 6.2888 | lr 3.00e-04 | grad 1.16 | tok/s 50807 | elapsed_h 0.140 | time 2026-06-07T15:53:47+00:00
step   1050 | loss 6.3869 | lr 3.00e-04 | grad 1.43 | tok/s 50923 | elapsed_h 0.141 | time 2026-06-07T15:53:48+00:00
step   1060 | loss 6.2882 | lr 3.00e-04 | grad 1.18 | tok/s 50871 | elapsed_h 0.141 | time 2026-06-07T15:53:50+00:00
step   1070 | loss 6.1972 | lr 3.00e-04 | grad 1.14 | tok/s 50848 | elapsed_h 0.142 | time 2026-06-07T15:53:51+00:00
step   1080 | loss 6.2733 | lr 3.00e-04 | grad 1.34 | tok/s 50907 | elapsed_h 0.142 | time 2026-06-07T15:53:53+00:00
step   1090 | loss 6.2505 | lr 3.00e-04 | grad 1.09 | tok/s 50912 | elapsed_h 0.142 | time 2026-06-07T15:53:55+00:00
step   1100 | loss 6.3189 | lr 3.00e-04 | grad 1.12 | tok/s 50791 | elapsed_h 0.143 | time 2026-06-07T15:53:56+00:00
step   1110 | loss 6.2448 | lr 3.00e-04 | grad 1.30 | tok/s 50709 | elapsed_h 0.143 | time 2026-06-07T15:53:58+00:00
step   1120 | loss 6.1440 | lr 3.00e-04 | grad 1.22 | tok/s 50298 | elapsed_h 0.144 | time 2026-06-07T15:54:00+00:00
step   1130 | loss 6.1834 | lr 3.00e-04 | grad 1.13 | tok/s 50385 | elapsed_h 0.144 | time 2026-06-07T15:54:01+00:00
step   1140 | loss 6.1609 | lr 3.00e-04 | grad 1.12 | tok/s 50622 | elapsed_h 0.145 | time 2026-06-07T15:54:03+00:00
step   1150 | loss 6.3359 | lr 3.00e-04 | grad 1.44 | tok/s 50500 | elapsed_h 0.145 | time 2026-06-07T15:54:04+00:00
step   1160 | loss 6.2111 | lr 3.00e-04 | grad 1.41 | tok/s 50407 | elapsed_h 0.146 | time 2026-06-07T15:54:06+00:00
step   1170 | loss 6.2147 | lr 3.00e-04 | grad 1.12 | tok/s 50554 | elapsed_h 0.146 | time 2026-06-07T15:54:08+00:00
step   1180 | loss 6.2189 | lr 3.00e-04 | grad 1.24 | tok/s 50442 | elapsed_h 0.146 | time 2026-06-07T15:54:09+00:00
step   1190 | loss 6.2101 | lr 3.00e-04 | grad 1.10 | tok/s 50342 | elapsed_h 0.147 | time 2026-06-07T15:54:11+00:00
step   1200 | loss 6.1871 | lr 3.00e-04 | grad 1.12 | tok/s 50278 | elapsed_h 0.147 | time 2026-06-07T15:54:13+00:00
step   1210 | loss 6.2459 | lr 3.00e-04 | grad 1.40 | tok/s 50216 | elapsed_h 0.148 | time 2026-06-07T15:54:14+00:00
step   1220 | loss 6.2234 | lr 3.00e-04 | grad 1.39 | tok/s 50255 | elapsed_h 0.148 | time 2026-06-07T15:54:16+00:00
step   1230 | loss 6.1992 | lr 3.00e-04 | grad 1.34 | tok/s 50327 | elapsed_h 0.149 | time 2026-06-07T15:54:18+00:00
step   1240 | loss 6.1891 | lr 3.00e-04 | grad 1.27 | tok/s 50234 | elapsed_h 0.149 | time 2026-06-07T15:54:19+00:00
step   1250 | loss 6.1609 | lr 3.00e-04 | grad 1.35 | tok/s 50265 | elapsed_h 0.150 | time 2026-06-07T15:54:21+00:00
step   1260 | loss 6.2293 | lr 3.00e-04 | grad 1.46 | tok/s 50281 | elapsed_h 0.150 | time 2026-06-07T15:54:22+00:00
step   1270 | loss 6.2913 | lr 3.00e-04 | grad 1.17 | tok/s 50187 | elapsed_h 0.151 | time 2026-06-07T15:54:24+00:00
step   1280 | loss 6.2504 | lr 3.00e-04 | grad 1.20 | tok/s 50281 | elapsed_h 0.151 | time 2026-06-07T15:54:26+00:00
step   1290 | loss 6.1836 | lr 3.00e-04 | grad 1.16 | tok/s 50351 | elapsed_h 0.152 | time 2026-06-07T15:54:27+00:00
step   1300 | loss 6.2547 | lr 3.00e-04 | grad 1.30 | tok/s 50199 | elapsed_h 0.152 | time 2026-06-07T15:54:29+00:00
step   1310 | loss 6.1272 | lr 3.00e-04 | grad 1.23 | tok/s 50230 | elapsed_h 0.152 | time 2026-06-07T15:54:31+00:00
step   1320 | loss 6.1455 | lr 3.00e-04 | grad 1.30 | tok/s 50201 | elapsed_h 0.153 | time 2026-06-07T15:54:32+00:00
step   1330 | loss 6.0694 | lr 3.00e-04 | grad 1.35 | tok/s 50126 | elapsed_h 0.153 | time 2026-06-07T15:54:34+00:00
step   1340 | loss 6.1961 | lr 3.00e-04 | grad 1.20 | tok/s 50115 | elapsed_h 0.154 | time 2026-06-07T15:54:36+00:00
step   1350 | loss 6.1933 | lr 3.00e-04 | grad 1.46 | tok/s 50258 | elapsed_h 0.154 | time 2026-06-07T15:54:37+00:00
step   1360 | loss 6.1093 | lr 3.00e-04 | grad 1.19 | tok/s 50015 | elapsed_h 0.155 | time 2026-06-07T15:54:39+00:00
step   1370 | loss 6.0454 | lr 3.00e-04 | grad 1.29 | tok/s 50077 | elapsed_h 0.155 | time 2026-06-07T15:54:41+00:00
step   1380 | loss 6.1795 | lr 3.00e-04 | grad 1.62 | tok/s 50098 | elapsed_h 0.156 | time 2026-06-07T15:54:42+00:00
step   1390 | loss 6.1937 | lr 3.00e-04 | grad 1.30 | tok/s 50128 | elapsed_h 0.156 | time 2026-06-07T15:54:44+00:00
step   1400 | loss 6.1776 | lr 3.00e-04 | grad 1.22 | tok/s 50079 | elapsed_h 0.157 | time 2026-06-07T15:54:45+00:00
step   1410 | loss 6.0585 | lr 3.00e-04 | grad 1.16 | tok/s 50036 | elapsed_h 0.157 | time 2026-06-07T15:54:47+00:00
step   1420 | loss 6.1680 | lr 3.00e-04 | grad 1.33 | tok/s 49999 | elapsed_h 0.157 | time 2026-06-07T15:54:49+00:00
step   1430 | loss 6.0462 | lr 3.00e-04 | grad 1.19 | tok/s 50045 | elapsed_h 0.158 | time 2026-06-07T15:54:50+00:00
step   1440 | loss 6.1916 | lr 3.00e-04 | grad 1.20 | tok/s 50061 | elapsed_h 0.158 | time 2026-06-07T15:54:52+00:00
step   1450 | loss 6.1928 | lr 3.00e-04 | grad 1.51 | tok/s 50069 | elapsed_h 0.159 | time 2026-06-07T15:54:54+00:00
step   1460 | loss 6.2018 | lr 3.00e-04 | grad 1.28 | tok/s 50018 | elapsed_h 0.159 | time 2026-06-07T15:54:55+00:00
step   1470 | loss 6.1097 | lr 3.00e-04 | grad 1.33 | tok/s 50100 | elapsed_h 0.160 | time 2026-06-07T15:54:57+00:00
step   1480 | loss 6.1023 | lr 3.00e-04 | grad 1.29 | tok/s 43613 | elapsed_h 0.160 | time 2026-06-07T15:54:59+00:00
step   1490 | loss 6.0902 | lr 3.00e-04 | grad 1.26 | tok/s 49986 | elapsed_h 0.161 | time 2026-06-07T15:55:01+00:00
step   1500 | loss 6.1586 | lr 3.00e-04 | grad 1.26 | tok/s 50086 | elapsed_h 0.161 | time 2026-06-07T15:55:02+00:00
  >>> validation loss: 8.5875
step   1510 | loss 6.2032 | lr 3.00e-04 | grad 1.38 | tok/s 518 | elapsed_h 0.205 | time 2026-06-07T15:57:41+00:00
step   1520 | loss 6.1442 | lr 3.00e-04 | grad 1.45 | tok/s 50897 | elapsed_h 0.206 | time 2026-06-07T15:57:42+00:00
step   1530 | loss 6.0491 | lr 3.00e-04 | grad 1.12 | tok/s 50855 | elapsed_h 0.206 | time 2026-06-07T15:57:44+00:00
step   1540 | loss 6.0921 | lr 3.00e-04 | grad 1.22 | tok/s 50749 | elapsed_h 0.207 | time 2026-06-07T15:57:45+00:00
step   1550 | loss 6.1669 | lr 3.00e-04 | grad 1.21 | tok/s 50772 | elapsed_h 0.207 | time 2026-06-07T15:57:47+00:00
step   1560 | loss 6.0354 | lr 3.00e-04 | grad 1.34 | tok/s 50893 | elapsed_h 0.207 | time 2026-06-07T15:57:49+00:00
step   1570 | loss 6.1301 | lr 3.00e-04 | grad 1.36 | tok/s 50858 | elapsed_h 0.208 | time 2026-06-07T15:57:50+00:00
step   1580 | loss 6.0642 | lr 3.00e-04 | grad 1.30 | tok/s 50667 | elapsed_h 0.208 | time 2026-06-07T15:57:52+00:00
step   1590 | loss 6.0882 | lr 3.00e-04 | grad 1.49 | tok/s 50592 | elapsed_h 0.209 | time 2026-06-07T15:57:54+00:00
step   1600 | loss 6.1794 | lr 3.00e-04 | grad 1.57 | tok/s 50561 | elapsed_h 0.209 | time 2026-06-07T15:57:55+00:00
step   1610 | loss 6.1348 | lr 3.00e-04 | grad 1.42 | tok/s 50685 | elapsed_h 0.210 | time 2026-06-07T15:57:57+00:00
step   1620 | loss 6.1343 | lr 3.00e-04 | grad 1.55 | tok/s 50520 | elapsed_h 0.210 | time 2026-06-07T15:57:58+00:00
step   1630 | loss 6.0550 | lr 3.00e-04 | grad 1.26 | tok/s 50332 | elapsed_h 0.211 | time 2026-06-07T15:58:00+00:00
step   1640 | loss 6.0592 | lr 3.00e-04 | grad 1.45 | tok/s 50376 | elapsed_h 0.211 | time 2026-06-07T15:58:02+00:00
step   1650 | loss 6.0468 | lr 3.00e-04 | grad 1.19 | tok/s 50509 | elapsed_h 0.212 | time 2026-06-07T15:58:03+00:00
step   1660 | loss 6.0736 | lr 3.00e-04 | grad 1.28 | tok/s 50441 | elapsed_h 0.212 | time 2026-06-07T15:58:05+00:00
step   1670 | loss 6.1024 | lr 3.00e-04 | grad 1.20 | tok/s 50328 | elapsed_h 0.212 | time 2026-06-07T15:58:07+00:00
step   1680 | loss 5.9844 | lr 3.00e-04 | grad 1.36 | tok/s 50355 | elapsed_h 0.213 | time 2026-06-07T15:58:08+00:00
step   1690 | loss 6.0170 | lr 3.00e-04 | grad 1.48 | tok/s 50255 | elapsed_h 0.213 | time 2026-06-07T15:58:10+00:00
step   1700 | loss 6.0686 | lr 3.00e-04 | grad 1.57 | tok/s 50288 | elapsed_h 0.214 | time 2026-06-07T15:58:12+00:00
step   1710 | loss 6.0075 | lr 3.00e-04 | grad 1.17 | tok/s 50241 | elapsed_h 0.214 | time 2026-06-07T15:58:13+00:00
step   1720 | loss 6.0436 | lr 3.00e-04 | grad 1.27 | tok/s 50241 | elapsed_h 0.215 | time 2026-06-07T15:58:15+00:00
step   1730 | loss 6.0455 | lr 3.00e-04 | grad 1.43 | tok/s 50069 | elapsed_h 0.215 | time 2026-06-07T15:58:16+00:00
step   1740 | loss 6.0364 | lr 3.00e-04 | grad 1.38 | tok/s 50213 | elapsed_h 0.216 | time 2026-06-07T15:58:18+00:00
step   1750 | loss 6.0281 | lr 3.00e-04 | grad 1.22 | tok/s 50142 | elapsed_h 0.216 | time 2026-06-07T15:58:20+00:00
step   1760 | loss 5.9298 | lr 3.00e-04 | grad 1.23 | tok/s 50150 | elapsed_h 0.217 | time 2026-06-07T15:58:21+00:00
step   1770 | loss 5.9874 | lr 3.00e-04 | grad 1.30 | tok/s 50132 | elapsed_h 0.217 | time 2026-06-07T15:58:23+00:00
step   1780 | loss 6.0571 | lr 3.00e-04 | grad 1.51 | tok/s 50235 | elapsed_h 0.217 | time 2026-06-07T15:58:25+00:00
step   1790 | loss 6.0427 | lr 3.00e-04 | grad 1.34 | tok/s 49465 | elapsed_h 0.218 | time 2026-06-07T15:58:26+00:00
step   1800 | loss 6.0228 | lr 3.00e-04 | grad 1.38 | tok/s 50058 | elapsed_h 0.218 | time 2026-06-07T15:58:28+00:00
step   1810 | loss 6.0981 | lr 3.00e-04 | grad 1.38 | tok/s 49922 | elapsed_h 0.219 | time 2026-06-07T15:58:30+00:00
step   1820 | loss 6.0142 | lr 3.00e-04 | grad 1.68 | tok/s 49921 | elapsed_h 0.219 | time 2026-06-07T15:58:31+00:00
step   1830 | loss 5.9307 | lr 3.00e-04 | grad 1.27 | tok/s 49919 | elapsed_h 0.220 | time 2026-06-07T15:58:33+00:00
step   1840 | loss 5.9300 | lr 3.00e-04 | grad 1.53 | tok/s 49869 | elapsed_h 0.220 | time 2026-06-07T15:58:35+00:00
step   1850 | loss 5.9896 | lr 3.00e-04 | grad 1.16 | tok/s 49888 | elapsed_h 0.221 | time 2026-06-07T15:58:36+00:00
step   1860 | loss 5.9620 | lr 3.00e-04 | grad 1.23 | tok/s 49859 | elapsed_h 0.221 | time 2026-06-07T15:58:38+00:00
step   1870 | loss 5.9057 | lr 3.00e-04 | grad 1.45 | tok/s 49741 | elapsed_h 0.222 | time 2026-06-07T15:58:40+00:00
step   1880 | loss 6.0517 | lr 3.00e-04 | grad 1.39 | tok/s 49252 | elapsed_h 0.222 | time 2026-06-07T15:58:41+00:00
step   1890 | loss 6.0075 | lr 3.00e-04 | grad 1.30 | tok/s 49798 | elapsed_h 0.222 | time 2026-06-07T15:58:43+00:00
step   1900 | loss 5.8898 | lr 3.00e-04 | grad 1.35 | tok/s 49484 | elapsed_h 0.223 | time 2026-06-07T15:58:45+00:00
step   1910 | loss 6.0195 | lr 3.00e-04 | grad 1.47 | tok/s 49742 | elapsed_h 0.223 | time 2026-06-07T15:58:46+00:00
step   1920 | loss 6.0489 | lr 3.00e-04 | grad 1.32 | tok/s 49949 | elapsed_h 0.224 | time 2026-06-07T15:58:48+00:00
step   1930 | loss 5.9472 | lr 3.00e-04 | grad 1.29 | tok/s 49655 | elapsed_h 0.224 | time 2026-06-07T15:58:50+00:00
step   1940 | loss 5.9266 | lr 3.00e-04 | grad 1.41 | tok/s 50010 | elapsed_h 0.225 | time 2026-06-07T15:58:51+00:00
step   1950 | loss 5.9582 | lr 3.00e-04 | grad 1.52 | tok/s 50052 | elapsed_h 0.225 | time 2026-06-07T15:58:53+00:00
step   1960 | loss 6.0516 | lr 3.00e-04 | grad 1.31 | tok/s 49061 | elapsed_h 0.226 | time 2026-06-07T15:58:55+00:00
step   1970 | loss 5.9107 | lr 3.00e-04 | grad 1.32 | tok/s 49196 | elapsed_h 0.226 | time 2026-06-07T15:58:56+00:00
step   1980 | loss 6.0032 | lr 3.00e-04 | grad 1.55 | tok/s 49698 | elapsed_h 0.227 | time 2026-06-07T15:58:58+00:00
step   1990 | loss 5.9917 | lr 3.00e-04 | grad 1.30 | tok/s 49783 | elapsed_h 0.227 | time 2026-06-07T15:59:00+00:00
step   2000 | loss 6.0252 | lr 3.00e-04 | grad 2.08 | tok/s 49970 | elapsed_h 0.228 | time 2026-06-07T15:59:01+00:00
  >>> validation loss: 8.5341
step   2010 | loss 5.8969 | lr 3.00e-04 | grad 1.21 | tok/s 516 | elapsed_h 0.272 | time 2026-06-07T16:01:40+00:00
step   2020 | loss 6.0276 | lr 3.00e-04 | grad 1.73 | tok/s 50102 | elapsed_h 0.272 | time 2026-06-07T16:01:42+00:00
step   2030 | loss 5.9941 | lr 3.00e-04 | grad 1.35 | tok/s 50181 | elapsed_h 0.273 | time 2026-06-07T16:01:44+00:00
step   2040 | loss 5.8744 | lr 3.00e-04 | grad 1.48 | tok/s 50175 | elapsed_h 0.273 | time 2026-06-07T16:01:45+00:00
step   2050 | loss 5.9749 | lr 3.00e-04 | grad 1.33 | tok/s 50012 | elapsed_h 0.274 | time 2026-06-07T16:01:47+00:00
step   2060 | loss 5.8981 | lr 3.00e-04 | grad 1.29 | tok/s 50044 | elapsed_h 0.274 | time 2026-06-07T16:01:49+00:00
step   2070 | loss 5.9386 | lr 3.00e-04 | grad 1.41 | tok/s 50001 | elapsed_h 0.275 | time 2026-06-07T16:01:50+00:00
step   2080 | loss 5.9450 | lr 3.00e-04 | grad 1.63 | tok/s 49978 | elapsed_h 0.275 | time 2026-06-07T16:01:52+00:00
step   2090 | loss 5.9850 | lr 3.00e-04 | grad 1.38 | tok/s 49999 | elapsed_h 0.275 | time 2026-06-07T16:01:54+00:00
step   2100 | loss 5.8612 | lr 3.00e-04 | grad 1.44 | tok/s 49969 | elapsed_h 0.276 | time 2026-06-07T16:01:55+00:00
step   2110 | loss 5.9788 | lr 3.00e-04 | grad 1.73 | tok/s 49915 | elapsed_h 0.276 | time 2026-06-07T16:01:57+00:00
step   2120 | loss 5.9494 | lr 3.00e-04 | grad 1.18 | tok/s 49925 | elapsed_h 0.277 | time 2026-06-07T16:01:58+00:00
step   2130 | loss 5.8954 | lr 3.00e-04 | grad 1.66 | tok/s 49904 | elapsed_h 0.277 | time 2026-06-07T16:02:00+00:00
step   2140 | loss 5.8754 | lr 3.00e-04 | grad 1.23 | tok/s 49501 | elapsed_h 0.278 | time 2026-06-07T16:02:02+00:00
step   2150 | loss 5.8998 | lr 3.00e-04 | grad 1.22 | tok/s 49507 | elapsed_h 0.278 | time 2026-06-07T16:02:03+00:00
step   2160 | loss 5.8281 | lr 3.00e-04 | grad 1.34 | tok/s 49886 | elapsed_h 0.279 | time 2026-06-07T16:02:05+00:00
step   2170 | loss 5.8828 | lr 3.00e-04 | grad 1.52 | tok/s 50096 | elapsed_h 0.279 | time 2026-06-07T16:02:07+00:00
step   2180 | loss 5.8836 | lr 3.00e-04 | grad 1.48 | tok/s 49906 | elapsed_h 0.280 | time 2026-06-07T16:02:08+00:00
step   2190 | loss 5.8689 | lr 3.00e-04 | grad 1.60 | tok/s 50081 | elapsed_h 0.280 | time 2026-06-07T16:02:10+00:00
step   2200 | loss 5.9087 | lr 3.00e-04 | grad 1.29 | tok/s 50190 | elapsed_h 0.280 | time 2026-06-07T16:02:12+00:00
step   2210 | loss 5.9198 | lr 3.00e-04 | grad 1.27 | tok/s 49792 | elapsed_h 0.281 | time 2026-06-07T16:02:13+00:00
step   2220 | loss 5.8901 | lr 3.00e-04 | grad 1.45 | tok/s 49857 | elapsed_h 0.281 | time 2026-06-07T16:02:15+00:00
step   2230 | loss 5.9590 | lr 3.00e-04 | grad 1.41 | tok/s 49973 | elapsed_h 0.282 | time 2026-06-07T16:02:17+00:00
step   2240 | loss 5.8449 | lr 3.00e-04 | grad 1.42 | tok/s 49979 | elapsed_h 0.282 | time 2026-06-07T16:02:18+00:00
step   2250 | loss 5.8893 | lr 3.00e-04 | grad 1.40 | tok/s 49429 | elapsed_h 0.283 | time 2026-06-07T16:02:20+00:00
step   2260 | loss 5.8119 | lr 3.00e-04 | grad 1.38 | tok/s 49431 | elapsed_h 0.283 | time 2026-06-07T16:02:22+00:00
step   2270 | loss 5.8863 | lr 3.00e-04 | grad 1.53 | tok/s 49537 | elapsed_h 0.284 | time 2026-06-07T16:02:23+00:00
step   2280 | loss 5.8660 | lr 3.00e-04 | grad 1.60 | tok/s 49593 | elapsed_h 0.284 | time 2026-06-07T16:02:25+00:00
step   2290 | loss 5.9681 | lr 3.00e-04 | grad 1.36 | tok/s 49618 | elapsed_h 0.285 | time 2026-06-07T16:02:27+00:00
step   2300 | loss 5.9090 | lr 3.00e-04 | grad 1.45 | tok/s 49509 | elapsed_h 0.285 | time 2026-06-07T16:02:28+00:00
step   2310 | loss 5.9851 | lr 3.00e-04 | grad 1.59 | tok/s 49581 | elapsed_h 0.286 | time 2026-06-07T16:02:30+00:00
step   2320 | loss 5.9046 | lr 3.00e-04 | grad 1.54 | tok/s 49479 | elapsed_h 0.286 | time 2026-06-07T16:02:32+00:00
step   2330 | loss 5.8057 | lr 3.00e-04 | grad 1.24 | tok/s 49129 | elapsed_h 0.286 | time 2026-06-07T16:02:33+00:00
step   2340 | loss 5.8931 | lr 3.00e-04 | grad 1.69 | tok/s 49434 | elapsed_h 0.287 | time 2026-06-07T16:02:35+00:00
step   2350 | loss 5.8502 | lr 3.00e-04 | grad 1.33 | tok/s 49527 | elapsed_h 0.287 | time 2026-06-07T16:02:37+00:00
step   2360 | loss 5.8439 | lr 3.00e-04 | grad 1.52 | tok/s 49472 | elapsed_h 0.288 | time 2026-06-07T16:02:38+00:00
step   2370 | loss 5.8919 | lr 3.00e-04 | grad 1.92 | tok/s 49074 | elapsed_h 0.288 | time 2026-06-07T16:02:40+00:00
step   2380 | loss 5.8575 | lr 3.00e-04 | grad 1.36 | tok/s 49084 | elapsed_h 0.289 | time 2026-06-07T16:02:42+00:00
step   2390 | loss 5.8599 | lr 3.00e-04 | grad 1.23 | tok/s 49061 | elapsed_h 0.289 | time 2026-06-07T16:02:43+00:00
step   2400 | loss 5.8894 | lr 3.00e-04 | grad 1.59 | tok/s 49220 | elapsed_h 0.290 | time 2026-06-07T16:02:45+00:00
step   2410 | loss 5.8537 | lr 3.00e-04 | grad 1.38 | tok/s 49301 | elapsed_h 0.290 | time 2026-06-07T16:02:47+00:00
step   2420 | loss 5.9540 | lr 3.00e-04 | grad 1.39 | tok/s 49210 | elapsed_h 0.291 | time 2026-06-07T16:02:48+00:00
step   2430 | loss 5.8107 | lr 3.00e-04 | grad 1.41 | tok/s 49143 | elapsed_h 0.291 | time 2026-06-07T16:02:50+00:00
step   2440 | loss 5.8896 | lr 3.00e-04 | grad 1.41 | tok/s 49589 | elapsed_h 0.292 | time 2026-06-07T16:02:52+00:00
FINAL_HELDOUT_CE: 8.5786
FINAL_HELDOUT_BPB: 3.2716

Training complete! Final step: 2442
FINAL_LOSS_LAST100: 5.9815
PEAK_MEMORY_MB: 9115
RESERVED_MEMORY_MB: 11026
