Using device: cuda
Output directory: paper/review/wl_lm/raw_gdnneg/leveltyped-gdn2-lm_100m_20260607_154535
Auto r_h_mode: none (level 0 has bounded/no W_h)
Tokenizer: p50k_base, vocab_size=50281
Model: Level typed-gdn2-lm, 145,579,008 parameters
Using schedule-free AdamW (lr=0.0003)

Starting training from step 0...
Batch size: 16, Chunk size: 512
Gradient accumulation: 1, Effective batch: 16

Time-based training: 17.5 min budget (from process start). Init took 10.0s, 1040.0s remaining for training.
step     10 | loss 10.8607 | lr 3.00e-04 | grad 12.25 | tok/s 8270 | elapsed_h 0.006 | time 2026-06-07T15:45:47+00:00
step     20 | loss 9.6678 | lr 3.00e-04 | grad 1.75 | tok/s 49407 | elapsed_h 0.006 | time 2026-06-07T15:45:49+00:00
step     30 | loss 8.5139 | lr 3.00e-04 | grad 1.25 | tok/s 49766 | elapsed_h 0.006 | time 2026-06-07T15:45:50+00:00
step     40 | loss 8.1191 | lr 3.00e-04 | grad 0.87 | tok/s 49900 | elapsed_h 0.007 | time 2026-06-07T15:45:52+00:00
step     50 | loss 7.9551 | lr 3.00e-04 | grad 1.20 | tok/s 49803 | elapsed_h 0.007 | time 2026-06-07T15:45:54+00:00
step     60 | loss 7.8124 | lr 3.00e-04 | grad 1.30 | tok/s 49892 | elapsed_h 0.008 | time 2026-06-07T15:45:55+00:00
step     70 | loss 7.7642 | lr 3.00e-04 | grad 1.98 | tok/s 49579 | elapsed_h 0.008 | time 2026-06-07T15:45:57+00:00
step     80 | loss 7.6858 | lr 3.00e-04 | grad 1.36 | tok/s 49746 | elapsed_h 0.009 | time 2026-06-07T15:45:59+00:00
step     90 | loss 7.6452 | lr 3.00e-04 | grad 1.59 | tok/s 49625 | elapsed_h 0.009 | time 2026-06-07T15:46:00+00:00
step    100 | loss 7.5778 | lr 3.00e-04 | grad 1.85 | tok/s 49518 | elapsed_h 0.010 | time 2026-06-07T15:46:02+00:00
step    110 | loss 7.5821 | lr 3.00e-04 | grad 1.73 | tok/s 49471 | elapsed_h 0.010 | time 2026-06-07T15:46:04+00:00
step    120 | loss 7.5493 | lr 3.00e-04 | grad 1.74 | tok/s 49347 | elapsed_h 0.011 | time 2026-06-07T15:46:05+00:00
step    130 | loss 7.4506 | lr 3.00e-04 | grad 1.64 | tok/s 49399 | elapsed_h 0.011 | time 2026-06-07T15:46:07+00:00
step    140 | loss 7.4979 | lr 3.00e-04 | grad 1.74 | tok/s 49522 | elapsed_h 0.012 | time 2026-06-07T15:46:09+00:00
step    150 | loss 7.4705 | lr 3.00e-04 | grad 1.68 | tok/s 49106 | elapsed_h 0.012 | time 2026-06-07T15:46:10+00:00
step    160 | loss 7.4348 | lr 3.00e-04 | grad 1.62 | tok/s 49225 | elapsed_h 0.012 | time 2026-06-07T15:46:12+00:00
step    170 | loss 7.3942 | lr 3.00e-04 | grad 1.64 | tok/s 47786 | elapsed_h 0.013 | time 2026-06-07T15:46:14+00:00
step    180 | loss 7.3773 | lr 3.00e-04 | grad 1.70 | tok/s 48082 | elapsed_h 0.013 | time 2026-06-07T15:46:15+00:00
step    190 | loss 7.3219 | lr 3.00e-04 | grad 1.66 | tok/s 48121 | elapsed_h 0.014 | time 2026-06-07T15:46:17+00:00
step    200 | loss 7.2827 | lr 3.00e-04 | grad 1.58 | tok/s 48211 | elapsed_h 0.014 | time 2026-06-07T15:46:19+00:00
step    210 | loss 7.3269 | lr 3.00e-04 | grad 2.70 | tok/s 48258 | elapsed_h 0.015 | time 2026-06-07T15:46:20+00:00
step    220 | loss 7.2582 | lr 3.00e-04 | grad 1.68 | tok/s 48359 | elapsed_h 0.015 | time 2026-06-07T15:46:22+00:00
step    230 | loss 7.3151 | lr 3.00e-04 | grad 1.85 | tok/s 48851 | elapsed_h 0.016 | time 2026-06-07T15:46:24+00:00
step    240 | loss 7.2389 | lr 3.00e-04 | grad 1.66 | tok/s 48959 | elapsed_h 0.016 | time 2026-06-07T15:46:26+00:00
step    250 | loss 7.1965 | lr 3.00e-04 | grad 1.79 | tok/s 48720 | elapsed_h 0.017 | time 2026-06-07T15:46:27+00:00
step    260 | loss 7.2857 | lr 3.00e-04 | grad 1.78 | tok/s 48114 | elapsed_h 0.017 | time 2026-06-07T15:46:29+00:00
step    270 | loss 7.2108 | lr 3.00e-04 | grad 1.60 | tok/s 47917 | elapsed_h 0.018 | time 2026-06-07T15:46:31+00:00
step    280 | loss 7.2007 | lr 3.00e-04 | grad 1.80 | tok/s 48031 | elapsed_h 0.018 | time 2026-06-07T15:46:32+00:00
step    290 | loss 7.1453 | lr 3.00e-04 | grad 1.77 | tok/s 48207 | elapsed_h 0.019 | time 2026-06-07T15:46:34+00:00
step    300 | loss 7.1163 | lr 3.00e-04 | grad 1.60 | tok/s 47926 | elapsed_h 0.019 | time 2026-06-07T15:46:36+00:00
step    310 | loss 7.1140 | lr 3.00e-04 | grad 1.64 | tok/s 48164 | elapsed_h 0.020 | time 2026-06-07T15:46:37+00:00
step    320 | loss 7.0909 | lr 3.00e-04 | grad 1.71 | tok/s 48193 | elapsed_h 0.020 | time 2026-06-07T15:46:39+00:00
step    330 | loss 7.1015 | lr 3.00e-04 | grad 1.79 | tok/s 48363 | elapsed_h 0.021 | time 2026-06-07T15:46:41+00:00
step    340 | loss 7.0936 | lr 3.00e-04 | grad 1.70 | tok/s 48094 | elapsed_h 0.021 | time 2026-06-07T15:46:43+00:00
step    350 | loss 7.0447 | lr 3.00e-04 | grad 2.44 | tok/s 48200 | elapsed_h 0.021 | time 2026-06-07T15:46:44+00:00
step    360 | loss 7.0377 | lr 3.00e-04 | grad 1.70 | tok/s 48132 | elapsed_h 0.022 | time 2026-06-07T15:46:46+00:00
step    370 | loss 7.0817 | lr 3.00e-04 | grad 1.93 | tok/s 48048 | elapsed_h 0.022 | time 2026-06-07T15:46:48+00:00
step    380 | loss 7.1064 | lr 3.00e-04 | grad 2.03 | tok/s 47943 | elapsed_h 0.023 | time 2026-06-07T15:46:49+00:00
step    390 | loss 6.9259 | lr 3.00e-04 | grad 1.75 | tok/s 47890 | elapsed_h 0.023 | time 2026-06-07T15:46:51+00:00
step    400 | loss 6.9350 | lr 3.00e-04 | grad 1.59 | tok/s 47969 | elapsed_h 0.024 | time 2026-06-07T15:46:53+00:00
step    410 | loss 6.9527 | lr 3.00e-04 | grad 1.63 | tok/s 47931 | elapsed_h 0.024 | time 2026-06-07T15:46:55+00:00
step    420 | loss 7.0149 | lr 3.00e-04 | grad 1.52 | tok/s 48032 | elapsed_h 0.025 | time 2026-06-07T15:46:56+00:00
step    430 | loss 7.0582 | lr 3.00e-04 | grad 1.62 | tok/s 47272 | elapsed_h 0.025 | time 2026-06-07T15:46:58+00:00
step    440 | loss 6.9670 | lr 3.00e-04 | grad 1.74 | tok/s 47392 | elapsed_h 0.026 | time 2026-06-07T15:47:00+00:00
step    450 | loss 6.9345 | lr 3.00e-04 | grad 1.60 | tok/s 47708 | elapsed_h 0.026 | time 2026-06-07T15:47:02+00:00
step    460 | loss 6.9716 | lr 3.00e-04 | grad 1.59 | tok/s 47743 | elapsed_h 0.027 | time 2026-06-07T15:47:03+00:00
step    470 | loss 6.9450 | lr 3.00e-04 | grad 1.66 | tok/s 47712 | elapsed_h 0.027 | time 2026-06-07T15:47:05+00:00
step    480 | loss 6.8852 | lr 3.00e-04 | grad 1.57 | tok/s 47760 | elapsed_h 0.028 | time 2026-06-07T15:47:07+00:00
step    490 | loss 6.8996 | lr 3.00e-04 | grad 1.90 | tok/s 47678 | elapsed_h 0.028 | time 2026-06-07T15:47:08+00:00
step    500 | loss 6.9376 | lr 3.00e-04 | grad 1.53 | tok/s 47763 | elapsed_h 0.029 | time 2026-06-07T15:47:10+00:00
  >>> validation loss: 9.0862
step    510 | loss 6.8717 | lr 3.00e-04 | grad 1.58 | tok/s 516 | elapsed_h 0.073 | time 2026-06-07T15:49:49+00:00
step    520 | loss 6.9129 | lr 3.00e-04 | grad 1.55 | tok/s 49279 | elapsed_h 0.073 | time 2026-06-07T15:49:51+00:00
step    530 | loss 6.9001 | lr 3.00e-04 | grad 1.66 | tok/s 49323 | elapsed_h 0.074 | time 2026-06-07T15:49:53+00:00
step    540 | loss 6.8823 | lr 3.00e-04 | grad 1.64 | tok/s 49165 | elapsed_h 0.074 | time 2026-06-07T15:49:54+00:00
step    550 | loss 6.7847 | lr 3.00e-04 | grad 1.48 | tok/s 49020 | elapsed_h 0.075 | time 2026-06-07T15:49:56+00:00
step    560 | loss 6.8866 | lr 3.00e-04 | grad 1.88 | tok/s 48983 | elapsed_h 0.075 | time 2026-06-07T15:49:58+00:00
step    570 | loss 6.7562 | lr 3.00e-04 | grad 1.55 | tok/s 49026 | elapsed_h 0.076 | time 2026-06-07T15:49:59+00:00
step    580 | loss 6.8673 | lr 3.00e-04 | grad 1.42 | tok/s 48948 | elapsed_h 0.076 | time 2026-06-07T15:50:01+00:00
step    590 | loss 6.7712 | lr 3.00e-04 | grad 1.51 | tok/s 49088 | elapsed_h 0.077 | time 2026-06-07T15:50:03+00:00
step    600 | loss 6.7688 | lr 3.00e-04 | grad 1.58 | tok/s 48840 | elapsed_h 0.077 | time 2026-06-07T15:50:04+00:00
step    610 | loss 6.7287 | lr 3.00e-04 | grad 1.56 | tok/s 48904 | elapsed_h 0.078 | time 2026-06-07T15:50:06+00:00
step    620 | loss 6.8239 | lr 3.00e-04 | grad 1.53 | tok/s 48820 | elapsed_h 0.078 | time 2026-06-07T15:50:08+00:00
step    630 | loss 6.7957 | lr 3.00e-04 | grad 1.53 | tok/s 48707 | elapsed_h 0.078 | time 2026-06-07T15:50:10+00:00
step    640 | loss 6.7095 | lr 3.00e-04 | grad 1.53 | tok/s 48708 | elapsed_h 0.079 | time 2026-06-07T15:50:11+00:00
step    650 | loss 6.7840 | lr 3.00e-04 | grad 1.64 | tok/s 48724 | elapsed_h 0.079 | time 2026-06-07T15:50:13+00:00
step    660 | loss 6.7223 | lr 3.00e-04 | grad 1.52 | tok/s 48835 | elapsed_h 0.080 | time 2026-06-07T15:50:15+00:00
step    670 | loss 6.7425 | lr 3.00e-04 | grad 1.45 | tok/s 48557 | elapsed_h 0.080 | time 2026-06-07T15:50:16+00:00
step    680 | loss 6.6178 | lr 3.00e-04 | grad 1.53 | tok/s 48567 | elapsed_h 0.081 | time 2026-06-07T15:50:18+00:00
step    690 | loss 6.7486 | lr 3.00e-04 | grad 1.37 | tok/s 48549 | elapsed_h 0.081 | time 2026-06-07T15:50:20+00:00
step    700 | loss 6.6595 | lr 3.00e-04 | grad 1.49 | tok/s 48516 | elapsed_h 0.082 | time 2026-06-07T15:50:21+00:00
step    710 | loss 6.7682 | lr 3.00e-04 | grad 1.86 | tok/s 48528 | elapsed_h 0.082 | time 2026-06-07T15:50:23+00:00
step    720 | loss 6.7001 | lr 3.00e-04 | grad 1.42 | tok/s 48288 | elapsed_h 0.083 | time 2026-06-07T15:50:25+00:00
step    730 | loss 6.7248 | lr 3.00e-04 | grad 1.34 | tok/s 48464 | elapsed_h 0.083 | time 2026-06-07T15:50:27+00:00
step    740 | loss 6.5986 | lr 3.00e-04 | grad 1.41 | tok/s 48364 | elapsed_h 0.084 | time 2026-06-07T15:50:28+00:00
step    750 | loss 6.6659 | lr 3.00e-04 | grad 1.38 | tok/s 48622 | elapsed_h 0.084 | time 2026-06-07T15:50:30+00:00
step    760 | loss 6.6068 | lr 3.00e-04 | grad 1.46 | tok/s 48359 | elapsed_h 0.085 | time 2026-06-07T15:50:32+00:00
step    770 | loss 6.6128 | lr 3.00e-04 | grad 1.52 | tok/s 48403 | elapsed_h 0.085 | time 2026-06-07T15:50:33+00:00
step    780 | loss 6.6595 | lr 3.00e-04 | grad 1.39 | tok/s 48459 | elapsed_h 0.086 | time 2026-06-07T15:50:35+00:00
step    790 | loss 6.6205 | lr 3.00e-04 | grad 1.45 | tok/s 48246 | elapsed_h 0.086 | time 2026-06-07T15:50:37+00:00
step    800 | loss 6.6773 | lr 3.00e-04 | grad 1.51 | tok/s 48238 | elapsed_h 0.087 | time 2026-06-07T15:50:38+00:00
step    810 | loss 6.5822 | lr 3.00e-04 | grad 1.60 | tok/s 48272 | elapsed_h 0.087 | time 2026-06-07T15:50:40+00:00
step    820 | loss 6.6335 | lr 3.00e-04 | grad 1.41 | tok/s 48253 | elapsed_h 0.087 | time 2026-06-07T15:50:42+00:00
step    830 | loss 6.5705 | lr 3.00e-04 | grad 1.29 | tok/s 48376 | elapsed_h 0.088 | time 2026-06-07T15:50:44+00:00
step    840 | loss 6.6256 | lr 3.00e-04 | grad 1.39 | tok/s 48246 | elapsed_h 0.088 | time 2026-06-07T15:50:45+00:00
step    850 | loss 6.6184 | lr 3.00e-04 | grad 1.34 | tok/s 48190 | elapsed_h 0.089 | time 2026-06-07T15:50:47+00:00
step    860 | loss 6.5909 | lr 3.00e-04 | grad 1.41 | tok/s 48169 | elapsed_h 0.089 | time 2026-06-07T15:50:49+00:00
step    870 | loss 6.5694 | lr 3.00e-04 | grad 1.50 | tok/s 48149 | elapsed_h 0.090 | time 2026-06-07T15:50:50+00:00
step    880 | loss 6.5403 | lr 3.00e-04 | grad 1.40 | tok/s 48227 | elapsed_h 0.090 | time 2026-06-07T15:50:52+00:00
step    890 | loss 6.6312 | lr 3.00e-04 | grad 1.26 | tok/s 48275 | elapsed_h 0.091 | time 2026-06-07T15:50:54+00:00
step    900 | loss 6.5397 | lr 3.00e-04 | grad 1.30 | tok/s 48196 | elapsed_h 0.091 | time 2026-06-07T15:50:56+00:00
step    910 | loss 6.5423 | lr 3.00e-04 | grad 1.39 | tok/s 48173 | elapsed_h 0.092 | time 2026-06-07T15:50:57+00:00
step    920 | loss 6.5628 | lr 3.00e-04 | grad 1.58 | tok/s 48195 | elapsed_h 0.092 | time 2026-06-07T15:50:59+00:00
step    930 | loss 6.5479 | lr 3.00e-04 | grad 1.27 | tok/s 48124 | elapsed_h 0.093 | time 2026-06-07T15:51:01+00:00
step    940 | loss 6.5988 | lr 3.00e-04 | grad 1.43 | tok/s 47954 | elapsed_h 0.093 | time 2026-06-07T15:51:02+00:00
step    950 | loss 6.5037 | lr 3.00e-04 | grad 1.34 | tok/s 48074 | elapsed_h 0.094 | time 2026-06-07T15:51:04+00:00
step    960 | loss 6.4813 | lr 3.00e-04 | grad 1.37 | tok/s 48142 | elapsed_h 0.094 | time 2026-06-07T15:51:06+00:00
step    970 | loss 6.4955 | lr 3.00e-04 | grad 1.28 | tok/s 48128 | elapsed_h 0.095 | time 2026-06-07T15:51:08+00:00
step    980 | loss 6.4668 | lr 3.00e-04 | grad 1.44 | tok/s 47956 | elapsed_h 0.095 | time 2026-06-07T15:51:09+00:00
step    990 | loss 6.5022 | lr 3.00e-04 | grad 1.27 | tok/s 48059 | elapsed_h 0.096 | time 2026-06-07T15:51:11+00:00
step   1000 | loss 6.5904 | lr 3.00e-04 | grad 1.51 | tok/s 47539 | elapsed_h 0.096 | time 2026-06-07T15:51:13+00:00
  >>> validation loss: 9.0981
step   1010 | loss 6.4604 | lr 3.00e-04 | grad 1.31 | tok/s 506 | elapsed_h 0.141 | time 2026-06-07T15:53:55+00:00
step   1020 | loss 6.4844 | lr 3.00e-04 | grad 1.38 | tok/s 48207 | elapsed_h 0.142 | time 2026-06-07T15:53:57+00:00
step   1030 | loss 6.4533 | lr 3.00e-04 | grad 1.37 | tok/s 49067 | elapsed_h 0.142 | time 2026-06-07T15:53:58+00:00
step   1040 | loss 6.5046 | lr 3.00e-04 | grad 1.30 | tok/s 48474 | elapsed_h 0.142 | time 2026-06-07T15:54:00+00:00
step   1050 | loss 6.5160 | lr 3.00e-04 | grad 1.27 | tok/s 48783 | elapsed_h 0.143 | time 2026-06-07T15:54:02+00:00
step   1060 | loss 6.4484 | lr 3.00e-04 | grad 1.27 | tok/s 48630 | elapsed_h 0.143 | time 2026-06-07T15:54:03+00:00
step   1070 | loss 6.4083 | lr 3.00e-04 | grad 1.32 | tok/s 48789 | elapsed_h 0.144 | time 2026-06-07T15:54:05+00:00
step   1080 | loss 6.4165 | lr 3.00e-04 | grad 1.28 | tok/s 48731 | elapsed_h 0.144 | time 2026-06-07T15:54:07+00:00
step   1090 | loss 6.4910 | lr 3.00e-04 | grad 1.48 | tok/s 48702 | elapsed_h 0.145 | time 2026-06-07T15:54:08+00:00
step   1100 | loss 6.4553 | lr 3.00e-04 | grad 1.35 | tok/s 48754 | elapsed_h 0.145 | time 2026-06-07T15:54:10+00:00
step   1110 | loss 6.3821 | lr 3.00e-04 | grad 1.21 | tok/s 48463 | elapsed_h 0.146 | time 2026-06-07T15:54:12+00:00
step   1120 | loss 6.3207 | lr 3.00e-04 | grad 1.31 | tok/s 48565 | elapsed_h 0.146 | time 2026-06-07T15:54:13+00:00
step   1130 | loss 6.3879 | lr 3.00e-04 | grad 1.34 | tok/s 48501 | elapsed_h 0.147 | time 2026-06-07T15:54:15+00:00
step   1140 | loss 6.4249 | lr 3.00e-04 | grad 1.45 | tok/s 48419 | elapsed_h 0.147 | time 2026-06-07T15:54:17+00:00
step   1150 | loss 6.4703 | lr 3.00e-04 | grad 1.30 | tok/s 48527 | elapsed_h 0.148 | time 2026-06-07T15:54:19+00:00
step   1160 | loss 6.3447 | lr 3.00e-04 | grad 1.23 | tok/s 48419 | elapsed_h 0.148 | time 2026-06-07T15:54:20+00:00
step   1170 | loss 6.3469 | lr 3.00e-04 | grad 1.17 | tok/s 48316 | elapsed_h 0.149 | time 2026-06-07T15:54:22+00:00
step   1180 | loss 6.4190 | lr 3.00e-04 | grad 1.30 | tok/s 48373 | elapsed_h 0.149 | time 2026-06-07T15:54:24+00:00
step   1190 | loss 6.4044 | lr 3.00e-04 | grad 1.45 | tok/s 48313 | elapsed_h 0.150 | time 2026-06-07T15:54:25+00:00
step   1200 | loss 6.3521 | lr 3.00e-04 | grad 1.30 | tok/s 48264 | elapsed_h 0.150 | time 2026-06-07T15:54:27+00:00
step   1210 | loss 6.3929 | lr 3.00e-04 | grad 1.55 | tok/s 48404 | elapsed_h 0.151 | time 2026-06-07T15:54:29+00:00
step   1220 | loss 6.4047 | lr 3.00e-04 | grad 1.24 | tok/s 48268 | elapsed_h 0.151 | time 2026-06-07T15:54:30+00:00
step   1230 | loss 6.3584 | lr 3.00e-04 | grad 1.26 | tok/s 48174 | elapsed_h 0.151 | time 2026-06-07T15:54:32+00:00
step   1240 | loss 6.3122 | lr 3.00e-04 | grad 1.40 | tok/s 48246 | elapsed_h 0.152 | time 2026-06-07T15:54:34+00:00
step   1250 | loss 6.3645 | lr 3.00e-04 | grad 1.62 | tok/s 48109 | elapsed_h 0.152 | time 2026-06-07T15:54:36+00:00
step   1260 | loss 6.4323 | lr 3.00e-04 | grad 1.55 | tok/s 48130 | elapsed_h 0.153 | time 2026-06-07T15:54:37+00:00
step   1270 | loss 6.4244 | lr 3.00e-04 | grad 1.27 | tok/s 47550 | elapsed_h 0.153 | time 2026-06-07T15:54:39+00:00
step   1280 | loss 6.4515 | lr 3.00e-04 | grad 1.39 | tok/s 47550 | elapsed_h 0.154 | time 2026-06-07T15:54:41+00:00
step   1290 | loss 6.3881 | lr 3.00e-04 | grad 1.31 | tok/s 47873 | elapsed_h 0.154 | time 2026-06-07T15:54:43+00:00
step   1300 | loss 6.3401 | lr 3.00e-04 | grad 1.27 | tok/s 47490 | elapsed_h 0.155 | time 2026-06-07T15:54:44+00:00
step   1310 | loss 6.2785 | lr 3.00e-04 | grad 1.66 | tok/s 47760 | elapsed_h 0.155 | time 2026-06-07T15:54:46+00:00
step   1320 | loss 6.3328 | lr 3.00e-04 | grad 1.35 | tok/s 47685 | elapsed_h 0.156 | time 2026-06-07T15:54:48+00:00
step   1330 | loss 6.2635 | lr 3.00e-04 | grad 1.21 | tok/s 47450 | elapsed_h 0.156 | time 2026-06-07T15:54:49+00:00
step   1340 | loss 6.3965 | lr 3.00e-04 | grad 1.46 | tok/s 48220 | elapsed_h 0.157 | time 2026-06-07T15:54:51+00:00
step   1350 | loss 6.2624 | lr 3.00e-04 | grad 1.30 | tok/s 47868 | elapsed_h 0.157 | time 2026-06-07T15:54:53+00:00
step   1360 | loss 6.3122 | lr 3.00e-04 | grad 1.13 | tok/s 47771 | elapsed_h 0.158 | time 2026-06-07T15:54:55+00:00
step   1370 | loss 6.2255 | lr 3.00e-04 | grad 1.23 | tok/s 47921 | elapsed_h 0.158 | time 2026-06-07T15:54:56+00:00
step   1380 | loss 6.3591 | lr 3.00e-04 | grad 1.24 | tok/s 47843 | elapsed_h 0.159 | time 2026-06-07T15:54:58+00:00
step   1390 | loss 6.3461 | lr 3.00e-04 | grad 1.30 | tok/s 47609 | elapsed_h 0.159 | time 2026-06-07T15:55:00+00:00
step   1400 | loss 6.3172 | lr 3.00e-04 | grad 1.16 | tok/s 47733 | elapsed_h 0.160 | time 2026-06-07T15:55:01+00:00
step   1410 | loss 6.2788 | lr 3.00e-04 | grad 1.33 | tok/s 47581 | elapsed_h 0.160 | time 2026-06-07T15:55:03+00:00
step   1420 | loss 6.2528 | lr 3.00e-04 | grad 1.29 | tok/s 47524 | elapsed_h 0.161 | time 2026-06-07T15:55:05+00:00
step   1430 | loss 6.2944 | lr 3.00e-04 | grad 1.32 | tok/s 47720 | elapsed_h 0.161 | time 2026-06-07T15:55:07+00:00
step   1440 | loss 6.3501 | lr 3.00e-04 | grad 1.50 | tok/s 47565 | elapsed_h 0.162 | time 2026-06-07T15:55:08+00:00
step   1450 | loss 6.3083 | lr 3.00e-04 | grad 1.10 | tok/s 47658 | elapsed_h 0.162 | time 2026-06-07T15:55:10+00:00
step   1460 | loss 6.3859 | lr 3.00e-04 | grad 1.50 | tok/s 47794 | elapsed_h 0.162 | time 2026-06-07T15:55:12+00:00
step   1470 | loss 6.2546 | lr 3.00e-04 | grad 1.23 | tok/s 47564 | elapsed_h 0.163 | time 2026-06-07T15:55:14+00:00
step   1480 | loss 6.2367 | lr 3.00e-04 | grad 1.45 | tok/s 42040 | elapsed_h 0.164 | time 2026-06-07T15:55:16+00:00
step   1490 | loss 6.3232 | lr 3.00e-04 | grad 1.45 | tok/s 47720 | elapsed_h 0.164 | time 2026-06-07T15:55:17+00:00
step   1500 | loss 6.2750 | lr 3.00e-04 | grad 1.33 | tok/s 47644 | elapsed_h 0.164 | time 2026-06-07T15:55:19+00:00
  >>> validation loss: 8.9763
step   1510 | loss 6.2833 | lr 3.00e-04 | grad 1.17 | tok/s 516 | elapsed_h 0.209 | time 2026-06-07T15:57:58+00:00
step   1520 | loss 6.3208 | lr 3.00e-04 | grad 1.16 | tok/s 48256 | elapsed_h 0.209 | time 2026-06-07T15:58:00+00:00
step   1530 | loss 6.2125 | lr 3.00e-04 | grad 1.26 | tok/s 48156 | elapsed_h 0.210 | time 2026-06-07T15:58:02+00:00
step   1540 | loss 6.2387 | lr 3.00e-04 | grad 1.20 | tok/s 48222 | elapsed_h 0.210 | time 2026-06-07T15:58:03+00:00
step   1550 | loss 6.3229 | lr 3.00e-04 | grad 1.19 | tok/s 48136 | elapsed_h 0.211 | time 2026-06-07T15:58:05+00:00
step   1560 | loss 6.2013 | lr 3.00e-04 | grad 1.38 | tok/s 48226 | elapsed_h 0.211 | time 2026-06-07T15:58:07+00:00
step   1570 | loss 6.2627 | lr 3.00e-04 | grad 1.37 | tok/s 48382 | elapsed_h 0.212 | time 2026-06-07T15:58:08+00:00
step   1580 | loss 6.2138 | lr 3.00e-04 | grad 1.30 | tok/s 48395 | elapsed_h 0.212 | time 2026-06-07T15:58:10+00:00
step   1590 | loss 6.3198 | lr 3.00e-04 | grad 1.25 | tok/s 48494 | elapsed_h 0.212 | time 2026-06-07T15:58:12+00:00
step   1600 | loss 6.2994 | lr 3.00e-04 | grad 1.09 | tok/s 48399 | elapsed_h 0.213 | time 2026-06-07T15:58:14+00:00
step   1610 | loss 6.3126 | lr 3.00e-04 | grad 1.33 | tok/s 48486 | elapsed_h 0.213 | time 2026-06-07T15:58:15+00:00
step   1620 | loss 6.2744 | lr 3.00e-04 | grad 1.38 | tok/s 48260 | elapsed_h 0.214 | time 2026-06-07T15:58:17+00:00
step   1630 | loss 6.1910 | lr 3.00e-04 | grad 1.31 | tok/s 48193 | elapsed_h 0.214 | time 2026-06-07T15:58:19+00:00
step   1640 | loss 6.1907 | lr 3.00e-04 | grad 1.18 | tok/s 48459 | elapsed_h 0.215 | time 2026-06-07T15:58:20+00:00
step   1650 | loss 6.2426 | lr 3.00e-04 | grad 1.45 | tok/s 48264 | elapsed_h 0.215 | time 2026-06-07T15:58:22+00:00
step   1660 | loss 6.2392 | lr 3.00e-04 | grad 1.41 | tok/s 48446 | elapsed_h 0.216 | time 2026-06-07T15:58:24+00:00
step   1670 | loss 6.2092 | lr 3.00e-04 | grad 1.33 | tok/s 48226 | elapsed_h 0.216 | time 2026-06-07T15:58:26+00:00
step   1680 | loss 6.1678 | lr 3.00e-04 | grad 1.16 | tok/s 47984 | elapsed_h 0.217 | time 2026-06-07T15:58:27+00:00
step   1690 | loss 6.1838 | lr 3.00e-04 | grad 1.28 | tok/s 48173 | elapsed_h 0.217 | time 2026-06-07T15:58:29+00:00
step   1700 | loss 6.1951 | lr 3.00e-04 | grad 1.47 | tok/s 48028 | elapsed_h 0.218 | time 2026-06-07T15:58:31+00:00
step   1710 | loss 6.2007 | lr 3.00e-04 | grad 1.07 | tok/s 47817 | elapsed_h 0.218 | time 2026-06-07T15:58:32+00:00
step   1720 | loss 6.1614 | lr 3.00e-04 | grad 1.25 | tok/s 47920 | elapsed_h 0.219 | time 2026-06-07T15:58:34+00:00
step   1730 | loss 6.1935 | lr 3.00e-04 | grad 1.16 | tok/s 47923 | elapsed_h 0.219 | time 2026-06-07T15:58:36+00:00
step   1740 | loss 6.1777 | lr 3.00e-04 | grad 1.26 | tok/s 47884 | elapsed_h 0.220 | time 2026-06-07T15:58:38+00:00
step   1750 | loss 6.1467 | lr 3.00e-04 | grad 1.23 | tok/s 47682 | elapsed_h 0.220 | time 2026-06-07T15:58:39+00:00
step   1760 | loss 6.1408 | lr 3.00e-04 | grad 1.26 | tok/s 47815 | elapsed_h 0.221 | time 2026-06-07T15:58:41+00:00
step   1770 | loss 6.1561 | lr 3.00e-04 | grad 1.15 | tok/s 47754 | elapsed_h 0.221 | time 2026-06-07T15:58:43+00:00
step   1780 | loss 6.2139 | lr 3.00e-04 | grad 1.34 | tok/s 47925 | elapsed_h 0.222 | time 2026-06-07T15:58:44+00:00
step   1790 | loss 6.1945 | lr 3.00e-04 | grad 1.23 | tok/s 47751 | elapsed_h 0.222 | time 2026-06-07T15:58:46+00:00
step   1800 | loss 6.1757 | lr 3.00e-04 | grad 1.48 | tok/s 47627 | elapsed_h 0.222 | time 2026-06-07T15:58:48+00:00
step   1810 | loss 6.2277 | lr 3.00e-04 | grad 1.34 | tok/s 47791 | elapsed_h 0.223 | time 2026-06-07T15:58:50+00:00
step   1820 | loss 6.1568 | lr 3.00e-04 | grad 1.38 | tok/s 47575 | elapsed_h 0.223 | time 2026-06-07T15:58:51+00:00
step   1830 | loss 6.0124 | lr 3.00e-04 | grad 1.27 | tok/s 47660 | elapsed_h 0.224 | time 2026-06-07T15:58:53+00:00
step   1840 | loss 6.1426 | lr 3.00e-04 | grad 1.10 | tok/s 47678 | elapsed_h 0.224 | time 2026-06-07T15:58:55+00:00
step   1850 | loss 6.1436 | lr 3.00e-04 | grad 1.38 | tok/s 47546 | elapsed_h 0.225 | time 2026-06-07T15:58:57+00:00
step   1860 | loss 6.0564 | lr 3.00e-04 | grad 1.29 | tok/s 47665 | elapsed_h 0.225 | time 2026-06-07T15:58:58+00:00
step   1870 | loss 6.1315 | lr 3.00e-04 | grad 1.39 | tok/s 47836 | elapsed_h 0.226 | time 2026-06-07T15:59:00+00:00
step   1880 | loss 6.1648 | lr 3.00e-04 | grad 1.34 | tok/s 47938 | elapsed_h 0.226 | time 2026-06-07T15:59:02+00:00
step   1890 | loss 6.1243 | lr 3.00e-04 | grad 1.21 | tok/s 47898 | elapsed_h 0.227 | time 2026-06-07T15:59:03+00:00
step   1900 | loss 6.1131 | lr 3.00e-04 | grad 1.24 | tok/s 48050 | elapsed_h 0.227 | time 2026-06-07T15:59:05+00:00
step   1910 | loss 6.1348 | lr 3.00e-04 | grad 1.49 | tok/s 47714 | elapsed_h 0.228 | time 2026-06-07T15:59:07+00:00
step   1920 | loss 6.1434 | lr 3.00e-04 | grad 1.45 | tok/s 47849 | elapsed_h 0.228 | time 2026-06-07T15:59:09+00:00
step   1930 | loss 6.1239 | lr 3.00e-04 | grad 1.59 | tok/s 47790 | elapsed_h 0.229 | time 2026-06-07T15:59:10+00:00
step   1940 | loss 6.0399 | lr 3.00e-04 | grad 1.25 | tok/s 47752 | elapsed_h 0.229 | time 2026-06-07T15:59:12+00:00
step   1950 | loss 6.1346 | lr 3.00e-04 | grad 1.21 | tok/s 47813 | elapsed_h 0.230 | time 2026-06-07T15:59:14+00:00
step   1960 | loss 6.1524 | lr 3.00e-04 | grad 1.38 | tok/s 47972 | elapsed_h 0.230 | time 2026-06-07T15:59:16+00:00
step   1970 | loss 6.1265 | lr 3.00e-04 | grad 1.46 | tok/s 47725 | elapsed_h 0.231 | time 2026-06-07T15:59:17+00:00
step   1980 | loss 6.0971 | lr 3.00e-04 | grad 1.59 | tok/s 47744 | elapsed_h 0.231 | time 2026-06-07T15:59:19+00:00
step   1990 | loss 6.1945 | lr 3.00e-04 | grad 1.28 | tok/s 47875 | elapsed_h 0.232 | time 2026-06-07T15:59:21+00:00
step   2000 | loss 6.0447 | lr 3.00e-04 | grad 1.42 | tok/s 47812 | elapsed_h 0.232 | time 2026-06-07T15:59:22+00:00
  >>> validation loss: 8.8837
step   2010 | loss 6.1493 | lr 3.00e-04 | grad 1.10 | tok/s 514 | elapsed_h 0.276 | time 2026-06-07T16:02:02+00:00
step   2020 | loss 6.1501 | lr 3.00e-04 | grad 1.45 | tok/s 48585 | elapsed_h 0.277 | time 2026-06-07T16:02:04+00:00
step   2030 | loss 6.0651 | lr 3.00e-04 | grad 1.49 | tok/s 48508 | elapsed_h 0.277 | time 2026-06-07T16:02:05+00:00
step   2040 | loss 6.0441 | lr 3.00e-04 | grad 1.26 | tok/s 48720 | elapsed_h 0.278 | time 2026-06-07T16:02:07+00:00
step   2050 | loss 6.1445 | lr 3.00e-04 | grad 1.40 | tok/s 48155 | elapsed_h 0.278 | time 2026-06-07T16:02:09+00:00
step   2060 | loss 6.0476 | lr 3.00e-04 | grad 1.28 | tok/s 48591 | elapsed_h 0.279 | time 2026-06-07T16:02:11+00:00
step   2070 | loss 6.0961 | lr 3.00e-04 | grad 1.32 | tok/s 48519 | elapsed_h 0.279 | time 2026-06-07T16:02:12+00:00
step   2080 | loss 6.1482 | lr 3.00e-04 | grad 1.31 | tok/s 48501 | elapsed_h 0.280 | time 2026-06-07T16:02:14+00:00
step   2090 | loss 6.0026 | lr 3.00e-04 | grad 1.57 | tok/s 48538 | elapsed_h 0.280 | time 2026-06-07T16:02:16+00:00
step   2100 | loss 6.0582 | lr 3.00e-04 | grad 1.36 | tok/s 48584 | elapsed_h 0.281 | time 2026-06-07T16:02:17+00:00
step   2110 | loss 6.0648 | lr 3.00e-04 | grad 1.31 | tok/s 48522 | elapsed_h 0.281 | time 2026-06-07T16:02:19+00:00
step   2120 | loss 6.0872 | lr 3.00e-04 | grad 1.28 | tok/s 48501 | elapsed_h 0.282 | time 2026-06-07T16:02:21+00:00
step   2130 | loss 6.0063 | lr 3.00e-04 | grad 1.30 | tok/s 48184 | elapsed_h 0.282 | time 2026-06-07T16:02:22+00:00
step   2140 | loss 6.0409 | lr 3.00e-04 | grad 1.14 | tok/s 47975 | elapsed_h 0.283 | time 2026-06-07T16:02:24+00:00
step   2150 | loss 6.0150 | lr 3.00e-04 | grad 1.40 | tok/s 48309 | elapsed_h 0.283 | time 2026-06-07T16:02:26+00:00
step   2160 | loss 6.0043 | lr 3.00e-04 | grad 1.31 | tok/s 48381 | elapsed_h 0.284 | time 2026-06-07T16:02:28+00:00
step   2170 | loss 6.0455 | lr 3.00e-04 | grad 1.34 | tok/s 47789 | elapsed_h 0.284 | time 2026-06-07T16:02:29+00:00
step   2180 | loss 6.0122 | lr 3.00e-04 | grad 1.43 | tok/s 48031 | elapsed_h 0.284 | time 2026-06-07T16:02:31+00:00
step   2190 | loss 6.0984 | lr 3.00e-04 | grad 1.32 | tok/s 48258 | elapsed_h 0.285 | time 2026-06-07T16:02:33+00:00
step   2200 | loss 5.9846 | lr 3.00e-04 | grad 1.35 | tok/s 47760 | elapsed_h 0.285 | time 2026-06-07T16:02:34+00:00
step   2210 | loss 6.0174 | lr 3.00e-04 | grad 1.32 | tok/s 47772 | elapsed_h 0.286 | time 2026-06-07T16:02:36+00:00
step   2220 | loss 6.1589 | lr 3.00e-04 | grad 1.42 | tok/s 48246 | elapsed_h 0.286 | time 2026-06-07T16:02:38+00:00
step   2230 | loss 5.9300 | lr 3.00e-04 | grad 1.27 | tok/s 48167 | elapsed_h 0.287 | time 2026-06-07T16:02:40+00:00
step   2240 | loss 6.0863 | lr 3.00e-04 | grad 1.34 | tok/s 47914 | elapsed_h 0.287 | time 2026-06-07T16:02:41+00:00
step   2250 | loss 5.9522 | lr 3.00e-04 | grad 1.21 | tok/s 48113 | elapsed_h 0.288 | time 2026-06-07T16:02:43+00:00
step   2260 | loss 5.9936 | lr 3.00e-04 | grad 1.35 | tok/s 48410 | elapsed_h 0.288 | time 2026-06-07T16:02:45+00:00
step   2270 | loss 5.9989 | lr 3.00e-04 | grad 1.31 | tok/s 48194 | elapsed_h 0.289 | time 2026-06-07T16:02:46+00:00
step   2280 | loss 6.0630 | lr 3.00e-04 | grad 1.34 | tok/s 48204 | elapsed_h 0.289 | time 2026-06-07T16:02:48+00:00
step   2290 | loss 6.0862 | lr 3.00e-04 | grad 1.29 | tok/s 48162 | elapsed_h 0.290 | time 2026-06-07T16:02:50+00:00
step   2300 | loss 6.0699 | lr 3.00e-04 | grad 1.31 | tok/s 48118 | elapsed_h 0.290 | time 2026-06-07T16:02:52+00:00
step   2310 | loss 6.1160 | lr 3.00e-04 | grad 1.50 | tok/s 48067 | elapsed_h 0.291 | time 2026-06-07T16:02:53+00:00
step   2320 | loss 6.0055 | lr 3.00e-04 | grad 1.21 | tok/s 48179 | elapsed_h 0.291 | time 2026-06-07T16:02:55+00:00
step   2330 | loss 5.9438 | lr 3.00e-04 | grad 1.29 | tok/s 48100 | elapsed_h 0.292 | time 2026-06-07T16:02:57+00:00
FINAL_HELDOUT_CE: 8.9092
FINAL_HELDOUT_BPB: 3.3976

Training complete! Final step: 2332
FINAL_LOSS_LAST100: 6.1597
PEAK_MEMORY_MB: 9120
RESERVED_MEMORY_MB: 11008
