Deactivating conda environments
Deactivating conda environments
=== frontier smoke env ===
task_id=retry-frontier-debug
variant=e97-linear-MLP
start_utc=2026-06-21T13:48:39Z
repo=/lustre/orion/bif148/scratch/erikgarrison/emender/.wg-worktrees/agent-44
run_root=/lustre/orion/bif148/scratch/erikgarrison/emender/.wg-worktrees/agent-44/frontier_runs/debug/20260621/e97-linear-MLP/4880730-20260621T134833Z
stdout=logs/frontier/debug/emender-smoke-4880730.out
stderr=logs/frontier/debug/emender-smoke-4880730.err

=== slurm ===
DATA=/lustre/orion/bif148/scratch/erikgarrison/emender/data/commapile_mainmix_smoke.txt
SMOKE_VARIANT=e97-linear-MLP
TRAIN_MINUTES=5
VAL_DATA=/lustre/orion/bif148/scratch/erikgarrison/emender/data/commapile_mainmix_val_smoke.txt
requested_node_hours=0.500000

=== modules ===

Currently Loaded Modules:
  1) craype-x86-trento                13) gcc-native/14.2
  2) libfabric/2.3.1                  14) cray-libsci/26.03.0
  3) craype-network-ofi               15) cray-mpich/9.1.0
  4) xpmem/1.0.1-1.5_1_gfb6998056825  16) cray-pmi/6.1.17
  5) Core/25.03                       17) craype/2.7.36
  6) tmux/3.4                         18) perftools-base/26.03.0
  7) hsi/default                      19) cpe/26.03
  8) lfs-wrapper/0.0.1                20) darshan-runtime/3.4.7-mpi (E4S)
  9) DefApps                          21) miniforge3/23.11.0-0
 10) emacs/29.4                       22) rocm/7.1.1
 11) cray-dsmml/0.3.0                 23) craype-accel-amd-gfx90a
 12) PrgEnv-gnu/8.7.0

  Where:
   E4S:  E4S: Extreme-scale Scientific Software Stack (E4S) https://e4s.io/index.html




=== rocm-smi ===


========================================== ROCm System Management Interface ==========================================
==================================================== Concise Info ====================================================
Device  Node  IDs              Temp    Power  Partitions          SCLK    MCLK     Fan  Perf    PwrCap  VRAM%  GPU%
[3m              (DID,     GUID)  (Edge)  (Avg)  (Mem, Compute, ID)                                                     [0m
======================================================================================================================
0       4     0x7408,   63582  41.0°C  86.0W  N/A, N/A, 0         800Mhz  1600Mhz  0%   manual  560.0W  0%     0%
1       5     0x7408,   51740  38.0°C  N/A    N/A, N/A, 0         800Mhz  1600Mhz  0%   manual  0.0W    0%     0%
2       6     0x7408,   15961  33.0°C  87.0W  N/A, N/A, 0         800Mhz  1600Mhz  0%   manual  560.0W  0%     0%
3       7     0x7408,   3099   36.0°C  N/A    N/A, N/A, 0         800Mhz  1600Mhz  0%   manual  0.0W    0%     0%
4       8     0x7408,   13395  34.0°C  84.0W  N/A, N/A, 0         800Mhz  1600Mhz  0%   manual  560.0W  0%     0%
5       9     0x7408,   1553   34.0°C  N/A    N/A, N/A, 0         800Mhz  1600Mhz  0%   manual  0.0W    0%     0%
6       10    0x7408,   62036  36.0°C  82.0W  N/A, N/A, 0         800Mhz  1600Mhz  0%   manual  560.0W  0%     0%
7       11    0x7408,   49174  38.0°C  N/A    N/A, N/A, 0         800Mhz  1600Mhz  0%   manual  0.0W    0%     0%
======================================================================================================================
================================================ End of ROCm SMI Log =================================================

=== srun gpu visibility ===
{"CUDA_VISIBLE_DEVICES": null, "HIP_VISIBLE_DEVICES": null, "ROCR_VISIBLE_DEVICES": "0", "SLURM_LOCALID": "0", "hostname": "frontier01336", "torch.cuda.current_device": 0, "torch.cuda.device_count": 1, "torch.cuda.device_name_0": "AMD Instinct MI250X", "torch.cuda.is_available": true}

=== python ===
/autofs/nccs-svm1_sw/frontier/miniforge3/23.11.0-0/bin/python
Python 3.10.13
torch==2.8.0.dev20250422+rocm6.4
triton==3.2.0
schedulefree==1.4.1
numpy==2.0.0
ndm=NOT_INSTALLED
torch.version.hip=6.4.43482-0f2d60242
torch.cuda.is_available=True
torch.cuda.device_count=8

=== pip freeze ===
aiohappyeyeballs==2.6.1
annotated-types==0.7.0
ansible @ file:///home/conda/feedstock_root/build_artifacts/ansible_1718731303390/work
ansible-core @ file:///home/conda/feedstock_root/build_artifacts/ansible-core_1718693465302/work
archspec @ file:///home/conda/feedstock_root/build_artifacts/archspec_1699370045702/work
astunparse==1.6.2
async-timeout==5.0.1
attrs==25.3.0
blinker==1.9.0
boltons @ file:///home/conda/feedstock_root/build_artifacts/boltons_1703154663129/work
Brotli @ file:///home/conda/feedstock_root/build_artifacts/brotli-split_1695989787169/work
cached-property @ file:///home/conda/feedstock_root/build_artifacts/cached_property_1615209429212/work
certifi @ file:///home/conda/feedstock_root/build_artifacts/certifi_1718025014955/work/certifi
cffi @ file:///home/conda/feedstock_root/build_artifacts/cffi_1696001684923/work
charset-normalizer @ file:///home/conda/feedstock_root/build_artifacts/charset-normalizer_1698833585322/work
click==8.1.8
cmake==4.0.0
colorama @ file:///home/conda/feedstock_root/build_artifacts/colorama_1666700638685/work
colorlover==0.3.0
conda @ file:///home/conda/feedstock_root/build_artifacts/conda_1701731572133/work
conda-libmamba-solver @ file:///home/conda/feedstock_root/build_artifacts/conda-libmamba-solver_1702406360642/work/src
conda-package-handling @ file:///home/conda/feedstock_root/build_artifacts/conda-package-handling_1691048088238/work
conda_package_streaming @ file:///home/conda/feedstock_root/build_artifacts/conda-package-streaming_1691009212940/work
confluent-kafka @ file:///home/conda/feedstock_root/build_artifacts/python-confluent-kafka_1716330403934/work
contourpy @ file:///home/conda/feedstock_root/build_artifacts/contourpy_1712429905637/work
cryptography @ file:///home/conda/feedstock_root/build_artifacts/cryptography-split_1717559422169/work
cycler @ file:///home/conda/feedstock_root/build_artifacts/cycler_1696677705766/work
dash==2.18.2
dash-bootstrap-components==1.7.1
dash-core-components==2.0.0
dash-html-components==2.0.0
dash-svg==0.0.12
dash-table==5.0.0
deepspeed==0.16.7
deepspeed-kernels==0.0.1.dev1698255861
distro @ file:///home/conda/feedstock_root/build_artifacts/distro_1675116244235/work
dnspython==2.7.0
einops==0.8.1
exceptiongroup==1.3.1
filelock==3.16.1
fla-core==0.5.1
flash-linear-attention==0.5.1
Flask==3.0.3
fonttools @ file:///home/conda/feedstock_root/build_artifacts/fonttools_1716870629534/work
frozenlist==1.6.0
fsspec==2024.10.0
gmpy2==2.2.1
h2==4.2.0
h5py @ file:///home/conda/feedstock_root/build_artifacts/h5py_1717664841189/work
hjson==3.1.0
hpack==4.1.0
huggingface-hub==0.30.2
hyperframe==6.1.0
idna @ file:///home/conda/feedstock_root/build_artifacts/idna_1701026962277/work
importlib_metadata==8.6.1
iniconfig==2.3.0
itsdangerous==2.2.0
Jinja2 @ file:///home/conda/feedstock_root/build_artifacts/jinja2_1715127149914/work
jsonpatch @ file:///home/conda/feedstock_root/build_artifacts/jsonpatch_1695536281965/work
jsonpointer @ file:///home/conda/feedstock_root/build_artifacts/jsonpointer_1695397238043/work
kaleido==0.2.1
kiwisolver @ file:///home/conda/feedstock_root/build_artifacts/kiwisolver_1695379902431/work
libmambapy @ file:///home/conda/feedstock_root/build_artifacts/mamba-split_1702310393080/work/libmambapy
lightning-utilities==0.14.3
mamba @ file:///home/conda/feedstock_root/build_artifacts/mamba-split_1702310393080/work/mamba
MarkupSafe @ file:///home/conda/feedstock_root/build_artifacts/markupsafe_1706899921127/work
matplotlib==3.9.0
menuinst @ file:///home/conda/feedstock_root/build_artifacts/menuinst_1702317041727/work
mpmath==1.3.0
msgpack==1.1.0
multidict==6.4.3
munkres==1.1.4
narwhals==1.24.1
nest-asyncio==1.6.0
networkx==3.4.2
ninja==1.11.1.4
numpy @ file:///home/conda/feedstock_root/build_artifacts/numpy_1718615061894/work/dist/numpy-2.0.0-cp310-cp310-linux_x86_64.whl#sha256=91843c84a6c7fb01afed16468f942dfe32b48184a79039847a16b4459e5735c4
nvidia-cublas-cu12==12.4.5.8
nvidia-cuda-cupti-cu12==12.4.127
nvidia-cuda-nvrtc-cu12==12.4.127
nvidia-cuda-runtime-cu12==12.4.127
nvidia-cudnn-cu12==9.1.0.70
nvidia-cufft-cu12==11.2.1.3
nvidia-curand-cu12==10.3.5.147
nvidia-cusolver-cu12==11.6.1.9
nvidia-cusparse-cu12==12.3.1.170
nvidia-cusparselt-cu12==0.6.2
nvidia-nccl-cu12==2.21.5
nvidia-nvjitlink-cu12==12.4.127
nvidia-nvtx-cu12==12.4.127
packaging @ file:///home/conda/feedstock_root/build_artifacts/packaging_1696202382185/work
pandas @ file:///home/conda/feedstock_root/build_artifacts/pandas_1715897614105/work
pathspec==0.12.1
patsy @ file:///home/conda/feedstock_root/build_artifacts/patsy_1704469236901/work
pillow @ file:///home/conda/feedstock_root/build_artifacts/pillow_1712154467551/work
platformdirs @ file:///home/conda/feedstock_root/build_artifacts/platformdirs_1701708255999/work
plotille==5.0.0
plotly==6.0.0
pluggy==1.6.0
ply @ file:///home/conda/feedstock_root/build_artifacts/ply_1712242996588/work
propcache==0.3.1
psutil==7.0.0
py-cpuinfo==9.0.0
pycosat @ file:///home/conda/feedstock_root/build_artifacts/pycosat_1696355758174/work
pycparser @ file:///home/conda/feedstock_root/build_artifacts/pycparser_1636257122734/work
pydantic==2.11.3
pydantic_core==2.33.1
Pygments==2.20.0
pymongo==4.11
pyparsing @ file:///home/conda/feedstock_root/build_artifacts/pyparsing_1709721012883/work
PyQt5==5.15.9
PyQt5-sip==12.12.2
PySocks @ file:///home/conda/feedstock_root/build_artifacts/pysocks_1661604839144/work
pytest==9.1.1
python-dateutil @ file:///home/conda/feedstock_root/build_artifacts/python-dateutil_1709299778482/work
pytorch-triton-rocm==3.3.0+git96316ce5
pytz @ file:///home/conda/feedstock_root/build_artifacts/pytz_1706886791323/work
PyYAML @ file:///home/conda/feedstock_root/build_artifacts/pyyaml_1695373428874/work
regex==2024.11.6
requests @ file:///home/conda/feedstock_root/build_artifacts/requests_1684774241324/work
resolvelib @ file:///home/conda/feedstock_root/build_artifacts/resolvelib_1678667915605/work
retrying==1.3.4
ruamel.yaml @ file:///home/conda/feedstock_root/build_artifacts/ruamel.yaml_1699007337104/work
ruamel.yaml.clib @ file:///home/conda/feedstock_root/build_artifacts/ruamel.yaml.clib_1695996839082/work
safetensors==0.5.3
schedulefree==1.4.1
scipy @ file:///home/conda/feedstock_root/build_artifacts/scipy-split_1719280597764/work/dist/scipy-1.14.0-cp310-cp310-linux_x86_64.whl#sha256=6043db2c45e1df85d682468c216c08ef9da7cebd1712b766d245aa19cfc956ed
seaborn @ file:///home/conda/feedstock_root/build_artifacts/seaborn-split_1714494649443/work
sip @ file:///home/conda/feedstock_root/build_artifacts/sip_1697300428978/work
six @ file:///home/conda/feedstock_root/build_artifacts/six_1620240208055/work
statsmodels @ file:///home/conda/feedstock_root/build_artifacts/statsmodels_1715941214543/work
sympy==1.14.0
tabulate==0.9.0
tiktoken==0.13.0
toml @ file:///home/conda/feedstock_root/build_artifacts/toml_1604308577558/work
tomli @ file:///home/conda/feedstock_root/build_artifacts/tomli_1644342247877/work
torch==2.8.0.dev20250422+rocm6.4
tornado @ file:///home/conda/feedstock_root/build_artifacts/tornado_1708363098266/work
tqdm @ file:///home/conda/feedstock_root/build_artifacts/tqdm_1691671248568/work
triton==3.2.0
truststore @ file:///home/conda/feedstock_root/build_artifacts/truststore_1694154605758/work
typing-inspection==0.4.0
typing_extensions==4.12.2
tzdata @ file:///home/conda/feedstock_root/build_artifacts/python-tzdata_1707747584337/work
unicodedata2 @ file:///home/conda/feedstock_root/build_artifacts/unicodedata2_1695847980273/work
urllib3 @ file:///home/conda/feedstock_root/build_artifacts/urllib3_1699933488691/work
Werkzeug==3.0.6
yamllint==1.35.1
yarl==1.20.0
zipp==3.21.0
zstandard==0.23.0

=== git ===
/lustre/orion/bif148/scratch/erikgarrison/emender/.wg-worktrees/agent-44
wg/agent-44/retry-frontier-debug
17dcc782a997b2c34106d6e59600338210eb54b1
?? .wg

=== command ===
srun -N1 -n1 -c7 --gpus-per-task=1 --gpu-bind=closest python -m pytest tests/test_e97_chunked.py::test_fused_triton_forward_parity_fp32 tests/test_e97_chunked.py::test_fused_triton_backward_parity_bf16 tests/test_e97_chunked.py::test_strong_decay_cluster_backward_finite tests/test_e97_chunked.py::test_glog_floor_drift_overflow_finite -q -s
srun -N1 -n8 -c7 --gpus-per-task=1 --gpu-bind=closest python -u train.py --data /lustre/orion/bif148/scratch/erikgarrison/emender/data/commapile_mainmix_smoke.txt --bf16 --batch_size 1 --chunk_size 2048 --tokenizer p50k_base --optimizer schedulefree --seed 42 --lr 9e-4 --train_minutes 5 --compile_warmup_steps 1 --log_every 1 --save_every 999999 --keep_checkpoints 1 --output /lustre/orion/bif148/scratch/erikgarrison/emender/.wg-worktrees/agent-44/frontier_runs/debug/20260621/e97-linear-MLP/4880730-20260621T134833Z/train --val_data /lustre/orion/bif148/scratch/erikgarrison/emender/data/commapile_mainmix_val_smoke.txt --val_every 50 --level E97 --linear_state 1 --use_triton 1 --use_chunked_e97 1 --e97_chunk_size 32 --n_state 32 --n_heads 128 --dim 1536 --depth 21 --expansion 1.0 --use_gate 1 --gate_activation silu --mlp_ratio 2.0 --mlp_multiple 64
[pin-autotune] pinned mode: 18 kernels / 30 (name,key) configs from registry (set NDM_PIN_TRITON_AUTOTUNE=0 to restore sweep)
============================= test session starts ==============================
platform linux -- Python 3.10.13, pytest-9.1.1, pluggy-1.6.0
rootdir: /lustre/orion/bif148/scratch/erikgarrison/emender/.wg-worktrees/agent-44
configfile: pyproject.toml
plugins: dash-2.18.2
collected 7 items

tests/test_e97_chunked.py FFFFFFF

=================================== FAILURES ===================================
__________________ test_fused_triton_forward_parity_fp32[64] ___________________
tests/test_e97_chunked.py:111: in test_fused_triton_forward_parity_fp32
    assert (out - ref_out).abs().max().item() < 2e-4
E   AssertionError: assert 153930640.0 < 0.0002
E    +  where 153930640.0 = <built-in method item of Tensor object at 0x7ffd2524b650>()
E    +    where <built-in method item of Tensor object at 0x7ffd2524b650> = tensor(1.5393e+08, device='cuda:0').item
E    +      where tensor(1.5393e+08, device='cuda:0') = <built-in method max of Tensor object at 0x7ffd2539dbc0>()
E    +        where <built-in method max of Tensor object at 0x7ffd2539dbc0> = tensor([[[[5.9605e-08, 3.5763e-07, 4.4703e-08,  ..., 1.4901e-08,\n           1.1921e-07, 8.9407e-08],\n          [2.9802...         [9.6761e+06, 9.8828e+06, 1.3160e+07,  ..., 1.1850e+03,\n           1.7473e+01, 8.7910e+02]]]], device='cuda:0').max
E    +          where tensor([[[[5.9605e-08, 3.5763e-07, 4.4703e-08,  ..., 1.4901e-08,\n           1.1921e-07, 8.9407e-08],\n          [2.9802...         [9.6761e+06, 9.8828e+06, 1.3160e+07,  ..., 1.1850e+03,\n           1.7473e+01, 8.7910e+02]]]], device='cuda:0') = <built-in method abs of Tensor object at 0x7ffe4442e660>()
E    +            where <built-in method abs of Tensor object at 0x7ffe4442e660> = (tensor([[[[ 5.4411e-01,  1.4486e+00, -1.6918e-01,  ..., -1.9002e-01,\n           -1.4156e+00,  4.2674e-01],\n          [...   [ 9.6761e+06, -9.8828e+06,  1.3160e+07,  ...,  1.1848e+03,\n           -1.7102e+01, -8.7973e+02]]]], device='cuda:0') - tensor([[[[ 5.4411e-01,  1.4486e+00, -1.6918e-01,  ..., -1.9002e-01,\n           -1.4156e+00,  4.2674e-01],\n          [...   [-5.2963e-01,  1.2735e-01, -2.6973e-01,  ..., -1.4911e-01,\n            3.7168e-01, -6.2800e-01]]]], device='cuda:0')).abs
__________________ test_fused_triton_forward_parity_fp32[128] __________________
tests/test_e97_chunked.py:111: in test_fused_triton_forward_parity_fp32
    assert (out - ref_out).abs().max().item() < 2e-4
E   AssertionError: assert 51271134347264.0 < 0.0002
E    +  where 51271134347264.0 = <built-in method item of Tensor object at 0x7ffd256fab60>()
E    +    where <built-in method item of Tensor object at 0x7ffd256fab60> = tensor(5.1271e+13, device='cuda:0').item
E    +      where tensor(5.1271e+13, device='cuda:0') = <built-in method max of Tensor object at 0x7ffd2511cfe0>()
E    +        where <built-in method max of Tensor object at 0x7ffd2511cfe0> = tensor([[[[5.9605e-08, 3.5763e-07, 4.4703e-08,  ..., 1.4901e-08,\n           1.1921e-07, 8.9407e-08],\n          [2.9802...         [8.8724e+12, 4.7154e+12, 8.0934e+11,  ..., 7.0580e+01,\n           3.6214e+02, 5.5410e+02]]]], device='cuda:0').max
E    +          where tensor([[[[5.9605e-08, 3.5763e-07, 4.4703e-08,  ..., 1.4901e-08,\n           1.1921e-07, 8.9407e-08],\n          [2.9802...         [8.8724e+12, 4.7154e+12, 8.0934e+11,  ..., 7.0580e+01,\n           3.6214e+02, 5.5410e+02]]]], device='cuda:0') = <built-in method abs of Tensor object at 0x7ffd25dfbdd0>()
E    +            where <built-in method abs of Tensor object at 0x7ffd25dfbdd0> = (tensor([[[[ 5.4411e-01,  1.4486e+00, -1.6918e-01,  ..., -1.9002e-01,\n           -1.4156e+00,  4.2674e-01],\n          [...   [-8.8724e+12,  4.7154e+12, -8.0934e+11,  ...,  7.0697e+01,\n            3.6236e+02,  5.5416e+02]]]], device='cuda:0') - tensor([[[[ 5.4411e-01,  1.4486e+00, -1.6918e-01,  ..., -1.9002e-01,\n           -1.4156e+00,  4.2674e-01],\n          [...   [ 1.4875e-01, -8.1101e-02, -1.7048e-01,  ...,  1.1709e-01,\n            2.1952e-01,  5.4400e-02]]]], device='cuda:0')).abs
__________________ test_fused_triton_forward_parity_fp32[256] __________________
tests/test_e97_chunked.py:111: in test_fused_triton_forward_parity_fp32
    assert (out - ref_out).abs().max().item() < 2e-4
E   AssertionError: assert 2.6356457056796805e+26 < 0.0002
E    +  where 2.6356457056796805e+26 = <built-in method item of Tensor object at 0x7ffd250e48b0>()
E    +    where <built-in method item of Tensor object at 0x7ffd250e48b0> = tensor(2.6356e+26, device='cuda:0').item
E    +      where tensor(2.6356e+26, device='cuda:0') = <built-in method max of Tensor object at 0x7ffd250e6160>()
E    +        where <built-in method max of Tensor object at 0x7ffd250e6160> = tensor([[[[5.9605e-08, 3.5763e-07, 4.4703e-08,  ..., 1.4901e-08,\n           1.1921e-07, 8.9407e-08],\n          [2.9802...         [3.3251e+23, 3.7762e+23, 4.8207e+23,  ..., 5.7636e+02,\n           4.8732e+03, 4.5740e+02]]]], device='cuda:0').max
E    +          where tensor([[[[5.9605e-08, 3.5763e-07, 4.4703e-08,  ..., 1.4901e-08,\n           1.1921e-07, 8.9407e-08],\n          [2.9802...         [3.3251e+23, 3.7762e+23, 4.8207e+23,  ..., 5.7636e+02,\n           4.8732e+03, 4.5740e+02]]]], device='cuda:0') = <built-in method abs of Tensor object at 0x7ffd25c36480>()
E    +            where <built-in method abs of Tensor object at 0x7ffd25c36480> = (tensor([[[[ 5.4411e-01,  1.4486e+00, -1.6918e-01,  ..., -1.9002e-01,\n           -1.4156e+00,  4.2674e-01],\n          [...   [ 3.3251e+23,  3.7762e+23,  4.8207e+23,  ...,  5.7572e+02,\n            4.8748e+03,  4.5792e+02]]]], device='cuda:0') - tensor([[[[ 5.4411e-01,  1.4486e+00, -1.6918e-01,  ..., -1.9002e-01,\n           -1.4156e+00,  4.2674e-01],\n          [...   [-1.5862e-01,  6.5430e-01,  1.5649e+00,  ..., -6.3937e-01,\n            1.5108e+00,  5.2557e-01]]]], device='cuda:0')).abs
__________________ test_fused_triton_forward_parity_fp32[96] ___________________
tests/test_e97_chunked.py:111: in test_fused_triton_forward_parity_fp32
    assert (out - ref_out).abs().max().item() < 2e-4
E   AssertionError: assert 218813120512.0 < 0.0002
E    +  where 218813120512.0 = <built-in method item of Tensor object at 0x7ffd25c362f0>()
E    +    where <built-in method item of Tensor object at 0x7ffd25c362f0> = tensor(2.1881e+11, device='cuda:0').item
E    +      where tensor(2.1881e+11, device='cuda:0') = <built-in method max of Tensor object at 0x7ffd251bf880>()
E    +        where <built-in method max of Tensor object at 0x7ffd251bf880> = tensor([[[[5.9605e-08, 3.5763e-07, 4.4703e-08,  ..., 1.4901e-08,\n           1.1921e-07, 8.9407e-08],\n          [2.9802...         [3.2207e+08, 5.2509e+08, 4.3922e+08,  ..., 1.3069e+02,\n           1.7327e+01, 9.9278e+01]]]], device='cuda:0').max
E    +          where tensor([[[[5.9605e-08, 3.5763e-07, 4.4703e-08,  ..., 1.4901e-08,\n           1.1921e-07, 8.9407e-08],\n          [2.9802...         [3.2207e+08, 5.2509e+08, 4.3922e+08,  ..., 1.3069e+02,\n           1.7327e+01, 9.9278e+01]]]], device='cuda:0') = <built-in method abs of Tensor object at 0x7ffd25ded6c0>()
E    +            where <built-in method abs of Tensor object at 0x7ffd25ded6c0> = (tensor([[[[ 5.4411e-01,  1.4486e+00, -1.6918e-01,  ..., -1.9002e-01,\n           -1.4156e+00,  4.2674e-01],\n          [...   [ 3.2207e+08, -5.2509e+08, -4.3922e+08,  ..., -1.3152e+02,\n           -1.6948e+01, -9.9349e+01]]]], device='cuda:0') - tensor([[[[ 5.4411e-01,  1.4486e+00, -1.6918e-01,  ..., -1.9002e-01,\n           -1.4156e+00,  4.2674e-01],\n          [...   [ 8.5439e-01,  1.0926e+00, -2.2673e-01,  ..., -8.2722e-01,\n            3.7866e-01, -7.1256e-02]]]], device='cuda:0')).abs
____________________ test_fused_triton_backward_parity_bf16 ____________________
tests/test_e97_chunked.py:154: in test_fused_triton_backward_parity_bf16
    assert frel < 0.05, f"bf16 fwd rel err {frel}"
E   AssertionError: bf16 fwd rel err 2.4178516123642406e+24
E   assert 2.4178516123642406e+24 < 0.05
__________________ test_strong_decay_cluster_backward_finite ___________________
tests/test_e97_chunked.py:324: in test_strong_decay_cluster_backward_finite
    assert torch.isfinite(out).all(), f"strong-decay fwd non-finite ({dtype})"
E   AssertionError: strong-decay fwd non-finite (torch.float32)
E   assert tensor(False, device='cuda:0')
E    +  where tensor(False, device='cuda:0') = <built-in method all of Tensor object at 0x7ffd250aed40>()
E    +    where <built-in method all of Tensor object at 0x7ffd250aed40> = tensor([[[[ True,  True,  True,  ...,  True,  True,  True],\n          [ True,  True,  True,  ...,  True,  True,  True]...lse, False,  ..., False, False, False],\n          [False, False, False,  ..., False, False, False]]]], device='cuda:0').all
E    +      where tensor([[[[ True,  True,  True,  ...,  True,  True,  True],\n          [ True,  True,  True,  ...,  True,  True,  True]...lse, False,  ..., False, False, False],\n          [False, False, False,  ..., False, False, False]]]], device='cuda:0') = <built-in method isfinite of type object at 0x7fffea959260>(tensor([[[[ 3.4006e-02,  3.6135e-02,  8.4109e-02,  ...,  4.1200e-01,\n           -1.7263e-01, -2.5419e-01],\n          [......,         nan,\n                   nan,         nan]]]], device='cuda:0',\n       grad_fn=<E97DeltaChunkedFnBackward>))
E    +        where <built-in method isfinite of type object at 0x7fffea959260> = torch.isfinite
____________________ test_glog_floor_drift_overflow_finite _____________________
tests/test_e97_chunked.py:359: in test_glog_floor_drift_overflow_finite
    assert torch.isfinite(out).all(), "g-drift forward overflowed"
E   AssertionError: g-drift forward overflowed
E   assert tensor(False, device='cuda:0')
E    +  where tensor(False, device='cuda:0') = <built-in method all of Tensor object at 0x7ffd250a48b0>()
E    +    where <built-in method all of Tensor object at 0x7ffd250a48b0> = tensor([[[[ True,  True,  True,  ...,  True,  True,  True],\n          [ True,  True,  True,  ...,  True,  True,  True]...lse, False,  ..., False, False, False],\n          [False, False, False,  ..., False, False, False]]]], device='cuda:0').all
E    +      where tensor([[[[ True,  True,  True,  ...,  True,  True,  True],\n          [ True,  True,  True,  ...,  True,  True,  True]...lse, False,  ..., False, False, False],\n          [False, False, False,  ..., False, False, False]]]], device='cuda:0') = <built-in method isfinite of type object at 0x7fffea959260>(tensor([[[[ 2.7448e-01,  5.8075e-01,  6.4685e-02,  ..., -1.9571e-01,\n           -2.8410e-02, -1.0060e-01],\n          [......,         nan,\n                   nan,         nan]]]], device='cuda:0',\n       grad_fn=<E97DeltaChunkedFnBackward>))
E    +        where <built-in method isfinite of type object at 0x7fffea959260> = torch.isfinite
=========================== short test summary info ============================
FAILED tests/test_e97_chunked.py::test_fused_triton_forward_parity_fp32[64]
FAILED tests/test_e97_chunked.py::test_fused_triton_forward_parity_fp32[128]
FAILED tests/test_e97_chunked.py::test_fused_triton_forward_parity_fp32[256]
FAILED tests/test_e97_chunked.py::test_fused_triton_forward_parity_fp32[96]
FAILED tests/test_e97_chunked.py::test_fused_triton_backward_parity_bf16 - As...
FAILED tests/test_e97_chunked.py::test_strong_decay_cluster_backward_finite
FAILED tests/test_e97_chunked.py::test_glog_floor_drift_overflow_finite - Ass...
============================== 7 failed in 38.35s ==============================
srun: error: frontier01336: task 0: Exited with exit code 1
srun: Terminating StepId=4880730.1
kernel smoke failed; skipping training smoke
manifest=/lustre/orion/bif148/scratch/erikgarrison/emender/.wg-worktrees/agent-44/frontier_runs/debug/20260621/e97-linear-MLP/4880730-20260621T134833Z/artifacts/manifest.json
summary=/lustre/orion/bif148/scratch/erikgarrison/emender/.wg-worktrees/agent-44/frontier_runs/debug/20260621/e97-linear-MLP/4880730-20260621T134833Z/summaries/summary.md
train_log=/lustre/orion/bif148/scratch/erikgarrison/emender/.wg-worktrees/agent-44/frontier_runs/debug/20260621/e97-linear-MLP/4880730-20260621T134833Z/logs/train.log
