[pin-autotune] pinned mode: 18 kernels / 30 (name,key) configs from registry (set NDM_PIN_TRITON_AUTOTUNE=0 to restore sweep)
============================= test session starts ==============================
platform linux -- Python 3.10.13, pytest-9.1.1, pluggy-1.6.0
rootdir: /lustre/orion/bif148/scratch/erikgarrison/emender/.wg-worktrees/agent-44
configfile: pyproject.toml
plugins: dash-2.18.2
collected 7 items

tests/test_e97_chunked.py FFFFFFF

=================================== FAILURES ===================================
__________________ test_fused_triton_forward_parity_fp32[64] ___________________
tests/test_e97_chunked.py:111: in test_fused_triton_forward_parity_fp32
    assert (out - ref_out).abs().max().item() < 2e-4
E   AssertionError: assert 153930640.0 < 0.0002
E    +  where 153930640.0 = <built-in method item of Tensor object at 0x7ffd2524b650>()
E    +    where <built-in method item of Tensor object at 0x7ffd2524b650> = tensor(1.5393e+08, device='cuda:0').item
E    +      where tensor(1.5393e+08, device='cuda:0') = <built-in method max of Tensor object at 0x7ffd2539dbc0>()
E    +        where <built-in method max of Tensor object at 0x7ffd2539dbc0> = tensor([[[[5.9605e-08, 3.5763e-07, 4.4703e-08,  ..., 1.4901e-08,\n           1.1921e-07, 8.9407e-08],\n          [2.9802...         [9.6761e+06, 9.8828e+06, 1.3160e+07,  ..., 1.1850e+03,\n           1.7473e+01, 8.7910e+02]]]], device='cuda:0').max
E    +          where tensor([[[[5.9605e-08, 3.5763e-07, 4.4703e-08,  ..., 1.4901e-08,\n           1.1921e-07, 8.9407e-08],\n          [2.9802...         [9.6761e+06, 9.8828e+06, 1.3160e+07,  ..., 1.1850e+03,\n           1.7473e+01, 8.7910e+02]]]], device='cuda:0') = <built-in method abs of Tensor object at 0x7ffe4442e660>()
E    +            where <built-in method abs of Tensor object at 0x7ffe4442e660> = (tensor([[[[ 5.4411e-01,  1.4486e+00, -1.6918e-01,  ..., -1.9002e-01,\n           -1.4156e+00,  4.2674e-01],\n          [...   [ 9.6761e+06, -9.8828e+06,  1.3160e+07,  ...,  1.1848e+03,\n           -1.7102e+01, -8.7973e+02]]]], device='cuda:0') - tensor([[[[ 5.4411e-01,  1.4486e+00, -1.6918e-01,  ..., -1.9002e-01,\n           -1.4156e+00,  4.2674e-01],\n          [...   [-5.2963e-01,  1.2735e-01, -2.6973e-01,  ..., -1.4911e-01,\n            3.7168e-01, -6.2800e-01]]]], device='cuda:0')).abs
__________________ test_fused_triton_forward_parity_fp32[128] __________________
tests/test_e97_chunked.py:111: in test_fused_triton_forward_parity_fp32
    assert (out - ref_out).abs().max().item() < 2e-4
E   AssertionError: assert 51271134347264.0 < 0.0002
E    +  where 51271134347264.0 = <built-in method item of Tensor object at 0x7ffd256fab60>()
E    +    where <built-in method item of Tensor object at 0x7ffd256fab60> = tensor(5.1271e+13, device='cuda:0').item
E    +      where tensor(5.1271e+13, device='cuda:0') = <built-in method max of Tensor object at 0x7ffd2511cfe0>()
E    +        where <built-in method max of Tensor object at 0x7ffd2511cfe0> = tensor([[[[5.9605e-08, 3.5763e-07, 4.4703e-08,  ..., 1.4901e-08,\n           1.1921e-07, 8.9407e-08],\n          [2.9802...         [8.8724e+12, 4.7154e+12, 8.0934e+11,  ..., 7.0580e+01,\n           3.6214e+02, 5.5410e+02]]]], device='cuda:0').max
E    +          where tensor([[[[5.9605e-08, 3.5763e-07, 4.4703e-08,  ..., 1.4901e-08,\n           1.1921e-07, 8.9407e-08],\n          [2.9802...         [8.8724e+12, 4.7154e+12, 8.0934e+11,  ..., 7.0580e+01,\n           3.6214e+02, 5.5410e+02]]]], device='cuda:0') = <built-in method abs of Tensor object at 0x7ffd25dfbdd0>()
E    +            where <built-in method abs of Tensor object at 0x7ffd25dfbdd0> = (tensor([[[[ 5.4411e-01,  1.4486e+00, -1.6918e-01,  ..., -1.9002e-01,\n           -1.4156e+00,  4.2674e-01],\n          [...   [-8.8724e+12,  4.7154e+12, -8.0934e+11,  ...,  7.0697e+01,\n            3.6236e+02,  5.5416e+02]]]], device='cuda:0') - tensor([[[[ 5.4411e-01,  1.4486e+00, -1.6918e-01,  ..., -1.9002e-01,\n           -1.4156e+00,  4.2674e-01],\n          [...   [ 1.4875e-01, -8.1101e-02, -1.7048e-01,  ...,  1.1709e-01,\n            2.1952e-01,  5.4400e-02]]]], device='cuda:0')).abs
__________________ test_fused_triton_forward_parity_fp32[256] __________________
tests/test_e97_chunked.py:111: in test_fused_triton_forward_parity_fp32
    assert (out - ref_out).abs().max().item() < 2e-4
E   AssertionError: assert 2.6356457056796805e+26 < 0.0002
E    +  where 2.6356457056796805e+26 = <built-in method item of Tensor object at 0x7ffd250e48b0>()
E    +    where <built-in method item of Tensor object at 0x7ffd250e48b0> = tensor(2.6356e+26, device='cuda:0').item
E    +      where tensor(2.6356e+26, device='cuda:0') = <built-in method max of Tensor object at 0x7ffd250e6160>()
E    +        where <built-in method max of Tensor object at 0x7ffd250e6160> = tensor([[[[5.9605e-08, 3.5763e-07, 4.4703e-08,  ..., 1.4901e-08,\n           1.1921e-07, 8.9407e-08],\n          [2.9802...         [3.3251e+23, 3.7762e+23, 4.8207e+23,  ..., 5.7636e+02,\n           4.8732e+03, 4.5740e+02]]]], device='cuda:0').max
E    +          where tensor([[[[5.9605e-08, 3.5763e-07, 4.4703e-08,  ..., 1.4901e-08,\n           1.1921e-07, 8.9407e-08],\n          [2.9802...         [3.3251e+23, 3.7762e+23, 4.8207e+23,  ..., 5.7636e+02,\n           4.8732e+03, 4.5740e+02]]]], device='cuda:0') = <built-in method abs of Tensor object at 0x7ffd25c36480>()
E    +            where <built-in method abs of Tensor object at 0x7ffd25c36480> = (tensor([[[[ 5.4411e-01,  1.4486e+00, -1.6918e-01,  ..., -1.9002e-01,\n           -1.4156e+00,  4.2674e-01],\n          [...   [ 3.3251e+23,  3.7762e+23,  4.8207e+23,  ...,  5.7572e+02,\n            4.8748e+03,  4.5792e+02]]]], device='cuda:0') - tensor([[[[ 5.4411e-01,  1.4486e+00, -1.6918e-01,  ..., -1.9002e-01,\n           -1.4156e+00,  4.2674e-01],\n          [...   [-1.5862e-01,  6.5430e-01,  1.5649e+00,  ..., -6.3937e-01,\n            1.5108e+00,  5.2557e-01]]]], device='cuda:0')).abs
__________________ test_fused_triton_forward_parity_fp32[96] ___________________
tests/test_e97_chunked.py:111: in test_fused_triton_forward_parity_fp32
    assert (out - ref_out).abs().max().item() < 2e-4
E   AssertionError: assert 218813120512.0 < 0.0002
E    +  where 218813120512.0 = <built-in method item of Tensor object at 0x7ffd25c362f0>()
E    +    where <built-in method item of Tensor object at 0x7ffd25c362f0> = tensor(2.1881e+11, device='cuda:0').item
E    +      where tensor(2.1881e+11, device='cuda:0') = <built-in method max of Tensor object at 0x7ffd251bf880>()
E    +        where <built-in method max of Tensor object at 0x7ffd251bf880> = tensor([[[[5.9605e-08, 3.5763e-07, 4.4703e-08,  ..., 1.4901e-08,\n           1.1921e-07, 8.9407e-08],\n          [2.9802...         [3.2207e+08, 5.2509e+08, 4.3922e+08,  ..., 1.3069e+02,\n           1.7327e+01, 9.9278e+01]]]], device='cuda:0').max
E    +          where tensor([[[[5.9605e-08, 3.5763e-07, 4.4703e-08,  ..., 1.4901e-08,\n           1.1921e-07, 8.9407e-08],\n          [2.9802...         [3.2207e+08, 5.2509e+08, 4.3922e+08,  ..., 1.3069e+02,\n           1.7327e+01, 9.9278e+01]]]], device='cuda:0') = <built-in method abs of Tensor object at 0x7ffd25ded6c0>()
E    +            where <built-in method abs of Tensor object at 0x7ffd25ded6c0> = (tensor([[[[ 5.4411e-01,  1.4486e+00, -1.6918e-01,  ..., -1.9002e-01,\n           -1.4156e+00,  4.2674e-01],\n          [...   [ 3.2207e+08, -5.2509e+08, -4.3922e+08,  ..., -1.3152e+02,\n           -1.6948e+01, -9.9349e+01]]]], device='cuda:0') - tensor([[[[ 5.4411e-01,  1.4486e+00, -1.6918e-01,  ..., -1.9002e-01,\n           -1.4156e+00,  4.2674e-01],\n          [...   [ 8.5439e-01,  1.0926e+00, -2.2673e-01,  ..., -8.2722e-01,\n            3.7866e-01, -7.1256e-02]]]], device='cuda:0')).abs
____________________ test_fused_triton_backward_parity_bf16 ____________________
tests/test_e97_chunked.py:154: in test_fused_triton_backward_parity_bf16
    assert frel < 0.05, f"bf16 fwd rel err {frel}"
E   AssertionError: bf16 fwd rel err 2.4178516123642406e+24
E   assert 2.4178516123642406e+24 < 0.05
__________________ test_strong_decay_cluster_backward_finite ___________________
tests/test_e97_chunked.py:324: in test_strong_decay_cluster_backward_finite
    assert torch.isfinite(out).all(), f"strong-decay fwd non-finite ({dtype})"
E   AssertionError: strong-decay fwd non-finite (torch.float32)
E   assert tensor(False, device='cuda:0')
E    +  where tensor(False, device='cuda:0') = <built-in method all of Tensor object at 0x7ffd250aed40>()
E    +    where <built-in method all of Tensor object at 0x7ffd250aed40> = tensor([[[[ True,  True,  True,  ...,  True,  True,  True],\n          [ True,  True,  True,  ...,  True,  True,  True]...lse, False,  ..., False, False, False],\n          [False, False, False,  ..., False, False, False]]]], device='cuda:0').all
E    +      where tensor([[[[ True,  True,  True,  ...,  True,  True,  True],\n          [ True,  True,  True,  ...,  True,  True,  True]...lse, False,  ..., False, False, False],\n          [False, False, False,  ..., False, False, False]]]], device='cuda:0') = <built-in method isfinite of type object at 0x7fffea959260>(tensor([[[[ 3.4006e-02,  3.6135e-02,  8.4109e-02,  ...,  4.1200e-01,\n           -1.7263e-01, -2.5419e-01],\n          [......,         nan,\n                   nan,         nan]]]], device='cuda:0',\n       grad_fn=<E97DeltaChunkedFnBackward>))
E    +        where <built-in method isfinite of type object at 0x7fffea959260> = torch.isfinite
____________________ test_glog_floor_drift_overflow_finite _____________________
tests/test_e97_chunked.py:359: in test_glog_floor_drift_overflow_finite
    assert torch.isfinite(out).all(), "g-drift forward overflowed"
E   AssertionError: g-drift forward overflowed
E   assert tensor(False, device='cuda:0')
E    +  where tensor(False, device='cuda:0') = <built-in method all of Tensor object at 0x7ffd250a48b0>()
E    +    where <built-in method all of Tensor object at 0x7ffd250a48b0> = tensor([[[[ True,  True,  True,  ...,  True,  True,  True],\n          [ True,  True,  True,  ...,  True,  True,  True]...lse, False,  ..., False, False, False],\n          [False, False, False,  ..., False, False, False]]]], device='cuda:0').all
E    +      where tensor([[[[ True,  True,  True,  ...,  True,  True,  True],\n          [ True,  True,  True,  ...,  True,  True,  True]...lse, False,  ..., False, False, False],\n          [False, False, False,  ..., False, False, False]]]], device='cuda:0') = <built-in method isfinite of type object at 0x7fffea959260>(tensor([[[[ 2.7448e-01,  5.8075e-01,  6.4685e-02,  ..., -1.9571e-01,\n           -2.8410e-02, -1.0060e-01],\n          [......,         nan,\n                   nan,         nan]]]], device='cuda:0',\n       grad_fn=<E97DeltaChunkedFnBackward>))
E    +        where <built-in method isfinite of type object at 0x7fffea959260> = torch.isfinite
=========================== short test summary info ============================
FAILED tests/test_e97_chunked.py::test_fused_triton_forward_parity_fp32[64]
FAILED tests/test_e97_chunked.py::test_fused_triton_forward_parity_fp32[128]
FAILED tests/test_e97_chunked.py::test_fused_triton_forward_parity_fp32[256]
FAILED tests/test_e97_chunked.py::test_fused_triton_forward_parity_fp32[96]
FAILED tests/test_e97_chunked.py::test_fused_triton_backward_parity_bf16 - As...
FAILED tests/test_e97_chunked.py::test_strong_decay_cluster_backward_finite
FAILED tests/test_e97_chunked.py::test_glog_floor_drift_overflow_finite - Ass...
============================== 7 failed in 38.35s ==============================
srun: error: frontier01336: task 0: Exited with exit code 1
srun: Terminating StepId=4880730.1
