
*****************************************
Setting OMP_NUM_THREADS environment variable for each process to be 1 in default, to avoid your system being overloaded, please further tune the variable for optimal performance in your application as needed. 
*****************************************
[DiLoCo] rank 1/2 bound to cuda:1
Auto r_h_mode: none (level 0 has bounded/no W_h)
[DiLoCo] world_size=2 backend=nccl; this is rank 0 on cuda:0
[DiLoCo] periodic model-weight averaging: K=250 outer_lr=1.0 outer_beta=0.0 (no per-step gradient all-reduce)
[DiLoCo] rank 0/2 bound to cuda:0
Output directory: evaluations/sf_diloco_merge_smoke/bandaid_output/levele88_fused_100m_20260616_070547
Auto r_h_mode: none (level 0 has bounded/no W_h)
/home/erikg/.local/lib/python3.12/site-packages/torch/distributed/distributed_c10d.py:4876: UserWarning: barrier(): using the device under current context. You can specify `device_id` in `init_process_group` to mute this warning.
  warnings.warn(  # warn only once
[DiLoCo] broadcast rank-0 W_0 to all 2 ranks (identical start)
Model: Level e88_fused, 58,064 parameters
Using schedule-free AdamW (lr=0.001, warmup_steps=10)
Using schedule-free AdamW (lr=0.001, warmup_steps=10)

Starting training from step 0...
Batch size: 2, Chunk size: 32
Gradient accumulation: 1, Effective batch: 2


Starting training from step 0...
Batch size: 2, Chunk size: 32
Gradient accumulation: 1, Effective batch: 2

step     50 | loss 4.6455 | lr 1.00e-03 | grad 3.35 | tok/s 231 | global_tok/s 463 | elapsed_h 0.006 | time 2026-06-16T07:06:01+00:00
step    100 | loss 3.0231 | lr 1.00e-03 | grad 2.66 | tok/s 249 | global_tok/s 498 | elapsed_h 0.010 | time 2026-06-16T07:06:15+00:00
step    150 | loss 2.0717 | lr 1.00e-03 | grad 2.82 | tok/s 248 | global_tok/s 495 | elapsed_h 0.014 | time 2026-06-16T07:06:28+00:00
step    200 | loss 1.3885 | lr 1.00e-03 | grad 2.08 | tok/s 249 | global_tok/s 497 | elapsed_h 0.017 | time 2026-06-16T07:06:41+00:00
  >>> [DiLoCo] merge #1 at step 250: averaged model weights across 2 ranks in 2 ms (amortized over 250 steps)
step    250 | loss 0.8886 | lr 1.00e-03 | grad 1.43 | tok/s 245 | global_tok/s 491 | elapsed_h 0.021 | time 2026-06-16T07:06:55+00:00
step    300 | loss 0.7134 | lr 1.00e-03 | grad 1.83 | tok/s 248 | global_tok/s 496 | elapsed_h 0.025 | time 2026-06-16T07:07:08+00:00
step    350 | loss 0.4186 | lr 1.00e-03 | grad 2.86 | tok/s 249 | global_tok/s 498 | elapsed_h 0.028 | time 2026-06-16T07:07:21+00:00
step    400 | loss 0.2479 | lr 1.00e-03 | grad 0.78 | tok/s 251 | global_tok/s 501 | elapsed_h 0.032 | time 2026-06-16T07:07:34+00:00
step    450 | loss 0.1596 | lr 1.00e-03 | grad 1.74 | tok/s 249 | global_tok/s 498 | elapsed_h 0.036 | time 2026-06-16T07:07:48+00:00
  >>> [DiLoCo] merge #2 at step 500: averaged model weights across 2 ranks in 1 ms (amortized over 250 steps)
step    500 | loss 0.1137 | lr 1.00e-03 | grad 0.91 | tok/s 246 | global_tok/s 493 | elapsed_h 0.039 | time 2026-06-16T07:08:01+00:00
  >>> [DiLoCo] final merge SKIPPED at step 500: last step already merged (step % K == 0); checkpoint is already consensus (avoids spurious outer-momentum double-step)
[rank 1] PEAK_MEMORY_MB: 18 | RESERVED_MEMORY_MB: 24
FINAL_TRAIN_CE: 0.0967
FINAL_TRAIN_BPB: 0.0369
[rank 0] PEAK_MEMORY_MB: 18 | RESERVED_MEMORY_MB: 24

Training complete! Final step: 500
FINAL_LOSS_LAST100: 1.3671
PEAK_MEMORY_MB: 18
RESERVED_MEMORY_MB: 24
DILOCO_MERGES: 2
DILOCO_K: 250
DILOCO_SYNC_TOTAL_S: 0.003
DILOCO_SYNC_AVG_MS: 1.7
