
*****************************************
Setting OMP_NUM_THREADS environment variable for each process to be 1 in default, to avoid your system being overloaded, please further tune the variable for optimal performance in your application as needed. 
*****************************************
[DiLoCo] rank 1/2 bound to cuda:1
Auto r_h_mode: none (level 0 has bounded/no W_h)
[DiLoCo] world_size=2 backend=nccl; this is rank 0 on cuda:0
[DiLoCo] periodic model-weight averaging: K=250 outer_lr=1.0 outer_beta=0.0 (no per-step gradient all-reduce)
[DiLoCo] rank 0/2 bound to cuda:0
Output directory: evaluations/sf_diloco_merge_smoke/principled750_output/levele88_fused_100m_20260616_070847
Auto r_h_mode: none (level 0 has bounded/no W_h)
/home/erikg/.local/lib/python3.12/site-packages/torch/distributed/distributed_c10d.py:4876: UserWarning: barrier(): using the device under current context. You can specify `device_id` in `init_process_group` to mute this warning.
  warnings.warn(  # warn only once
[DiLoCo] broadcast rank-0 W_0 to all 2 ranks (identical start)
Model: Level e88_fused, 58,064 parameters
Using schedule-free AdamW (lr=0.001, warmup_steps=10)
Using schedule-free AdamW (lr=0.001, warmup_steps=10)

Starting training from step 0...
Batch size: 2, Chunk size: 32
Gradient accumulation: 1, Effective batch: 2


Starting training from step 0...
Batch size: 2, Chunk size: 32
Gradient accumulation: 1, Effective batch: 2

step     50 | loss 4.6455 | lr 1.00e-03 | grad 3.35 | tok/s 225 | global_tok/s 449 | elapsed_h 0.006 | time 2026-06-16T07:09:02+00:00
step    100 | loss 3.0231 | lr 1.00e-03 | grad 2.66 | tok/s 247 | global_tok/s 494 | elapsed_h 0.010 | time 2026-06-16T07:09:16+00:00
step    150 | loss 2.0717 | lr 1.00e-03 | grad 2.82 | tok/s 247 | global_tok/s 494 | elapsed_h 0.014 | time 2026-06-16T07:09:29+00:00
step    200 | loss 1.3885 | lr 1.00e-03 | grad 2.08 | tok/s 248 | global_tok/s 497 | elapsed_h 0.018 | time 2026-06-16T07:09:42+00:00
  >>> [DiLoCo] merge #1 at step 250: averaged model weights across 2 ranks in 2 ms (amortized over 250 steps)
step    250 | loss 0.8886 | lr 1.00e-03 | grad 1.43 | tok/s 248 | global_tok/s 497 | elapsed_h 0.021 | time 2026-06-16T07:09:56+00:00
step    300 | loss 0.5530 | lr 1.00e-03 | grad 1.44 | tok/s 249 | global_tok/s 499 | elapsed_h 0.025 | time 2026-06-16T07:10:09+00:00
step    350 | loss 0.3402 | lr 1.00e-03 | grad 2.32 | tok/s 251 | global_tok/s 501 | elapsed_h 0.029 | time 2026-06-16T07:10:22+00:00
step    400 | loss 0.2134 | lr 1.00e-03 | grad 0.81 | tok/s 251 | global_tok/s 503 | elapsed_h 0.032 | time 2026-06-16T07:10:35+00:00
step    450 | loss 0.1435 | lr 1.00e-03 | grad 2.43 | tok/s 250 | global_tok/s 499 | elapsed_h 0.036 | time 2026-06-16T07:10:48+00:00
  >>> [DiLoCo] merge #2 at step 500: averaged model weights across 2 ranks in 640 ms (amortized over 250 steps)
step    500 | loss 0.1044 | lr 1.00e-03 | grad 1.02 | tok/s 241 | global_tok/s 482 | elapsed_h 0.040 | time 2026-06-16T07:11:02+00:00
step    550 | loss 0.0852 | lr 1.00e-03 | grad 0.92 | tok/s 246 | global_tok/s 492 | elapsed_h 0.043 | time 2026-06-16T07:11:16+00:00
step    600 | loss 0.0771 | lr 1.00e-03 | grad 1.48 | tok/s 249 | global_tok/s 499 | elapsed_h 0.047 | time 2026-06-16T07:11:29+00:00
step    650 | loss 0.0728 | lr 1.00e-03 | grad 2.41 | tok/s 251 | global_tok/s 502 | elapsed_h 0.051 | time 2026-06-16T07:11:42+00:00
step    700 | loss 0.0659 | lr 1.00e-03 | grad 0.81 | tok/s 255 | global_tok/s 510 | elapsed_h 0.054 | time 2026-06-16T07:11:55+00:00
  >>> [DiLoCo] merge #3 at step 750: averaged model weights across 2 ranks in 1606 ms (amortized over 250 steps)
step    750 | loss 0.0659 | lr 1.00e-03 | grad 1.30 | tok/s 239 | global_tok/s 478 | elapsed_h 0.058 | time 2026-06-16T07:12:09+00:00
  >>> [DiLoCo] final merge SKIPPED at step 750: last step already merged (step % K == 0); checkpoint is already consensus (avoids spurious outer-momentum double-step)
[rank 1] PEAK_MEMORY_MB: 18 | RESERVED_MEMORY_MB: 24
FINAL_TRAIN_CE: 0.0568
FINAL_TRAIN_BPB: 0.0217
[rank 0] PEAK_MEMORY_MB: 18 | RESERVED_MEMORY_MB: 24

Training complete! Final step: 750
FINAL_LOSS_LAST100: 0.9159
PEAK_MEMORY_MB: 18
RESERVED_MEMORY_MB: 24
DILOCO_MERGES: 3
DILOCO_K: 250
DILOCO_SYNC_TOTAL_S: 2.247
DILOCO_SYNC_AVG_MS: 749.1
