[plan] 105 jobs (of 105); configs=['raw_none', 'raw_gdn', 'raw_gdnneg', 'delta_none', 'delta_gdn', 'delta_gdnneg', 'gdnneg_ref'] probes=['s5_permutation', 'anbncn_viability', 'iterated_nonlinear_map', 'flag_hold_recall', 'mqar_recall'] seeds=[42, 123, 456] steps=5000 gpus=[0, 1, 2, 3, 4, 5, 6, 7]
[run ] gpu0 (1/3) wl_s5_permutation__raw_none__seed42
[run ] gpu1 (1/3) wl_s5_permutation__raw_none__seed123
[run ] gpu2 (1/3) wl_s5_permutation__raw_none__seed456
[run ] gpu3 (1/3) wl_s5_permutation__raw_gdn__seed42
[run ] gpu4 (1/3) wl_s5_permutation__raw_gdn__seed123
[run ] gpu5 (1/3) wl_s5_permutation__raw_gdn__seed456
[run ] gpu6 (1/3) wl_s5_permutation__raw_gdnneg__seed42
[run ] gpu7 (1/3) wl_s5_permutation__raw_gdnneg__seed123
[run ] gpu0 (2/3) wl_s5_permutation__raw_gdnneg__seed456
[run ] gpu1 (2/3) wl_s5_permutation__delta_none__seed42
[run ] gpu2 (2/3) wl_s5_permutation__delta_none__seed123
[run ] gpu3 (2/3) wl_s5_permutation__delta_none__seed456
[run ] gpu4 (2/3) wl_s5_permutation__delta_gdn__seed42
[run ] gpu5 (2/3) wl_s5_permutation__delta_gdn__seed123
[run ] gpu6 (2/3) wl_s5_permutation__delta_gdn__seed456
[run ] gpu7 (2/3) wl_s5_permutation__delta_gdnneg__seed42
[run ] gpu0 (3/3) wl_s5_permutation__delta_gdnneg__seed123
[run ] gpu1 (3/3) wl_s5_permutation__delta_gdnneg__seed456
[run ] gpu2 (3/3) wl_s5_permutation__gdnneg_ref__seed42
[run ] gpu3 (3/3) wl_s5_permutation__gdnneg_ref__seed123
[run ] gpu4 (3/3) wl_s5_permutation__gdnneg_ref__seed456
[run ] gpu5 (3/3) wl_anbncn_viability__raw_none__seed42
[run ] gpu6 (3/3) wl_anbncn_viability__raw_none__seed123
[run ] gpu7 (3/3) wl_anbncn_viability__raw_none__seed456
[done] gpu0 wl_s5_permutation__raw_none__seed42 -> ok
[run ] gpu0 (3/3) wl_anbncn_viability__raw_gdn__seed42
[done] gpu1 wl_s5_permutation__raw_none__seed123 -> ok
[done] gpu2 wl_s5_permutation__raw_none__seed456 -> ok
[run ] gpu1 (3/3) wl_anbncn_viability__raw_gdn__seed123
[run ] gpu2 (3/3) wl_anbncn_viability__raw_gdn__seed456
[done] gpu2 wl_s5_permutation__delta_none__seed123 -> ok
[done] gpu3 wl_s5_permutation__delta_none__seed456 -> ok
[run ] gpu2 (3/3) wl_anbncn_viability__raw_gdnneg__seed42
[run ] gpu3 (3/3) wl_anbncn_viability__raw_gdnneg__seed123
[done] gpu3 wl_s5_permutation__raw_gdn__seed42 -> ok
[done] gpu4 wl_s5_permutation__raw_gdn__seed123 -> ok
[done] gpu5 wl_s5_permutation__raw_gdn__seed456 -> ok
[done] gpu6 wl_s5_permutation__raw_gdnneg__seed42 -> ok
[done] gpu1 wl_s5_permutation__delta_none__seed42 -> ok
[done] gpu2 wl_s5_permutation__gdnneg_ref__seed42 -> ok
[done] gpu3 wl_s5_permutation__gdnneg_ref__seed123 -> ok
[done] gpu4 wl_s5_permutation__gdnneg_ref__seed456 -> ok
[done] gpu5 wl_anbncn_viability__raw_none__seed42 -> ok
[run ] gpu1 (3/3) wl_anbncn_viability__raw_gdnneg__seed456
[run ] gpu2 (3/3) wl_anbncn_viability__delta_none__seed42
[run ] gpu3 (2/3) wl_anbncn_viability__delta_none__seed123
[run ] gpu4 (2/3) wl_anbncn_viability__delta_none__seed456
[run ] gpu5 (2/3) wl_anbncn_viability__delta_gdn__seed42
[run ] gpu6 (3/3) wl_anbncn_viability__delta_gdn__seed123
[done] gpu7 wl_s5_permutation__raw_gdnneg__seed123 -> ok
[done] gpu0 wl_s5_permutation__raw_gdnneg__seed456 -> ok
[done] gpu4 wl_s5_permutation__delta_gdn__seed42 -> ok
[done] gpu6 wl_anbncn_viability__raw_none__seed123 -> ok
[run ] gpu0 (3/3) wl_anbncn_viability__delta_gdn__seed456
[run ] gpu3 (3/3) wl_anbncn_viability__delta_gdnneg__seed42
[run ] gpu4 (2/3) wl_anbncn_viability__delta_gdnneg__seed123
[run ] gpu5 (3/3) wl_anbncn_viability__delta_gdnneg__seed456
[run ] gpu6 (3/3) wl_anbncn_viability__gdnneg_ref__seed42
[run ] gpu7 (3/3) wl_anbncn_viability__gdnneg_ref__seed123
[done] gpu5 wl_s5_permutation__delta_gdn__seed123 -> ok
[done] gpu6 wl_s5_permutation__delta_gdn__seed456 -> ok
[done] gpu7 wl_s5_permutation__delta_gdnneg__seed42 -> ok
[done] gpu0 wl_s5_permutation__delta_gdnneg__seed123 -> ok
[done] gpu1 wl_s5_permutation__delta_gdnneg__seed456 -> ok
[done] gpu7 wl_anbncn_viability__raw_none__seed456 -> ok
[run ] gpu0 (3/3) wl_anbncn_viability__gdnneg_ref__seed456
[run ] gpu1 (3/3) wl_iterated_nonlinear_map__raw_none__seed42
[run ] gpu4 (3/3) wl_iterated_nonlinear_map__raw_none__seed123
[run ] gpu5 (3/3) wl_iterated_nonlinear_map__raw_none__seed456
[run ] gpu6 (3/3) wl_iterated_nonlinear_map__raw_gdn__seed42
[run ] gpu7 (2/3) wl_iterated_nonlinear_map__raw_gdn__seed123
[run ] gpu7 (3/3) wl_iterated_nonlinear_map__raw_gdn__seed456
[done] gpu0 wl_anbncn_viability__raw_gdn__seed42 -> ok
[run ] gpu0 (3/3) wl_iterated_nonlinear_map__raw_gdnneg__seed42
[done] gpu1 wl_anbncn_viability__raw_gdn__seed123 -> ok
[run ] gpu1 (3/3) wl_iterated_nonlinear_map__raw_gdnneg__seed123
[done] gpu2 wl_anbncn_viability__raw_gdn__seed456 -> ok
[run ] gpu2 (3/3) wl_iterated_nonlinear_map__raw_gdnneg__seed456
[done] gpu2 wl_anbncn_viability__delta_none__seed42 -> ok
[done] gpu3 wl_anbncn_viability__delta_none__seed123 -> ok
[done] gpu4 wl_anbncn_viability__delta_none__seed456 -> ok
[done] gpu6 wl_anbncn_viability__gdnneg_ref__seed42 -> ok
[run ] gpu2 (3/3) wl_iterated_nonlinear_map__delta_none__seed42
[run ] gpu3 (3/3) wl_iterated_nonlinear_map__delta_none__seed123
[run ] gpu4 (3/3) wl_iterated_nonlinear_map__delta_none__seed456
[run ] gpu6 (3/3) wl_iterated_nonlinear_map__delta_gdn__seed42
[done] gpu2 wl_anbncn_viability__raw_gdnneg__seed42 -> ok
[done] gpu3 wl_anbncn_viability__raw_gdnneg__seed123 -> ok
[done] gpu1 wl_anbncn_viability__raw_gdnneg__seed456 -> ok
[done] gpu7 wl_anbncn_viability__gdnneg_ref__seed123 -> ok
[done] gpu0 wl_anbncn_viability__gdnneg_ref__seed456 -> ok
[done] gpu1 wl_iterated_nonlinear_map__raw_none__seed42 -> ok
[run ] gpu0 (3/3) wl_iterated_nonlinear_map__delta_gdn__seed123
[run ] gpu1 (2/3) wl_iterated_nonlinear_map__delta_gdn__seed456
[run ] gpu2 (3/3) wl_iterated_nonlinear_map__delta_gdnneg__seed42
[run ] gpu3 (3/3) wl_iterated_nonlinear_map__delta_gdnneg__seed123
[run ] gpu7 (3/3) wl_iterated_nonlinear_map__delta_gdnneg__seed456
[done] gpu5 wl_anbncn_viability__delta_gdn__seed42 -> ok
[done] gpu6 wl_anbncn_viability__delta_gdn__seed123 -> ok
[done] gpu4 wl_iterated_nonlinear_map__raw_none__seed123 -> ok
[done] gpu5 wl_iterated_nonlinear_map__raw_none__seed456 -> ok
[run ] gpu1 (3/3) wl_iterated_nonlinear_map__gdnneg_ref__seed42
[run ] gpu4 (3/3) wl_iterated_nonlinear_map__gdnneg_ref__seed123
[run ] gpu5 (2/3) wl_iterated_nonlinear_map__gdnneg_ref__seed456
[run ] gpu6 (3/3) wl_flag_hold_recall__raw_none__seed42
[done] gpu0 wl_anbncn_viability__delta_gdn__seed456 -> ok
[done] gpu3 wl_anbncn_viability__delta_gdnneg__seed42 -> ok
[done] gpu4 wl_anbncn_viability__delta_gdnneg__seed123 -> ok
[done] gpu5 wl_anbncn_viability__delta_gdnneg__seed456 -> ok
[run ] gpu0 (3/3) wl_flag_hold_recall__raw_none__seed123
[run ] gpu3 (3/3) wl_flag_hold_recall__raw_none__seed456
[run ] gpu4 (3/3) wl_flag_hold_recall__raw_gdn__seed42
[run ] gpu5 (2/3) wl_flag_hold_recall__raw_gdn__seed123
[done] gpu6 wl_iterated_nonlinear_map__raw_gdn__seed42 -> ok
[run ] gpu5 (3/3) wl_flag_hold_recall__raw_gdn__seed456
[run ] gpu6 (3/3) wl_flag_hold_recall__raw_gdnneg__seed42
[done] gpu7 wl_iterated_nonlinear_map__raw_gdn__seed123 -> ok
[done] gpu7 wl_iterated_nonlinear_map__raw_gdn__seed456 -> ok
[run ] gpu7 (2/3) wl_flag_hold_recall__raw_gdnneg__seed123
[run ] gpu7 (3/3) wl_flag_hold_recall__raw_gdnneg__seed456
[done] gpu0 wl_iterated_nonlinear_map__raw_gdnneg__seed42 -> ok
[run ] gpu0 (3/3) wl_flag_hold_recall__delta_none__seed42
[done] gpu1 wl_iterated_nonlinear_map__raw_gdnneg__seed123 -> ok
[run ] gpu1 (3/3) wl_flag_hold_recall__delta_none__seed123
[done] gpu2 wl_iterated_nonlinear_map__raw_gdnneg__seed456 -> ok
[done] gpu4 wl_iterated_nonlinear_map__delta_none__seed456 -> ok
[run ] gpu2 (3/3) wl_flag_hold_recall__delta_none__seed456
[run ] gpu4 (3/3) wl_flag_hold_recall__delta_gdn__seed42
[done] gpu2 wl_iterated_nonlinear_map__delta_none__seed42 -> ok
[done] gpu3 wl_iterated_nonlinear_map__delta_none__seed123 -> ok
[done] gpu1 wl_iterated_nonlinear_map__gdnneg_ref__seed42 -> ok
[done] gpu4 wl_iterated_nonlinear_map__gdnneg_ref__seed123 -> ok
[done] gpu5 wl_iterated_nonlinear_map__gdnneg_ref__seed456 -> ok
[run ] gpu1 (3/3) wl_flag_hold_recall__delta_gdn__seed123
[run ] gpu2 (3/3) wl_flag_hold_recall__delta_gdn__seed456
[run ] gpu3 (3/3) wl_flag_hold_recall__delta_gdnneg__seed42
[run ] gpu4 (3/3) wl_flag_hold_recall__delta_gdnneg__seed123
[run ] gpu5 (3/3) wl_flag_hold_recall__delta_gdnneg__seed456
[done] gpu6 wl_flag_hold_recall__raw_none__seed42 -> ok
[run ] gpu6 (3/3) wl_flag_hold_recall__gdnneg_ref__seed42
[done] gpu6 wl_iterated_nonlinear_map__delta_gdn__seed42 -> ok
[done] gpu0 wl_flag_hold_recall__raw_none__seed123 -> ok
[run ] gpu0 (3/3) wl_flag_hold_recall__gdnneg_ref__seed123
[run ] gpu6 (3/3) wl_flag_hold_recall__gdnneg_ref__seed456
[done] gpu0 wl_iterated_nonlinear_map__delta_gdn__seed123 -> ok
[done] gpu1 wl_iterated_nonlinear_map__delta_gdn__seed456 -> ok
[done] gpu2 wl_iterated_nonlinear_map__delta_gdnneg__seed42 -> ok
[done] gpu7 wl_iterated_nonlinear_map__delta_gdnneg__seed456 -> ok
[done] gpu3 wl_flag_hold_recall__raw_none__seed456 -> ok
[run ] gpu0 (3/3) wl_mqar_recall__raw_none__seed42
[run ] gpu1 (3/3) wl_mqar_recall__raw_none__seed123
[run ] gpu2 (3/3) wl_mqar_recall__raw_none__seed456
[run ] gpu3 (3/3) wl_mqar_recall__raw_gdn__seed42
[run ] gpu7 (3/3) wl_mqar_recall__raw_gdn__seed123
[done] gpu3 wl_iterated_nonlinear_map__delta_gdnneg__seed123 -> ok
[done] gpu5 wl_flag_hold_recall__raw_gdn__seed123 -> ok
[run ] gpu3 (3/3) wl_mqar_recall__raw_gdn__seed456
[run ] gpu5 (3/3) wl_mqar_recall__raw_gdnneg__seed42
[done] gpu4 wl_flag_hold_recall__raw_gdn__seed42 -> ok
[done] gpu5 wl_flag_hold_recall__raw_gdn__seed456 -> ok
[run ] gpu4 (3/3) wl_mqar_recall__raw_gdnneg__seed123
[run ] gpu5 (3/3) wl_mqar_recall__raw_gdnneg__seed456
[done] gpu6 wl_flag_hold_recall__raw_gdnneg__seed42 -> ok
[done] gpu7 wl_flag_hold_recall__raw_gdnneg__seed123 -> ok
[run ] gpu6 (3/3) wl_mqar_recall__delta_none__seed42
[run ] gpu7 (3/3) wl_mqar_recall__delta_none__seed123
[done] gpu7 wl_flag_hold_recall__raw_gdnneg__seed456 -> ok
[done] gpu0 wl_flag_hold_recall__delta_none__seed42 -> ok
[run ] gpu0 (3/3) wl_mqar_recall__delta_none__seed456
[run ] gpu7 (3/3) wl_mqar_recall__delta_gdn__seed42
[done] gpu1 wl_flag_hold_recall__delta_none__seed123 -> ok
[run ] gpu1 (3/3) wl_mqar_recall__delta_gdn__seed123
[done] gpu2 wl_flag_hold_recall__delta_none__seed456 -> ok
[done] gpu6 wl_flag_hold_recall__gdnneg_ref__seed42 -> ok
[run ] gpu2 (3/3) wl_mqar_recall__delta_gdn__seed456
[run ] gpu6 (3/3) wl_mqar_recall__delta_gdnneg__seed42
[done] gpu0 wl_flag_hold_recall__gdnneg_ref__seed123 -> ok
[done] gpu6 wl_flag_hold_recall__gdnneg_ref__seed456 -> ok
[run ] gpu0 (3/3) wl_mqar_recall__delta_gdnneg__seed123
[run ] gpu6 (3/3) wl_mqar_recall__delta_gdnneg__seed456
[done] gpu4 wl_flag_hold_recall__delta_gdn__seed42 -> ok
[done] gpu0 wl_mqar_recall__raw_none__seed42 -> ok
[run ] gpu0 (3/3) wl_mqar_recall__gdnneg_ref__seed42
[run ] gpu4 (3/3) wl_mqar_recall__gdnneg_ref__seed123
[done] gpu1 wl_flag_hold_recall__delta_gdn__seed123 -> ok
[done] gpu2 wl_flag_hold_recall__delta_gdn__seed456 -> ok
[done] gpu3 wl_flag_hold_recall__delta_gdnneg__seed42 -> ok
[done] gpu4 wl_flag_hold_recall__delta_gdnneg__seed123 -> ok
[done] gpu5 wl_flag_hold_recall__delta_gdnneg__seed456 -> ok
[done] gpu1 wl_mqar_recall__raw_none__seed123 -> ok
[done] gpu2 wl_mqar_recall__raw_none__seed456 -> ok
[run ] gpu1 (2/3) wl_mqar_recall__gdnneg_ref__seed456
[done] gpu3 wl_mqar_recall__raw_gdn__seed42 -> ok
[done] gpu7 wl_mqar_recall__raw_gdn__seed123 -> ok
[done] gpu3 wl_mqar_recall__raw_gdn__seed456 -> ok
[done] gpu5 wl_mqar_recall__raw_gdnneg__seed42 -> ok
[done] gpu6 wl_mqar_recall__delta_none__seed42 -> ok
[done] gpu7 wl_mqar_recall__delta_none__seed123 -> ok
[done] gpu4 wl_mqar_recall__raw_gdnneg__seed123 -> ok
[done] gpu5 wl_mqar_recall__raw_gdnneg__seed456 -> ok
[done] gpu0 wl_mqar_recall__delta_none__seed456 -> ok
[done] gpu7 wl_mqar_recall__delta_gdn__seed42 -> ok
[done] gpu0 wl_mqar_recall__gdnneg_ref__seed42 -> ok
[done] gpu4 wl_mqar_recall__gdnneg_ref__seed123 -> ok
[done] gpu1 wl_mqar_recall__delta_gdn__seed123 -> ok
[done] gpu1 wl_mqar_recall__gdnneg_ref__seed456 -> ok
[done] gpu2 wl_mqar_recall__delta_gdn__seed456 -> ok
[done] gpu6 wl_mqar_recall__delta_gdnneg__seed42 -> ok
[done] gpu0 wl_mqar_recall__delta_gdnneg__seed123 -> ok
[done] gpu6 wl_mqar_recall__delta_gdnneg__seed456 -> ok
[complete] all jobs finished
